2019-12-05 13:00:01.0245|ERROR|21|FailedToDecryptConfigInformation: Dsn| RequestID = s_2aa03283-1f3d-4ac8-85ef-8830ab5c769d 
2019-12-05 13:00:11.0403|ERROR|21|FailedToDecryptConfigInformation: Dsn| RequestID = s_b142f9ba-cf67-4089-a1f9-23fb496e3c13 
2019-12-05 13:00:21.0701|ERROR|21|FailedToDecryptConfigInformation: Dsn| RequestID = s_cbf5d490-6a7d-44f9-b0d5-8585243244bd 
2019-12-05 13:00:31.0969|ERROR|21|FailedToDecryptConfigInformation: Dsn| RequestID = s_a4b2ff03-c892-42a0-91ed-a56f94764f39 
2019-12-05 13:00:41.1342|ERROR|21|FailedToDecryptConfigInformation: Dsn| RequestID = s_e0bc3091-7ab3-4495-86c2-b1f6071f0147 
2019-12-05 13:00:51.1710|ERROR|11|FailedToDecryptConfigInformation: Dsn| RequestID = s_a7d6df48-0588-4ce8-bb8b-9a59ec721ce8 
2019-12-05 13:01:01.1893|ERROR|21|FailedToDecryptConfigInformation: Dsn| RequestID = s_666c7b97-8eb1-4434-90d6-f8db85537b83 
2019-12-05 13:01:11.2200|ERROR|11|FailedToDecryptConfigInformation: Dsn| RequestID = s_c6210e12-a451-4079-ae35-f55466a9d026 
2019-12-05 13:01:21.2608|ERROR|11|FailedToDecryptConfigInformation: Dsn| RequestID = s_8f6e2c03-8bd8-42ec-851c-00188448cd31 
2019-12-05 13:01:31.2786|ERROR|11|FailedToDecryptConfigInformation: Dsn| RequestID = s_89c60153-cc66-4b8d-b3f2-4e2cf93cef9d 
2019-12-05 13:01:41.3084|ERROR|11|FailedToDecryptConfigInformation: Dsn| RequestID = s_0d2bd958-0520-4595-a0cf-161decdae93f 
2019-12-05 13:01:51.3263|ERROR|11|FailedToDecryptConfigInformation: Dsn| RequestID = s_f3c2f935-8f21-4159-b9cb-f11f81c3995d 
2019-12-05 13:02:01.3676|ERROR|11|FailedToDecryptConfigInformation: Dsn| RequestID = s_26db66e8-82c9-4a40-b191-42d786a99dc2 
2019-12-05 13:02:11.4009|ERROR|11|FailedToDecryptConfigInformation: Dsn| RequestID = s_4d5b1f89-b24f-4157-a23c-5bff30d685fc 
2019-12-05 13:02:21.4182|ERROR|11|FailedToDecryptConfigInformation: Dsn| RequestID = s_b2aeda08-a294-4b6f-a697-d60ec6c0a469 
2019-12-05 13:02:31.4550|ERROR|11|FailedToDecryptConfigInformation: Dsn| RequestID = s_dbec3bca-b0e8-4ed2-9796-b93a2c9fe52f 
2019-12-05 13:02:41.4934|ERROR|11|FailedToDecryptConfigInformation: Dsn| RequestID = s_cdc92a87-506d-48d3-9af7-b0419e9f2eee 
2019-12-05 13:02:51.5117|ERROR|11|FailedToDecryptConfigInformation: Dsn| RequestID = s_0cc031c2-6a25-4fc5-b417-301aeaf0feb4 
2019-12-05 13:03:01.5585|ERROR|11|FailedToDecryptConfigInformation: Dsn| RequestID = s_fa12d9e8-e499-4d72-a3cf-418b44cc3d20 
2019-12-05 13:03:11.5884|ERROR|11|FailedToDecryptConfigInformation: Dsn| RequestID = s_9781e38f-1373-4959-82f2-8230ecdb153a 
2019-12-05 13:03:21.6095|ERROR|5|FailedToDecryptConfigInformation: Dsn| RequestID = s_8f46ddbf-13ed-4e8f-b821-ea91a88af727 
2019-12-05 13:03:31.6547|ERROR|5|FailedToDecryptConfigInformation: Dsn| RequestID = s_94ec5ec4-abc6-46a1-8567-e09fc30a469e 
2019-12-05 13:03:41.6849|ERROR|5|FailedToDecryptConfigInformation: Dsn| RequestID = s_2351a102-24c1-4657-b63e-63e9cc979979 
2019-12-05 13:03:51.7302|ERROR|5|FailedToDecryptConfigInformation: Dsn| RequestID = s_c44fdc64-7839-421f-81f3-f6b669ac4eeb 
2019-12-05 13:04:01.7652|ERROR|5|FailedToDecryptConfigInformation: Dsn| RequestID = s_60b0a0d5-5799-40e3-a234-cabff354098c 
2019-12-05 13:04:11.7866|ERROR|5|FailedToDecryptConfigInformation: Dsn| RequestID = s_f3b50a7f-173e-4a10-a193-a89fef27a3b0 
2019-12-05 13:04:21.8028|ERROR|5|FailedToDecryptConfigInformation: Dsn| RequestID = s_60975d1a-5cf1-4718-b5e9-11d6208f9dc4 
2019-12-05 13:04:31.8161|ERROR|7|FailedToDecryptConfigInformation: Dsn| RequestID = s_c0fdbd2a-3108-41bc-80c0-7ef87426939f 
2019-12-05 13:04:41.8487|ERROR|7|FailedToDecryptConfigInformation: Dsn| RequestID = s_2f2d6741-f715-4a10-b0cf-6fa62fddd039 
2019-12-05 13:04:51.8671|ERROR|7|FailedToDecryptConfigInformation: Dsn| RequestID = s_90e1a465-841e-4a81-9c50-dcddc9c97de4 
2019-12-05 13:05:01.9039|ERROR|7|FailedToDecryptConfigInformation: Dsn| RequestID = s_e470fd47-c168-4395-a2ed-1805cdc9bd74 
2019-12-05 13:05:11.9407|ERROR|7|FailedToDecryptConfigInformation: Dsn| RequestID = s_8d1f0c91-3294-44f5-b15e-1703b0aefed3 
2019-12-05 13:05:21.9619|ERROR|7|FailedToDecryptConfigInformation: Dsn| RequestID = s_97a1fac2-31e3-48bf-bd3a-11c8e3ca67d4 
2019-12-05 13:05:31.9857|ERROR|7|FailedToDecryptConfigInformation: Dsn| RequestID = s_9483ff4a-f68b-4db7-b2c0-9033ec512695 
2019-12-05 13:05:42.0140|ERROR|7|FailedToDecryptConfigInformation: Dsn| RequestID = s_e26c2cf9-b25b-4114-80ff-84c02c39b4ea 
2019-12-05 13:05:52.0343|ERROR|7|FailedToDecryptConfigInformation: Dsn| RequestID = s_4e6d237c-a336-40e7-a876-e02d27675a25 
2019-12-05 13:06:02.0586|ERROR|7|FailedToDecryptConfigInformation: Dsn| RequestID = s_67e69815-832b-4b27-83b3-286c57624f6f 
2019-12-05 13:06:12.0809|ERROR|7|FailedToDecryptConfigInformation: Dsn| RequestID = s_c0c292e7-a7a2-49a6-bd6b-a432288521ae 
2019-12-05 13:06:22.1042|ERROR|7|FailedToDecryptConfigInformation: Dsn| RequestID = s_19aabec7-d5e3-4148-b3e9-bd19639626e7 
2019-12-05 13:06:32.1325|ERROR|8|FailedToDecryptConfigInformation: Dsn| RequestID = s_2776e2ec-a2f3-4daa-9059-8604c8a38196 
2019-12-05 13:06:42.1614|ERROR|7|FailedToDecryptConfigInformation: Dsn| RequestID = s_82c52f53-d5cc-48c1-97a5-35ef911c6826 
2019-12-05 13:06:52.2417|ERROR|7|FailedToDecryptConfigInformation: Dsn| RequestID = s_f84f4957-43d0-4ce9-bbf3-995d832b02d5 
2019-12-05 13:07:02.2665|ERROR|7|FailedToDecryptConfigInformation: Dsn| RequestID = s_0ff2cf38-cacc-48d3-9693-e1745425f166 
2019-12-05 13:07:12.2829|ERROR|8|FailedToDecryptConfigInformation: Dsn| RequestID = s_fa05d636-e492-4010-a9c7-02b07a56ed3e 
2019-12-05 13:07:22.3258|ERROR|8|FailedToDecryptConfigInformation: Dsn| RequestID = s_61ce0372-2b33-4794-adc8-fed88c536512 
2019-12-05 13:07:32.3533|ERROR|8|FailedToDecryptConfigInformation: Dsn| RequestID = s_f8bb4387-3880-4918-86cb-7b2803f9b57d 
2019-12-05 13:07:42.3755|ERROR|8|FailedToDecryptConfigInformation: Dsn| RequestID = s_e8441f7e-6a29-4309-a29c-1edc4f89ae1a 
2019-12-05 13:07:52.3928|ERROR|8|FailedToDecryptConfigInformation: Dsn| RequestID = s_40451ee6-03ad-49b3-8f5d-ba10c734dfe8 
2019-12-05 13:08:02.4191|ERROR|8|FailedToDecryptConfigInformation: Dsn| RequestID = s_25e485a4-caf6-4b40-9bbd-8023aa8a8ea4 
2019-12-05 13:08:12.4434|ERROR|8|FailedToDecryptConfigInformation: Dsn| RequestID = s_8094ea74-fada-49c4-8e9c-74930d751f96 
2019-12-05 13:08:22.4767|ERROR|8|FailedToDecryptConfigInformation: Dsn| RequestID = s_911df109-e2c2-4d7e-bf69-c4735802b968 
2019-12-05 13:08:32.4930|ERROR|8|FailedToDecryptConfigInformation: Dsn| RequestID = s_fdfc2e85-f18a-4b47-9211-acbfbfd1268b 
2019-12-05 13:08:42.5230|ERROR|8|FailedToDecryptConfigInformation: Dsn| RequestID = s_adbc17e5-22d8-4308-b67f-154bef0c4495 
2019-12-05 13:08:52.5418|ERROR|5|FailedToDecryptConfigInformation: Dsn| RequestID = s_2faf0894-af82-4567-8f19-d9ca62a21be4 
2019-12-05 13:09:02.5756|ERROR|8|FailedToDecryptConfigInformation: Dsn| RequestID = s_c14ef425-4321-443d-934e-ef730e0f3614 
2019-12-05 13:09:12.5940|ERROR|8|FailedToDecryptConfigInformation: Dsn| RequestID = s_1fd6e70a-d6e9-4184-9889-215787d18ebb 
2019-12-05 13:09:22.6249|ERROR|8|FailedToDecryptConfigInformation: Dsn| RequestID = s_3b45aa0a-0511-4bfb-b137-fa8d312ebd68 
2019-12-05 13:09:32.6448|ERROR|8|FailedToDecryptConfigInformation: Dsn| RequestID = s_a44dd5e6-7ec1-4635-84d3-becc41c94849 
2019-12-05 13:09:42.6871|ERROR|8|FailedToDecryptConfigInformation: Dsn| RequestID = s_f9047ed9-6309-48d9-a254-4098fa9efca0 
2019-12-05 13:09:52.7019|ERROR|8|FailedToDecryptConfigInformation: Dsn| RequestID = s_944c6f75-67ce-4431-8c6d-e6db7fd2344d 
2019-12-05 13:10:02.7332|ERROR|8|FailedToDecryptConfigInformation: Dsn| RequestID = s_49f9809a-6f6a-4f6a-8aa5-d3e02fcef716 
2019-12-05 13:10:12.7635|ERROR|8|FailedToDecryptConfigInformation: Dsn| RequestID = s_417831ec-f04f-491f-bb6a-6f7a4fba59ad 
2019-12-05 13:10:22.7879|ERROR|8|FailedToDecryptConfigInformation: Dsn| RequestID = s_14971653-4a79-4471-ab6d-109fcda73f8f 
2019-12-05 13:10:32.8137|ERROR|8|FailedToDecryptConfigInformation: Dsn| RequestID = s_2733122d-f335-4060-8730-edb3e0a13823 
2019-12-05 13:10:42.8484|ERROR|23|FailedToDecryptConfigInformation: Dsn| RequestID = s_6cfde0c9-59e6-4dfe-bc49-7b197f140ce6 
2019-12-05 13:10:52.8832|ERROR|8|FailedToDecryptConfigInformation: Dsn| RequestID = s_179e040d-f574-42e5-93cf-a4b6510600c2 
2019-12-05 13:11:02.8985|ERROR|8|FailedToDecryptConfigInformation: Dsn| RequestID = s_2944cff0-da45-4525-8a58-8065800f2f3c 
2019-12-05 13:11:12.9339|ERROR|8|FailedToDecryptConfigInformation: Dsn| RequestID = s_7ce3e60b-b1f7-43ac-8afe-09be69eb1ade 
2019-12-05 13:11:22.9657|ERROR|8|FailedToDecryptConfigInformation: Dsn| RequestID = s_493e9cd4-e42b-4433-b490-319108528323 
2019-12-05 13:11:33.0015|ERROR|8|FailedToDecryptConfigInformation: Dsn| RequestID = s_982aeeb5-9524-4d4e-91ae-28d3872ad254 
2019-12-05 13:11:43.0219|ERROR|8|FailedToDecryptConfigInformation: Dsn| RequestID = s_28cb2630-c8ba-42dc-bfa2-c5f9bf3698de 
2019-12-05 13:11:53.0437|ERROR|8|FailedToDecryptConfigInformation: Dsn| RequestID = s_cc9c4cf7-e7e1-416c-a8da-d35d69e76ff9 
2019-12-05 13:12:03.0790|ERROR|8|FailedToDecryptConfigInformation: Dsn| RequestID = s_5bcb8792-53ed-422e-ad7d-690739c13e92 
2019-12-05 13:12:13.0958|ERROR|8|FailedToDecryptConfigInformation: Dsn| RequestID = s_5e20f934-7f12-459b-976a-9847e393a042 
2019-12-05 13:12:23.1272|ERROR|8|FailedToDecryptConfigInformation: Dsn| RequestID = s_6e9bd506-b9e9-4323-8251-d7ac39d9d715 
2019-12-05 13:12:33.1466|ERROR|8|FailedToDecryptConfigInformation: Dsn| RequestID = s_56bf2d0a-6e5d-4796-ab0e-64bfe7ce0b40 
2019-12-05 13:12:43.1749|ERROR|8|FailedToDecryptConfigInformation: Dsn| RequestID = s_246e2a3e-1fcc-4eb1-ad64-59a2173c6b2b 
2019-12-05 13:12:53.1897|ERROR|8|FailedToDecryptConfigInformation: Dsn| RequestID = s_ac3b3d1e-4039-4c95-8778-ac98c4327757 
2019-12-05 13:13:03.2180|ERROR|8|FailedToDecryptConfigInformation: Dsn| RequestID = s_d5040c71-574c-4c41-9290-d57d331edeaa 
2019-12-05 13:13:13.2462|ERROR|8|FailedToDecryptConfigInformation: Dsn| RequestID = s_2fa23138-40b0-4469-9452-8b86829b81aa 
2019-12-05 13:13:23.2652|ERROR|8|FailedToDecryptConfigInformation: Dsn| RequestID = s_00348432-03dc-4f78-97c0-4f377e2f509c 
2019-12-05 13:13:33.2944|ERROR|11|FailedToDecryptConfigInformation: Dsn| RequestID = s_96dfdff6-a1ed-4a5e-b739-d67956d34392 
2019-12-05 13:13:43.3097|ERROR|11|FailedToDecryptConfigInformation: Dsn| RequestID = s_9c60b35a-d760-4752-9ade-b634c78e9af5 
2019-12-05 13:13:53.3380|ERROR|11|FailedToDecryptConfigInformation: Dsn| RequestID = s_72f55fec-c583-450d-a622-7e54732f17a1 
2019-12-05 13:14:03.3763|ERROR|11|FailedToDecryptConfigInformation: Dsn| RequestID = s_7d288947-16ca-49d6-83e3-7226c708c346 
2019-12-05 13:14:13.4136|ERROR|11|FailedToDecryptConfigInformation: Dsn| RequestID = s_bf3e6865-8e93-40f8-9b7d-4cd47ad24b08 
2019-12-05 13:14:23.4444|ERROR|11|FailedToDecryptConfigInformation: Dsn| RequestID = s_b77b9dab-8e16-4a93-957e-68c9a3957236 
2019-12-05 13:14:33.4853|ERROR|21|FailedToDecryptConfigInformation: Dsn| RequestID = s_fbae2076-9f56-48b1-9851-c16ed3917ef3 
2019-12-05 13:14:43.5246|ERROR|21|FailedToDecryptConfigInformation: Dsn| RequestID = s_414719be-fee5-4b97-88de-3e90066165ce 
2019-12-05 13:14:53.5604|ERROR|21|FailedToDecryptConfigInformation: Dsn| RequestID = s_0d6d4e1b-d15b-4ab5-a85b-986c35c69829 
2019-12-05 13:15:03.5786|ERROR|21|FailedToDecryptConfigInformation: Dsn| RequestID = s_290c57d4-dced-4844-914f-1017c67e23d8 
2019-12-05 13:15:13.6064|ERROR|21|FailedToDecryptConfigInformation: Dsn| RequestID = s_7d486745-75a8-469d-a1e4-ac602648c648 
2019-12-05 13:15:23.6462|ERROR|21|FailedToDecryptConfigInformation: Dsn| RequestID = s_7c398b2f-40d8-40b3-97f7-73d6c3432fe0 
2019-12-05 13:15:33.6630|ERROR|21|FailedToDecryptConfigInformation: Dsn| RequestID = s_e8a901af-c579-481d-ba0b-a408fa95678a 
2019-12-05 13:15:43.6843|ERROR|21|FailedToDecryptConfigInformation: Dsn| RequestID = s_635958fa-6502-4953-856d-9ae676df1971 
2019-12-05 13:15:53.7166|ERROR|21|FailedToDecryptConfigInformation: Dsn| RequestID = s_87256d22-a618-48da-8817-8f7db99c2f43 
2019-12-05 13:16:03.7359|ERROR|21|FailedToDecryptConfigInformation: Dsn| RequestID = s_f66a6e60-9c8b-4f7c-90d5-62c5692a738a 
2019-12-05 13:16:13.7682|ERROR|21|FailedToDecryptConfigInformation: Dsn| RequestID = s_148dd527-a878-4be0-ac96-b6e0b4541253 
2019-12-05 13:16:23.8089|ERROR|21|FailedToDecryptConfigInformation: Dsn| RequestID = s_97870d6b-bb98-4d98-8de8-12d6936abf4a 
2019-12-05 13:16:33.8267|ERROR|21|FailedToDecryptConfigInformation: Dsn| RequestID = s_96bb4546-b98f-4bce-bc34-6eef24f02eac 
2019-12-05 13:16:43.8496|ERROR|21|FailedToDecryptConfigInformation: Dsn| RequestID = s_f55692c8-93c9-472b-b2ca-3451437b7539 
2019-12-05 13:16:53.8884|ERROR|21|FailedToDecryptConfigInformation: Dsn| RequestID = s_8cfef21c-6dac-4fa5-a1d0-29f90d13efe0 
2019-12-05 13:17:03.9377|ERROR|21|FailedToDecryptConfigInformation: Dsn| RequestID = s_5a2b854a-e46e-4d81-9868-04efb2173cef 
2019-12-05 13:17:13.9685|ERROR|21|FailedToDecryptConfigInformation: Dsn| RequestID = s_4a9d1f30-28d4-4aa2-b76c-285af607f048 
2019-12-05 13:17:23.9989|ERROR|21|FailedToDecryptConfigInformation: Dsn| RequestID = s_2e051602-60df-465f-9999-5a5abb76c271 
2019-12-05 13:17:34.0444|ERROR|6|FailedToDecryptConfigInformation: Dsn| RequestID = s_4ce91f6f-2af7-49a4-b700-2fe7fead8824 
2019-12-05 13:17:44.0931|ERROR|6|FailedToDecryptConfigInformation: Dsn| RequestID = s_6a4311fd-8fcb-499d-a7de-2e129e319b26 
2019-12-05 13:17:54.1169|ERROR|6|FailedToDecryptConfigInformation: Dsn| RequestID = s_a9476b65-ca79-4ed3-ad3a-84e199ed3807 
2019-12-05 13:18:04.1359|ERROR|6|FailedToDecryptConfigInformation: Dsn| RequestID = s_ca96cb10-5b5e-4d74-9850-8eb1f19e78c2 
2019-12-05 13:18:14.1587|ERROR|6|FailedToDecryptConfigInformation: Dsn| RequestID = s_8f09af48-861a-442a-bafe-b39ee8a40f15 
2019-12-05 13:18:24.1809|ERROR|6|FailedToDecryptConfigInformation: Dsn| RequestID = s_3b26b75d-6248-44ec-a184-0bcc155abb65 
2019-12-05 13:18:34.2493|ERROR|23|FailedToDecryptConfigInformation: Dsn| RequestID = s_42b0baea-2ab4-4470-aca0-c5bff2225519 
2019-12-05 13:18:44.2761|ERROR|23|FailedToDecryptConfigInformation: Dsn| RequestID = s_9b811957-d008-4b6c-b7bc-1a9f57e0e10f 
2019-12-05 13:18:54.2979|ERROR|23|FailedToDecryptConfigInformation: Dsn| RequestID = s_07188ff5-3447-4147-862a-92fd3c023707 
2019-12-05 13:19:04.3152|ERROR|23|FailedToDecryptConfigInformation: Dsn| RequestID = s_7cb39c3a-61a9-42a9-b173-a59026f17b9a 
2019-12-05 13:19:14.3501|ERROR|23|FailedToDecryptConfigInformation: Dsn| RequestID = s_61e3af2c-3c99-444e-8cf5-0ef56de5fea5 
2019-12-05 13:19:24.3814|ERROR|11|FailedToDecryptConfigInformation: Dsn| RequestID = s_e7a2412c-8f6e-400b-ba9b-bae14d7f93fb 
2019-12-05 13:19:34.4092|ERROR|11|FailedToDecryptConfigInformation: Dsn| RequestID = s_07ee3e7a-0cb0-435b-adad-0b8517c0897c 
2019-12-05 13:19:44.4445|ERROR|11|FailedToDecryptConfigInformation: Dsn| RequestID = s_5a53846b-8fb2-4a0c-b8db-a3358c378b48 
2019-12-05 13:19:54.4812|ERROR|11|FailedToDecryptConfigInformation: Dsn| RequestID = s_5814085b-6625-4530-a972-435a2b4e1ce5 
2019-12-05 13:20:04.4995|ERROR|11|FailedToDecryptConfigInformation: Dsn| RequestID = s_05337fd9-3445-43d8-9153-a204a788cca4 
2019-12-05 13:20:14.5333|ERROR|11|FailedToDecryptConfigInformation: Dsn| RequestID = s_749593be-fb09-42bc-889f-80b019d8e533 
2019-12-05 13:20:24.5796|ERROR|11|FailedToDecryptConfigInformation: Dsn| RequestID = s_35baaa45-4dcb-40fb-bbcb-b929c39875e0 
2019-12-05 13:20:34.6144|ERROR|11|FailedToDecryptConfigInformation: Dsn| RequestID = s_9811be11-33a9-4552-bc90-25b7e3c6c3f4 
2019-12-05 13:20:44.6387|ERROR|11|FailedToDecryptConfigInformation: Dsn| RequestID = s_2221ad68-da85-406f-90a2-4fa3389c67cc 
2019-12-05 13:20:54.6536|ERROR|11|FailedToDecryptConfigInformation: Dsn| RequestID = s_15ecf988-47cb-4da5-92e6-5ba955c5c747 
2019-12-05 13:21:04.6769|ERROR|11|FailedToDecryptConfigInformation: Dsn| RequestID = s_90a2b29f-6eaf-465f-86f5-28bf82e3a96d 
2019-12-05 13:21:14.7268|ERROR|11|FailedToDecryptConfigInformation: Dsn| RequestID = s_93973c30-5a36-4dea-b974-c37f276ce483 
2019-12-05 13:21:24.7516|ERROR|11|FailedToDecryptConfigInformation: Dsn| RequestID = s_34fc2c81-52a8-4b9a-bcea-6ae30a1bae8a 
2019-12-05 13:21:34.7757|ERROR|11|FailedToDecryptConfigInformation: Dsn| RequestID = s_9c5a2aec-6439-404f-966e-a17ea5f3dcfe 
2019-12-05 13:21:44.7940|ERROR|11|FailedToDecryptConfigInformation: Dsn| RequestID = s_5c5a5cdc-2f94-4d73-9a72-1453edb5bfac 
2019-12-05 13:21:54.8197|ERROR|11|FailedToDecryptConfigInformation: Dsn| RequestID = s_0d94f4f9-6d6f-4a49-b478-ce42f5e42532 
2019-12-05 13:22:04.8495|ERROR|11|FailedToDecryptConfigInformation: Dsn| RequestID = s_c1e6d147-a17e-49b7-834f-3552219d3f72 
2019-12-05 13:22:14.8818|ERROR|11|FailedToDecryptConfigInformation: Dsn| RequestID = s_99a8552f-987e-4b2f-a086-983eb9c19c08 
2019-12-05 13:22:24.8966|ERROR|11|FailedToDecryptConfigInformation: Dsn| RequestID = s_2f6d59d7-956b-4378-bbeb-799918bb5847 
2019-12-05 13:22:34.9279|ERROR|11|FailedToDecryptConfigInformation: Dsn| RequestID = s_80abe637-036b-4541-9b95-506042a9a1dc 
2019-12-05 13:22:44.9843|ERROR|11|FailedToDecryptConfigInformation: Dsn| RequestID = s_83e76e56-c266-40c5-a011-27f88a882b49 
2019-12-05 13:22:55.0171|ERROR|11|FailedToDecryptConfigInformation: Dsn| RequestID = s_e45d6474-49e5-4a33-bff2-a5dff85bdc2f 
2019-12-05 13:23:05.0519|ERROR|11|FailedToDecryptConfigInformation: Dsn| RequestID = s_d915fa57-351a-4521-8b87-c2b21b304d6f 
2019-12-05 13:23:15.0862|ERROR|11|FailedToDecryptConfigInformation: Dsn| RequestID = s_628c8f98-8605-4cb4-b6c3-4bca2b975cb1 
2019-12-05 13:23:25.1074|ERROR|11|FailedToDecryptConfigInformation: Dsn| RequestID = s_1eff92d1-dba7-42c6-bd8a-cca6a5e34a00 
2019-12-05 13:23:35.1289|ERROR|11|FailedToDecryptConfigInformation: Dsn| RequestID = s_58ca1736-d789-43c1-9c87-9c196dda4317 
2019-12-05 13:23:45.1508|ERROR|11|FailedToDecryptConfigInformation: Dsn| RequestID = s_65d19020-736e-41d4-982b-0d6f4a098016 
2019-12-05 13:23:55.1831|ERROR|11|FailedToDecryptConfigInformation: Dsn| RequestID = s_abe0b474-627f-4c1d-a2ff-9df04860a98f 
2019-12-05 13:24:05.2089|ERROR|11|FailedToDecryptConfigInformation: Dsn| RequestID = s_ce9512ea-8b69-497f-9388-2abf01269946 
2019-12-05 13:24:15.2236|ERROR|12|FailedToDecryptConfigInformation: Dsn| RequestID = s_d5a72cf8-2a19-42f2-b903-f60ec989c99a 
2019-12-05 13:24:25.2549|ERROR|12|FailedToDecryptConfigInformation: Dsn| RequestID = s_d1f9da79-931e-40ff-9c62-96e9c68104ec 
2019-12-05 13:24:35.2864|ERROR|12|FailedToDecryptConfigInformation: Dsn| RequestID = s_99b4b14e-2888-4671-884f-adde9d7b3dd0 
2019-12-05 13:24:45.3042|ERROR|12|FailedToDecryptConfigInformation: Dsn| RequestID = s_c5625b42-727d-4d21-bee5-4b54bc36743c 
2019-12-05 13:24:55.3315|ERROR|12|FailedToDecryptConfigInformation: Dsn| RequestID = s_494620ed-5efc-4cc8-9727-1761cdecb8ec 
2019-12-05 13:25:05.3674|ERROR|12|FailedToDecryptConfigInformation: Dsn| RequestID = s_e509c929-bbe7-4404-9610-d0c6d6a2589b 
2019-12-05 13:25:15.3837|ERROR|12|FailedToDecryptConfigInformation: Dsn| RequestID = s_ca2280f9-404c-4c10-b52f-be0d464bb541 
2019-12-05 13:25:25.4111|ERROR|6|FailedToDecryptConfigInformation: Dsn| RequestID = s_fc872a3b-5842-4857-b073-7ef81d6290d7 
2019-12-05 13:25:35.4435|ERROR|6|FailedToDecryptConfigInformation: Dsn| RequestID = s_e60d8eba-15f0-48f5-a996-6a0c2e7f2453 
2019-12-05 13:25:45.4888|ERROR|6|FailedToDecryptConfigInformation: Dsn| RequestID = s_05b73f9b-aacf-41e1-a232-80350910fbe3 
2019-12-05 13:25:55.5291|ERROR|6|FailedToDecryptConfigInformation: Dsn| RequestID = s_b2ec824c-cdac-448d-b6b3-3329351f37a4 
2019-12-05 13:26:05.5480|ERROR|6|FailedToDecryptConfigInformation: Dsn| RequestID = s_f7ea44c9-46c4-43a8-8bbc-e191ceee7191 
2019-12-05 13:26:15.5710|ERROR|6|FailedToDecryptConfigInformation: Dsn| RequestID = s_993bc224-04ae-4091-ac85-ed427fc167ca 
2019-12-05 13:26:25.6099|ERROR|6|FailedToDecryptConfigInformation: Dsn| RequestID = s_574c97d7-7437-4786-8314-e2315748b3e4 
2019-12-05 13:26:35.6465|ERROR|6|FailedToDecryptConfigInformation: Dsn| RequestID = s_7eeaf208-cf5f-4f34-9c0d-a4ec3cebc1d5 
2019-12-05 13:26:45.6599|ERROR|6|FailedToDecryptConfigInformation: Dsn| RequestID = s_bdaff20f-5e4b-40f7-a9f3-2aed273026cd 
2019-12-05 13:26:55.6867|ERROR|6|FailedToDecryptConfigInformation: Dsn| RequestID = s_27b3173c-d99a-4015-9cf1-87c943983a4c 
2019-12-05 13:27:05.7320|ERROR|6|FailedToDecryptConfigInformation: Dsn| RequestID = s_1935ca75-dc6f-41f8-b232-e996d4c0d0d9 
2019-12-05 13:27:15.7548|ERROR|6|FailedToDecryptConfigInformation: Dsn| RequestID = s_9d89fe71-6af2-4dce-9344-6afb7946f317 
2019-12-05 13:27:25.7790|ERROR|6|FailedToDecryptConfigInformation: Dsn| RequestID = s_6141e015-b446-4630-90a3-29b4aa555374 
2019-12-05 13:27:35.8013|ERROR|6|FailedToDecryptConfigInformation: Dsn| RequestID = s_a695616e-3cbd-4dbf-8cb5-01b4b9df34be 
2019-12-05 13:27:45.8401|ERROR|6|FailedToDecryptConfigInformation: Dsn| RequestID = s_584dbd2f-51de-4460-960c-8422398eb84c 
2019-12-05 13:27:55.8784|ERROR|6|FailedToDecryptConfigInformation: Dsn| RequestID = s_c41df1b1-384f-4282-909c-d57fb88ca73a 
2019-12-05 13:28:05.8987|ERROR|6|FailedToDecryptConfigInformation: Dsn| RequestID = s_c12e7377-35b4-4fd9-a6ea-6876432c3793 
2019-12-05 13:28:15.9285|ERROR|6|FailedToDecryptConfigInformation: Dsn| RequestID = s_f11fc1b4-0b11-4206-9b8d-43425a0e344a 
2019-12-05 13:28:25.9453|ERROR|6|FailedToDecryptConfigInformation: Dsn| RequestID = s_df33a33d-60b9-40fd-9d2c-3e0b893b4da5 
2019-12-05 13:28:35.9750|ERROR|6|FailedToDecryptConfigInformation: Dsn| RequestID = s_80b54328-e5b3-46f1-a9ea-54b539005d7c 
2019-12-05 13:28:45.9950|ERROR|6|FailedToDecryptConfigInformation: Dsn| RequestID = s_585f72c9-6284-4185-bdab-2062e0622b78 
2019-12-05 13:28:56.0229|ERROR|8|FailedToDecryptConfigInformation: Dsn| RequestID = s_d8ff710c-f3a4-4305-813a-c1007d308246 
2019-12-05 13:29:06.0443|ERROR|6|FailedToDecryptConfigInformation: Dsn| RequestID = s_9aa0ef51-8ba7-4e0c-8164-005cf3161119 
2019-12-05 13:29:16.0766|ERROR|6|FailedToDecryptConfigInformation: Dsn| RequestID = s_f18b1f7a-48ff-4534-8059-3b802aa592ff 
2019-12-05 13:29:26.0940|ERROR|6|FailedToDecryptConfigInformation: Dsn| RequestID = s_0c80fe2b-ee02-4340-83ae-4df587431ae2 
2019-12-05 13:29:36.1103|ERROR|23|FailedToDecryptConfigInformation: Dsn| RequestID = s_31227b95-58b3-44b6-922f-2bbb255e969e 
2019-12-05 13:29:46.1666|ERROR|23|FailedToDecryptConfigInformation: Dsn| RequestID = s_49ec636d-ffd6-47c1-af83-78ebcb52fbf7 
2019-12-05 13:29:56.2139|ERROR|17|FailedToDecryptConfigInformation: Dsn| RequestID = s_01c1a678-263d-4983-ba3e-d113262fed03 
2019-12-05 13:30:06.2302|ERROR|17|FailedToDecryptConfigInformation: Dsn| RequestID = s_30f54539-0a78-4870-95d9-824704926211 
2019-12-05 13:30:16.2610|ERROR|12|FailedToDecryptConfigInformation: Dsn| RequestID = s_af426f03-6902-449c-8343-feca9aaca8af 
2019-12-05 13:30:26.2898|ERROR|16|FailedToDecryptConfigInformation: Dsn| RequestID = s_469d31da-6c23-404e-b15d-70c5c1b2d31c 
2019-12-05 13:30:36.3242|ERROR|16|FailedToDecryptConfigInformation: Dsn| RequestID = s_ee6f6d0a-01fe-47d7-a070-f48d2d725a28 
2019-12-05 13:30:46.3455|ERROR|16|FailedToDecryptConfigInformation: Dsn| RequestID = s_891d4c96-341c-4385-a819-6f7acb931f0c 
2019-12-05 13:30:56.3735|ERROR|10|FailedToDecryptConfigInformation: Dsn| RequestID = s_8554da2b-f828-4645-b49f-e2bf2503b203 
2019-12-05 13:31:06.3915|ERROR|16|FailedToDecryptConfigInformation: Dsn| RequestID = s_932e9bea-cfe5-4d7e-8eda-6756a53a8034 
2019-12-05 13:31:16.4188|ERROR|16|FailedToDecryptConfigInformation: Dsn| RequestID = s_0d30e571-361b-43d2-8187-5866810c9f7e 
2019-12-05 13:31:26.4426|ERROR|16|FailedToDecryptConfigInformation: Dsn| RequestID = s_e0c07dad-c513-448c-a298-bf9f984ab9bb 
2019-12-05 13:31:36.4805|ERROR|26|FailedToDecryptConfigInformation: Dsn| RequestID = s_61d824cc-16c7-4e04-8423-ee03dd83a8e0 
2019-12-05 13:31:46.5068|ERROR|26|FailedToDecryptConfigInformation: Dsn| RequestID = s_4564ec1c-e6b9-4057-96f2-9f52f817c493 
2019-12-05 13:31:56.5336|ERROR|26|FailedToDecryptConfigInformation: Dsn| RequestID = s_7dde1e71-71c6-4e20-8bd7-95dbc103374f 
2019-12-05 13:32:06.5584|ERROR|26|FailedToDecryptConfigInformation: Dsn| RequestID = s_afddb667-f3aa-4ac9-9c99-6435ce069785 
2019-12-05 13:32:16.5777|ERROR|26|FailedToDecryptConfigInformation: Dsn| RequestID = s_f1c79a1d-2f07-4a33-a606-81786bdd7cf9 
2019-12-05 13:32:26.6034|ERROR|26|FailedToDecryptConfigInformation: Dsn| RequestID = s_635fee30-79c5-4079-83db-75ffd5fc1ddc 
2019-12-05 13:32:36.6292|ERROR|26|FailedToDecryptConfigInformation: Dsn| RequestID = s_bcfa1a6f-052c-4059-8693-5d436e597899 
2019-12-05 13:32:46.6520|ERROR|26|FailedToDecryptConfigInformation: Dsn| RequestID = s_923eadb7-7258-4aa1-bf91-e21386e69900 
2019-12-05 13:32:56.6978|ERROR|26|FailedToDecryptConfigInformation: Dsn| RequestID = s_dca8a877-f122-46d9-90e2-211f57c91d93 
2019-12-05 13:33:06.7246|ERROR|5|FailedToDecryptConfigInformation: Dsn| RequestID = s_ae5752bc-6bd2-4364-a466-a6ff4a34e93b 
2019-12-05 13:33:16.7520|ERROR|5|FailedToDecryptConfigInformation: Dsn| RequestID = s_b422aacc-2aaa-4119-9235-3c3e28720ce3 
2019-12-05 13:33:26.7743|ERROR|5|FailedToDecryptConfigInformation: Dsn| RequestID = s_bf8101f2-3d90-4823-a3ae-b64a35529674 
2019-12-05 13:33:36.7901|ERROR|5|FailedToDecryptConfigInformation: Dsn| RequestID = s_7710313a-b885-4620-9265-5ad48a843614 
2019-12-05 13:33:46.8198|ERROR|5|FailedToDecryptConfigInformation: Dsn| RequestID = s_9bf1dbb7-5d0b-4c01-b123-6aa933e81ac6 
2019-12-05 13:33:56.8463|ERROR|5|FailedToDecryptConfigInformation: Dsn| RequestID = s_1a8643ae-7a27-4339-844b-a167d6b3a482 
2019-12-05 13:34:06.8711|ERROR|5|FailedToDecryptConfigInformation: Dsn| RequestID = s_5d75758e-01fe-494f-a0ac-8064cf500bc7 
2019-12-05 13:34:16.8963|ERROR|5|FailedToDecryptConfigInformation: Dsn| RequestID = s_e0bca45e-6611-4718-9553-666cc6a34de1 
2019-12-05 13:34:26.9621|ERROR|5|FailedToDecryptConfigInformation: Dsn| RequestID = s_9a42d4c8-fe07-4733-b60a-07835f0068fb 
2019-12-05 13:34:36.9999|ERROR|5|FailedToDecryptConfigInformation: Dsn| RequestID = s_242bc8ef-fb5f-4e4a-ae78-48a1367dde3e 
2019-12-05 13:34:47.0162|ERROR|5|FailedToDecryptConfigInformation: Dsn| RequestID = s_8c6b7a5e-0eaa-4dd8-b432-e7f55948a688 
2019-12-05 13:34:57.0526|ERROR|5|FailedToDecryptConfigInformation: Dsn| RequestID = s_87221234-8b2d-486c-9531-d36321b4dbfc 
2019-12-05 13:35:07.0951|ERROR|5|FailedToDecryptConfigInformation: Dsn| RequestID = s_f78a53b4-0ee9-45e4-9334-4aa08713803c 
2019-12-05 13:35:17.1378|ERROR|5|FailedToDecryptConfigInformation: Dsn| RequestID = s_7d9b7a18-e827-4bd3-af1f-845731834ae1 
2019-12-05 13:35:27.1646|ERROR|5|FailedToDecryptConfigInformation: Dsn| RequestID = s_71625b4e-1a7b-4434-8ddf-452e25db897c 
2019-12-05 13:35:37.1844|ERROR|5|FailedToDecryptConfigInformation: Dsn| RequestID = s_0f63262a-28e7-4c33-b699-22104f65fe7c 
2019-12-05 13:35:47.2042|ERROR|5|FailedToDecryptConfigInformation: Dsn| RequestID = s_ce8da2fc-5e44-4f6c-898d-10284a148c9f 
2019-12-05 13:35:57.2340|ERROR|5|FailedToDecryptConfigInformation: Dsn| RequestID = s_3bc996d7-6f1f-4ce0-8e0e-b4cf13c06fc1 
2019-12-05 13:36:07.2583|ERROR|5|FailedToDecryptConfigInformation: Dsn| RequestID = s_fac73827-cc0c-4755-bd06-8d9b06af80ea 
2019-12-05 13:36:17.2952|ERROR|5|FailedToDecryptConfigInformation: Dsn| RequestID = s_f8ea3346-dddb-4a8b-b335-b153a63d36f3 
2019-12-05 13:36:27.3470|ERROR|23|FailedToDecryptConfigInformation: Dsn| RequestID = s_390b59a4-342d-4a11-ba26-fad9dbd10937 
2019-12-05 13:36:37.3738|ERROR|23|FailedToDecryptConfigInformation: Dsn| RequestID = s_583f453f-a155-4c6c-bbb1-63babba726bb 
2019-12-05 13:36:47.4222|ERROR|23|FailedToDecryptConfigInformation: Dsn| RequestID = s_b2955f10-4ccd-4c58-b73e-471d2169c576 
2019-12-05 13:36:57.4655|ERROR|24|FailedToDecryptConfigInformation: Dsn| RequestID = s_e74273c1-2ab1-4357-b75d-7e33d2193e7d 
2019-12-05 13:37:07.4938|ERROR|24|FailedToDecryptConfigInformation: Dsn| RequestID = s_3e399fa5-317a-4931-ad6e-84dd02358bab 
2019-12-05 13:37:17.5317|ERROR|24|FailedToDecryptConfigInformation: Dsn| RequestID = s_019d17b1-0048-4c63-950f-a9a69f020591 
2019-12-05 13:37:27.5675|ERROR|24|FailedToDecryptConfigInformation: Dsn| RequestID = s_f63817f1-cd26-4ac4-8e24-1a08b04a5753 
2019-12-05 13:37:37.5877|ERROR|24|FailedToDecryptConfigInformation: Dsn| RequestID = s_0007cdd6-f62d-49ce-82a0-72cc350d55a1 
2019-12-05 13:37:47.6052|ERROR|24|FailedToDecryptConfigInformation: Dsn| RequestID = s_fe3358f3-643d-49c7-ab7a-84d6d365f4b2 
2019-12-05 13:37:57.6345|ERROR|24|FailedToDecryptConfigInformation: Dsn| RequestID = s_46cbfc0b-52e5-4b8c-88fb-01f4926c8fcd 
2019-12-05 13:38:07.6544|ERROR|24|FailedToDecryptConfigInformation: Dsn| RequestID = s_9f6f6cfe-80b5-4ebe-a66f-d8d07730ca07 
2019-12-05 13:38:17.7012|ERROR|24|FailedToDecryptConfigInformation: Dsn| RequestID = s_978bc0f7-6a6b-462a-bab4-c4ff54087696 
2019-12-05 13:38:27.7685|ERROR|24|FailedToDecryptConfigInformation: Dsn| RequestID = s_8357e46c-74cb-4678-bb33-7cd4006a29d8 
2019-12-05 13:38:37.7924|ERROR|24|FailedToDecryptConfigInformation: Dsn| RequestID = s_059f70c6-70dd-4c0c-96a3-ba24247056bf 
2019-12-05 13:38:47.8172|ERROR|24|FailedToDecryptConfigInformation: Dsn| RequestID = s_c18b8785-c9de-4f9f-923b-9beac9dd798a 
2019-12-05 13:38:57.8484|ERROR|11|FailedToDecryptConfigInformation: Dsn| RequestID = s_3ea6faba-bfa3-43a0-be09-f017800ebd7b 
2019-12-05 13:39:07.8617|ERROR|11|FailedToDecryptConfigInformation: Dsn| RequestID = s_a7980f8b-a88a-4873-b93c-72a4e2645148 
2019-12-05 13:39:17.8835|ERROR|11|FailedToDecryptConfigInformation: Dsn| RequestID = s_ffcf4931-e6a4-459b-8c1f-bbbeb101db96 
2019-12-05 13:39:27.9068|ERROR|11|FailedToDecryptConfigInformation: Dsn| RequestID = s_4a68f95d-e17d-4697-8030-89b132e6d00b 
2019-12-05 13:39:37.9351|ERROR|11|FailedToDecryptConfigInformation: Dsn| RequestID = s_199bc9d3-bb0f-427a-a850-6f4248034234 
2019-12-05 13:39:47.9564|ERROR|11|FailedToDecryptConfigInformation: Dsn| RequestID = s_3b9b6144-eaed-49d3-946f-596f433e9712 
2019-12-05 13:39:57.9796|ERROR|11|FailedToDecryptConfigInformation: Dsn| RequestID = s_774ed9ba-a2b2-4acc-83bb-337278f75973 
2019-12-05 13:40:08.0091|ERROR|11|FailedToDecryptConfigInformation: Dsn| RequestID = s_0114f23f-1ee5-4484-b27a-9f5538440e28 
2019-12-05 13:40:18.0269|ERROR|11|FailedToDecryptConfigInformation: Dsn| RequestID = s_a72c730d-321e-4c18-8158-56d57d0a092a 
2019-12-05 13:40:28.0566|ERROR|11|FailedToDecryptConfigInformation: Dsn| RequestID = s_9e19fc4e-adb4-405d-a3b6-74cb77fbb9bd 
2019-12-05 13:40:38.0834|ERROR|11|FailedToDecryptConfigInformation: Dsn| RequestID = s_80772d48-0bee-49fb-b4b9-ff15cbc4d240 
2019-12-05 13:40:48.0992|ERROR|11|FailedToDecryptConfigInformation: Dsn| RequestID = s_f67e371b-48d3-40a0-b19c-75119c9a2721 
2019-12-05 13:40:58.1325|ERROR|23|FailedToDecryptConfigInformation: Dsn| RequestID = s_72baa3d6-c29d-49ae-aa9d-23fd9d8712b6 
2019-12-05 13:41:08.1704|ERROR|23|FailedToDecryptConfigInformation: Dsn| RequestID = s_720d53c4-8f57-4575-8163-b6c736d6119f 
2019-12-05 13:41:18.1887|ERROR|23|FailedToDecryptConfigInformation: Dsn| RequestID = s_241e0755-b0fe-44bd-8cad-ae869637d970 
2019-12-05 13:41:28.2185|ERROR|23|FailedToDecryptConfigInformation: Dsn| RequestID = s_4de67f2c-7bb9-4894-933c-d0971bc40543 
2019-12-05 13:41:38.2328|ERROR|23|FailedToDecryptConfigInformation: Dsn| RequestID = s_4bb8049d-e574-46d1-bc34-6ee9d65b93bf 
2019-12-05 13:41:48.2537|ERROR|23|FailedToDecryptConfigInformation: Dsn| RequestID = s_7c03097d-f707-42b0-8189-609b7c1e09c4 
2019-12-05 13:41:58.2910|ERROR|23|FailedToDecryptConfigInformation: Dsn| RequestID = s_ff836a10-b7ae-413c-bafd-fdf4ffb3f4b1 
2019-12-05 13:42:08.3273|ERROR|23|FailedToDecryptConfigInformation: Dsn| RequestID = s_96fada30-4daf-4b89-b6d9-d8e5d63a69bc 
2019-12-05 13:42:18.3436|ERROR|12|FailedToDecryptConfigInformation: Dsn| RequestID = s_0eb528b4-fb5c-4b4e-bf61-662137c583a5 
2019-12-05 13:42:28.3673|ERROR|12|FailedToDecryptConfigInformation: Dsn| RequestID = s_c4ad4474-204b-4422-a19a-625d040c0db5 
2019-12-05 13:42:38.3891|ERROR|12|FailedToDecryptConfigInformation: Dsn| RequestID = s_b7f212a8-8138-479c-958e-3b48ca72257e 
2019-12-05 13:42:48.4169|ERROR|12|FailedToDecryptConfigInformation: Dsn| RequestID = s_261300d8-3438-4162-9390-9581980aa6d6 
2019-12-05 13:42:58.4422|ERROR|12|FailedToDecryptConfigInformation: Dsn| RequestID = s_46066831-880f-4e5c-b009-eb3afb789122 
2019-12-05 13:43:08.4806|ERROR|12|FailedToDecryptConfigInformation: Dsn| RequestID = s_769050c7-c418-4453-b174-3f5fc58791f4 
2019-12-05 13:43:18.4989|ERROR|12|FailedToDecryptConfigInformation: Dsn| RequestID = s_dc10d511-c607-4b5f-bf33-6e7a2fe21c06 
2019-12-05 13:43:28.5682|ERROR|12|FailedToDecryptConfigInformation: Dsn| RequestID = s_067b76f1-f375-4c31-9387-00cd514f47e2 
2019-12-05 13:43:38.5955|ERROR|12|FailedToDecryptConfigInformation: Dsn| RequestID = s_18ef795e-4643-45a1-8982-2ccc5f03fcaf 
2019-12-05 13:43:48.6220|ERROR|12|FailedToDecryptConfigInformation: Dsn| RequestID = s_5311630f-bd4a-4849-80ca-850c9d4c32ca 
2019-12-05 13:43:58.6465|ERROR|12|FailedToDecryptConfigInformation: Dsn| RequestID = s_faffda82-305e-4fe6-be35-b45bac6a51a2 
2019-12-05 13:44:08.6704|ERROR|12|FailedToDecryptConfigInformation: Dsn| RequestID = s_8162be2f-e96d-4216-bfa5-b24a6223deb0 
2019-12-05 13:44:18.6858|ERROR|12|FailedToDecryptConfigInformation: Dsn| RequestID = s_b266a594-1416-4923-9026-79eed41b47d3 
2019-12-05 13:44:28.7011|ERROR|8|FailedToDecryptConfigInformation: Dsn| RequestID = s_20f95114-c8d7-4630-bd4c-e82734c7efce 
2019-12-05 13:44:38.7299|ERROR|8|FailedToDecryptConfigInformation: Dsn| RequestID = s_8b03146c-b7e6-4b26-af75-54798682908b 
2019-12-05 13:44:48.7482|ERROR|8|FailedToDecryptConfigInformation: Dsn| RequestID = s_c765bd61-7bc7-426c-8e72-568d3789d0dd 
2019-12-05 13:44:58.7764|ERROR|8|FailedToDecryptConfigInformation: Dsn| RequestID = s_95dc1cba-80f6-4b79-9597-68466a9f8361 
2019-12-05 13:45:08.8052|ERROR|8|FailedToDecryptConfigInformation: Dsn| RequestID = s_ac0b72b5-d853-4218-932b-eafc97e52a17 
2019-12-05 13:45:18.8350|ERROR|8|FailedToDecryptConfigInformation: Dsn| RequestID = s_a2df04d9-b5af-459c-840a-39543e21ff9e 
2019-12-05 13:45:28.8638|ERROR|4|FailedToDecryptConfigInformation: Dsn| RequestID = s_f8dc8608-0a1a-49fc-8ccf-b3c79c4c95df 
2019-12-05 13:45:38.8891|ERROR|8|FailedToDecryptConfigInformation: Dsn| RequestID = s_2402b6e9-d1d2-41d7-9591-2c9e56060e24 
2019-12-05 13:45:48.9074|ERROR|8|FailedToDecryptConfigInformation: Dsn| RequestID = s_878e3475-051f-4463-b48a-f500edff6bf4 
2019-12-05 13:45:58.9361|ERROR|8|FailedToDecryptConfigInformation: Dsn| RequestID = s_c88f0d69-76a8-4b90-9f94-0e805d622d81 
2019-12-05 13:46:08.9519|ERROR|8|FailedToDecryptConfigInformation: Dsn| RequestID = s_3ce9c761-0504-46f5-a713-af3882e1f908 
2019-12-05 13:46:18.9827|ERROR|8|FailedToDecryptConfigInformation: Dsn| RequestID = s_d9d7f0ca-eced-4ef5-ad54-0c92d4be909e 
2019-12-05 13:46:29.0082|ERROR|8|FailedToDecryptConfigInformation: Dsn| RequestID = s_16411db6-b970-4284-a6ab-8493488e10a3 
2019-12-05 13:46:39.0257|ERROR|19|FailedToDecryptConfigInformation: Dsn| RequestID = s_7711c275-fc8d-4b26-97df-f83c378c6b08 
2019-12-05 13:46:49.0565|ERROR|19|FailedToDecryptConfigInformation: Dsn| RequestID = s_ac507e5d-3e9e-4035-b537-79cafb420848 
2019-12-05 13:46:59.0834|ERROR|19|FailedToDecryptConfigInformation: Dsn| RequestID = s_728c5bff-6e8b-4f87-bd37-16886c64f9d5 
2019-12-05 13:47:09.1128|ERROR|19|FailedToDecryptConfigInformation: Dsn| RequestID = s_05e3b5e0-c394-47f6-8191-310b48bc7bc0 
2019-12-05 13:47:19.1422|ERROR|19|FailedToDecryptConfigInformation: Dsn| RequestID = s_9c3ed875-2f60-4d42-90e4-ab0712a0cb58 
2019-12-05 13:47:29.1681|ERROR|5|FailedToDecryptConfigInformation: Dsn| RequestID = s_23631653-53c7-4e22-a02d-b832db6e6fb9 
2019-12-05 13:47:39.2039|ERROR|5|FailedToDecryptConfigInformation: Dsn| RequestID = s_38ee1f1c-23d5-4ff1-bb28-dc55528cff25 
2019-12-05 13:47:49.2267|ERROR|5|FailedToDecryptConfigInformation: Dsn| RequestID = s_067b21a5-debb-41dc-8c21-7454ee47ce52 
2019-12-05 13:47:59.2541|ERROR|5|FailedToDecryptConfigInformation: Dsn| RequestID = s_6f34ad36-5d33-4d12-87b4-1527b2ce4e83 
2019-12-05 13:48:09.2944|ERROR|5|FailedToDecryptConfigInformation: Dsn| RequestID = s_c3c0ee84-e2ac-416e-b732-f95e3c40b16b 
2019-12-05 13:48:19.3174|ERROR|13|FailedToDecryptConfigInformation: Dsn| RequestID = s_e891ac1d-ed5a-4728-94e3-c7855f96ed4a 
2019-12-05 13:48:29.3383|ERROR|13|FailedToDecryptConfigInformation: Dsn| RequestID = s_0c57c511-858c-437d-b061-574ed8d2ea54 
2019-12-05 13:48:39.3903|ERROR|13|FailedToDecryptConfigInformation: Dsn| RequestID = s_6f3eee35-9e71-40d9-9e51-755e65e2db2e 
2019-12-05 13:48:49.4207|ERROR|13|FailedToDecryptConfigInformation: Dsn| RequestID = s_2f0a2732-6f87-402c-8fcf-5ab12a341f01 
2019-12-05 13:48:59.5335|ERROR|13|FailedToDecryptConfigInformation: Dsn| RequestID = s_75687cfe-cb60-4e19-b56b-df3dcf4792e2 
2019-12-05 13:49:09.5669|ERROR|13|FailedToDecryptConfigInformation: Dsn| RequestID = s_1e7da93e-5971-41d9-8f00-19b837b8f0c2 
2019-12-05 13:49:19.5997|ERROR|13|FailedToDecryptConfigInformation: Dsn| RequestID = s_5069e79b-bfaf-4576-8149-8baead6445e8 
2019-12-05 13:49:29.6180|ERROR|13|FailedToDecryptConfigInformation: Dsn| RequestID = s_3536f12e-a078-47c6-b31f-9a0a83b41933 
2019-12-05 13:49:39.6479|ERROR|13|FailedToDecryptConfigInformation: Dsn| RequestID = s_5c7465af-3e04-4dfa-b957-7cf4cde98940 
2019-12-05 13:49:49.6922|ERROR|13|FailedToDecryptConfigInformation: Dsn| RequestID = s_b160430c-1c7b-4208-9557-590a1ed36a67 
2019-12-05 13:49:59.7190|ERROR|21|FailedToDecryptConfigInformation: Dsn| RequestID = s_c5a7dce5-77e9-4bed-9546-6d14acc0ffd0 
2019-12-05 13:50:09.7407|ERROR|21|FailedToDecryptConfigInformation: Dsn| RequestID = s_762d5b79-e69f-46e4-9ce2-9e43d2a23fd9 
2019-12-05 13:50:19.7640|ERROR|6|FailedToDecryptConfigInformation: Dsn| RequestID = s_d80fdbe5-d7ab-414a-9f91-9ef86dd893e3 
2019-12-05 13:50:29.7820|ERROR|6|FailedToDecryptConfigInformation: Dsn| RequestID = s_183e8cfd-ab7e-4e79-a233-ac7ff99d9e0b 
2019-12-05 13:50:39.8113|ERROR|24|FailedToDecryptConfigInformation: Dsn| RequestID = s_eae55f14-05de-4843-81a0-182765874dba 
2019-12-05 13:50:49.8351|ERROR|24|FailedToDecryptConfigInformation: Dsn| RequestID = s_575b46b1-0161-4921-84be-b928d9d8d41d 
2019-12-05 13:50:59.8497|ERROR|24|FailedToDecryptConfigInformation: Dsn| RequestID = s_6cf0ed69-abfc-45e8-bda5-7af4026732d7 
2019-12-05 13:51:09.8686|ERROR|24|FailedToDecryptConfigInformation: Dsn| RequestID = s_f00743ed-a6ca-433f-a31c-d4c1f6996a3c 
2019-12-05 13:51:19.8974|ERROR|6|FailedToDecryptConfigInformation: Dsn| RequestID = s_dfb9688b-a078-4a95-b8cc-eb0caf320d5b 
2019-12-05 13:51:29.9303|ERROR|24|FailedToDecryptConfigInformation: Dsn| RequestID = s_86158f64-3b57-4f16-a4d1-339eb092f9ee 
2019-12-05 13:51:39.9451|ERROR|24|FailedToDecryptConfigInformation: Dsn| RequestID = s_605de318-01d9-434e-8d5e-612d8e0c7c81 
2019-12-05 13:51:49.9784|ERROR|24|FailedToDecryptConfigInformation: Dsn| RequestID = s_8edf8683-1cb8-46a9-9c97-4cb0d4b65eae 
2019-12-05 13:52:00.0137|ERROR|24|FailedToDecryptConfigInformation: Dsn| RequestID = s_2aec81af-0878-4eaa-b31b-4531cc24822e 
2019-12-05 13:52:10.0410|ERROR|24|FailedToDecryptConfigInformation: Dsn| RequestID = s_3836c4aa-407c-4d6f-8b4b-ad2ffc0fc4af 
2019-12-05 13:52:20.0733|ERROR|24|FailedToDecryptConfigInformation: Dsn| RequestID = s_2b519f2e-70a2-4ad9-8258-59939d0a31ab 
2019-12-05 13:52:30.1111|ERROR|6|FailedToDecryptConfigInformation: Dsn| RequestID = s_4a674e88-8a11-43e8-998e-b90000ab1a55 
2019-12-05 13:52:40.1378|ERROR|6|FailedToDecryptConfigInformation: Dsn| RequestID = s_95c2095b-4302-4d48-8053-34f8771cf617 
2019-12-05 13:52:50.1657|ERROR|6|FailedToDecryptConfigInformation: Dsn| RequestID = s_dcb027f2-472b-454c-9047-17b255525f18 
2019-12-05 13:53:00.1819|ERROR|6|FailedToDecryptConfigInformation: Dsn| RequestID = s_4a8e5441-97ed-4f95-959a-7e50a5aefedb 
2019-12-05 13:53:10.2062|ERROR|6|FailedToDecryptConfigInformation: Dsn| RequestID = s_bebf891f-a999-4a7a-987a-eed99c801610 
2019-12-05 13:53:20.2373|ERROR|6|FailedToDecryptConfigInformation: Dsn| RequestID = s_4f1b5aa7-7c1a-4e0d-8c17-a74725a29bea 
2019-12-05 13:53:30.2621|ERROR|6|FailedToDecryptConfigInformation: Dsn| RequestID = s_206f41a8-5b42-46a8-92c9-3c371aaece4d 
2019-12-05 13:53:40.2843|ERROR|6|FailedToDecryptConfigInformation: Dsn| RequestID = s_008a2cb8-bc7c-49af-9248-46c1d2bc3966 
2019-12-05 13:53:50.3346|ERROR|6|FailedToDecryptConfigInformation: Dsn| RequestID = s_dd8e3ccc-cca5-434f-9ec1-84cbab748f87 
2019-12-05 13:54:00.3669|ERROR|6|FailedToDecryptConfigInformation: Dsn| RequestID = s_44d3b8ac-bd95-4378-b3bd-72436bd90476 
2019-12-05 13:54:10.3817|ERROR|16|FailedToDecryptConfigInformation: Dsn| RequestID = s_0d31bebb-c5f1-4dca-bb53-323feafb278d 
2019-12-05 13:54:20.4121|ERROR|16|FailedToDecryptConfigInformation: Dsn| RequestID = s_0057fc5b-b14e-4f6b-b8b1-3098d3be46a2 
2019-12-05 13:54:30.4254|ERROR|13|FailedToDecryptConfigInformation: Dsn| RequestID = s_6949da0b-f716-4d64-97ee-7de3f4021f32 
2019-12-05 13:54:40.4493|ERROR|13|FailedToDecryptConfigInformation: Dsn| RequestID = s_3c9829fe-1e45-432f-8b85-43b270380897 
2019-12-05 13:54:50.4851|ERROR|13|FailedToDecryptConfigInformation: Dsn| RequestID = s_8b4aa6b3-a433-4bf6-84d9-d0ef57418595 
2019-12-05 13:55:00.5089|ERROR|13|FailedToDecryptConfigInformation: Dsn| RequestID = s_e0c9d68a-6135-4433-bb77-4761861cc140 
2019-12-05 13:55:10.5348|ERROR|16|FailedToDecryptConfigInformation: Dsn| RequestID = s_29dc6551-a7b6-4e7e-8cd7-90e8998946ee 
2019-12-05 13:55:20.5547|ERROR|16|FailedToDecryptConfigInformation: Dsn| RequestID = s_9a11176a-9dd9-4ff4-9504-98228cc81b18 
2019-12-05 13:55:30.5785|ERROR|16|FailedToDecryptConfigInformation: Dsn| RequestID = s_12330017-d518-4bc7-abab-51f489a2f047 
2019-12-05 13:55:40.5948|ERROR|16|FailedToDecryptConfigInformation: Dsn| RequestID = s_d3d61756-6a64-482c-bf75-3cd56db32d77 
2019-12-05 13:55:50.6226|ERROR|16|FailedToDecryptConfigInformation: Dsn| RequestID = s_fd0ebee5-9764-436f-b2fd-3c185b214f03 
2019-12-05 13:56:00.6429|ERROR|16|FailedToDecryptConfigInformation: Dsn| RequestID = s_18c51629-50ab-4122-82f4-eff25401c096 
2019-12-05 13:56:10.6943|ERROR|16|FailedToDecryptConfigInformation: Dsn| RequestID = s_fa7b2e30-6777-4ba7-a83e-6518d554bb51 
2019-12-05 13:56:20.7156|ERROR|16|FailedToDecryptConfigInformation: Dsn| RequestID = s_6b2e2d44-19e9-4701-ae5a-2a765fc00c3f 
2019-12-05 13:56:30.7418|ERROR|16|FailedToDecryptConfigInformation: Dsn| RequestID = s_cabdd21c-200b-4def-a4c1-fe15beccb181 
2019-12-05 13:56:40.7671|ERROR|16|FailedToDecryptConfigInformation: Dsn| RequestID = s_3e04a8a6-1d0d-4417-bdc7-f2b4a4c9c4d2 
2019-12-05 13:56:50.7869|ERROR|5|FailedToDecryptConfigInformation: Dsn| RequestID = s_b6204103-9b6c-4c94-81e0-763b4b0c5fc7 
2019-12-05 13:57:00.8056|ERROR|8|FailedToDecryptConfigInformation: Dsn| RequestID = s_00cae456-d4c6-4dec-8c29-6cfe4a32f091 
2019-12-05 13:57:10.8190|ERROR|10|FailedToDecryptConfigInformation: Dsn| RequestID = s_ca3baee3-9740-4651-a180-b6efb952c1ff 
2019-12-05 13:57:20.8498|ERROR|10|FailedToDecryptConfigInformation: Dsn| RequestID = s_334fe206-3fa4-4a02-a826-adb6740257ea 
2019-12-05 13:57:30.8631|ERROR|12|FailedToDecryptConfigInformation: Dsn| RequestID = s_abc3e6e8-b79e-493a-a9f0-da32f4e428e3 
2019-12-05 13:57:40.8959|ERROR|12|FailedToDecryptConfigInformation: Dsn| RequestID = s_5c96c4c9-0aa4-42bc-ad10-b6629e1b13bb 
2019-12-05 13:57:50.9138|ERROR|12|FailedToDecryptConfigInformation: Dsn| RequestID = s_5fe37192-4b2e-40e1-90f8-fc16b71cf394 
2019-12-05 13:58:00.9426|ERROR|12|FailedToDecryptConfigInformation: Dsn| RequestID = s_746af1b0-922f-4fb6-bcce-4f76509f7152 
2019-12-05 13:58:10.9649|ERROR|12|FailedToDecryptConfigInformation: Dsn| RequestID = s_5c7654b8-a887-4724-a033-9da73eb63f9c 
2019-12-05 13:58:20.9861|ERROR|12|FailedToDecryptConfigInformation: Dsn| RequestID = s_ee835a9c-8352-4882-adba-ae38cd1cd218 
2019-12-05 13:58:31.0229|ERROR|12|FailedToDecryptConfigInformation: Dsn| RequestID = s_654809da-e21a-43cb-aae3-6f8535b4a959 
2019-12-05 13:58:41.0497|ERROR|12|FailedToDecryptConfigInformation: Dsn| RequestID = s_bead59bf-b3af-4cb4-a0c7-1ead28aa37b3 
2019-12-05 13:58:51.0955|ERROR|12|FailedToDecryptConfigInformation: Dsn| RequestID = s_6da17556-ee1e-45ae-bd30-5d45e545c7d6 
2019-12-05 13:59:01.1318|ERROR|12|FailedToDecryptConfigInformation: Dsn| RequestID = s_eeadc68d-0eeb-4e67-a029-af6ba2fd20fa 
2019-12-05 13:59:11.1512|ERROR|12|FailedToDecryptConfigInformation: Dsn| RequestID = s_8dece1f0-357e-4261-b54a-8b33d48daac9 
2019-12-05 13:59:21.1876|ERROR|12|FailedToDecryptConfigInformation: Dsn| RequestID = s_7688414c-65d8-48f3-98cd-e44ffdbb1b89 
2019-12-05 13:59:31.2214|ERROR|12|FailedToDecryptConfigInformation: Dsn| RequestID = s_0b7aab46-1ae0-4ec8-a819-218dde17e0a7 
2019-12-05 13:59:41.2467|ERROR|13|FailedToDecryptConfigInformation: Dsn| RequestID = s_4bd1209b-21df-448b-8569-85f9295211c3 
2019-12-05 13:59:51.2876|ERROR|13|FailedToDecryptConfigInformation: Dsn| RequestID = s_c0c15c15-1251-4247-8f40-184c60c6023c 
