2019-12-04 13:00:00.0584|ERROR|15|FailedToDecryptConfigInformation: Dsn| RequestID = s_a748bbb0-9862-4e9a-8e42-90a02c63a401 
2019-12-04 13:00:10.0929|ERROR|15|FailedToDecryptConfigInformation: Dsn| RequestID = s_4aad1fbe-1a7f-452e-80d6-3cd26d0e313f 
2019-12-04 13:00:20.1341|ERROR|15|FailedToDecryptConfigInformation: Dsn| RequestID = s_f94bbdbc-7913-4d90-8421-02dca46a87e0 
2019-12-04 13:00:30.1589|ERROR|15|FailedToDecryptConfigInformation: Dsn| RequestID = s_9fd45a79-0a82-45d1-8734-b55d2b7c88a5 
2019-12-04 13:00:40.1832|ERROR|15|FailedToDecryptConfigInformation: Dsn| RequestID = s_e802870d-86a0-4898-964a-f394cd896187 
2019-12-04 13:00:50.2045|ERROR|15|FailedToDecryptConfigInformation: Dsn| RequestID = s_5edcad79-46aa-48aa-af01-2d433d2378da 
2019-12-04 13:01:00.2348|ERROR|15|FailedToDecryptConfigInformation: Dsn| RequestID = s_b0ff819d-d101-4c0f-891c-66062f0ebaab 
2019-12-04 13:01:10.2496|ERROR|15|FailedToDecryptConfigInformation: Dsn| RequestID = s_ca7687e0-6579-4131-b29b-be2a3a1daf6c 
2019-12-04 13:01:20.2750|ERROR|15|FailedToDecryptConfigInformation: Dsn| RequestID = s_7ab37891-2e95-4376-ac7f-1555c3f90182 
2019-12-04 13:01:30.3168|ERROR|30|FailedToDecryptConfigInformation: Dsn| RequestID = s_8c3e7d93-a4dd-4b65-838a-5290871fe6fb 
2019-12-04 13:01:40.3457|ERROR|15|FailedToDecryptConfigInformation: Dsn| RequestID = s_9abb4b69-66b9-41d6-9810-2ca880df39cf 
2019-12-04 13:01:50.3685|ERROR|15|FailedToDecryptConfigInformation: Dsn| RequestID = s_18a080c2-28c9-4439-b737-52e276c7bb12 
2019-12-04 13:02:00.3913|ERROR|15|FailedToDecryptConfigInformation: Dsn| RequestID = s_d712f462-c82d-41a5-9f3b-5d963898df98 
2019-12-04 13:02:10.4191|ERROR|15|FailedToDecryptConfigInformation: Dsn| RequestID = s_5abcd063-b6a6-4a6d-8aee-c0b6163e39fd 
2019-12-04 13:02:20.4429|ERROR|15|FailedToDecryptConfigInformation: Dsn| RequestID = s_150ec2d7-08c2-4783-8b7e-1d0fdd3abc36 
2019-12-04 13:02:30.4787|ERROR|15|FailedToDecryptConfigInformation: Dsn| RequestID = s_443926f2-8b69-4907-827a-53b924b0243d 
2019-12-04 13:02:40.5086|ERROR|15|FailedToDecryptConfigInformation: Dsn| RequestID = s_4d147367-5a04-416a-93e3-3ce53fe8f23b 
2019-12-04 13:02:50.5324|ERROR|15|FailedToDecryptConfigInformation: Dsn| RequestID = s_69ac5fb5-76b2-4c0c-a2d4-6fce9a8fec57 
2019-12-04 13:03:00.5547|ERROR|15|FailedToDecryptConfigInformation: Dsn| RequestID = s_20f1cc03-c64e-4560-ac10-3156662dd216 
2019-12-04 13:03:10.5770|ERROR|15|FailedToDecryptConfigInformation: Dsn| RequestID = s_53af9f6e-5e11-401a-949a-557973f70cf4 
2019-12-04 13:03:20.6018|ERROR|20|FailedToDecryptConfigInformation: Dsn| RequestID = s_0ba19f3d-caca-4511-8d7e-334f1bfc9496 
2019-12-04 13:03:30.6216|ERROR|20|FailedToDecryptConfigInformation: Dsn| RequestID = s_17878d98-94c4-46da-aa34-c373eef2f36b 
2019-12-04 13:03:40.6425|ERROR|9|FailedToDecryptConfigInformation: Dsn| RequestID = s_c4c08254-3712-4b09-95ce-34f277a2f85a 
2019-12-04 13:03:50.6778|ERROR|9|FailedToDecryptConfigInformation: Dsn| RequestID = s_4ff4c6ea-117a-40cd-91d7-12bbe31475e6 
2019-12-04 13:04:00.6976|ERROR|9|FailedToDecryptConfigInformation: Dsn| RequestID = s_d34037ea-d51b-451d-827d-9467377a438a 
2019-12-04 13:04:10.7169|ERROR|9|FailedToDecryptConfigInformation: Dsn| RequestID = s_c69390c1-c03a-402a-9fb1-c9ce303324e4 
2019-12-04 13:04:20.7432|ERROR|9|FailedToDecryptConfigInformation: Dsn| RequestID = s_5c36d786-2ac4-492e-be53-6289e15fbc01 
2019-12-04 13:04:30.7629|ERROR|9|FailedToDecryptConfigInformation: Dsn| RequestID = s_e6234b12-1bb1-428a-8e3c-6f1f50c187a6 
2019-12-04 13:04:40.7857|ERROR|9|FailedToDecryptConfigInformation: Dsn| RequestID = s_3fd6eb42-452a-4775-9289-ebe865ca9ee3 
2019-12-04 13:04:50.8090|ERROR|9|FailedToDecryptConfigInformation: Dsn| RequestID = s_2dac2c5b-011b-4108-8d92-259616cfebc1 
2019-12-04 13:05:00.8378|ERROR|9|FailedToDecryptConfigInformation: Dsn| RequestID = s_24dd475a-8f88-4af7-a690-522aba7593d5 
2019-12-04 13:05:10.8591|ERROR|9|FailedToDecryptConfigInformation: Dsn| RequestID = s_438e9926-e02c-4572-9d8f-2f7d5e3f1f90 
2019-12-04 13:05:20.8799|ERROR|9|FailedToDecryptConfigInformation: Dsn| RequestID = s_375fa678-6874-49b7-9cb8-19489187a390 
2019-12-04 13:05:30.9032|ERROR|9|FailedToDecryptConfigInformation: Dsn| RequestID = s_699a8e62-f408-439a-850c-3e7b579e6b97 
2019-12-04 13:05:40.9325|ERROR|9|FailedToDecryptConfigInformation: Dsn| RequestID = s_b5ff54f8-ac4e-4e71-94d0-2407b07acb5f 
2019-12-04 13:05:50.9723|ERROR|9|FailedToDecryptConfigInformation: Dsn| RequestID = s_263418c2-b7fb-4e5a-a196-641402546a8c 
2019-12-04 13:06:01.0012|ERROR|9|FailedToDecryptConfigInformation: Dsn| RequestID = s_9d8307a5-9ef8-4a5e-8a50-833cd25573e9 
2019-12-04 13:06:11.0300|ERROR|9|FailedToDecryptConfigInformation: Dsn| RequestID = s_99e5d239-43d0-43e9-b1c4-edd56dc13cc4 
2019-12-04 13:06:21.0768|ERROR|9|FailedToDecryptConfigInformation: Dsn| RequestID = s_30930a45-27f0-4a3b-b63e-f9305959df51 
2019-12-04 13:06:31.1031|ERROR|9|FailedToDecryptConfigInformation: Dsn| RequestID = s_fe52439f-ab76-4ef4-977d-7a1442849111 
2019-12-04 13:06:41.1188|ERROR|9|FailedToDecryptConfigInformation: Dsn| RequestID = s_15f755f1-568d-4be7-b166-74c8254ca102 
2019-12-04 13:06:51.1426|ERROR|9|FailedToDecryptConfigInformation: Dsn| RequestID = s_40c345a2-c9a9-486e-a5ad-4460a90dee60 
2019-12-04 13:07:01.1581|ERROR|9|FailedToDecryptConfigInformation: Dsn| RequestID = s_a4210211-a56e-4acd-8f77-b07f6fa7c31f 
2019-12-04 13:07:11.1874|ERROR|27|FailedToDecryptConfigInformation: Dsn| RequestID = s_d677f76c-b403-46f0-9d60-466d910ad10e 
2019-12-04 13:07:21.2016|ERROR|27|FailedToDecryptConfigInformation: Dsn| RequestID = s_a906a0a6-1d1a-4a68-95a5-a9684002b867 
2019-12-04 13:07:31.2234|ERROR|27|FailedToDecryptConfigInformation: Dsn| RequestID = s_73037bed-0cde-458b-af64-4120568289b7 
2019-12-04 13:07:41.2472|ERROR|27|FailedToDecryptConfigInformation: Dsn| RequestID = s_7bafea4f-98a5-4741-949b-7ed130e96fae 
2019-12-04 13:07:51.2755|ERROR|27|FailedToDecryptConfigInformation: Dsn| RequestID = s_f179413c-47f0-43c6-848d-5ec8c16c2c81 
2019-12-04 13:08:01.3053|ERROR|22|FailedToDecryptConfigInformation: Dsn| RequestID = s_9c21f657-f96c-42dc-adcb-f4b746f1714d 
2019-12-04 13:08:11.3266|ERROR|22|FailedToDecryptConfigInformation: Dsn| RequestID = s_3018c9f0-2dfd-44ba-8ef5-0bfda1331ecb 
2019-12-04 13:08:21.3514|ERROR|22|FailedToDecryptConfigInformation: Dsn| RequestID = s_b78b6b2f-fe4b-4d3b-b9fb-0a2290632ae8 
2019-12-04 13:08:31.3962|ERROR|22|FailedToDecryptConfigInformation: Dsn| RequestID = s_4a8d3dc4-7231-4b33-9534-d941c3a53606 
2019-12-04 13:08:41.4340|ERROR|22|FailedToDecryptConfigInformation: Dsn| RequestID = s_051ad0c8-0498-4239-8958-ba9e74c8217a 
2019-12-04 13:08:51.4758|ERROR|22|FailedToDecryptConfigInformation: Dsn| RequestID = s_1ecc9341-cb55-43e8-8d7c-5f8804c3f909 
2019-12-04 13:09:01.5011|ERROR|22|FailedToDecryptConfigInformation: Dsn| RequestID = s_94117135-5527-44e6-8580-baf1e14ca2a2 
2019-12-04 13:09:11.5290|ERROR|22|FailedToDecryptConfigInformation: Dsn| RequestID = s_cfb9e352-b88f-4498-b83d-3aabe87ea3a7 
2019-12-04 13:09:21.5653|ERROR|22|FailedToDecryptConfigInformation: Dsn| RequestID = s_4a3ea2f5-e282-4830-903a-fa9dbcf2d7ab 
2019-12-04 13:09:31.6171|ERROR|22|FailedToDecryptConfigInformation: Dsn| RequestID = s_1008b4a4-f386-43ba-84ad-4a36d7f6ecf8 
2019-12-04 13:09:41.6499|ERROR|22|FailedToDecryptConfigInformation: Dsn| RequestID = s_778da5b1-7b33-4ca4-bf64-a9b657d3cc77 
2019-12-04 13:09:51.6857|ERROR|22|FailedToDecryptConfigInformation: Dsn| RequestID = s_7b59221a-fac5-4008-b313-95603d2f5fff 
2019-12-04 13:10:01.7370|ERROR|22|FailedToDecryptConfigInformation: Dsn| RequestID = s_146cbd8b-79fd-4f3e-89bc-337720a6e09c 
2019-12-04 13:10:11.7602|ERROR|22|FailedToDecryptConfigInformation: Dsn| RequestID = s_99eee6ea-f77d-431c-8fed-39bb23d90396 
2019-12-04 13:10:21.7856|ERROR|22|FailedToDecryptConfigInformation: Dsn| RequestID = s_9546b5fc-4d6f-4af5-9d6e-367df315f3bf 
2019-12-04 13:10:31.8073|ERROR|22|FailedToDecryptConfigInformation: Dsn| RequestID = s_0dbe365f-6206-40de-8167-85857c40dfab 
2019-12-04 13:10:41.8213|ERROR|22|FailedToDecryptConfigInformation: Dsn| RequestID = s_8d642914-3ad8-47f2-a039-5889c39d1b8c 
2019-12-04 13:10:51.8440|ERROR|22|FailedToDecryptConfigInformation: Dsn| RequestID = s_208a4d6f-6c41-4bef-887f-d46c7709e86e 
2019-12-04 13:11:01.8653|ERROR|22|FailedToDecryptConfigInformation: Dsn| RequestID = s_8941ae49-82b6-403f-964e-67f8f35da2ab 
2019-12-04 13:11:11.8802|ERROR|22|FailedToDecryptConfigInformation: Dsn| RequestID = s_d11f1d50-1cd5-4087-b369-e012ff02165a 
2019-12-04 13:11:21.9410|ERROR|22|FailedToDecryptConfigInformation: Dsn| RequestID = s_6bab19e3-c73d-4a8f-a4d2-d802f51c1b11 
2019-12-04 13:11:31.9708|ERROR|22|FailedToDecryptConfigInformation: Dsn| RequestID = s_018a1de0-80a8-49a3-8523-410d70081667 
2019-12-04 13:11:42.0001|ERROR|22|FailedToDecryptConfigInformation: Dsn| RequestID = s_18b64654-a878-449d-b358-f9f7a00fa522 
2019-12-04 13:11:52.0294|ERROR|22|FailedToDecryptConfigInformation: Dsn| RequestID = s_f93f5b05-d876-40ca-8149-c2813924c322 
2019-12-04 13:12:02.0658|ERROR|22|FailedToDecryptConfigInformation: Dsn| RequestID = s_8d75b3ff-fd04-4e61-a1b7-66c3e5b0e5bd 
2019-12-04 13:12:12.1003|ERROR|22|FailedToDecryptConfigInformation: Dsn| RequestID = s_c9368de9-188c-42d9-b505-348f8c04b4cd 
2019-12-04 13:12:22.1250|ERROR|26|FailedToDecryptConfigInformation: Dsn| RequestID = s_ad0bbb71-c8d6-4fe8-859b-2481f03f0673 
2019-12-04 13:12:32.1483|ERROR|26|FailedToDecryptConfigInformation: Dsn| RequestID = s_963d2056-57e5-44e4-bfb4-07b815139127 
2019-12-04 13:12:42.1661|ERROR|26|FailedToDecryptConfigInformation: Dsn| RequestID = s_ddc0f68d-0d90-4e49-8b63-da9adcbcea4e 
2019-12-04 13:12:52.1901|ERROR|19|FailedToDecryptConfigInformation: Dsn| RequestID = s_13971b08-8085-4ff2-8dae-0c1c7cd32cce 
2019-12-04 13:13:02.2033|ERROR|19|FailedToDecryptConfigInformation: Dsn| RequestID = s_1ebd063b-0711-4326-874e-7cd25d8352ac 
2019-12-04 13:13:12.2336|ERROR|20|FailedToDecryptConfigInformation: Dsn| RequestID = s_197a25ba-b9b2-475a-99f8-8ec38552e571 
2019-12-04 13:13:22.2739|ERROR|20|FailedToDecryptConfigInformation: Dsn| RequestID = s_f65a14e4-16b7-490d-bdc0-a2d927bfbf03 
2019-12-04 13:13:32.3022|ERROR|20|FailedToDecryptConfigInformation: Dsn| RequestID = s_d9b25e08-3259-4034-8b95-9c8e6215022c 
2019-12-04 13:13:42.3220|ERROR|20|FailedToDecryptConfigInformation: Dsn| RequestID = s_45ecdeb8-615c-4685-9ce0-cc36148c7fcb 
2019-12-04 13:13:52.3484|ERROR|20|FailedToDecryptConfigInformation: Dsn| RequestID = s_15ce3122-6cbe-4fd6-9292-d66c248e5b55 
2019-12-04 13:14:02.3787|ERROR|20|FailedToDecryptConfigInformation: Dsn| RequestID = s_5fbfb703-f64b-4b7b-8761-c1ff4f2f79c9 
2019-12-04 13:14:12.4070|ERROR|9|FailedToDecryptConfigInformation: Dsn| RequestID = s_a29ea1c3-3067-4509-bf15-f91707689be6 
2019-12-04 13:14:22.4349|ERROR|9|FailedToDecryptConfigInformation: Dsn| RequestID = s_5ad1b3a4-08b2-4ab0-907b-a0c7e878fd22 
2019-12-04 13:14:32.4712|ERROR|20|FailedToDecryptConfigInformation: Dsn| RequestID = s_e5d02fd7-8627-47b7-a76f-1fe8eb0b63f2 
2019-12-04 13:14:42.4895|ERROR|20|FailedToDecryptConfigInformation: Dsn| RequestID = s_716bf83a-869e-4f7b-8cd1-2794beecc557 
2019-12-04 13:14:52.5394|ERROR|20|FailedToDecryptConfigInformation: Dsn| RequestID = s_7544605d-e1cb-424d-b3ba-ea4bcea36265 
2019-12-04 13:15:02.5622|ERROR|20|FailedToDecryptConfigInformation: Dsn| RequestID = s_50ac7201-0ba7-4f09-ac4b-54a2a5269301 
2019-12-04 13:15:12.5775|ERROR|24|FailedToDecryptConfigInformation: Dsn| RequestID = s_bdd257d6-d99f-4d2f-8e32-01a114a376ec 
2019-12-04 13:15:22.6078|ERROR|24|FailedToDecryptConfigInformation: Dsn| RequestID = s_42635ee4-8d1f-41c6-973d-a9112e7cc682 
2019-12-04 13:15:32.6231|ERROR|24|FailedToDecryptConfigInformation: Dsn| RequestID = s_b7ac5ab3-2c23-45e6-8407-4f317b703a6a 
2019-12-04 13:15:42.6589|ERROR|24|FailedToDecryptConfigInformation: Dsn| RequestID = s_bd7a7dd5-25fc-4595-895f-bfdcb0b1b875 
2019-12-04 13:15:52.6817|ERROR|24|FailedToDecryptConfigInformation: Dsn| RequestID = s_3aca191e-6c5d-47fe-8576-0e5fbe82312e 
2019-12-04 13:16:02.7114|ERROR|24|FailedToDecryptConfigInformation: Dsn| RequestID = s_2c13f5e7-dd93-40ff-84d4-343b89f21914 
2019-12-04 13:16:12.7397|ERROR|24|FailedToDecryptConfigInformation: Dsn| RequestID = s_426f9819-3ec6-4cbb-9539-9a2a425c0f78 
2019-12-04 13:16:22.7785|ERROR|24|FailedToDecryptConfigInformation: Dsn| RequestID = s_89f20b4a-8b5d-4514-96fe-06aca2d8a6b3 
2019-12-04 13:16:32.8148|ERROR|12|FailedToDecryptConfigInformation: Dsn| RequestID = s_1a56ab3f-2b60-43d7-891f-6105844dfdcd 
2019-12-04 13:16:42.8352|ERROR|23|FailedToDecryptConfigInformation: Dsn| RequestID = s_9b6f522d-c064-4493-89be-b8734d4a3329 
2019-12-04 13:16:52.8621|ERROR|23|FailedToDecryptConfigInformation: Dsn| RequestID = s_1f08a3c9-32d2-4fb1-ad51-7bdd05741110 
2019-12-04 13:17:02.8894|ERROR|23|FailedToDecryptConfigInformation: Dsn| RequestID = s_65d8eee4-e3d2-4003-9e50-4df25161b2dc 
2019-12-04 13:17:12.9067|ERROR|23|FailedToDecryptConfigInformation: Dsn| RequestID = s_387ecaef-acab-40e3-8e56-5d326ac3a3f2 
2019-12-04 13:17:22.9380|ERROR|23|FailedToDecryptConfigInformation: Dsn| RequestID = s_929db87d-192d-4860-a479-10fb97fe700e 
2019-12-04 13:17:32.9508|ERROR|23|FailedToDecryptConfigInformation: Dsn| RequestID = s_0e4b5f7b-42b6-4bcb-aca2-4fc4cb45a7b1 
2019-12-04 13:17:42.9787|ERROR|23|FailedToDecryptConfigInformation: Dsn| RequestID = s_46ba1de3-8150-4ceb-b876-35b4c449a6c9 
2019-12-04 13:17:53.0580|ERROR|23|FailedToDecryptConfigInformation: Dsn| RequestID = s_917c6311-e1d4-4fb5-86d0-fed007f2f528 
2019-12-04 13:18:03.0938|ERROR|19|FailedToDecryptConfigInformation: Dsn| RequestID = s_88cb8315-57df-487f-866e-7f78551a56d2 
2019-12-04 13:18:13.1111|ERROR|19|FailedToDecryptConfigInformation: Dsn| RequestID = s_1762af84-6f36-4d27-86f3-2aa8a36ee9ad 
2019-12-04 13:18:23.1389|ERROR|19|FailedToDecryptConfigInformation: Dsn| RequestID = s_e6d387b2-98f1-42ea-bfbd-419b77ad9deb 
2019-12-04 13:18:33.1773|ERROR|19|FailedToDecryptConfigInformation: Dsn| RequestID = s_e8429a2e-1e95-40e9-a16d-96e950516f58 
2019-12-04 13:18:43.1961|ERROR|19|FailedToDecryptConfigInformation: Dsn| RequestID = s_4276b688-0b76-4e14-843f-361064804610 
2019-12-04 13:18:53.2119|ERROR|19|FailedToDecryptConfigInformation: Dsn| RequestID = s_6e519953-3cae-472e-a90b-f5737fbc6da2 
2019-12-04 13:19:03.2403|ERROR|19|FailedToDecryptConfigInformation: Dsn| RequestID = s_5393b843-21a2-47ed-8261-60a72d1fb89e 
2019-12-04 13:19:13.2560|ERROR|19|FailedToDecryptConfigInformation: Dsn| RequestID = s_eb1fbb99-a0f5-4ba7-bf0c-cff1f9b718a2 
2019-12-04 13:19:23.3433|ERROR|19|FailedToDecryptConfigInformation: Dsn| RequestID = s_c7e6095d-8af7-42a5-b962-b9476eb646b6 
2019-12-04 13:19:33.3946|ERROR|15|FailedToDecryptConfigInformation: Dsn| RequestID = s_7530e7b5-39be-4573-a85c-31a98d4d7d90 
2019-12-04 13:19:43.4329|ERROR|15|FailedToDecryptConfigInformation: Dsn| RequestID = s_601d41c2-6e62-49b0-a8c3-99657e571a06 
2019-12-04 13:19:53.4512|ERROR|15|FailedToDecryptConfigInformation: Dsn| RequestID = s_60f3b2bd-5b8d-4e29-99ec-b7cd53258ddf 
2019-12-04 13:20:03.4810|ERROR|16|FailedToDecryptConfigInformation: Dsn| RequestID = s_60bb11cc-4a4d-4ddd-9bed-b11aba02365b 
2019-12-04 13:20:13.4988|ERROR|16|FailedToDecryptConfigInformation: Dsn| RequestID = s_a9715f71-257b-4e20-a2b7-9c6b64922c64 
2019-12-04 13:20:23.5271|ERROR|16|FailedToDecryptConfigInformation: Dsn| RequestID = s_3fc2d311-5f5d-4775-83e3-928f3d769623 
2019-12-04 13:20:33.5414|ERROR|16|FailedToDecryptConfigInformation: Dsn| RequestID = s_e3297bb9-597b-4750-bb8c-5ae1fd836930 
2019-12-04 13:20:43.5686|ERROR|16|FailedToDecryptConfigInformation: Dsn| RequestID = s_b6a5c710-e61d-4e08-8cf4-0306d5eb910b 
2019-12-04 13:20:53.6049|ERROR|16|FailedToDecryptConfigInformation: Dsn| RequestID = s_11cdc7be-33cc-4a33-a7cb-26a11de0de1a 
2019-12-04 13:21:03.6367|ERROR|16|FailedToDecryptConfigInformation: Dsn| RequestID = s_59567459-dfe4-4b4e-b5c1-a22a64c57883 
2019-12-04 13:21:13.6590|ERROR|12|FailedToDecryptConfigInformation: Dsn| RequestID = s_b9d4a90d-fc8e-4c16-a735-ea64ed82298e 
2019-12-04 13:21:23.6843|ERROR|12|FailedToDecryptConfigInformation: Dsn| RequestID = s_10d53402-b6e3-4da6-86b8-782e1df037a0 
2019-12-04 13:21:33.7032|ERROR|29|FailedToDecryptConfigInformation: Dsn| RequestID = s_5dfe23d8-d19a-4a5c-a283-18b98b99675e 
2019-12-04 13:21:43.7425|ERROR|29|FailedToDecryptConfigInformation: Dsn| RequestID = s_bed5a5c0-804b-4e0e-adfb-542f82018131 
2019-12-04 13:21:53.7643|ERROR|29|FailedToDecryptConfigInformation: Dsn| RequestID = s_14851580-ea35-4805-b091-45ea8c3c8550 
2019-12-04 13:22:03.8086|ERROR|29|FailedToDecryptConfigInformation: Dsn| RequestID = s_d3d88452-2e22-40c5-99f3-2766c7e35da5 
2019-12-04 13:22:13.8224|ERROR|29|FailedToDecryptConfigInformation: Dsn| RequestID = s_a9db8e48-3332-4615-8e61-5791bf57311e 
2019-12-04 13:22:23.8461|ERROR|29|FailedToDecryptConfigInformation: Dsn| RequestID = s_ee353b5a-549e-4cfe-a0df-7affd8a1fd91 
2019-12-04 13:22:33.8669|ERROR|29|FailedToDecryptConfigInformation: Dsn| RequestID = s_afeb30c6-c33b-43ea-9b92-46c9146c8da3 
2019-12-04 13:22:43.8908|ERROR|24|FailedToDecryptConfigInformation: Dsn| RequestID = s_5a90a0a0-9c3b-4624-aed0-f2e12bf64afa 
2019-12-04 13:22:53.9056|ERROR|24|FailedToDecryptConfigInformation: Dsn| RequestID = s_a34c02b0-b9e8-4721-abf1-3008c1dfa97c 
2019-12-04 13:23:03.9509|ERROR|24|FailedToDecryptConfigInformation: Dsn| RequestID = s_640ef96e-ab77-4441-be63-35479ff43adb 
2019-12-04 13:23:13.9897|ERROR|24|FailedToDecryptConfigInformation: Dsn| RequestID = s_23ecece5-4bb5-4d78-8630-c66ed9c098e8 
2019-12-04 13:23:24.0200|ERROR|24|FailedToDecryptConfigInformation: Dsn| RequestID = s_bf037832-5eeb-48d2-ba89-bd73333f8334 
2019-12-04 13:23:34.0488|ERROR|24|FailedToDecryptConfigInformation: Dsn| RequestID = s_7b47b105-8dd6-43be-9b36-43782795f212 
2019-12-04 13:23:44.0691|ERROR|24|FailedToDecryptConfigInformation: Dsn| RequestID = s_b0c3a1f0-298a-4d6e-ad0c-1b20b8c007c2 
2019-12-04 13:23:54.1065|ERROR|24|FailedToDecryptConfigInformation: Dsn| RequestID = s_8675eda0-8376-492e-a754-55dfdec348de 
2019-12-04 13:24:04.1208|ERROR|24|FailedToDecryptConfigInformation: Dsn| RequestID = s_e33296a4-3774-49ce-9746-5cb98a18f13a 
2019-12-04 13:24:14.1587|ERROR|24|FailedToDecryptConfigInformation: Dsn| RequestID = s_35e4a397-445c-42ce-8969-572d7f109308 
2019-12-04 13:24:24.2260|ERROR|24|FailedToDecryptConfigInformation: Dsn| RequestID = s_84c240f6-bff2-475c-9200-5629417c5708 
2019-12-04 13:24:34.2398|ERROR|24|FailedToDecryptConfigInformation: Dsn| RequestID = s_bc6aa056-fb61-4469-8c89-17f70a84d113 
2019-12-04 13:24:44.2706|ERROR|30|FailedToDecryptConfigInformation: Dsn| RequestID = s_ee0155c6-6b80-47fc-b057-de4ece291ebe 
2019-12-04 13:24:54.2824|ERROR|30|FailedToDecryptConfigInformation: Dsn| RequestID = s_64246bbd-188d-40a2-b11d-f592048503dc 
2019-12-04 13:25:04.3026|ERROR|30|FailedToDecryptConfigInformation: Dsn| RequestID = s_54229e3b-7891-431a-95df-dd88b51c1db6 
2019-12-04 13:25:14.3314|ERROR|6|FailedToDecryptConfigInformation: Dsn| RequestID = s_b5037c2c-f0ac-48ea-8708-6effd3508431 
2019-12-04 13:25:24.3557|ERROR|6|FailedToDecryptConfigInformation: Dsn| RequestID = s_860b8bc3-7167-4ac1-8e6e-7ff1213aa962 
2019-12-04 13:25:34.3720|ERROR|6|FailedToDecryptConfigInformation: Dsn| RequestID = s_27637f51-546b-4518-b417-fe217851e280 
2019-12-04 13:25:44.4028|ERROR|6|FailedToDecryptConfigInformation: Dsn| RequestID = s_90d71345-641b-439a-8c4b-d90a71ab7db5 
2019-12-04 13:25:54.4396|ERROR|6|FailedToDecryptConfigInformation: Dsn| RequestID = s_1548cda6-dc83-4ca7-a493-e007d63ae388 
2019-12-04 13:26:04.4534|ERROR|29|FailedToDecryptConfigInformation: Dsn| RequestID = s_26ccbaa6-9f04-4530-ba1f-3ed64d42f547 
2019-12-04 13:26:14.4812|ERROR|29|FailedToDecryptConfigInformation: Dsn| RequestID = s_79539b22-663b-4519-8147-126dc16e4038 
2019-12-04 13:26:24.5005|ERROR|29|FailedToDecryptConfigInformation: Dsn| RequestID = s_642cd679-edb5-4e36-a73c-c4a454db1a02 
2019-12-04 13:26:34.5287|ERROR|29|FailedToDecryptConfigInformation: Dsn| RequestID = s_233f3efa-5960-4222-a84b-f5b8963104da 
2019-12-04 13:26:44.5572|ERROR|29|FailedToDecryptConfigInformation: Dsn| RequestID = s_1099c021-e514-473e-aa45-1719c348ef70 
2019-12-04 13:26:54.5986|ERROR|29|FailedToDecryptConfigInformation: Dsn| RequestID = s_a42efaaa-fd1a-4bd8-bac8-e111a0d047f5 
2019-12-04 13:27:04.6524|ERROR|29|FailedToDecryptConfigInformation: Dsn| RequestID = s_8eb43073-072a-4305-a1af-e43c31f6f395 
2019-12-04 13:27:14.6672|ERROR|29|FailedToDecryptConfigInformation: Dsn| RequestID = s_0af5560b-9a4f-481b-8c77-81b0ff9a5afd 
2019-12-04 13:27:24.6964|ERROR|29|FailedToDecryptConfigInformation: Dsn| RequestID = s_76d0640a-9837-4151-8c03-f888a6367927 
2019-12-04 13:27:34.7112|ERROR|29|FailedToDecryptConfigInformation: Dsn| RequestID = s_844c5710-d05e-4225-a0a2-aff6c45eb9ce 
2019-12-04 13:27:44.7395|ERROR|29|FailedToDecryptConfigInformation: Dsn| RequestID = s_d0b10dfa-a59f-4157-80ba-427fdb97dac3 
2019-12-04 13:27:54.7938|ERROR|15|FailedToDecryptConfigInformation: Dsn| RequestID = s_1d6c7e87-171c-4895-b700-1ba8e92a31e2 
2019-12-04 13:28:04.8256|ERROR|15|FailedToDecryptConfigInformation: Dsn| RequestID = s_c0119ddf-63c7-411d-9798-68ba225e4db2 
2019-12-04 13:28:14.8464|ERROR|15|FailedToDecryptConfigInformation: Dsn| RequestID = s_43b1affa-0ddc-4e9e-8f64-ecad7e95ca1c 
2019-12-04 13:28:24.8612|ERROR|15|FailedToDecryptConfigInformation: Dsn| RequestID = s_d8676614-91f5-4c17-a92c-59b5de99a525 
2019-12-04 13:28:34.8805|ERROR|15|FailedToDecryptConfigInformation: Dsn| RequestID = s_e1474444-b905-44c0-adbd-8e6169484e72 
2019-12-04 13:28:44.9038|ERROR|23|FailedToDecryptConfigInformation: Dsn| RequestID = s_d3265355-7f8a-4fe9-b082-3b8ed2e62da1 
2019-12-04 13:28:54.9196|ERROR|23|FailedToDecryptConfigInformation: Dsn| RequestID = s_d75be7a4-7b99-439a-8207-110026e2899e 
2019-12-04 13:29:04.9484|ERROR|23|FailedToDecryptConfigInformation: Dsn| RequestID = s_8153eb94-ce81-4c7f-9f32-cf853ff6b6bd 
2019-12-04 13:29:14.9726|ERROR|30|FailedToDecryptConfigInformation: Dsn| RequestID = s_949000a4-b5fe-4100-8f82-241b28a5cd8c 
2019-12-04 13:29:24.9914|ERROR|30|FailedToDecryptConfigInformation: Dsn| RequestID = s_8f3211e9-5679-4df7-a7b5-8746e1d94c73 
2019-12-04 13:29:35.0242|ERROR|8|FailedToDecryptConfigInformation: Dsn| RequestID = s_1b629343-2dfc-43b2-8544-dfa72e3854ac 
2019-12-04 13:29:45.0355|ERROR|8|FailedToDecryptConfigInformation: Dsn| RequestID = s_fe93b598-905b-4ba7-bc41-c4b05b805b3e 
2019-12-04 13:29:55.0633|ERROR|8|FailedToDecryptConfigInformation: Dsn| RequestID = s_41648708-ffa7-4cef-a609-e1426992725e 
2019-12-04 13:30:05.0796|ERROR|8|FailedToDecryptConfigInformation: Dsn| RequestID = s_061c4780-aaa9-4c95-8b0f-782a12db5639 
2019-12-04 13:30:15.1034|ERROR|8|FailedToDecryptConfigInformation: Dsn| RequestID = s_d455fd38-019b-44ed-8c64-7d6e3ebea5fa 
2019-12-04 13:30:25.1266|ERROR|8|FailedToDecryptConfigInformation: Dsn| RequestID = s_9041cc39-29b8-45a7-b621-efec72b56eee 
2019-12-04 13:30:35.1539|ERROR|8|FailedToDecryptConfigInformation: Dsn| RequestID = s_2a713478-64c2-47f4-9cc3-6d9db5315f66 
2019-12-04 13:30:45.1812|ERROR|8|FailedToDecryptConfigInformation: Dsn| RequestID = s_f16ab466-7dcd-401b-96da-c1f5ffff45aa 
2019-12-04 13:30:55.2250|ERROR|8|FailedToDecryptConfigInformation: Dsn| RequestID = s_4eb18798-a7e7-419c-9ca6-62da0cd3d614 
2019-12-04 13:31:05.2463|ERROR|8|FailedToDecryptConfigInformation: Dsn| RequestID = s_92ee0485-ee03-45cd-a0ec-6a38a9724aaf 
2019-12-04 13:31:15.2861|ERROR|8|FailedToDecryptConfigInformation: Dsn| RequestID = s_25608b16-3b8a-4955-ac42-cd4bfaf9bbad 
2019-12-04 13:31:25.3119|ERROR|8|FailedToDecryptConfigInformation: Dsn| RequestID = s_39861ffc-ccfd-4eae-b554-c0b640cd0c7b 
2019-12-04 13:31:35.3431|ERROR|8|FailedToDecryptConfigInformation: Dsn| RequestID = s_99b9cc4a-10d0-4ef8-a1e8-e44179886b65 
2019-12-04 13:31:45.3619|ERROR|8|FailedToDecryptConfigInformation: Dsn| RequestID = s_6eed5fa8-52ee-4e90-9fc8-9a72dfb4c861 
2019-12-04 13:31:55.3927|ERROR|8|FailedToDecryptConfigInformation: Dsn| RequestID = s_45dfa545-0bc5-4e2b-a4df-d0c1311b2019 
2019-12-04 13:32:05.4116|ERROR|8|FailedToDecryptConfigInformation: Dsn| RequestID = s_1e1d78fd-3e59-450a-9826-df79d7b4fda3 
2019-12-04 13:32:15.4419|ERROR|8|FailedToDecryptConfigInformation: Dsn| RequestID = s_086dba4d-3069-4c60-9407-d45d0177e93b 
2019-12-04 13:32:25.4592|ERROR|8|FailedToDecryptConfigInformation: Dsn| RequestID = s_6f78cf61-4d73-4a46-b3ce-72654e79ad34 
2019-12-04 13:32:35.4855|ERROR|8|FailedToDecryptConfigInformation: Dsn| RequestID = s_cd112ae1-b6f7-485c-be09-262136c94bd1 
2019-12-04 13:32:45.5168|ERROR|8|FailedToDecryptConfigInformation: Dsn| RequestID = s_0a7dfcb6-23c7-4418-8d26-fe5b2a731a99 
2019-12-04 13:32:55.5537|ERROR|8|FailedToDecryptConfigInformation: Dsn| RequestID = s_a97daf77-294f-42a2-9c84-889143b1b500 
2019-12-04 13:33:05.5731|ERROR|8|FailedToDecryptConfigInformation: Dsn| RequestID = s_a1f2ff2d-41eb-4e3b-9f1c-20ac72e6baa2 
2019-12-04 13:33:15.6039|ERROR|20|FailedToDecryptConfigInformation: Dsn| RequestID = s_e908b01e-c966-4377-bd4f-84c20fd7ece2 
2019-12-04 13:33:25.6497|ERROR|20|FailedToDecryptConfigInformation: Dsn| RequestID = s_f7882006-a279-4ab9-8837-a02f0a03658c 
2019-12-04 13:33:35.6758|ERROR|20|FailedToDecryptConfigInformation: Dsn| RequestID = s_86b7688b-3676-46e6-a34c-d5b1cd1d4894 
2019-12-04 13:33:45.6967|ERROR|20|FailedToDecryptConfigInformation: Dsn| RequestID = s_e945ecbb-8d36-4f11-a867-4335ccc7e1e9 
2019-12-04 13:33:55.7180|ERROR|20|FailedToDecryptConfigInformation: Dsn| RequestID = s_8655276d-1752-4521-b9e6-4e777e1a9d29 
2019-12-04 13:34:05.7413|ERROR|20|FailedToDecryptConfigInformation: Dsn| RequestID = s_9f683aae-419a-4b61-adc7-1316a57098d5 
2019-12-04 13:34:15.7896|ERROR|20|FailedToDecryptConfigInformation: Dsn| RequestID = s_dcfd6fe5-ae34-4379-9429-d7ddf4840eb2 
2019-12-04 13:34:25.8203|ERROR|20|FailedToDecryptConfigInformation: Dsn| RequestID = s_51a0c9e3-84e4-4ada-b4f1-a80fe29aea9f 
2019-12-04 13:34:35.8461|ERROR|20|FailedToDecryptConfigInformation: Dsn| RequestID = s_5aa097fd-247b-42fb-91a7-c5742f13427c 
2019-12-04 13:34:45.8676|ERROR|20|FailedToDecryptConfigInformation: Dsn| RequestID = s_b166983c-30f8-4f65-b3bf-9ba89cab5140 
2019-12-04 13:34:55.8903|ERROR|20|FailedToDecryptConfigInformation: Dsn| RequestID = s_e5615eca-0f55-4459-8137-96cd09f9c34a 
2019-12-04 13:35:05.9126|ERROR|26|FailedToDecryptConfigInformation: Dsn| RequestID = s_c7d95489-26fe-40d7-9b41-fba48ef53a13 
2019-12-04 13:35:15.9354|ERROR|26|FailedToDecryptConfigInformation: Dsn| RequestID = s_ebbeb4df-2aff-4590-8bf0-0a7c670010b7 
2019-12-04 13:35:25.9612|ERROR|26|FailedToDecryptConfigInformation: Dsn| RequestID = s_4007a416-10c1-4608-b4a8-3354f9b32913 
2019-12-04 13:35:35.9880|ERROR|26|FailedToDecryptConfigInformation: Dsn| RequestID = s_c4d29da8-d7a8-45bd-801f-a6e4f8bea355 
2019-12-04 13:35:46.0173|ERROR|26|FailedToDecryptConfigInformation: Dsn| RequestID = s_07bb2096-9ea1-4114-a86a-a3af52b0355e 
2019-12-04 13:35:56.0571|ERROR|26|FailedToDecryptConfigInformation: Dsn| RequestID = s_11d7990f-43f7-4764-87f9-73349962844c 
2019-12-04 13:36:06.0749|ERROR|26|FailedToDecryptConfigInformation: Dsn| RequestID = s_42025029-fc91-4d20-b736-9c07f7acae5e 
2019-12-04 13:36:16.1027|ERROR|26|FailedToDecryptConfigInformation: Dsn| RequestID = s_e91a3b22-8d76-4cc0-acee-8b375852ecbb 
2019-12-04 13:36:26.1204|ERROR|26|FailedToDecryptConfigInformation: Dsn| RequestID = s_8a8b269c-a883-4951-83b5-66f0f744ebf3 
2019-12-04 13:36:36.1434|ERROR|22|FailedToDecryptConfigInformation: Dsn| RequestID = s_8a0a26ef-7100-4dea-9065-0205fd611a7f 
2019-12-04 13:36:46.1576|ERROR|22|FailedToDecryptConfigInformation: Dsn| RequestID = s_97ca92f9-b56b-40c4-b6f6-d7fbc7c58354 
2019-12-04 13:36:56.1789|ERROR|22|FailedToDecryptConfigInformation: Dsn| RequestID = s_fa685107-c4c3-4c6a-8b5e-8ffb88436897 
2019-12-04 13:37:06.2297|ERROR|27|FailedToDecryptConfigInformation: Dsn| RequestID = s_06ce04fa-5160-4d13-9986-3f31ee956ea9 
2019-12-04 13:37:16.2684|ERROR|27|FailedToDecryptConfigInformation: Dsn| RequestID = s_c7de6469-f6bb-45bb-9d93-0429f4d4cac0 
2019-12-04 13:37:26.2832|ERROR|27|FailedToDecryptConfigInformation: Dsn| RequestID = s_130e8343-9f24-4748-8d88-f67cdae16c62 
2019-12-04 13:37:36.3135|ERROR|27|FailedToDecryptConfigInformation: Dsn| RequestID = s_cd32aaf4-bc62-4eaf-9cca-300f3eedd48e 
2019-12-04 13:37:46.3273|ERROR|27|FailedToDecryptConfigInformation: Dsn| RequestID = s_f786a1f4-036e-47cb-ab79-e9203ed8af4f 
2019-12-04 13:37:56.3536|ERROR|27|FailedToDecryptConfigInformation: Dsn| RequestID = s_91da7aa3-ce4d-4d7e-9a57-d2568198c184 
2019-12-04 13:38:06.3719|ERROR|27|FailedToDecryptConfigInformation: Dsn| RequestID = s_8ea7891a-04ff-407f-a898-ef58f9c3c639 
2019-12-04 13:38:16.4026|ERROR|27|FailedToDecryptConfigInformation: Dsn| RequestID = s_97a5dbc1-7c5b-4d87-a97a-10bf62e22570 
2019-12-04 13:38:26.4331|ERROR|27|FailedToDecryptConfigInformation: Dsn| RequestID = s_858352e0-8e72-414d-ba61-d8743afce0c0 
2019-12-04 13:38:36.4604|ERROR|28|FailedToDecryptConfigInformation: Dsn| RequestID = s_c49a1b2c-48fb-436b-8bbc-9aedd3ab5f1b 
2019-12-04 13:38:46.4941|ERROR|24|FailedToDecryptConfigInformation: Dsn| RequestID = s_f5891042-1925-49c2-b4c8-66079374e783 
2019-12-04 13:38:56.5189|ERROR|24|FailedToDecryptConfigInformation: Dsn| RequestID = s_85f8d915-4220-46f6-8c0d-f3421ad9282d 
2019-12-04 13:39:06.5372|ERROR|24|FailedToDecryptConfigInformation: Dsn| RequestID = s_485990e6-0bac-4c08-98fa-5bdc0f8becd9 
2019-12-04 13:39:16.5646|ERROR|15|FailedToDecryptConfigInformation: Dsn| RequestID = s_181a9f6f-dac3-41ce-9d44-38adb1d85459 
2019-12-04 13:39:26.5805|ERROR|15|FailedToDecryptConfigInformation: Dsn| RequestID = s_1c0451a3-46c9-4ec7-8f22-b055ae3f2e70 
2019-12-04 13:39:36.6138|ERROR|17|FailedToDecryptConfigInformation: Dsn| RequestID = s_5c3fa5b1-8030-4f1f-8c4f-cc9e6528dcd3 
2019-12-04 13:39:46.6411|ERROR|17|FailedToDecryptConfigInformation: Dsn| RequestID = s_95560b04-3fcc-42cd-b607-4a849112b0be 
2019-12-04 13:39:56.6699|ERROR|17|FailedToDecryptConfigInformation: Dsn| RequestID = s_b1435288-41b5-411e-bf36-4571e3a00488 
2019-12-04 13:40:06.6996|ERROR|15|FailedToDecryptConfigInformation: Dsn| RequestID = s_a8b99479-8be9-41fa-942c-be99763e95b4 
2019-12-04 13:40:16.7224|ERROR|15|FailedToDecryptConfigInformation: Dsn| RequestID = s_5b79d776-bf82-43fa-9d09-9bcac88d3983 
2019-12-04 13:40:26.7447|ERROR|15|FailedToDecryptConfigInformation: Dsn| RequestID = s_954653bf-499d-4c70-ad8b-b94992881974 
2019-12-04 13:40:36.7695|ERROR|15|FailedToDecryptConfigInformation: Dsn| RequestID = s_21d814ac-9337-4d0a-926e-3aebb1ff33f8 
2019-12-04 13:40:46.7863|ERROR|10|FailedToDecryptConfigInformation: Dsn| RequestID = s_d646a961-23cd-44c3-ab6f-e405a119c147 
2019-12-04 13:40:56.8221|ERROR|15|FailedToDecryptConfigInformation: Dsn| RequestID = s_d9a392ef-590c-439a-855f-ed0fd748d1e8 
2019-12-04 13:41:06.8614|ERROR|20|FailedToDecryptConfigInformation: Dsn| RequestID = s_18555082-fb08-4ddf-993c-0d2f4a770426 
2019-12-04 13:41:16.8841|ERROR|20|FailedToDecryptConfigInformation: Dsn| RequestID = s_95f85683-b167-4472-aabe-d9468f991838 
2019-12-04 13:41:26.9054|ERROR|20|FailedToDecryptConfigInformation: Dsn| RequestID = s_52c1e803-85c0-47f1-ae4d-5c9b46ba9079 
2019-12-04 13:41:36.9212|ERROR|20|FailedToDecryptConfigInformation: Dsn| RequestID = s_41f86588-0c51-4d4c-9d7b-78433db096e5 
2019-12-04 13:41:46.9525|ERROR|21|FailedToDecryptConfigInformation: Dsn| RequestID = s_6744f7a1-d87f-40c1-b3f3-32da9830f5cd 
2019-12-04 13:41:56.9793|ERROR|21|FailedToDecryptConfigInformation: Dsn| RequestID = s_7deb3e3a-74ad-46b0-b3b1-2ac3af0366c9 
2019-12-04 13:42:06.9951|ERROR|28|FailedToDecryptConfigInformation: Dsn| RequestID = s_c837608b-9d1f-4cd5-a89d-3d3c1d36606c 
2019-12-04 13:42:17.0154|ERROR|28|FailedToDecryptConfigInformation: Dsn| RequestID = s_7e44ea7a-94e0-41f8-8150-af0aae21b2d3 
2019-12-04 13:42:27.0677|ERROR|21|FailedToDecryptConfigInformation: Dsn| RequestID = s_9e37c891-2b8a-41f0-9772-c6f8e2e85112 
2019-12-04 13:42:37.0914|ERROR|21|FailedToDecryptConfigInformation: Dsn| RequestID = s_57e906ad-5a95-4700-815f-e3ff772959d9 
2019-12-04 13:42:47.1128|ERROR|21|FailedToDecryptConfigInformation: Dsn| RequestID = s_764e6494-5491-4a87-9bd6-7882d9ddf1a9 
2019-12-04 13:42:57.1346|ERROR|21|FailedToDecryptConfigInformation: Dsn| RequestID = s_ad17c447-ee03-4564-9310-a0366449bf98 
2019-12-04 13:43:07.1568|ERROR|21|FailedToDecryptConfigInformation: Dsn| RequestID = s_a99078f0-7a00-4fe0-8504-0ff4f4265e7a 
2019-12-04 13:43:17.1888|ERROR|21|FailedToDecryptConfigInformation: Dsn| RequestID = s_bb92e91d-b816-4d93-a7cd-ae5b30c929d7 
2019-12-04 13:43:27.2058|ERROR|21|FailedToDecryptConfigInformation: Dsn| RequestID = s_8002245a-b8ab-4610-b7ab-dd1ec1f9a89c 
2019-12-04 13:43:37.2328|ERROR|21|FailedToDecryptConfigInformation: Dsn| RequestID = s_a12d9454-219a-45fa-a36b-3a3dac85831f 
2019-12-04 13:43:47.2881|ERROR|21|FailedToDecryptConfigInformation: Dsn| RequestID = s_49be30b7-f01c-413a-92b0-40eedc1eb2c8 
2019-12-04 13:43:57.3289|ERROR|21|FailedToDecryptConfigInformation: Dsn| RequestID = s_64402da8-0082-41c2-ad25-257f65b28e97 
2019-12-04 13:44:07.3517|ERROR|21|FailedToDecryptConfigInformation: Dsn| RequestID = s_743e0c3a-d9bf-4164-b96f-1bb3d4ce3657 
2019-12-04 13:44:17.3786|ERROR|21|FailedToDecryptConfigInformation: Dsn| RequestID = s_44f3a0df-3452-408e-9259-fb5f35978e53 
2019-12-04 13:44:27.3975|ERROR|21|FailedToDecryptConfigInformation: Dsn| RequestID = s_5d7cecc2-bfa5-4ffb-a5c8-db47daefcb69 
2019-12-04 13:44:37.4423|ERROR|21|FailedToDecryptConfigInformation: Dsn| RequestID = s_86567f9e-4190-40e5-93ea-5bf0ae2453d6 
2019-12-04 13:44:47.4746|ERROR|10|FailedToDecryptConfigInformation: Dsn| RequestID = s_dcb1dd16-09a0-4a6e-a28a-e439f7059aa4 
2019-12-04 13:44:57.4904|ERROR|10|FailedToDecryptConfigInformation: Dsn| RequestID = s_8ca32227-e9e6-4143-a26e-5b62eb40255c 
2019-12-04 13:45:07.5183|ERROR|10|FailedToDecryptConfigInformation: Dsn| RequestID = s_219c1d69-fd4c-425b-a9a1-f0cfed5f7212 
2019-12-04 13:45:17.5551|ERROR|10|FailedToDecryptConfigInformation: Dsn| RequestID = s_1d00e47a-fade-4980-97be-7e0bf6401b1f 
2019-12-04 13:45:27.5769|ERROR|10|FailedToDecryptConfigInformation: Dsn| RequestID = s_1c988d75-c04d-4c15-808b-94230f8d3fac 
2019-12-04 13:45:37.6082|ERROR|10|FailedToDecryptConfigInformation: Dsn| RequestID = s_ed09e0e4-349c-4ba8-b8ce-94ac537cdae3 
2019-12-04 13:45:47.6350|ERROR|10|FailedToDecryptConfigInformation: Dsn| RequestID = s_8a38cddf-8b38-484a-9496-0a71e4b025fb 
2019-12-04 13:45:57.6503|ERROR|17|FailedToDecryptConfigInformation: Dsn| RequestID = s_7799eddc-a503-4388-a860-a6b4289db2d5 
2019-12-04 13:46:07.6701|ERROR|17|FailedToDecryptConfigInformation: Dsn| RequestID = s_687f75d9-4951-447f-acfc-dc1cbaf856bd 
2019-12-04 13:46:17.6938|ERROR|17|FailedToDecryptConfigInformation: Dsn| RequestID = s_3b6dd433-4464-4d1e-8ad9-734c4a1397b5 
2019-12-04 13:46:27.7696|ERROR|15|FailedToDecryptConfigInformation: Dsn| RequestID = s_c908da00-405a-4182-9d72-7f7b78a1c08c 
2019-12-04 13:46:37.8031|ERROR|22|FailedToDecryptConfigInformation: Dsn| RequestID = s_0d42c931-25d6-4699-91f3-6de05ed5d729 
2019-12-04 13:46:47.8183|ERROR|22|FailedToDecryptConfigInformation: Dsn| RequestID = s_a94249d1-3609-4fb5-8a13-6a4d853d9345 
2019-12-04 13:46:57.8471|ERROR|22|FailedToDecryptConfigInformation: Dsn| RequestID = s_7f5e6097-2af9-497f-8c86-644714c631bd 
2019-12-04 13:47:07.8634|ERROR|22|FailedToDecryptConfigInformation: Dsn| RequestID = s_fc7a8079-40df-4c5b-99ec-0af0ae9a7f62 
2019-12-04 13:47:17.8988|ERROR|22|FailedToDecryptConfigInformation: Dsn| RequestID = s_e9d08b94-2911-426e-8d8c-0665f5f7c16c 
2019-12-04 13:47:27.9196|ERROR|22|FailedToDecryptConfigInformation: Dsn| RequestID = s_23522b42-a60f-4d0a-83e8-2262fede7e51 
2019-12-04 13:47:37.9344|ERROR|19|FailedToDecryptConfigInformation: Dsn| RequestID = s_31d5b68a-9a14-4287-938e-806c23ac0f04 
2019-12-04 13:47:47.9632|ERROR|19|FailedToDecryptConfigInformation: Dsn| RequestID = s_491624d2-5073-48a0-8f4c-544e4bbfa19f 
2019-12-04 13:47:57.9790|ERROR|19|FailedToDecryptConfigInformation: Dsn| RequestID = s_842934a9-f191-4c81-833a-f6c885013d4a 
2019-12-04 13:48:08.0112|ERROR|7|FailedToDecryptConfigInformation: Dsn| RequestID = s_414b45cf-a6ee-4d27-a084-d527adaff5c9 
2019-12-04 13:48:18.0385|ERROR|19|FailedToDecryptConfigInformation: Dsn| RequestID = s_c2fc0b5a-9fb9-42e0-966d-c2e7bc38f570 
2019-12-04 13:48:28.0533|ERROR|19|FailedToDecryptConfigInformation: Dsn| RequestID = s_5d56e5ef-7667-4e21-826b-c42131353295 
2019-12-04 13:48:38.0816|ERROR|9|FailedToDecryptConfigInformation: Dsn| RequestID = s_c2ea1dfb-7a64-41b7-a78e-30a02fa06ff2 
2019-12-04 13:48:48.0974|ERROR|9|FailedToDecryptConfigInformation: Dsn| RequestID = s_3593b17f-3a95-48b3-8b6e-e0611e57c38c 
2019-12-04 13:48:58.1267|ERROR|9|FailedToDecryptConfigInformation: Dsn| RequestID = s_b39740fa-d3dc-4e54-95c2-506fd920d525 
2019-12-04 13:49:08.1420|ERROR|9|FailedToDecryptConfigInformation: Dsn| RequestID = s_f64eb4c7-6c44-4de5-b792-088f9a39fc5f 
2019-12-04 13:49:18.1568|ERROR|13|FailedToDecryptConfigInformation: Dsn| RequestID = s_59c26f6e-cc2d-43da-9752-692f916a4021 
2019-12-04 13:49:28.1691|ERROR|9|FailedToDecryptConfigInformation: Dsn| RequestID = s_29dd4c82-f137-47ac-a73b-631a5e145b29 
2019-12-04 13:49:38.2023|ERROR|9|FailedToDecryptConfigInformation: Dsn| RequestID = s_de6ee790-7fa1-433a-9e37-59edcfa87612 
2019-12-04 13:49:48.2361|ERROR|9|FailedToDecryptConfigInformation: Dsn| RequestID = s_76fa9dff-8177-4f8a-988f-752cdb7b915e 
2019-12-04 13:49:58.2621|ERROR|9|FailedToDecryptConfigInformation: Dsn| RequestID = s_7c05c907-6824-4577-b801-d9f654ba582a 
2019-12-04 13:50:08.2904|ERROR|13|FailedToDecryptConfigInformation: Dsn| RequestID = s_76122589-edff-408a-abbc-82f4c5a1875f 
2019-12-04 13:50:18.3192|ERROR|9|FailedToDecryptConfigInformation: Dsn| RequestID = s_33b9e934-0e6e-4844-9c0e-158e54cbafa3 
2019-12-04 13:50:28.3349|ERROR|9|FailedToDecryptConfigInformation: Dsn| RequestID = s_b008feb8-54a3-4cab-867d-25a07d4c0fe9 
2019-12-04 13:50:38.3852|ERROR|9|FailedToDecryptConfigInformation: Dsn| RequestID = s_a74518a5-f056-4b53-841c-a79972fbe4b0 
2019-12-04 13:50:48.4095|ERROR|9|FailedToDecryptConfigInformation: Dsn| RequestID = s_f157be67-accb-43f5-ba1d-35f9e0efa273 
2019-12-04 13:50:58.4478|ERROR|17|FailedToDecryptConfigInformation: Dsn| RequestID = s_ef64fdfa-7212-4ecb-a6d5-97615813500b 
2019-12-04 13:51:08.4846|ERROR|17|FailedToDecryptConfigInformation: Dsn| RequestID = s_9c93aa14-38d7-4aae-9694-f0f93dd972e6 
2019-12-04 13:51:18.5004|ERROR|17|FailedToDecryptConfigInformation: Dsn| RequestID = s_8de38bac-0f7f-4653-8629-21afab9cf5de 
2019-12-04 13:51:28.5213|ERROR|17|FailedToDecryptConfigInformation: Dsn| RequestID = s_9b252e4a-8282-41d4-b805-8f7c827b851b 
2019-12-04 13:51:38.5551|ERROR|17|FailedToDecryptConfigInformation: Dsn| RequestID = s_78a7a24c-a41f-4b9e-bd37-2d829b3c02bb 
2019-12-04 13:51:48.6104|ERROR|17|FailedToDecryptConfigInformation: Dsn| RequestID = s_a1eb4467-85fc-4b50-a67a-06b267529da4 
2019-12-04 13:51:58.6398|ERROR|17|FailedToDecryptConfigInformation: Dsn| RequestID = s_15d39bfd-c835-42e3-a91d-1bdb5518b340 
2019-12-04 13:52:08.6556|ERROR|10|FailedToDecryptConfigInformation: Dsn| RequestID = s_bd08e704-d03b-4a67-8503-4d137a58774c 
2019-12-04 13:52:18.6839|ERROR|10|FailedToDecryptConfigInformation: Dsn| RequestID = s_37f8594f-0a60-4385-983e-0bb22801aca4 
2019-12-04 13:52:28.7012|ERROR|10|FailedToDecryptConfigInformation: Dsn| RequestID = s_3f3f4fca-25cc-4688-a134-9dfd31605223 
2019-12-04 13:52:38.7216|ERROR|10|FailedToDecryptConfigInformation: Dsn| RequestID = s_2beceb7e-7ef6-4a75-89bc-bf23e9dea354 
2019-12-04 13:52:48.7514|ERROR|10|FailedToDecryptConfigInformation: Dsn| RequestID = s_dec9eb43-17b8-4812-ad76-e8346838d049 
2019-12-04 13:52:58.7642|ERROR|19|FailedToDecryptConfigInformation: Dsn| RequestID = s_c16057f6-f440-414e-b772-da67a709ebf7 
2019-12-04 13:53:08.7916|ERROR|19|FailedToDecryptConfigInformation: Dsn| RequestID = s_001eed50-69c4-4903-a291-3de3bd99467f 
2019-12-04 13:53:18.8089|ERROR|19|FailedToDecryptConfigInformation: Dsn| RequestID = s_a84e67e3-d50e-4e09-be90-3add76228883 
2019-12-04 13:53:28.8402|ERROR|19|FailedToDecryptConfigInformation: Dsn| RequestID = s_8a71a719-a034-4a6f-8771-e382cb88fb5b 
2019-12-04 13:53:38.9065|ERROR|19|FailedToDecryptConfigInformation: Dsn| RequestID = s_bd8fd98c-8ac2-4220-969a-ee8d5a8d3e2e 
2019-12-04 13:53:48.9628|ERROR|19|FailedToDecryptConfigInformation: Dsn| RequestID = s_48a2f404-b8f8-43c6-83e4-6237ab3aa32f 
2019-12-04 13:53:58.9911|ERROR|19|FailedToDecryptConfigInformation: Dsn| RequestID = s_ca1ed539-a90f-4ba2-bf7a-f1a820a86d81 
2019-12-04 13:54:09.0269|ERROR|19|FailedToDecryptConfigInformation: Dsn| RequestID = s_7dbbf1d8-c4f2-462f-8fd6-ef75060e0bc4 
2019-12-04 13:54:19.0496|ERROR|19|FailedToDecryptConfigInformation: Dsn| RequestID = s_7ce495b0-22b8-4361-a7f4-437981c556a2 
2019-12-04 13:54:29.0734|ERROR|19|FailedToDecryptConfigInformation: Dsn| RequestID = s_08fffca6-84ed-4b7b-abc7-78134c52920c 
2019-12-04 13:54:39.1247|ERROR|19|FailedToDecryptConfigInformation: Dsn| RequestID = s_ceb4dc05-887a-461a-bd33-4a6817f5ff3b 
2019-12-04 13:54:49.1405|ERROR|19|FailedToDecryptConfigInformation: Dsn| RequestID = s_d7ff73f0-f172-4770-b407-3a499593450d 
2019-12-04 13:54:59.1563|ERROR|27|FailedToDecryptConfigInformation: Dsn| RequestID = s_a9e12b65-47e1-495c-8e79-28ec79c60317 
2019-12-04 13:55:09.1886|ERROR|27|FailedToDecryptConfigInformation: Dsn| RequestID = s_4c93adb7-da1f-4058-bec1-f01477fdda5f 
2019-12-04 13:55:19.2134|ERROR|27|FailedToDecryptConfigInformation: Dsn| RequestID = s_8d0972c0-ff7d-42f4-b3ba-32788d73fbe5 
2019-12-04 13:55:29.2442|ERROR|18|FailedToDecryptConfigInformation: Dsn| RequestID = s_7603e5ca-ce0c-43ed-8484-8bce0ef5fa04 
2019-12-04 13:55:39.2599|ERROR|18|FailedToDecryptConfigInformation: Dsn| RequestID = s_7f689a83-2f17-4222-a0b9-efe5fa01dd2e 
2019-12-04 13:55:49.2837|ERROR|18|FailedToDecryptConfigInformation: Dsn| RequestID = s_4397c8df-8006-48af-a177-061773c7aa9d 
2019-12-04 13:55:59.3080|ERROR|18|FailedToDecryptConfigInformation: Dsn| RequestID = s_90e7120a-2ab5-45f7-aeea-d6aaecdd7fcd 
2019-12-04 13:56:09.3293|ERROR|18|FailedToDecryptConfigInformation: Dsn| RequestID = s_7df164b9-ca6d-4984-a23a-ac2f9db47de2 
2019-12-04 13:56:19.3606|ERROR|16|FailedToDecryptConfigInformation: Dsn| RequestID = s_fa4064b0-48c2-42b5-ac0f-56d7ef2cdd0b 
2019-12-04 13:56:29.3935|ERROR|16|FailedToDecryptConfigInformation: Dsn| RequestID = s_24d7b688-5d4e-48f5-9cee-dd56e4422245 
2019-12-04 13:56:39.4145|ERROR|18|FailedToDecryptConfigInformation: Dsn| RequestID = s_40758abd-92da-4460-b82a-eb954faf56f3 
2019-12-04 13:56:49.4342|ERROR|16|FailedToDecryptConfigInformation: Dsn| RequestID = s_6ed3091d-4227-4c9e-9d32-b5d03a41bf83 
2019-12-04 13:56:59.4850|ERROR|18|FailedToDecryptConfigInformation: Dsn| RequestID = s_88e8f6b9-4f20-45ff-93fc-6d5ce688ac56 
2019-12-04 13:57:09.5468|ERROR|18|FailedToDecryptConfigInformation: Dsn| RequestID = s_49995662-23c6-435f-943f-b2850b38189f 
2019-12-04 13:57:19.5641|ERROR|18|FailedToDecryptConfigInformation: Dsn| RequestID = s_7fc5e694-1ece-435d-89b7-e3e7ef5c096c 
2019-12-04 13:57:29.5864|ERROR|18|FailedToDecryptConfigInformation: Dsn| RequestID = s_f6065bf0-96dd-43e2-abe0-282724e56aaa 
2019-12-04 13:57:39.6917|ERROR|18|FailedToDecryptConfigInformation: Dsn| RequestID = s_c2190fed-bdd6-4fce-ad48-cf01c438ae7d 
2019-12-04 13:57:49.7301|ERROR|18|FailedToDecryptConfigInformation: Dsn| RequestID = s_0b5f10c9-5b76-4d70-8486-7ca6dca024a7 
2019-12-04 13:57:59.7514|ERROR|18|FailedToDecryptConfigInformation: Dsn| RequestID = s_724c0957-346e-4a74-bd15-283e2eed323f 
2019-12-04 13:58:09.7742|ERROR|18|FailedToDecryptConfigInformation: Dsn| RequestID = s_ecf889ea-3838-476d-a29e-8d501cb1a4e9 
2019-12-04 13:58:19.7980|ERROR|22|FailedToDecryptConfigInformation: Dsn| RequestID = s_3204fe80-d696-4b33-a2d1-1acdbd314bcd 
2019-12-04 13:58:29.8425|ERROR|22|FailedToDecryptConfigInformation: Dsn| RequestID = s_ee986a81-5898-4ea5-aca6-9625fc97d894 
2019-12-04 13:58:39.8752|ERROR|22|FailedToDecryptConfigInformation: Dsn| RequestID = s_9364f3c9-8f1d-406a-9b5c-d53619efbf19 
2019-12-04 13:58:49.8910|ERROR|25|FailedToDecryptConfigInformation: Dsn| RequestID = s_5bcd988f-4e32-49ce-adca-3468fb6a7468 
2019-12-04 13:58:59.9153|ERROR|25|FailedToDecryptConfigInformation: Dsn| RequestID = s_a85aaf96-708d-4fff-a4a4-1ed6cf9b5831 
2019-12-04 13:59:09.9371|ERROR|22|FailedToDecryptConfigInformation: Dsn| RequestID = s_0224e4d4-26db-451d-ab9f-4e0cfd500d69 
2019-12-04 13:59:19.9679|ERROR|22|FailedToDecryptConfigInformation: Dsn| RequestID = s_9ceb9c1f-c7aa-4ff2-8659-23b36708dc62 
2019-12-04 13:59:29.9967|ERROR|22|FailedToDecryptConfigInformation: Dsn| RequestID = s_6c2bb67c-9cdc-42d5-a16a-4edff29b9ba6 
2019-12-04 13:59:40.0255|ERROR|22|FailedToDecryptConfigInformation: Dsn| RequestID = s_70f50a07-d5c0-441d-93bd-e2176538e5a6 
2019-12-04 13:59:50.0573|ERROR|22|FailedToDecryptConfigInformation: Dsn| RequestID = s_f82af9af-5006-41e3-b1c3-bd4c7dbe8927 
