2019-12-05 19:00:04.6777|ERROR|5|FailedToDecryptConfigInformation: Dsn| RequestID = s_5ec13886-55e4-4b1c-925f-bcc32672c1ae 
2019-12-05 19:00:14.6940|ERROR|5|FailedToDecryptConfigInformation: Dsn| RequestID = s_5d2fee59-86e6-42a7-9200-ca95aa82b966 
2019-12-05 19:00:24.7093|ERROR|5|FailedToDecryptConfigInformation: Dsn| RequestID = s_073d54fe-185e-4f2b-bc88-db7884b5ee7f 
2019-12-05 19:00:34.7265|ERROR|24|FailedToDecryptConfigInformation: Dsn| RequestID = s_3f184ff9-0f68-47c4-90d4-7ecc4fdb136c 
2019-12-05 19:00:44.7550|ERROR|24|FailedToDecryptConfigInformation: Dsn| RequestID = s_658e4103-6840-42f7-941c-8d5e13027088 
2019-12-05 19:00:54.7953|ERROR|24|FailedToDecryptConfigInformation: Dsn| RequestID = s_380932bd-357b-42b9-b607-842b40c7eb26 
2019-12-05 19:01:04.8436|ERROR|24|FailedToDecryptConfigInformation: Dsn| RequestID = s_ac935641-6062-4d1f-8b3f-9367954bfd56 
2019-12-05 19:01:14.8771|ERROR|19|FailedToDecryptConfigInformation: Dsn| RequestID = s_8e04692e-8a55-4bfd-93be-d574851c91a7 
2019-12-05 19:01:24.8961|ERROR|19|FailedToDecryptConfigInformation: Dsn| RequestID = s_a0efe408-919c-4891-8b41-8ba5f86b16a3 
2019-12-05 19:01:34.9223|ERROR|19|FailedToDecryptConfigInformation: Dsn| RequestID = s_e8fe120b-f3f1-4f81-b032-fb99fcf07f41 
2019-12-05 19:01:44.9541|ERROR|19|FailedToDecryptConfigInformation: Dsn| RequestID = s_18fc9fd2-bac3-4b40-b480-bd0feeed5bdb 
2019-12-05 19:01:54.9938|ERROR|28|FailedToDecryptConfigInformation: Dsn| RequestID = s_85995d8b-fd30-4e85-94ae-608824d742c4 
2019-12-05 19:02:05.0274|ERROR|28|FailedToDecryptConfigInformation: Dsn| RequestID = s_76afb4db-a608-4145-a7e3-50851620dc98 
2019-12-05 19:02:15.0552|ERROR|28|FailedToDecryptConfigInformation: Dsn| RequestID = s_cf35b29c-1803-43d7-8dc0-4d422d17abb8 
2019-12-05 19:02:25.0851|ERROR|28|FailedToDecryptConfigInformation: Dsn| RequestID = s_717fad3c-3e7a-45bd-a21e-28d706567506 
2019-12-05 19:02:35.1225|ERROR|28|FailedToDecryptConfigInformation: Dsn| RequestID = s_6e76d11c-ee90-4208-bd1e-73a153750576 
2019-12-05 19:02:45.1403|ERROR|28|FailedToDecryptConfigInformation: Dsn| RequestID = s_1cf8593e-3b89-4710-bb8e-32308d83e4c3 
2019-12-05 19:02:55.1767|ERROR|28|FailedToDecryptConfigInformation: Dsn| RequestID = s_cd27cf6d-5b13-487b-adda-7ff896e583cc 
2019-12-05 19:03:05.2045|ERROR|28|FailedToDecryptConfigInformation: Dsn| RequestID = s_e4e874c2-ba44-442a-8ada-b5986669f8a8 
2019-12-05 19:03:15.2398|ERROR|28|FailedToDecryptConfigInformation: Dsn| RequestID = s_d1b5d5bd-a31a-4b99-9cc8-a4a76b1f0790 
2019-12-05 19:03:25.2986|ERROR|28|FailedToDecryptConfigInformation: Dsn| RequestID = s_df9f4bc6-f219-4608-bced-af2201ee2cc5 
2019-12-05 19:03:35.3379|ERROR|28|FailedToDecryptConfigInformation: Dsn| RequestID = s_651d3a96-6f00-4405-bd23-c0028bf49256 
2019-12-05 19:03:45.3587|ERROR|28|FailedToDecryptConfigInformation: Dsn| RequestID = s_c2335ca5-2656-42ea-9b6c-651cf3072c61 
2019-12-05 19:03:55.3867|ERROR|28|FailedToDecryptConfigInformation: Dsn| RequestID = s_3bcfd4cd-9ce9-43ac-8816-eda6a71a89a9 
2019-12-05 19:04:05.4171|ERROR|28|FailedToDecryptConfigInformation: Dsn| RequestID = s_702b2426-91c1-40ad-9125-830b661f8262 
2019-12-05 19:04:15.4554|ERROR|28|FailedToDecryptConfigInformation: Dsn| RequestID = s_0cb46255-cd0e-4c15-95b0-6ecba42a4992 
2019-12-05 19:04:25.4801|ERROR|28|FailedToDecryptConfigInformation: Dsn| RequestID = s_82283f2f-03fc-46dd-905a-95a4189b63ff 
2019-12-05 19:04:35.5099|ERROR|28|FailedToDecryptConfigInformation: Dsn| RequestID = s_0e4656a2-0c66-42ce-8cba-713cae01fd63 
2019-12-05 19:04:45.5352|ERROR|8|FailedToDecryptConfigInformation: Dsn| RequestID = s_c4ac1872-0fd0-46a1-8d70-fdcd586db1fd 
2019-12-05 19:04:55.5686|ERROR|28|FailedToDecryptConfigInformation: Dsn| RequestID = s_5dfcea53-40b0-498e-bddb-259f80b8ee80 
2019-12-05 19:05:05.5939|ERROR|28|FailedToDecryptConfigInformation: Dsn| RequestID = s_9eb83838-ff67-4a16-a3c4-a84e12b6f543 
2019-12-05 19:05:15.6208|ERROR|28|FailedToDecryptConfigInformation: Dsn| RequestID = s_8e904733-9333-4231-86e0-45c72c496d66 
2019-12-05 19:05:25.6536|ERROR|28|FailedToDecryptConfigInformation: Dsn| RequestID = s_04d0e870-3e60-4b9a-8262-d55c1ce91b8d 
2019-12-05 19:05:35.6939|ERROR|28|FailedToDecryptConfigInformation: Dsn| RequestID = s_598750d5-f78f-4bf1-bf4c-44e14aa4a087 
2019-12-05 19:05:45.7111|ERROR|28|FailedToDecryptConfigInformation: Dsn| RequestID = s_373dde28-9adc-4f2c-a432-e48ff359a35b 
2019-12-05 19:05:55.7414|ERROR|28|FailedToDecryptConfigInformation: Dsn| RequestID = s_28c4099d-f733-4f55-9373-ef5ca8c169f7 
2019-12-05 19:06:05.7652|ERROR|24|FailedToDecryptConfigInformation: Dsn| RequestID = s_7b454c26-6db9-4d17-838a-0921db8229c9 
2019-12-05 19:06:15.7895|ERROR|24|FailedToDecryptConfigInformation: Dsn| RequestID = s_a27e9812-d991-4f73-be39-76850ac39046 
2019-12-05 19:06:25.8133|ERROR|24|FailedToDecryptConfigInformation: Dsn| RequestID = s_cc28e8b8-5579-48ba-91f0-8ab84c4cf6ca 
2019-12-05 19:06:35.8566|ERROR|24|FailedToDecryptConfigInformation: Dsn| RequestID = s_9993fca4-408e-4057-afff-a74f330a6b64 
2019-12-05 19:06:45.8898|ERROR|24|FailedToDecryptConfigInformation: Dsn| RequestID = s_32415d12-a2bc-41a2-9f1b-a5ebf390cf98 
2019-12-05 19:06:55.9123|ERROR|24|FailedToDecryptConfigInformation: Dsn| RequestID = s_b8d83123-0755-47dc-8605-beb4516fba96 
2019-12-05 19:07:05.9576|ERROR|24|FailedToDecryptConfigInformation: Dsn| RequestID = s_f2e29e09-d3b9-4444-a9b0-778ad922699c 
2019-12-05 19:07:15.9788|ERROR|24|FailedToDecryptConfigInformation: Dsn| RequestID = s_3469caad-5654-4645-b7fc-80f0cfd974ba 
2019-12-05 19:07:26.0026|ERROR|30|FailedToDecryptConfigInformation: Dsn| RequestID = s_f561ecbd-f0a4-4c01-994e-a890ab3c6ce8 
2019-12-05 19:07:36.0239|ERROR|24|FailedToDecryptConfigInformation: Dsn| RequestID = s_6aeab45b-bbab-4e01-9460-bffb945c7800 
2019-12-05 19:07:46.0429|ERROR|24|FailedToDecryptConfigInformation: Dsn| RequestID = s_7876b050-bbff-4600-9131-336788480db2 
2019-12-05 19:07:56.0761|ERROR|24|FailedToDecryptConfigInformation: Dsn| RequestID = s_9e5986b9-1663-4fa0-959e-7684479b11f2 
2019-12-05 19:08:06.1004|ERROR|24|FailedToDecryptConfigInformation: Dsn| RequestID = s_c0a98fbb-896e-4e6c-8551-5cc7f591e879 
2019-12-05 19:08:16.1163|ERROR|7|FailedToDecryptConfigInformation: Dsn| RequestID = s_2bb8693f-1d04-42dc-a76d-64c3983193c3 
2019-12-05 19:08:26.1466|ERROR|24|FailedToDecryptConfigInformation: Dsn| RequestID = s_3388beb6-fdf9-41e5-bbbf-be33c0f5b641 
2019-12-05 19:08:36.1754|ERROR|7|FailedToDecryptConfigInformation: Dsn| RequestID = s_9ed5f47a-9642-420e-9855-4a9ecf32f216 
2019-12-05 19:08:46.2035|ERROR|24|FailedToDecryptConfigInformation: Dsn| RequestID = s_56e94222-dabf-496f-acac-92f9b719c055 
2019-12-05 19:08:56.2389|ERROR|24|FailedToDecryptConfigInformation: Dsn| RequestID = s_3596d66b-ba63-47eb-8d68-3845df53be63 
2019-12-05 19:09:06.2617|ERROR|24|FailedToDecryptConfigInformation: Dsn| RequestID = s_de855280-7e9f-4003-821f-3044bcdd388d 
2019-12-05 19:09:16.2875|ERROR|24|FailedToDecryptConfigInformation: Dsn| RequestID = s_afe0cad4-e6c0-4b52-9dc6-1ec8aa3a3b79 
2019-12-05 19:09:26.3128|ERROR|24|FailedToDecryptConfigInformation: Dsn| RequestID = s_2554e847-e5ba-4053-b374-b1c78315e0f1 
2019-12-05 19:09:36.3361|ERROR|22|FailedToDecryptConfigInformation: Dsn| RequestID = s_5d3e2d32-b5ce-49f6-ba7a-ca0ead1fb009 
2019-12-05 19:09:46.3644|ERROR|22|FailedToDecryptConfigInformation: Dsn| RequestID = s_1bf1dc50-7494-4999-a8e1-99c5c04886ff 
2019-12-05 19:09:56.3801|ERROR|4|FailedToDecryptConfigInformation: Dsn| RequestID = s_87753e4e-880c-482c-af07-bab0ff3217f0 
2019-12-05 19:10:06.4064|ERROR|4|FailedToDecryptConfigInformation: Dsn| RequestID = s_5fb2e28d-8598-46d9-b4fe-ed6acdae1148 
2019-12-05 19:10:16.4527|ERROR|4|FailedToDecryptConfigInformation: Dsn| RequestID = s_c9406041-08e2-490e-9fd4-f9c676631aec 
2019-12-05 19:10:26.4705|ERROR|4|FailedToDecryptConfigInformation: Dsn| RequestID = s_f95463c0-3739-4b2b-879a-d74dcbc24900 
2019-12-05 19:10:36.4938|ERROR|4|FailedToDecryptConfigInformation: Dsn| RequestID = s_4b313de1-d7a8-40ec-8fbd-a48a0f217b66 
2019-12-05 19:10:46.5267|ERROR|4|FailedToDecryptConfigInformation: Dsn| RequestID = s_e6dbab9d-50d0-4b4d-9718-c38de249bb7a 
2019-12-05 19:10:56.5395|ERROR|4|FailedToDecryptConfigInformation: Dsn| RequestID = s_fcdc08a0-3234-404a-b4e1-928b99cf197f 
2019-12-05 19:11:06.5693|ERROR|25|FailedToDecryptConfigInformation: Dsn| RequestID = s_88e47772-051e-4578-b335-2174ed093a10 
2019-12-05 19:11:16.5841|ERROR|4|FailedToDecryptConfigInformation: Dsn| RequestID = s_4fe9c712-fbba-4056-8d6f-f4526f7d50f8 
2019-12-05 19:11:26.6174|ERROR|4|FailedToDecryptConfigInformation: Dsn| RequestID = s_0b33d33c-ecd3-4025-b824-bdbfecc83d71 
2019-12-05 19:11:36.6577|ERROR|4|FailedToDecryptConfigInformation: Dsn| RequestID = s_1178d7bd-2e3e-45b1-bb1d-58161f084b6d 
2019-12-05 19:11:46.6816|ERROR|4|FailedToDecryptConfigInformation: Dsn| RequestID = s_633f87b3-1001-4156-9165-1eaaa3365ce8 
2019-12-05 19:11:56.7109|ERROR|25|FailedToDecryptConfigInformation: Dsn| RequestID = s_67ac34b1-6bc5-46f0-b022-4507a822d94b 
2019-12-05 19:12:06.7407|ERROR|25|FailedToDecryptConfigInformation: Dsn| RequestID = s_a050c512-8935-4879-8533-03770d324d52 
2019-12-05 19:12:16.7631|ERROR|25|FailedToDecryptConfigInformation: Dsn| RequestID = s_1623cf36-cd96-4e48-b359-f63db40fe008 
2019-12-05 19:12:26.7939|ERROR|25|FailedToDecryptConfigInformation: Dsn| RequestID = s_2291441c-ebf8-4d0c-b471-41fd27000c0b 
2019-12-05 19:12:36.8173|ERROR|25|FailedToDecryptConfigInformation: Dsn| RequestID = s_8e9ce6f3-38a6-48eb-b286-bc967148528c 
2019-12-05 19:12:46.8526|ERROR|31|FailedToDecryptConfigInformation: Dsn| RequestID = s_0b68ac75-c76f-47ea-8fe1-6f3520b2f5e8 
2019-12-05 19:12:56.8934|ERROR|31|FailedToDecryptConfigInformation: Dsn| RequestID = s_24e82e40-ccb0-46c8-a451-2bc243c30c31 
2019-12-05 19:13:06.9133|ERROR|31|FailedToDecryptConfigInformation: Dsn| RequestID = s_a2678d51-73b6-42d6-99c2-e54d1907470c 
2019-12-05 19:13:16.9421|ERROR|31|FailedToDecryptConfigInformation: Dsn| RequestID = s_e1979bbc-4530-4ef0-a056-0e5f7ea48481 
2019-12-05 19:13:26.9653|ERROR|31|FailedToDecryptConfigInformation: Dsn| RequestID = s_6805920f-20eb-44c0-85e7-897476e9fd6a 
2019-12-05 19:13:36.9891|ERROR|31|FailedToDecryptConfigInformation: Dsn| RequestID = s_9bd0b338-3989-4764-a815-059ab314840d 
2019-12-05 19:13:47.0110|ERROR|31|FailedToDecryptConfigInformation: Dsn| RequestID = s_858ce48e-3837-4edc-a69e-5bb8064a9c81 
2019-12-05 19:13:57.0533|ERROR|16|FailedToDecryptConfigInformation: Dsn| RequestID = s_376dc1a6-57d5-40c7-a3bd-49810afbc508 
2019-12-05 19:14:07.0686|ERROR|16|FailedToDecryptConfigInformation: Dsn| RequestID = s_1b69be35-ee2d-42bd-af2b-a14be4b3b6eb 
2019-12-05 19:14:17.0969|ERROR|31|FailedToDecryptConfigInformation: Dsn| RequestID = s_d4078741-0a78-42b9-88c5-e65fb748a091 
2019-12-05 19:14:27.1237|ERROR|31|FailedToDecryptConfigInformation: Dsn| RequestID = s_88c23406-861a-4359-8a7e-3158883bac46 
2019-12-05 19:14:37.1405|ERROR|20|FailedToDecryptConfigInformation: Dsn| RequestID = s_b8b52659-7030-415e-82db-a51678b8f8bd 
2019-12-05 19:14:47.1593|ERROR|20|FailedToDecryptConfigInformation: Dsn| RequestID = s_679a12db-58c8-4f0e-81ac-15087891ca8d 
2019-12-05 19:14:57.1763|ERROR|20|FailedToDecryptConfigInformation: Dsn| RequestID = s_92ed773e-0617-4f5c-9ba0-c223208d1967 
2019-12-05 19:15:07.1941|ERROR|20|FailedToDecryptConfigInformation: Dsn| RequestID = s_fb1b2d43-531e-4153-9d7a-a2d3927d2d83 
2019-12-05 19:15:17.2224|ERROR|21|FailedToDecryptConfigInformation: Dsn| RequestID = s_227b70be-377c-4bc4-a8e6-1c90477a11ff 
2019-12-05 19:15:27.2468|ERROR|21|FailedToDecryptConfigInformation: Dsn| RequestID = s_a8dec834-8b7e-4c1e-ae4a-62b017604aef 
2019-12-05 19:15:37.2591|ERROR|6|FailedToDecryptConfigInformation: Dsn| RequestID = s_e9899a60-31c0-4b1e-9471-af457554e342 
2019-12-05 19:15:47.2789|ERROR|6|FailedToDecryptConfigInformation: Dsn| RequestID = s_467b1b31-58e6-4748-b35b-cf393cb0c6eb 
2019-12-05 19:15:57.3032|ERROR|21|FailedToDecryptConfigInformation: Dsn| RequestID = s_f9ed7def-4944-40a4-bd2b-8ff1cd0929b6 
2019-12-05 19:16:07.3250|ERROR|21|FailedToDecryptConfigInformation: Dsn| RequestID = s_91fd5b23-9511-49d8-9e18-af5f21a1af15 
2019-12-05 19:16:17.3712|ERROR|21|FailedToDecryptConfigInformation: Dsn| RequestID = s_6a8afa01-a373-43a2-94fb-d3ffd8820b35 
2019-12-05 19:16:27.4075|ERROR|21|FailedToDecryptConfigInformation: Dsn| RequestID = s_0586f5be-872e-43cb-b377-a48a0226bda6 
2019-12-05 19:16:37.4439|ERROR|21|FailedToDecryptConfigInformation: Dsn| RequestID = s_4f7b8f12-fa48-43b2-a961-52df20723789 
2019-12-05 19:16:47.4572|ERROR|21|FailedToDecryptConfigInformation: Dsn| RequestID = s_dca6a98f-830d-410b-b9ee-2f0755593ede 
2019-12-05 19:16:57.4790|ERROR|21|FailedToDecryptConfigInformation: Dsn| RequestID = s_b34c7b22-9779-445a-a104-81b71aae67b9 
2019-12-05 19:17:07.5023|ERROR|21|FailedToDecryptConfigInformation: Dsn| RequestID = s_9833d9b2-42d7-4ccd-931a-446b4e02165f 
2019-12-05 19:17:17.5401|ERROR|21|FailedToDecryptConfigInformation: Dsn| RequestID = s_cd30b8bc-7ac8-45de-9627-ca654d43b35f 
2019-12-05 19:17:27.5634|ERROR|21|FailedToDecryptConfigInformation: Dsn| RequestID = s_0fa3c55f-88fe-48d8-993e-dd3e64808d29 
2019-12-05 19:17:37.6031|ERROR|21|FailedToDecryptConfigInformation: Dsn| RequestID = s_ffcb37ab-2736-4e86-b2a6-68380f904dbf 
2019-12-05 19:17:47.6341|ERROR|21|FailedToDecryptConfigInformation: Dsn| RequestID = s_4823d19e-a922-4841-96a4-e00573c847e5 
2019-12-05 19:17:57.6605|ERROR|21|FailedToDecryptConfigInformation: Dsn| RequestID = s_c1b06af6-63f4-47a6-bc8a-8ba38f73f8bb 
2019-12-05 19:18:07.6933|ERROR|25|FailedToDecryptConfigInformation: Dsn| RequestID = s_c1e8d5a5-3d29-4bfe-9869-52bb5798f525 
2019-12-05 19:18:17.7197|ERROR|25|FailedToDecryptConfigInformation: Dsn| RequestID = s_52e39117-df5a-47e4-ba34-7cd192dc060d 
2019-12-05 19:18:27.7420|ERROR|25|FailedToDecryptConfigInformation: Dsn| RequestID = s_9a441565-98ed-41d0-9818-18f99e02a3b3 
2019-12-05 19:18:37.8078|ERROR|25|FailedToDecryptConfigInformation: Dsn| RequestID = s_056558f2-1b21-4dbb-a7af-e57eb886c30f 
2019-12-05 19:18:47.8356|ERROR|25|FailedToDecryptConfigInformation: Dsn| RequestID = s_56612cb8-3b44-4b71-b9ad-ef02e6918ed8 
2019-12-05 19:18:57.8609|ERROR|21|FailedToDecryptConfigInformation: Dsn| RequestID = s_d558472c-701e-49d6-b657-20fafa0e2e02 
2019-12-05 19:19:07.8756|ERROR|21|FailedToDecryptConfigInformation: Dsn| RequestID = s_52e76af2-8960-453b-a32e-c41a6da906f0 
2019-12-05 19:19:17.9054|ERROR|21|FailedToDecryptConfigInformation: Dsn| RequestID = s_4393d6e6-046b-4e1d-ac9b-19874fbd959a 
2019-12-05 19:19:27.9254|ERROR|21|FailedToDecryptConfigInformation: Dsn| RequestID = s_ff8b62a3-332f-4b04-9549-e32f0957df3c 
2019-12-05 19:19:37.9381|ERROR|20|FailedToDecryptConfigInformation: Dsn| RequestID = s_d7985d02-491c-4e0f-b3ca-71b1c2cb5132 
2019-12-05 19:19:47.9676|ERROR|20|FailedToDecryptConfigInformation: Dsn| RequestID = s_066dd999-2120-45ac-9de7-cb3adca77593 
2019-12-05 19:19:58.0034|ERROR|20|FailedToDecryptConfigInformation: Dsn| RequestID = s_f6dbc44f-05f8-45ca-a61e-1de46baced73 
2019-12-05 19:20:08.0641|ERROR|20|FailedToDecryptConfigInformation: Dsn| RequestID = s_4b326d04-8d1d-406e-b655-2f3fb88d390f 
2019-12-05 19:20:18.1284|ERROR|20|FailedToDecryptConfigInformation: Dsn| RequestID = s_8a750cf6-f69e-4796-9e22-65a7e1324cb7 
2019-12-05 19:20:28.1517|ERROR|20|FailedToDecryptConfigInformation: Dsn| RequestID = s_e93c0ab4-baaa-4dd7-8c82-32690fd990f9 
2019-12-05 19:20:38.1676|ERROR|20|FailedToDecryptConfigInformation: Dsn| RequestID = s_cd7c95d0-a5a0-413a-b204-136e39fa5349 
2019-12-05 19:20:48.1821|ERROR|20|FailedToDecryptConfigInformation: Dsn| RequestID = s_e914b119-5cf8-45c2-87c1-1ef2e3e6b49b 
2019-12-05 19:20:58.2100|ERROR|22|FailedToDecryptConfigInformation: Dsn| RequestID = s_d3fb0464-541a-4c28-902b-e39d352c8b01 
2019-12-05 19:21:08.2303|ERROR|22|FailedToDecryptConfigInformation: Dsn| RequestID = s_85f2b324-51e1-4327-901a-82341386777c 
2019-12-05 19:21:18.2561|ERROR|22|FailedToDecryptConfigInformation: Dsn| RequestID = s_758751c2-1234-4be2-aa60-24c6332008f7 
2019-12-05 19:21:28.2820|ERROR|10|FailedToDecryptConfigInformation: Dsn| RequestID = s_5833d568-4602-4f45-adb8-63021febb1da 
2019-12-05 19:21:38.3063|ERROR|10|FailedToDecryptConfigInformation: Dsn| RequestID = s_2e06b1d4-52d2-4075-82f1-5f79a5047bfc 
2019-12-05 19:21:48.3322|ERROR|10|FailedToDecryptConfigInformation: Dsn| RequestID = s_78e057e8-837f-4cad-837f-74a040502124 
2019-12-05 19:21:58.3540|ERROR|10|FailedToDecryptConfigInformation: Dsn| RequestID = s_323c898e-a684-441d-a051-578e2a5de5fa 
2019-12-05 19:22:08.3773|ERROR|10|FailedToDecryptConfigInformation: Dsn| RequestID = s_5f197db2-0636-49ce-a823-5cec8ffa320b 
2019-12-05 19:22:18.4078|ERROR|5|FailedToDecryptConfigInformation: Dsn| RequestID = s_b263b4cb-d41b-4e8f-bb3f-2a321f06b110 
2019-12-05 19:22:28.4508|ERROR|10|FailedToDecryptConfigInformation: Dsn| RequestID = s_f404da88-3c02-473c-a620-0e3e86bb391b 
2019-12-05 19:22:38.4880|ERROR|10|FailedToDecryptConfigInformation: Dsn| RequestID = s_f123a9a7-c396-42f2-a69e-9eb300c5955d 
2019-12-05 19:22:48.5380|ERROR|10|FailedToDecryptConfigInformation: Dsn| RequestID = s_4d9bed81-aab6-4b25-b175-062ed796181c 
2019-12-05 19:22:58.5679|ERROR|10|FailedToDecryptConfigInformation: Dsn| RequestID = s_c70a7144-59f9-47f6-8ab7-da7d8d1b51a2 
2019-12-05 19:23:08.6042|ERROR|10|FailedToDecryptConfigInformation: Dsn| RequestID = s_09afe0c6-711d-42c4-a814-564d8c98131b 
2019-12-05 19:23:18.6265|ERROR|10|FailedToDecryptConfigInformation: Dsn| RequestID = s_06ebed34-44bf-41de-b98c-9968c146a20a 
2019-12-05 19:23:28.6547|ERROR|10|FailedToDecryptConfigInformation: Dsn| RequestID = s_1ba79965-992b-45b7-b9a6-896d6db654d2 
2019-12-05 19:23:38.6795|ERROR|10|FailedToDecryptConfigInformation: Dsn| RequestID = s_06cbb656-db57-4bf2-9d23-b4df7908f515 
2019-12-05 19:23:48.7220|ERROR|10|FailedToDecryptConfigInformation: Dsn| RequestID = s_acd28484-c48f-4476-83f0-82f1d75c8023 
2019-12-05 19:23:58.7358|ERROR|10|FailedToDecryptConfigInformation: Dsn| RequestID = s_288ed1cb-28c0-46e7-9dba-5f3670761cbf 
2019-12-05 19:24:08.7715|ERROR|10|FailedToDecryptConfigInformation: Dsn| RequestID = s_d00155a6-50d8-4078-9f7e-acbcff6ac9c2 
2019-12-05 19:24:18.8093|ERROR|4|FailedToDecryptConfigInformation: Dsn| RequestID = s_0195f1f5-7c66-4cd5-8ad5-31d7bf106bfe 
2019-12-05 19:24:28.8591|ERROR|4|FailedToDecryptConfigInformation: Dsn| RequestID = s_5b34e42f-7d56-4f9d-9622-34a9784f6d81 
2019-12-05 19:24:38.8879|ERROR|4|FailedToDecryptConfigInformation: Dsn| RequestID = s_298ea99c-6d70-4311-b895-d02b4e6da22c 
2019-12-05 19:24:48.9222|ERROR|4|FailedToDecryptConfigInformation: Dsn| RequestID = s_de4f4db1-167c-4094-bea3-cf775d2e249b 
2019-12-05 19:24:58.9591|ERROR|4|FailedToDecryptConfigInformation: Dsn| RequestID = s_2e319f8e-0186-4ce6-b0d8-752de6cc415b 
2019-12-05 19:25:09.0174|ERROR|4|FailedToDecryptConfigInformation: Dsn| RequestID = s_fe06cbe4-4294-4711-9022-6f04d5a6236b 
2019-12-05 19:25:19.0379|ERROR|4|FailedToDecryptConfigInformation: Dsn| RequestID = s_bc49da44-316e-4660-95e7-62ae26d269fe 
2019-12-05 19:25:29.0641|ERROR|4|FailedToDecryptConfigInformation: Dsn| RequestID = s_9b679b22-983c-46ed-b011-1b055a510ebd 
2019-12-05 19:25:39.0921|ERROR|4|FailedToDecryptConfigInformation: Dsn| RequestID = s_088e6814-e531-4c7e-b1b2-9bdd9b4a94a6 
2019-12-05 19:25:49.1229|ERROR|4|FailedToDecryptConfigInformation: Dsn| RequestID = s_bfa3ff52-e735-4abb-b2e5-f317509a0455 
2019-12-05 19:25:59.1368|ERROR|4|FailedToDecryptConfigInformation: Dsn| RequestID = s_7970413e-9f60-437a-9c81-1bb4de993be1 
2019-12-05 19:26:09.1849|ERROR|4|FailedToDecryptConfigInformation: Dsn| RequestID = s_62a81dd2-ddd6-4ae7-894b-2a974b5223e7 
2019-12-05 19:26:19.2028|ERROR|4|FailedToDecryptConfigInformation: Dsn| RequestID = s_d8cba52a-1ffd-45b3-a3ca-24a31cf87bd8 
2019-12-05 19:26:29.2171|ERROR|26|FailedToDecryptConfigInformation: Dsn| RequestID = s_95461ae4-93f0-4ad4-bb49-8a2a2f16e473 
2019-12-05 19:26:39.2474|ERROR|26|FailedToDecryptConfigInformation: Dsn| RequestID = s_817b7d4a-5c55-4792-8722-93b9f17a234d 
2019-12-05 19:26:49.2807|ERROR|26|FailedToDecryptConfigInformation: Dsn| RequestID = s_e0649366-6a0c-4670-b6a8-bf41ee02d049 
2019-12-05 19:26:59.3304|ERROR|26|FailedToDecryptConfigInformation: Dsn| RequestID = s_298f1b5d-65d4-4840-bc81-17c90887647e 
2019-12-05 19:27:09.3589|ERROR|24|FailedToDecryptConfigInformation: Dsn| RequestID = s_28695f13-c592-4590-b9ed-9b7e7904fcc8 
2019-12-05 19:27:19.3902|ERROR|24|FailedToDecryptConfigInformation: Dsn| RequestID = s_f3ba9755-50d2-457f-ab23-f66e98408dcf 
2019-12-05 19:27:29.4206|ERROR|5|FailedToDecryptConfigInformation: Dsn| RequestID = s_15a07b6d-d52b-4d6b-86f2-52d3ef8f7a3d 
2019-12-05 19:27:39.4450|ERROR|5|FailedToDecryptConfigInformation: Dsn| RequestID = s_8b8340f2-38f2-4eef-a139-f42f0191b41d 
2019-12-05 19:27:49.4778|ERROR|27|FailedToDecryptConfigInformation: Dsn| RequestID = s_592c7e09-de3c-49b7-b4a9-b1d7e269769d 
2019-12-05 19:27:59.5036|ERROR|27|FailedToDecryptConfigInformation: Dsn| RequestID = s_e394a01c-5fc5-43e1-8c3e-e4cf8f311292 
2019-12-05 19:28:09.5272|ERROR|9|FailedToDecryptConfigInformation: Dsn| RequestID = s_617caaa6-d7d1-48d8-b82f-20a53335f5f9 
2019-12-05 19:28:19.5606|ERROR|9|FailedToDecryptConfigInformation: Dsn| RequestID = s_f0254524-361d-45fc-9213-2ae617937421 
2019-12-05 19:28:29.5834|ERROR|9|FailedToDecryptConfigInformation: Dsn| RequestID = s_4ed9533a-c602-4f3f-a119-85f3b42c0a64 
2019-12-05 19:28:39.6142|ERROR|9|FailedToDecryptConfigInformation: Dsn| RequestID = s_5099e1a0-97ad-496b-9a40-649c17dfe0af 
2019-12-05 19:28:49.6485|ERROR|9|FailedToDecryptConfigInformation: Dsn| RequestID = s_cab728c3-38ef-490d-9d1a-84387881f7b6 
2019-12-05 19:28:59.6723|ERROR|9|FailedToDecryptConfigInformation: Dsn| RequestID = s_e133cc55-3f6f-442d-9977-183737a48d29 
2019-12-05 19:29:09.7111|ERROR|9|FailedToDecryptConfigInformation: Dsn| RequestID = s_f4694bb8-86e1-4738-a992-41d9a52b0a41 
2019-12-05 19:29:19.7745|ERROR|9|FailedToDecryptConfigInformation: Dsn| RequestID = s_ca01e377-5571-4f12-b9fd-d03e17934893 
2019-12-05 19:29:29.7973|ERROR|13|FailedToDecryptConfigInformation: Dsn| RequestID = s_8ed3c25e-d1ba-44a0-b2e4-c904d9cd9000 
2019-12-05 19:29:39.8296|ERROR|13|FailedToDecryptConfigInformation: Dsn| RequestID = s_135737c7-30f2-4a39-9bf9-ec5ba47d3155 
2019-12-05 19:29:49.9307|ERROR|13|FailedToDecryptConfigInformation: Dsn| RequestID = s_ea72d1db-bff6-407f-8f62-9e5b79d0513e 
2019-12-05 19:30:00.0266|ERROR|13|FailedToDecryptConfigInformation: Dsn| RequestID = s_e1e33bba-2541-48a8-a870-0f255168c39c 
2019-12-05 19:30:10.0580|ERROR|13|FailedToDecryptConfigInformation: Dsn| RequestID = s_88726bb3-48fd-4030-9eee-67b2cfea3f2d 
2019-12-05 19:30:20.0873|ERROR|22|FailedToDecryptConfigInformation: Dsn| RequestID = s_a7aaa5e9-9a66-4e3d-b71c-d96b1b6cd891 
2019-12-05 19:30:30.1156|ERROR|22|FailedToDecryptConfigInformation: Dsn| RequestID = s_18a41e5a-ddbb-4b77-838b-6229c7ff077b 
2019-12-05 19:30:40.1459|ERROR|17|FailedToDecryptConfigInformation: Dsn| RequestID = s_416d4eeb-326f-4b24-9421-b8386b3a3a9a 
2019-12-05 19:30:50.1821|ERROR|17|FailedToDecryptConfigInformation: Dsn| RequestID = s_9b654f19-ed6c-4796-8210-b8c42734962b 
2019-12-05 19:31:00.2084|ERROR|17|FailedToDecryptConfigInformation: Dsn| RequestID = s_391bee17-e356-4a74-848d-93567d69ceb2 
2019-12-05 19:31:10.2342|ERROR|16|FailedToDecryptConfigInformation: Dsn| RequestID = s_4dd97d04-06f7-4594-a699-5db74003fc51 
2019-12-05 19:31:20.2640|ERROR|16|FailedToDecryptConfigInformation: Dsn| RequestID = s_70c74f76-3ad3-4b1c-95a1-564299c42e1b 
2019-12-05 19:31:30.2948|ERROR|16|FailedToDecryptConfigInformation: Dsn| RequestID = s_3b1b9422-2dea-465e-aa21-820eb1b91a75 
2019-12-05 19:31:40.3331|ERROR|16|FailedToDecryptConfigInformation: Dsn| RequestID = s_55e263de-d20a-4d72-bf45-ef65f99cbc7a 
2019-12-05 19:31:50.3533|ERROR|16|FailedToDecryptConfigInformation: Dsn| RequestID = s_65061a76-b747-4124-a22e-a3c2f80b667a 
2019-12-05 19:32:00.3803|ERROR|16|FailedToDecryptConfigInformation: Dsn| RequestID = s_735431e5-57ad-48d6-b3fe-786fad8bab7b 
2019-12-05 19:32:10.4116|ERROR|16|FailedToDecryptConfigInformation: Dsn| RequestID = s_62070b97-4ed5-4a7d-a943-d7d5741c0aa6 
2019-12-05 19:32:20.4388|ERROR|23|FailedToDecryptConfigInformation: Dsn| RequestID = s_2077603d-8cfc-4967-9812-d905d836a844 
2019-12-05 19:32:30.4686|ERROR|23|FailedToDecryptConfigInformation: Dsn| RequestID = s_eb7f36c6-39e0-4b13-95ab-db61779a145e 
2019-12-05 19:32:40.4980|ERROR|27|FailedToDecryptConfigInformation: Dsn| RequestID = s_06faa9cd-63d5-44b5-9e83-3f02f694510a 
2019-12-05 19:32:50.5480|ERROR|23|FailedToDecryptConfigInformation: Dsn| RequestID = s_95f98791-a2fa-4ab0-8ff8-23367a544522 
2019-12-05 19:33:00.5843|ERROR|23|FailedToDecryptConfigInformation: Dsn| RequestID = s_635d190c-5bdb-4d69-9387-5445217f56bc 
2019-12-05 19:33:10.6145|ERROR|5|FailedToDecryptConfigInformation: Dsn| RequestID = s_4e6e3fa0-564f-41bb-9153-318462604e3e 
2019-12-05 19:33:20.6548|ERROR|5|FailedToDecryptConfigInformation: Dsn| RequestID = s_a80fd13a-4b8e-40dd-b514-628b137e740d 
2019-12-05 19:33:30.6869|ERROR|24|FailedToDecryptConfigInformation: Dsn| RequestID = s_0343a1ef-7784-42bd-a872-64121b2ee42e 
2019-12-05 19:33:40.7162|ERROR|24|FailedToDecryptConfigInformation: Dsn| RequestID = s_8d5fdaa3-6fa6-488f-98a8-da6fb0832d7f 
2019-12-05 19:33:50.7470|ERROR|4|FailedToDecryptConfigInformation: Dsn| RequestID = s_f199903c-9620-426e-9d68-c2e10003ac45 
2019-12-05 19:34:00.8100|ERROR|4|FailedToDecryptConfigInformation: Dsn| RequestID = s_ca7d7aca-befb-470c-bf5e-7f6e03fbf6c9 
2019-12-05 19:34:10.8503|ERROR|4|FailedToDecryptConfigInformation: Dsn| RequestID = s_00597faa-4c2d-434c-a873-2ada9eac9826 
2019-12-05 19:34:20.8941|ERROR|6|FailedToDecryptConfigInformation: Dsn| RequestID = s_5abc0d5f-3c6a-4b9e-8faf-04e66270c535 
2019-12-05 19:34:30.9134|ERROR|6|FailedToDecryptConfigInformation: Dsn| RequestID = s_89a4d7cb-5509-481a-8264-c46e3f65e60d 
2019-12-05 19:34:40.9382|ERROR|6|FailedToDecryptConfigInformation: Dsn| RequestID = s_3464990e-15d6-4064-bb1a-fd20e92b5b1b 
2019-12-05 19:34:50.9615|ERROR|6|FailedToDecryptConfigInformation: Dsn| RequestID = s_2d370605-9d03-4679-af21-da53374685f5 
2019-12-05 19:35:00.9914|ERROR|6|FailedToDecryptConfigInformation: Dsn| RequestID = s_ee92be90-1001-40fd-9d1e-b144d05a264e 
2019-12-05 19:35:11.0577|ERROR|6|FailedToDecryptConfigInformation: Dsn| RequestID = s_07bdc5d5-a405-4df6-a0a8-5ffd69c68bab 
2019-12-05 19:35:21.1180|ERROR|6|FailedToDecryptConfigInformation: Dsn| RequestID = s_30349083-d840-431a-8dcc-3bc016df7294 
2019-12-05 19:35:31.1583|ERROR|17|FailedToDecryptConfigInformation: Dsn| RequestID = s_aeaacf3a-7b3b-46c4-8540-9a8d3d778532 
2019-12-05 19:35:41.1890|ERROR|17|FailedToDecryptConfigInformation: Dsn| RequestID = s_65c2dc22-c699-4aa0-99e7-07b318ecf434 
2019-12-05 19:35:51.2173|ERROR|22|FailedToDecryptConfigInformation: Dsn| RequestID = s_c305f362-c5a0-4e3a-a772-e1f28e78f9f6 
2019-12-05 19:36:01.2432|ERROR|17|FailedToDecryptConfigInformation: Dsn| RequestID = s_824c9193-9e53-48ee-ba1e-08c2ad2c7e5a 
2019-12-05 19:36:11.2664|ERROR|17|FailedToDecryptConfigInformation: Dsn| RequestID = s_b3aa2d35-7993-4b73-b94c-adf4e5b82062 
2019-12-05 19:36:21.2902|ERROR|17|FailedToDecryptConfigInformation: Dsn| RequestID = s_4a3188c7-d684-414f-adf5-57464824211f 
2019-12-05 19:36:31.3220|ERROR|13|FailedToDecryptConfigInformation: Dsn| RequestID = s_69f45439-ec5f-4626-8fec-4610160216bc 
2019-12-05 19:36:41.3444|ERROR|13|FailedToDecryptConfigInformation: Dsn| RequestID = s_c9a65d5f-2ce0-4375-b796-6e4bc60e1d84 
2019-12-05 19:36:51.3742|ERROR|21|FailedToDecryptConfigInformation: Dsn| RequestID = s_a116c21f-cf10-4410-8a15-f301ed529440 
2019-12-05 19:37:01.4045|ERROR|21|FailedToDecryptConfigInformation: Dsn| RequestID = s_1df9d906-cb17-4393-9db9-eaad54e36bc0 
2019-12-05 19:37:11.4424|ERROR|21|FailedToDecryptConfigInformation: Dsn| RequestID = s_099e4743-6639-4400-8d69-cd94e0c45845 
2019-12-05 19:37:21.4652|ERROR|21|FailedToDecryptConfigInformation: Dsn| RequestID = s_4f58beba-f7e5-4812-bd09-2cf08b97d5a1 
2019-12-05 19:37:31.4805|ERROR|7|FailedToDecryptConfigInformation: Dsn| RequestID = s_03a16ea6-c54f-48af-98f8-3f48f20396da 
2019-12-05 19:37:41.5258|ERROR|21|FailedToDecryptConfigInformation: Dsn| RequestID = s_69e6e411-f345-4ec4-a70f-4d469e524240 
2019-12-05 19:37:51.5561|ERROR|21|FailedToDecryptConfigInformation: Dsn| RequestID = s_cb278306-f00a-4848-96fe-6c14038ab21a 
2019-12-05 19:38:01.5949|ERROR|21|FailedToDecryptConfigInformation: Dsn| RequestID = s_8400fc98-4900-41ad-907e-df08abba6df5 
2019-12-05 19:38:11.6146|ERROR|21|FailedToDecryptConfigInformation: Dsn| RequestID = s_ef27010a-e22d-4068-8438-4813604550d5 
2019-12-05 19:38:21.6294|ERROR|19|FailedToDecryptConfigInformation: Dsn| RequestID = s_04bda240-1a66-4740-bdd7-531f908b41e1 
2019-12-05 19:38:31.6587|ERROR|19|FailedToDecryptConfigInformation: Dsn| RequestID = s_f2270d3d-fbcd-4d97-afc6-dcfb45b71a4b 
2019-12-05 19:38:41.6970|ERROR|24|FailedToDecryptConfigInformation: Dsn| RequestID = s_cae1086a-3f1c-42de-8067-4ddea5684519 
2019-12-05 19:38:51.7188|ERROR|24|FailedToDecryptConfigInformation: Dsn| RequestID = s_f0741060-b39e-4667-b85d-4a74f8823dc0 
2019-12-05 19:39:01.7376|ERROR|5|FailedToDecryptConfigInformation: Dsn| RequestID = s_2cc845a3-bf93-48c4-bba6-4ceb435ca4c2 
2019-12-05 19:39:11.7761|ERROR|5|FailedToDecryptConfigInformation: Dsn| RequestID = s_45236373-b85c-4439-b67c-aed54bab186c 
2019-12-05 19:39:21.8082|ERROR|24|FailedToDecryptConfigInformation: Dsn| RequestID = s_51da48c3-9ecd-48ee-89bf-d9ad83459274 
2019-12-05 19:39:31.8301|ERROR|24|FailedToDecryptConfigInformation: Dsn| RequestID = s_1dfaec90-a20d-4acc-b352-eadfc06f5457 
2019-12-05 19:39:41.8454|ERROR|24|FailedToDecryptConfigInformation: Dsn| RequestID = s_b4843061-a382-40f4-9d7b-a2945292c732 
2019-12-05 19:39:51.8741|ERROR|24|FailedToDecryptConfigInformation: Dsn| RequestID = s_189a3a77-8fb6-435e-9dce-074bf042a073 
2019-12-05 19:40:01.9044|ERROR|23|FailedToDecryptConfigInformation: Dsn| RequestID = s_e0d679e6-6ed9-4782-a4e8-d90f52524334 
2019-12-05 19:40:11.9362|ERROR|24|FailedToDecryptConfigInformation: Dsn| RequestID = s_c6304a6c-d731-4c5e-a484-35320e8ac238 
2019-12-05 19:40:21.9540|ERROR|24|FailedToDecryptConfigInformation: Dsn| RequestID = s_68e6ac0a-fed8-48b7-aaa2-168712adc25e 
2019-12-05 19:40:31.9923|ERROR|24|FailedToDecryptConfigInformation: Dsn| RequestID = s_34246201-91f4-4fe4-9abd-306b61eb00fb 
2019-12-05 19:40:42.0186|ERROR|13|FailedToDecryptConfigInformation: Dsn| RequestID = s_d9221663-c36c-4fdc-a2c8-a27d8b7dc1aa 
2019-12-05 19:40:52.0434|ERROR|13|FailedToDecryptConfigInformation: Dsn| RequestID = s_a2736078-9e6f-4a3e-928f-56f92b70af64 
2019-12-05 19:41:02.0721|ERROR|22|FailedToDecryptConfigInformation: Dsn| RequestID = s_6540293b-49d5-4d58-8ad7-a513ffe382b8 
2019-12-05 19:41:12.0904|ERROR|22|FailedToDecryptConfigInformation: Dsn| RequestID = s_8b74aac7-0720-458d-b929-13ba7162f062 
2019-12-05 19:41:22.1172|ERROR|17|FailedToDecryptConfigInformation: Dsn| RequestID = s_66868f99-9464-4db9-9937-c3245cef4af1 
2019-12-05 19:41:32.1470|ERROR|17|FailedToDecryptConfigInformation: Dsn| RequestID = s_b4599086-4eb9-46b0-a523-def055a1b8a8 
2019-12-05 19:41:42.1655|ERROR|6|FailedToDecryptConfigInformation: Dsn| RequestID = s_20c90cc7-5fb3-4936-8099-69461ce39089 
2019-12-05 19:41:52.1948|ERROR|6|FailedToDecryptConfigInformation: Dsn| RequestID = s_30c8dfa9-941c-429b-ac2f-4ca54fa44cfc 
2019-12-05 19:42:02.2246|ERROR|4|FailedToDecryptConfigInformation: Dsn| RequestID = s_7a6d8bdd-5ea8-4d4e-9d34-2e26b90ceac5 
2019-12-05 19:42:12.2569|ERROR|4|FailedToDecryptConfigInformation: Dsn| RequestID = s_9a2b8569-f402-4b23-af3b-217acbbc1897 
2019-12-05 19:42:22.2737|ERROR|20|FailedToDecryptConfigInformation: Dsn| RequestID = s_29becb14-0a83-4c9d-8be0-b0db767fe08a 
2019-12-05 19:42:32.3043|ERROR|20|FailedToDecryptConfigInformation: Dsn| RequestID = s_3e03c3e6-84b7-4515-b7bb-e0fc2232b3bc 
2019-12-05 19:42:42.3486|ERROR|5|FailedToDecryptConfigInformation: Dsn| RequestID = s_de3fd0f5-c765-43fe-88f9-7d333faaa2a5 
2019-12-05 19:42:52.3783|ERROR|5|FailedToDecryptConfigInformation: Dsn| RequestID = s_69745862-584d-4b9c-b770-a791301fbe90 
2019-12-05 19:43:02.4331|ERROR|5|FailedToDecryptConfigInformation: Dsn| RequestID = s_5bbf553c-85d8-42b8-b390-c34e100d79a9 
2019-12-05 19:43:12.5004|ERROR|5|FailedToDecryptConfigInformation: Dsn| RequestID = s_7271b54e-c666-4981-bbfd-c2bbd0615445 
2019-12-05 19:43:22.5337|ERROR|5|FailedToDecryptConfigInformation: Dsn| RequestID = s_e4d24ebc-8619-4e9a-903d-e3320e3c5853 
2019-12-05 19:43:32.5625|ERROR|5|FailedToDecryptConfigInformation: Dsn| RequestID = s_90206549-13d7-4ae0-a03c-f958c323c347 
2019-12-05 19:43:42.5898|ERROR|5|FailedToDecryptConfigInformation: Dsn| RequestID = s_b70f0eaf-5fef-4184-bc35-aaef8ca6953c 
2019-12-05 19:43:52.6159|ERROR|19|FailedToDecryptConfigInformation: Dsn| RequestID = s_dad27dbe-1b89-49a3-a326-a62193954596 
2019-12-05 19:44:02.6462|ERROR|7|FailedToDecryptConfigInformation: Dsn| RequestID = s_60752176-a2f9-44ec-8909-37a2bf559f5b 
2019-12-05 19:44:12.6751|ERROR|7|FailedToDecryptConfigInformation: Dsn| RequestID = s_40e91058-f603-4186-8b10-f05408cc4013 
2019-12-05 19:44:22.7029|ERROR|7|FailedToDecryptConfigInformation: Dsn| RequestID = s_fcb35879-1064-4307-a237-607c69f79459 
2019-12-05 19:44:32.7285|ERROR|21|FailedToDecryptConfigInformation: Dsn| RequestID = s_01de2be0-3780-47bc-ba45-727907a2d8f5 
2019-12-05 19:44:42.7474|ERROR|21|FailedToDecryptConfigInformation: Dsn| RequestID = s_1b0c2781-d411-4014-a063-ecebe3d905e4 
2019-12-05 19:44:52.7738|ERROR|21|FailedToDecryptConfigInformation: Dsn| RequestID = s_1b7b7ab7-385c-4e0a-8316-d6f892ffe71b 
2019-12-05 19:45:02.7889|ERROR|21|FailedToDecryptConfigInformation: Dsn| RequestID = s_d14a13ef-c8b9-4367-ad3b-0c4d444135e8 
2019-12-05 19:45:12.8342|ERROR|16|FailedToDecryptConfigInformation: Dsn| RequestID = s_c4e3c1a6-d354-4c4b-b41d-0b347d617394 
2019-12-05 19:45:22.8489|ERROR|16|FailedToDecryptConfigInformation: Dsn| RequestID = s_7b0f582d-f62d-4808-8a5a-e7e2e41c0dc2 
2019-12-05 19:45:32.8792|ERROR|21|FailedToDecryptConfigInformation: Dsn| RequestID = s_79598eb5-5ee0-4242-8f7c-8530f6bf27df 
2019-12-05 19:45:42.9116|ERROR|21|FailedToDecryptConfigInformation: Dsn| RequestID = s_6a9ebb0e-cac1-4d38-9c1f-7e8d68a297cd 
2019-12-05 19:45:52.9426|ERROR|6|FailedToDecryptConfigInformation: Dsn| RequestID = s_f07e879e-3a6e-45ad-8e88-c99c7ae82413 
2019-12-05 19:46:02.9574|ERROR|6|FailedToDecryptConfigInformation: Dsn| RequestID = s_572584e0-6a5d-4499-9253-b5dc83f87f1b 
2019-12-05 19:46:12.9896|ERROR|17|FailedToDecryptConfigInformation: Dsn| RequestID = s_15567cd2-deff-481c-ba18-b7989cb3ff2e 
2019-12-05 19:46:23.0186|ERROR|6|FailedToDecryptConfigInformation: Dsn| RequestID = s_88f53dfb-a247-44f2-aee0-2a3b83f410be 
2019-12-05 19:46:33.0502|ERROR|17|FailedToDecryptConfigInformation: Dsn| RequestID = s_7473193d-3124-4448-beb1-bd1791cbcee5 
2019-12-05 19:46:43.0823|ERROR|17|FailedToDecryptConfigInformation: Dsn| RequestID = s_e3be921e-4f1b-4c34-8f76-881c1f67006a 
2019-12-05 19:46:53.1131|ERROR|22|FailedToDecryptConfigInformation: Dsn| RequestID = s_24c4fdcf-8153-40f3-a4aa-a51bf84eff6c 
2019-12-05 19:47:03.1469|ERROR|22|FailedToDecryptConfigInformation: Dsn| RequestID = s_4a2d5e64-f678-463a-9384-6827ddf19627 
2019-12-05 19:47:13.1661|ERROR|13|FailedToDecryptConfigInformation: Dsn| RequestID = s_143f2115-9005-483a-8124-b796833b290a 
2019-12-05 19:47:23.1876|ERROR|22|FailedToDecryptConfigInformation: Dsn| RequestID = s_3deaa97c-3d1c-47be-8a01-9194c590bf06 
2019-12-05 19:47:33.2174|ERROR|22|FailedToDecryptConfigInformation: Dsn| RequestID = s_82de0dc6-dc39-4cba-a35f-4f0911a7c82d 
2019-12-05 19:47:43.2637|ERROR|22|FailedToDecryptConfigInformation: Dsn| RequestID = s_484e17b7-0ff0-409a-beba-b86d814d9c49 
2019-12-05 19:47:53.2862|ERROR|22|FailedToDecryptConfigInformation: Dsn| RequestID = s_0c9ea610-6d41-4c40-b585-140e189ef0d6 
2019-12-05 19:48:03.3150|ERROR|22|FailedToDecryptConfigInformation: Dsn| RequestID = s_793a9a46-a89d-464d-80b3-9f0e70904de5 
2019-12-05 19:48:13.3307|ERROR|22|FailedToDecryptConfigInformation: Dsn| RequestID = s_f21c87d3-51a0-49fb-bad9-6ef4451f02d1 
2019-12-05 19:48:23.3619|ERROR|22|FailedToDecryptConfigInformation: Dsn| RequestID = s_d2dddae7-33f2-46ad-b6dc-58ad3770b5d7 
2019-12-05 19:48:33.3776|ERROR|23|FailedToDecryptConfigInformation: Dsn| RequestID = s_9b729569-6867-487e-9b3c-740805d3df6b 
2019-12-05 19:48:43.4089|ERROR|23|FailedToDecryptConfigInformation: Dsn| RequestID = s_a1576846-3ab4-41fd-b5f0-3c2b1bc3337b 
2019-12-05 19:48:53.4925|ERROR|23|FailedToDecryptConfigInformation: Dsn| RequestID = s_83d2367e-89ef-4623-b3f7-a3c81200f347 
2019-12-05 19:49:03.6333|ERROR|23|FailedToDecryptConfigInformation: Dsn| RequestID = s_582733b6-025d-4a24-8dee-a6d24ee80da8 
2019-12-05 19:49:13.7531|ERROR|23|FailedToDecryptConfigInformation: Dsn| RequestID = s_9e82ca20-70fe-4cb0-bc72-4615c9045fa1 
2019-12-05 19:49:23.7849|ERROR|23|FailedToDecryptConfigInformation: Dsn| RequestID = s_81a9b470-d130-4331-919f-746e110bb434 
2019-12-05 19:49:33.8158|ERROR|23|FailedToDecryptConfigInformation: Dsn| RequestID = s_007335b0-f9a1-4652-962e-e8ac5c3199e9 
2019-12-05 19:49:43.8477|ERROR|19|FailedToDecryptConfigInformation: Dsn| RequestID = s_89ab5f67-032e-4bac-8e9c-2da8d536ebe1 
2019-12-05 19:49:53.8750|ERROR|19|FailedToDecryptConfigInformation: Dsn| RequestID = s_0dfd7c58-0d92-43a2-a2d7-e9a7698570ba 
2019-12-05 19:50:03.9000|ERROR|19|FailedToDecryptConfigInformation: Dsn| RequestID = s_f05c41ea-066e-4d00-ba1e-9cfb672a6893 
2019-12-05 19:50:13.9253|ERROR|19|FailedToDecryptConfigInformation: Dsn| RequestID = s_016a261d-3caf-441d-ad65-03e865d9ef3a 
2019-12-05 19:50:23.9466|ERROR|19|FailedToDecryptConfigInformation: Dsn| RequestID = s_fb8c4387-7a94-4fe0-b519-a6b2f11de264 
2019-12-05 19:50:33.9769|ERROR|5|FailedToDecryptConfigInformation: Dsn| RequestID = s_da9753b4-62a8-4608-b941-57faa6ae803e 
2019-12-05 19:50:44.0338|ERROR|5|FailedToDecryptConfigInformation: Dsn| RequestID = s_3fc51da9-707c-4012-8832-7d54311151a3 
2019-12-05 19:50:54.0650|ERROR|5|FailedToDecryptConfigInformation: Dsn| RequestID = s_9150abe9-22ff-4641-894f-936778fd4a56 
2019-12-05 19:51:04.0897|ERROR|5|FailedToDecryptConfigInformation: Dsn| RequestID = s_db341d00-5b11-4707-8c8d-91efeb99192a 
2019-12-05 19:51:14.1070|ERROR|5|FailedToDecryptConfigInformation: Dsn| RequestID = s_223f71b7-6dd0-4af4-8227-a9c0dbaeecbd 
2019-12-05 19:51:24.1812|ERROR|5|FailedToDecryptConfigInformation: Dsn| RequestID = s_4771266f-edb1-465f-ab93-7faf8a84d457 
2019-12-05 19:51:34.2322|ERROR|5|FailedToDecryptConfigInformation: Dsn| RequestID = s_a7607ea5-1bf5-4dcc-8a5c-a579c7282a22 
2019-12-05 19:51:44.2635|ERROR|13|FailedToDecryptConfigInformation: Dsn| RequestID = s_5ab5fa33-6154-4387-887d-aac90bcb25ba 
2019-12-05 19:51:54.2911|ERROR|13|FailedToDecryptConfigInformation: Dsn| RequestID = s_9d8f020c-f107-450b-86c5-d6ab609ca10f 
2019-12-05 19:52:04.3224|ERROR|13|FailedToDecryptConfigInformation: Dsn| RequestID = s_9bc55ea8-8748-43c2-a2e6-fb5a75b3f57e 
2019-12-05 19:52:14.3536|ERROR|13|FailedToDecryptConfigInformation: Dsn| RequestID = s_dda5787a-0e9f-4806-b5c1-1ddb05701acf 
2019-12-05 19:52:24.3755|ERROR|13|FailedToDecryptConfigInformation: Dsn| RequestID = s_51a2da3d-a7ff-44be-980e-036dd336b4ee 
2019-12-05 19:52:34.4408|ERROR|13|FailedToDecryptConfigInformation: Dsn| RequestID = s_212a0400-fc57-4427-9ba7-0376aa5f8cb2 
2019-12-05 19:52:44.4816|ERROR|13|FailedToDecryptConfigInformation: Dsn| RequestID = s_70c55d72-2b7b-43c6-8e06-05c157740217 
2019-12-05 19:52:54.5399|ERROR|13|FailedToDecryptConfigInformation: Dsn| RequestID = s_5836d64d-c2a8-4886-bb49-a93d40a7e5b9 
2019-12-05 19:53:04.5718|ERROR|13|FailedToDecryptConfigInformation: Dsn| RequestID = s_53e97b28-b86b-40ce-87c1-4ba5545d942f 
2019-12-05 19:53:14.6021|ERROR|13|FailedToDecryptConfigInformation: Dsn| RequestID = s_d7b4b632-4bfa-49a9-83d8-0a3de5e396b1 
2019-12-05 19:53:24.6344|ERROR|13|FailedToDecryptConfigInformation: Dsn| RequestID = s_79fbe7fe-36a9-4b14-b82d-ea2a94d36b78 
2019-12-05 19:53:34.6576|ERROR|13|FailedToDecryptConfigInformation: Dsn| RequestID = s_6de1bdc5-0704-4e64-a64e-c6d54828e6f3 
2019-12-05 19:53:44.6801|ERROR|23|FailedToDecryptConfigInformation: Dsn| RequestID = s_021aa1b7-2dbf-440f-aeff-342565c192f1 
2019-12-05 19:53:54.7116|ERROR|23|FailedToDecryptConfigInformation: Dsn| RequestID = s_d9e1c498-7762-4aa1-8a4e-4f9712a46054 
2019-12-05 19:54:04.7329|ERROR|22|FailedToDecryptConfigInformation: Dsn| RequestID = s_707058df-19cf-490d-bb21-16b27b328a95 
2019-12-05 19:54:14.7647|ERROR|22|FailedToDecryptConfigInformation: Dsn| RequestID = s_abf93eb9-279e-41c5-bcd4-bf43892072ba 
2019-12-05 19:54:24.7955|ERROR|21|FailedToDecryptConfigInformation: Dsn| RequestID = s_f3ab17b9-413b-4aec-b543-5f9a76262522 
2019-12-05 19:54:34.8185|ERROR|21|FailedToDecryptConfigInformation: Dsn| RequestID = s_0370d8f4-aec9-4ecb-9694-bb5a0080f48e 
2019-12-05 19:54:44.8473|ERROR|21|FailedToDecryptConfigInformation: Dsn| RequestID = s_7c9c1169-6f17-4bc0-868e-ec69940466ce 
2019-12-05 19:54:54.8781|ERROR|21|FailedToDecryptConfigInformation: Dsn| RequestID = s_91cb0a81-7867-4c01-966d-5f83ca4a7c3a 
2019-12-05 19:55:04.9201|ERROR|20|FailedToDecryptConfigInformation: Dsn| RequestID = s_5ca027e7-4b87-4136-9800-c9e4a613895e 
2019-12-05 19:55:14.9493|ERROR|20|FailedToDecryptConfigInformation: Dsn| RequestID = s_353aac90-e91a-4192-9258-4b769a96f427 
2019-12-05 19:55:24.9646|ERROR|20|FailedToDecryptConfigInformation: Dsn| RequestID = s_da3c8069-38c3-4699-a6d1-f6b77c73e6d4 
2019-12-05 19:55:34.9949|ERROR|24|FailedToDecryptConfigInformation: Dsn| RequestID = s_ad0dc202-aa6d-442e-b3ba-1c5fcf80ab6b 
2019-12-05 19:55:45.0242|ERROR|24|FailedToDecryptConfigInformation: Dsn| RequestID = s_063cd8f3-b4b2-4001-9c31-5434e564078b 
2019-12-05 19:55:55.0541|ERROR|24|FailedToDecryptConfigInformation: Dsn| RequestID = s_b95f955a-1400-44a5-97ba-62b06676e2f5 
2019-12-05 19:56:05.0765|ERROR|24|FailedToDecryptConfigInformation: Dsn| RequestID = s_aef3211a-0f5f-4ff0-bc5f-a9823901fc8d 
2019-12-05 19:56:15.1278|ERROR|24|FailedToDecryptConfigInformation: Dsn| RequestID = s_821c624a-293f-4796-9bbe-3a140c570015 
2019-12-05 19:56:25.1516|ERROR|24|FailedToDecryptConfigInformation: Dsn| RequestID = s_f78c0f98-3a6d-48dd-a2a6-3c6ceac08058 
2019-12-05 19:56:35.1869|ERROR|24|FailedToDecryptConfigInformation: Dsn| RequestID = s_4597edfa-4e96-4a2e-a93f-17ec7e38747d 
2019-12-05 19:56:45.2097|ERROR|8|FailedToDecryptConfigInformation: Dsn| RequestID = s_af4c8dc2-3d94-41f1-bddd-b7b49f9ce3ef 
2019-12-05 19:56:55.2310|ERROR|24|FailedToDecryptConfigInformation: Dsn| RequestID = s_acf543eb-5688-4ff5-b866-58a6740f6f92 
2019-12-05 19:57:05.2548|ERROR|24|FailedToDecryptConfigInformation: Dsn| RequestID = s_31d92019-8834-4e53-9d41-dadf25fe5afb 
2019-12-05 19:57:15.2711|ERROR|24|FailedToDecryptConfigInformation: Dsn| RequestID = s_03e0f1d6-5177-4599-8d15-93a9b66ab94d 
2019-12-05 19:57:25.3023|ERROR|24|FailedToDecryptConfigInformation: Dsn| RequestID = s_63a71a79-fd78-4ff1-bd45-f5ef1a18d558 
2019-12-05 19:57:35.3281|ERROR|11|FailedToDecryptConfigInformation: Dsn| RequestID = s_44f85f78-bf0c-4da3-aa93-55b671025ad7 
2019-12-05 19:57:45.3589|ERROR|11|FailedToDecryptConfigInformation: Dsn| RequestID = s_8774ea20-ffe7-4a0c-8918-cfddc6a57bb8 
2019-12-05 19:57:55.3866|ERROR|15|FailedToDecryptConfigInformation: Dsn| RequestID = s_9bf5b0e0-e6df-4362-a051-46a29459c25a 
2019-12-05 19:58:05.4188|ERROR|15|FailedToDecryptConfigInformation: Dsn| RequestID = s_f5dcfcfc-707f-40d9-a835-1f4c7b01069e 
2019-12-05 19:58:15.4756|ERROR|11|FailedToDecryptConfigInformation: Dsn| RequestID = s_beb3708e-5b84-4503-a8bd-89f87428e69e 
2019-12-05 19:58:25.5064|ERROR|11|FailedToDecryptConfigInformation: Dsn| RequestID = s_43f1a9f7-f80d-439d-9a8b-24479dbb372e 
2019-12-05 19:58:35.5387|ERROR|27|FailedToDecryptConfigInformation: Dsn| RequestID = s_8c258ebf-26f5-4eba-9046-fed283b7a887 
2019-12-05 19:58:45.5562|ERROR|27|FailedToDecryptConfigInformation: Dsn| RequestID = s_7c57c7bd-eb20-4141-baca-295c12015737 
2019-12-05 19:58:55.5752|ERROR|27|FailedToDecryptConfigInformation: Dsn| RequestID = s_029399ab-1e1f-4a05-9d8a-503a3fb33759 
2019-12-05 19:59:05.6221|ERROR|27|FailedToDecryptConfigInformation: Dsn| RequestID = s_88253509-f13d-44e3-87c0-37c3e742909e 
2019-12-05 19:59:15.6690|ERROR|27|FailedToDecryptConfigInformation: Dsn| RequestID = s_9a45f6fe-03c3-487b-b381-b3606eaf2348 
2019-12-05 19:59:25.7003|ERROR|27|FailedToDecryptConfigInformation: Dsn| RequestID = s_a0e40b24-7fe6-4e4c-ae16-607b5b894693 
2019-12-05 19:59:35.7160|ERROR|4|FailedToDecryptConfigInformation: Dsn| RequestID = s_49a54b3b-b2fb-480d-a847-c6d8904c824e 
2019-12-05 19:59:45.7316|ERROR|22|FailedToDecryptConfigInformation: Dsn| RequestID = s_104bccbb-795a-4403-a443-4d6ebe4cbaad 
2019-12-05 19:59:55.8254|ERROR|22|FailedToDecryptConfigInformation: Dsn| RequestID = s_e5dbeabc-d55d-4341-9d27-723d487385f1 
