2019-12-05 18:03:54.1022|ERROR|16|FailedToDecryptConfigInformation: Dsn| RequestID = s_520aea86-6065-4d32-9550-534315191b5e 
2019-12-05 18:04:04.1447|ERROR|16|FailedToDecryptConfigInformation: Dsn| RequestID = s_5cfa962e-c8d8-49b7-9768-87424c5fc622 
2019-12-05 18:04:14.1760|ERROR|16|FailedToDecryptConfigInformation: Dsn| RequestID = s_2bf1078d-c963-4f9e-b532-d828a9e316a8 
2019-12-05 18:04:24.2072|ERROR|16|FailedToDecryptConfigInformation: Dsn| RequestID = s_723c6d15-bb40-4c6f-9e85-d1b95e465a17 
2019-12-05 18:04:34.2385|ERROR|10|FailedToDecryptConfigInformation: Dsn| RequestID = s_57daa38b-d9dc-4950-b848-6b6dbc072e95 
2019-12-05 18:04:44.2542|ERROR|10|FailedToDecryptConfigInformation: Dsn| RequestID = s_73abf45b-4a05-460e-a412-6a1d685cb13a 
2019-12-05 18:04:54.2690|ERROR|17|FailedToDecryptConfigInformation: Dsn| RequestID = s_9054c913-8a1c-4003-bc77-7c6e6014d949 
2019-12-05 18:05:04.3871|ERROR|17|FailedToDecryptConfigInformation: Dsn| RequestID = s_07228f40-bdaa-4418-8ed7-17e9b718c1b1 
2019-12-05 18:05:14.4310|ERROR|17|FailedToDecryptConfigInformation: Dsn| RequestID = s_6ee84f81-9333-42aa-9fdd-92f62c135b47 
2019-12-05 18:05:24.4779|ERROR|17|FailedToDecryptConfigInformation: Dsn| RequestID = s_f6c5f7cc-45be-4e49-b1ee-da9e5a095997 
2019-12-05 18:05:34.5119|ERROR|10|FailedToDecryptConfigInformation: Dsn| RequestID = s_0248a1fe-3cdb-4d0f-b4b3-c19a3cee3835 
2019-12-05 18:05:44.5385|ERROR|10|FailedToDecryptConfigInformation: Dsn| RequestID = s_04fd34c1-bc47-4dcf-8fad-5b6b5afbcf17 
2019-12-05 18:05:54.5749|ERROR|13|FailedToDecryptConfigInformation: Dsn| RequestID = s_bfa4a7e4-87f5-4090-a4ba-90c6e114ba8c 
2019-12-05 18:06:04.6527|ERROR|13|FailedToDecryptConfigInformation: Dsn| RequestID = s_96af544c-84d4-4766-bd82-d4bd6086bb4c 
2019-12-05 18:06:14.6761|ERROR|22|FailedToDecryptConfigInformation: Dsn| RequestID = s_9645e99d-39cc-4200-8e37-311327ad7347 
2019-12-05 18:06:24.8784|ERROR|22|FailedToDecryptConfigInformation: Dsn| RequestID = s_d497344c-c973-4856-8762-7b769bce1651 
2019-12-05 18:06:34.9047|ERROR|22|FailedToDecryptConfigInformation: Dsn| RequestID = s_279076b8-9f20-4186-a104-771b31f9f93c 
2019-12-05 18:06:44.9270|ERROR|22|FailedToDecryptConfigInformation: Dsn| RequestID = s_e4dd2351-c54a-4fad-a0d1-2f3932e610a9 
2019-12-05 18:06:54.9589|ERROR|23|FailedToDecryptConfigInformation: Dsn| RequestID = s_35fcfef6-9ece-4a05-8174-45840bca24d2 
2019-12-05 18:07:04.9881|ERROR|22|FailedToDecryptConfigInformation: Dsn| RequestID = s_72fdef9f-a14a-403f-ae58-a750336935e9 
2019-12-05 18:07:15.0174|ERROR|22|FailedToDecryptConfigInformation: Dsn| RequestID = s_4e6375b1-06d0-405c-a124-baa2fa550816 
2019-12-05 18:07:25.0352|ERROR|22|FailedToDecryptConfigInformation: Dsn| RequestID = s_4625dacb-a58c-4d38-b5c6-3db91f08c61f 
2019-12-05 18:07:35.0626|ERROR|22|FailedToDecryptConfigInformation: Dsn| RequestID = s_175f3cf5-0596-4b96-9c12-46d7d77d87e7 
2019-12-05 18:07:45.1439|ERROR|22|FailedToDecryptConfigInformation: Dsn| RequestID = s_db4944d4-bba4-4640-b372-2f1caf805d56 
2019-12-05 18:07:55.1757|ERROR|22|FailedToDecryptConfigInformation: Dsn| RequestID = s_624c9936-b5a3-4afe-b161-5bd2c85f7317 
2019-12-05 18:08:05.2019|ERROR|22|FailedToDecryptConfigInformation: Dsn| RequestID = s_bfcb195f-bbb4-4d08-a2ce-1378341b37ac 
2019-12-05 18:08:15.2377|ERROR|22|FailedToDecryptConfigInformation: Dsn| RequestID = s_fe35c9e5-0000-402b-93ec-f9bad8c1290c 
2019-12-05 18:08:25.2615|ERROR|22|FailedToDecryptConfigInformation: Dsn| RequestID = s_9a639214-4386-456d-addb-4022cf9e8581 
2019-12-05 18:08:35.3028|ERROR|22|FailedToDecryptConfigInformation: Dsn| RequestID = s_1df1dd1b-4442-44d7-8a2d-89e9a9a9d41d 
2019-12-05 18:08:45.3206|ERROR|22|FailedToDecryptConfigInformation: Dsn| RequestID = s_4643709d-ff76-4644-9a8d-8c736cde583d 
2019-12-05 18:08:55.3679|ERROR|22|FailedToDecryptConfigInformation: Dsn| RequestID = s_b17c93cd-b9be-41a2-aee7-a4a3bda1a898 
2019-12-05 18:09:05.3962|ERROR|22|FailedToDecryptConfigInformation: Dsn| RequestID = s_6ec7f83e-4db3-4a2d-a795-47b3f1c5a0b1 
2019-12-05 18:09:15.4110|ERROR|22|FailedToDecryptConfigInformation: Dsn| RequestID = s_40200cd4-193a-43bb-aa85-5e681df568a3 
2019-12-05 18:09:25.4658|ERROR|22|FailedToDecryptConfigInformation: Dsn| RequestID = s_cbe5009e-e0c9-46b8-9f5d-fd8338b73dcc 
2019-12-05 18:09:35.4986|ERROR|22|FailedToDecryptConfigInformation: Dsn| RequestID = s_200ce5e9-35b0-4b7d-9979-4f7fb47d7997 
2019-12-05 18:09:45.5206|ERROR|22|FailedToDecryptConfigInformation: Dsn| RequestID = s_0d58407a-c822-47ab-b696-d698742f823c 
2019-12-05 18:09:55.5619|ERROR|22|FailedToDecryptConfigInformation: Dsn| RequestID = s_7fd4bf8d-12b4-4723-852b-9fcf77c117d3 
2019-12-05 18:10:05.5987|ERROR|22|FailedToDecryptConfigInformation: Dsn| RequestID = s_a62523f2-0b0b-4652-97c5-a40fedc7d3a1 
2019-12-05 18:10:15.6415|ERROR|22|FailedToDecryptConfigInformation: Dsn| RequestID = s_cb6fa39d-a39f-4599-88cb-955b2e2f8ad5 
2019-12-05 18:10:25.6678|ERROR|22|FailedToDecryptConfigInformation: Dsn| RequestID = s_be3ef453-c820-4f9a-a571-25a2d585f0b5 
2019-12-05 18:10:35.6967|ERROR|22|FailedToDecryptConfigInformation: Dsn| RequestID = s_676c6cb0-6df1-45d1-8d65-87c40b48e05e 
2019-12-05 18:10:45.7125|ERROR|16|FailedToDecryptConfigInformation: Dsn| RequestID = s_2e75b767-6598-4c91-93b6-5401e2bd38d9 
2019-12-05 18:10:55.7525|ERROR|16|FailedToDecryptConfigInformation: Dsn| RequestID = s_fd57922d-c01d-4c34-96c7-f137ff5f17f7 
2019-12-05 18:11:05.7783|ERROR|16|FailedToDecryptConfigInformation: Dsn| RequestID = s_9622dac1-a0b1-4ace-90b8-08d260ea4672 
2019-12-05 18:11:15.8171|ERROR|16|FailedToDecryptConfigInformation: Dsn| RequestID = s_bac4a5e6-2657-466a-ac1a-b5392c29fada 
2019-12-05 18:11:25.8574|ERROR|16|FailedToDecryptConfigInformation: Dsn| RequestID = s_d82fe55e-49fa-493f-8124-d12fe3359a97 
2019-12-05 18:11:35.8812|ERROR|21|FailedToDecryptConfigInformation: Dsn| RequestID = s_e298d044-293f-4a3b-8708-aeba6f0c778e 
2019-12-05 18:11:45.9315|ERROR|16|FailedToDecryptConfigInformation: Dsn| RequestID = s_25a3747d-e105-4963-9264-1c94f46262b1 
2019-12-05 18:11:55.9683|ERROR|21|FailedToDecryptConfigInformation: Dsn| RequestID = s_5fcb4a3c-7132-49c0-8f35-782817275f7b 
2019-12-05 18:12:06.0136|ERROR|16|FailedToDecryptConfigInformation: Dsn| RequestID = s_5f7ffcba-d8bb-43b3-b3da-f395e6fd745a 
2019-12-05 18:12:16.0479|ERROR|16|FailedToDecryptConfigInformation: Dsn| RequestID = s_40692887-0f44-468a-89da-f1dbb0f67b5e 
2019-12-05 18:12:26.0647|ERROR|21|FailedToDecryptConfigInformation: Dsn| RequestID = s_64edbe4f-2148-4fa8-9503-15181b2d380e 
2019-12-05 18:12:36.0840|ERROR|21|FailedToDecryptConfigInformation: Dsn| RequestID = s_060fd886-852a-4cf7-bf63-1291373b1671 
2019-12-05 18:12:46.1153|ERROR|21|FailedToDecryptConfigInformation: Dsn| RequestID = s_11aab2d8-a866-4c7f-974f-783fba60ce4c 
2019-12-05 18:12:56.1351|ERROR|21|FailedToDecryptConfigInformation: Dsn| RequestID = s_8ccf4f3e-9539-489f-ada1-1201363aa2e1 
2019-12-05 18:13:06.1554|ERROR|21|FailedToDecryptConfigInformation: Dsn| RequestID = s_965e60c3-ff28-4e16-8f0c-fd66a709aa8d 
2019-12-05 18:13:16.1796|ERROR|21|FailedToDecryptConfigInformation: Dsn| RequestID = s_1ebbe1d6-0254-4ad5-acd6-21eb0c535ad6 
2019-12-05 18:13:26.2394|ERROR|21|FailedToDecryptConfigInformation: Dsn| RequestID = s_f83b5f42-6af9-4e2a-89f3-b34c4010e710 
2019-12-05 18:13:36.3168|ERROR|21|FailedToDecryptConfigInformation: Dsn| RequestID = s_1aea301a-0153-4da9-8c51-f640d24644f2 
2019-12-05 18:13:46.3530|ERROR|21|FailedToDecryptConfigInformation: Dsn| RequestID = s_cd0f858e-f27d-45b1-bbb4-a0e813065659 
2019-12-05 18:13:56.3779|ERROR|21|FailedToDecryptConfigInformation: Dsn| RequestID = s_23361fe8-4a94-4f47-8748-76b37fe609cb 
2019-12-05 18:14:06.5067|ERROR|24|FailedToDecryptConfigInformation: Dsn| RequestID = s_2feb68f9-930a-446f-abbf-909a7eab5b11 
2019-12-05 18:14:16.5380|ERROR|21|FailedToDecryptConfigInformation: Dsn| RequestID = s_222711e4-dd1f-4d82-885e-566b3454117b 
2019-12-05 18:14:26.5788|ERROR|21|FailedToDecryptConfigInformation: Dsn| RequestID = s_395a3b66-3c49-48cf-b6f9-a57873f8b30e 
2019-12-05 18:14:36.5980|ERROR|21|FailedToDecryptConfigInformation: Dsn| RequestID = s_94a8044e-d6d5-45be-84bb-e33530e985e2 
2019-12-05 18:14:46.6788|ERROR|21|FailedToDecryptConfigInformation: Dsn| RequestID = s_d6a30943-ee01-49b5-87b9-1a16606250c2 
2019-12-05 18:14:56.7151|ERROR|24|FailedToDecryptConfigInformation: Dsn| RequestID = s_e0e3be89-06f3-4193-a171-2bdc18550c09 
2019-12-05 18:15:06.7489|ERROR|24|FailedToDecryptConfigInformation: Dsn| RequestID = s_a3be888e-6b11-412d-ba6d-64ece3a2ba07 
2019-12-05 18:15:16.7962|ERROR|24|FailedToDecryptConfigInformation: Dsn| RequestID = s_32e5abf9-ec11-422a-8cbf-7806bd90947d 
2019-12-05 18:15:26.8520|ERROR|24|FailedToDecryptConfigInformation: Dsn| RequestID = s_b675c42e-3646-4c71-927e-ebbee78ff7cf 
2019-12-05 18:15:36.8708|ERROR|24|FailedToDecryptConfigInformation: Dsn| RequestID = s_ace548ae-a948-4d7c-8240-85e83e68282f 
2019-12-05 18:15:46.9015|ERROR|24|FailedToDecryptConfigInformation: Dsn| RequestID = s_036f5e0f-d4a4-48e5-9c95-1d8e8dcf9b8f 
2019-12-05 18:15:56.9423|ERROR|24|FailedToDecryptConfigInformation: Dsn| RequestID = s_5daafd53-c675-4405-8e0c-b2a01865811b 
2019-12-05 18:16:06.9826|ERROR|24|FailedToDecryptConfigInformation: Dsn| RequestID = s_4d442e1b-5a58-40d0-a418-6c82d8e39d47 
2019-12-05 18:16:17.0159|ERROR|24|FailedToDecryptConfigInformation: Dsn| RequestID = s_23c365eb-1b85-47a8-9964-132687bb6656 
2019-12-05 18:16:27.0662|ERROR|24|FailedToDecryptConfigInformation: Dsn| RequestID = s_403087ad-4476-4efe-bf7c-6bdab2f27586 
2019-12-05 18:16:37.1210|ERROR|24|FailedToDecryptConfigInformation: Dsn| RequestID = s_09102759-44a0-4052-9366-cba58db78201 
2019-12-05 18:16:47.1448|ERROR|17|FailedToDecryptConfigInformation: Dsn| RequestID = s_d2e57b9b-4196-4368-a8dd-132aea263dd6 
2019-12-05 18:16:57.1831|ERROR|17|FailedToDecryptConfigInformation: Dsn| RequestID = s_435d5b02-8c16-48a6-9744-da085f8fdc38 
2019-12-05 18:17:07.2804|ERROR|17|FailedToDecryptConfigInformation: Dsn| RequestID = s_2bb7ce27-d599-4888-a645-18f857883294 
2019-12-05 18:17:17.2977|ERROR|17|FailedToDecryptConfigInformation: Dsn| RequestID = s_bc1c8d7a-0541-431e-b9b3-cda8c0947b36 
2019-12-05 18:17:27.3200|ERROR|15|FailedToDecryptConfigInformation: Dsn| RequestID = s_07e202e1-8c87-4cde-9981-74709d607d23 
2019-12-05 18:17:37.3392|ERROR|15|FailedToDecryptConfigInformation: Dsn| RequestID = s_99e57cd7-7d01-40fe-9145-91308dc04348 
2019-12-05 18:17:47.3630|ERROR|15|FailedToDecryptConfigInformation: Dsn| RequestID = s_22bcf3aa-c15a-4670-852a-52543b88a49e 
2019-12-05 18:17:57.3828|ERROR|15|FailedToDecryptConfigInformation: Dsn| RequestID = s_4fe21553-d47e-45f6-8101-05df3baf5c7b 
2019-12-05 18:18:07.4461|ERROR|15|FailedToDecryptConfigInformation: Dsn| RequestID = s_d91ecf97-47c5-4831-9420-8c1874f6fa20 
2019-12-05 18:18:17.4829|ERROR|15|FailedToDecryptConfigInformation: Dsn| RequestID = s_094e3223-9e79-4b90-ba00-b7a7f1c7ca47 
2019-12-05 18:18:27.5622|ERROR|15|FailedToDecryptConfigInformation: Dsn| RequestID = s_d48ae613-92ae-4858-bc6c-b9a41acbed61 
2019-12-05 18:18:37.6015|ERROR|15|FailedToDecryptConfigInformation: Dsn| RequestID = s_9c1a8aeb-01b8-4702-a262-21cb607dfebf 
2019-12-05 18:18:47.6368|ERROR|15|FailedToDecryptConfigInformation: Dsn| RequestID = s_a64ae7f5-53d3-444c-9a24-5c860e8e2c70 
2019-12-05 18:18:57.6961|ERROR|15|FailedToDecryptConfigInformation: Dsn| RequestID = s_3b2ca943-01e2-4e56-9ea5-fb82c03958df 
2019-12-05 18:19:07.7154|ERROR|15|FailedToDecryptConfigInformation: Dsn| RequestID = s_2e12a3aa-4a90-495c-a95a-747ee0441552 
2019-12-05 18:19:17.8312|ERROR|8|FailedToDecryptConfigInformation: Dsn| RequestID = s_f7a8b06d-f211-4df2-ae7e-71ad4ebb2fd5 
2019-12-05 18:19:27.8725|ERROR|15|FailedToDecryptConfigInformation: Dsn| RequestID = s_b64675fa-48fc-4376-b0d4-ac01677f572d 
2019-12-05 18:19:37.9268|ERROR|15|FailedToDecryptConfigInformation: Dsn| RequestID = s_efb74107-5c5a-49db-a670-6ead8f84483d 
2019-12-05 18:19:47.9751|ERROR|8|FailedToDecryptConfigInformation: Dsn| RequestID = s_2d7ca215-592f-47d2-96ba-d2a9decd849a 
2019-12-05 18:19:58.0003|ERROR|8|FailedToDecryptConfigInformation: Dsn| RequestID = s_59000e59-7aee-48c2-a3c6-2dbba5d19c9f 
2019-12-05 18:20:08.0641|ERROR|8|FailedToDecryptConfigInformation: Dsn| RequestID = s_69dafdcd-c446-4036-b0b6-8282a9d26cbc 
2019-12-05 18:20:18.1559|ERROR|8|FailedToDecryptConfigInformation: Dsn| RequestID = s_79f92af7-f24e-46e6-b86b-7d0f61a72f10 
2019-12-05 18:20:28.2007|ERROR|15|FailedToDecryptConfigInformation: Dsn| RequestID = s_127f1795-4cd6-4bd7-8f6d-4096d4fa37fb 
2019-12-05 18:20:38.2530|ERROR|15|FailedToDecryptConfigInformation: Dsn| RequestID = s_38bed8cb-1c6c-4ac3-bf2e-0d9d38beff6b 
2019-12-05 18:20:48.3388|ERROR|8|FailedToDecryptConfigInformation: Dsn| RequestID = s_8ade198a-3993-4099-92e5-28431b9656c3 
2019-12-05 18:20:58.3661|ERROR|8|FailedToDecryptConfigInformation: Dsn| RequestID = s_682aa181-dde0-4286-9db3-83fef51fda4b 
2019-12-05 18:21:08.4119|ERROR|8|FailedToDecryptConfigInformation: Dsn| RequestID = s_7a8ee216-6a32-4b22-8590-9cedc3931e79 
2019-12-05 18:21:18.4357|ERROR|8|FailedToDecryptConfigInformation: Dsn| RequestID = s_90ac028e-a086-44ce-b8df-929d1d56ccd8 
2019-12-05 18:21:28.4615|ERROR|15|FailedToDecryptConfigInformation: Dsn| RequestID = s_baa2ddf9-8293-4f2f-8bf9-09a5c5809bd8 
2019-12-05 18:21:38.5013|ERROR|15|FailedToDecryptConfigInformation: Dsn| RequestID = s_250d07b9-63b9-4aae-9b23-460f41cd0a0b 
2019-12-05 18:21:48.5286|ERROR|15|FailedToDecryptConfigInformation: Dsn| RequestID = s_09f4b00e-c742-4191-8422-cc5ad4c4438b 
2019-12-05 18:21:58.5493|ERROR|15|FailedToDecryptConfigInformation: Dsn| RequestID = s_0f4e426d-cf7c-403f-b77d-2b7118d4c607 
2019-12-05 18:22:08.5706|ERROR|15|FailedToDecryptConfigInformation: Dsn| RequestID = s_76efac2a-d0dd-43f8-8817-1aecc678fe2f 
2019-12-05 18:22:18.6009|ERROR|8|FailedToDecryptConfigInformation: Dsn| RequestID = s_59c4f86f-f4cb-4e05-8827-a91d797091b0 
2019-12-05 18:22:28.6207|ERROR|8|FailedToDecryptConfigInformation: Dsn| RequestID = s_ef51df40-6c91-4f8e-a425-2be83250ed26 
2019-12-05 18:22:38.6455|ERROR|8|FailedToDecryptConfigInformation: Dsn| RequestID = s_555fbed4-c2a3-44e3-8fa0-6d908bfea369 
2019-12-05 18:22:48.6663|ERROR|8|FailedToDecryptConfigInformation: Dsn| RequestID = s_404d4541-f529-4686-8004-5ca144017483 
2019-12-05 18:22:58.7011|ERROR|8|FailedToDecryptConfigInformation: Dsn| RequestID = s_a0f077e4-ad90-48be-8af1-269213db39ba 
2019-12-05 18:23:08.7199|ERROR|23|FailedToDecryptConfigInformation: Dsn| RequestID = s_bd94933f-afb2-450a-b45b-051e80165691 
2019-12-05 18:23:18.7596|ERROR|23|FailedToDecryptConfigInformation: Dsn| RequestID = s_ce940dbd-6c07-45a4-84a2-93ccc4eddd6f 
2019-12-05 18:23:28.7809|ERROR|23|FailedToDecryptConfigInformation: Dsn| RequestID = s_6b121626-1290-458b-8dcd-32fe5ba1f263 
2019-12-05 18:23:38.8072|ERROR|8|FailedToDecryptConfigInformation: Dsn| RequestID = s_0454f91e-def5-4907-987d-c49040d7fae1 
2019-12-05 18:23:48.8305|ERROR|8|FailedToDecryptConfigInformation: Dsn| RequestID = s_405cbde6-2efd-4209-932e-688d664a73bf 
2019-12-05 18:23:58.8509|ERROR|19|FailedToDecryptConfigInformation: Dsn| RequestID = s_079ed2b6-ca6e-497f-b024-1c4ce0e08e29 
2019-12-05 18:24:08.8822|ERROR|19|FailedToDecryptConfigInformation: Dsn| RequestID = s_1526f416-2e19-4441-9bb4-762e8750f831 
2019-12-05 18:24:18.8979|ERROR|9|FailedToDecryptConfigInformation: Dsn| RequestID = s_72ce0a1a-a883-4cf3-8f7c-2c4f0d98fd39 
2019-12-05 18:24:28.9135|ERROR|9|FailedToDecryptConfigInformation: Dsn| RequestID = s_5c662baa-53ff-43ec-9509-5c808c4b14f0 
2019-12-05 18:24:38.9292|ERROR|7|FailedToDecryptConfigInformation: Dsn| RequestID = s_4a94e082-368e-445c-aec5-d47c0a8a3224 
2019-12-05 18:24:48.9448|ERROR|7|FailedToDecryptConfigInformation: Dsn| RequestID = s_cdaeb0e5-a1ed-4a77-86ce-bb9dca433d8d 
2019-12-05 18:24:58.9605|ERROR|18|FailedToDecryptConfigInformation: Dsn| RequestID = s_bac97917-5a78-4ea3-84f9-cbbe7a85e91b 
2019-12-05 18:25:08.9761|ERROR|18|FailedToDecryptConfigInformation: Dsn| RequestID = s_d4600426-fddf-4cda-a715-3c076b927eb8 
2019-12-05 18:25:18.9918|ERROR|22|FailedToDecryptConfigInformation: Dsn| RequestID = s_e4a02e23-22cf-4fb1-ac06-808228a30551 
2019-12-05 18:25:29.0231|ERROR|22|FailedToDecryptConfigInformation: Dsn| RequestID = s_c397e82a-39d9-4e48-bb2f-070baf042ffb 
2019-12-05 18:25:39.0543|ERROR|6|FailedToDecryptConfigInformation: Dsn| RequestID = s_5824cde8-1454-4ed0-a0d1-d05186e2445f 
2019-12-05 18:25:49.0700|ERROR|6|FailedToDecryptConfigInformation: Dsn| RequestID = s_267ee1f7-e733-4ed4-b071-36feff77aa39 
2019-12-05 18:25:59.0856|ERROR|4|FailedToDecryptConfigInformation: Dsn| RequestID = s_a27b7020-5385-4044-a9f1-79d786025484 
2019-12-05 18:26:09.1169|ERROR|4|FailedToDecryptConfigInformation: Dsn| RequestID = s_4f034ddf-ab5f-47b4-badb-b54d7f3d89c4 
2019-12-05 18:26:19.1326|ERROR|4|FailedToDecryptConfigInformation: Dsn| RequestID = s_8d9062e9-8c3f-4d29-b465-9e8ee65b345e 
2019-12-05 18:26:29.1482|ERROR|4|FailedToDecryptConfigInformation: Dsn| RequestID = s_fe7044cb-6bac-4c4a-bb8c-c44cd0d9bab7 
2019-12-05 18:26:39.1639|ERROR|25|FailedToDecryptConfigInformation: Dsn| RequestID = s_3627c2a1-f121-4254-ac2f-bde60de096be 
2019-12-05 18:26:49.1795|ERROR|25|FailedToDecryptConfigInformation: Dsn| RequestID = s_7dd583ab-1e2d-4eb5-bcc9-1105511599e7 
2019-12-05 18:26:59.1952|ERROR|26|FailedToDecryptConfigInformation: Dsn| RequestID = s_3af8766a-f7b9-4e2d-ace5-446ebfbcd1ce 
2019-12-05 18:27:09.2108|ERROR|26|FailedToDecryptConfigInformation: Dsn| RequestID = s_10fbf60e-9337-42e9-bfda-f16c88bdc306 
2019-12-05 18:27:19.2265|ERROR|27|FailedToDecryptConfigInformation: Dsn| RequestID = s_30c3d36e-c2d5-4a67-8095-68c95efdeb8b 
2019-12-05 18:27:29.2422|ERROR|27|FailedToDecryptConfigInformation: Dsn| RequestID = s_eaa2dfa2-97a6-465a-8267-5e72976786d7 
2019-12-05 18:27:39.2578|ERROR|28|FailedToDecryptConfigInformation: Dsn| RequestID = s_ae56c521-68f7-4af5-99aa-c8165752e29b 
2019-12-05 18:27:49.2735|ERROR|28|FailedToDecryptConfigInformation: Dsn| RequestID = s_ad99f80b-33c7-41c2-95e0-2cd9b18abf30 
2019-12-05 18:27:59.2891|ERROR|9|FailedToDecryptConfigInformation: Dsn| RequestID = s_27639997-d1b2-418b-a548-8504f71cb8cd 
2019-12-05 18:28:09.3204|ERROR|9|FailedToDecryptConfigInformation: Dsn| RequestID = s_e8362e52-42ba-433f-996a-2716bd2286d1 
2019-12-05 18:28:19.3361|ERROR|9|FailedToDecryptConfigInformation: Dsn| RequestID = s_f19588b2-e97d-4be8-a02e-c972e9b99735 
2019-12-05 18:28:29.3673|ERROR|19|FailedToDecryptConfigInformation: Dsn| RequestID = s_c60ff285-3d39-4a9a-9692-336233bccd9f 
2019-12-05 18:28:39.3830|ERROR|19|FailedToDecryptConfigInformation: Dsn| RequestID = s_6ff8b3b6-01a8-4670-8d37-b9854d0358ae 
2019-12-05 18:28:49.3986|ERROR|19|FailedToDecryptConfigInformation: Dsn| RequestID = s_c9b0812b-e93a-4cea-92fd-21a0f0f1021b 
2019-12-05 18:28:59.4299|ERROR|23|FailedToDecryptConfigInformation: Dsn| RequestID = s_92736191-f932-49fb-892c-98d18834ebaf 
2019-12-05 18:29:09.4456|ERROR|23|FailedToDecryptConfigInformation: Dsn| RequestID = s_8d191161-48e4-41da-90e1-b5cf94fa7a6d 
2019-12-05 18:29:19.4641|ERROR|29|FailedToDecryptConfigInformation: Dsn| RequestID = s_14141cc3-9f94-41e8-83ea-df1e24f15d4b 
2019-12-05 18:29:29.4901|ERROR|29|FailedToDecryptConfigInformation: Dsn| RequestID = s_6cb93905-9ef9-4390-bbd7-1a827fed1fdc 
2019-12-05 18:29:39.5160|ERROR|29|FailedToDecryptConfigInformation: Dsn| RequestID = s_fa0fb179-fc34-447b-b192-1ebc39088e44 
2019-12-05 18:29:49.5480|ERROR|30|FailedToDecryptConfigInformation: Dsn| RequestID = s_15745f50-94e8-4302-a926-fbee95f63a84 
2019-12-05 18:29:59.5672|ERROR|30|FailedToDecryptConfigInformation: Dsn| RequestID = s_5f3a859a-01cc-4b27-aae4-537114a95190 
2019-12-05 18:30:09.5873|ERROR|31|FailedToDecryptConfigInformation: Dsn| RequestID = s_39e93fd2-67a4-4c65-ab02-4f558d066f08 
2019-12-05 18:30:19.6025|ERROR|31|FailedToDecryptConfigInformation: Dsn| RequestID = s_5791e399-8ab8-486a-8397-fec8cb1e6caa 
2019-12-05 18:30:29.6189|ERROR|32|FailedToDecryptConfigInformation: Dsn| RequestID = s_719d357d-cc35-4b6c-b48b-5d4761a1d2a7 
2019-12-05 18:30:39.6485|ERROR|32|FailedToDecryptConfigInformation: Dsn| RequestID = s_25d94363-7ff9-4bb4-b949-9925fd893023 
2019-12-05 18:30:49.6647|ERROR|26|FailedToDecryptConfigInformation: Dsn| RequestID = s_4291adb0-b0ee-4fa5-bca3-bd51fb5e8fd7 
2019-12-05 18:30:59.7030|ERROR|26|FailedToDecryptConfigInformation: Dsn| RequestID = s_9f5c4ea9-daec-4947-8641-043b7254be65 
2019-12-05 18:31:09.7297|ERROR|25|FailedToDecryptConfigInformation: Dsn| RequestID = s_b9dc499f-7d35-42a6-bc98-0f1206d75141 
2019-12-05 18:31:19.7569|ERROR|25|FailedToDecryptConfigInformation: Dsn| RequestID = s_2cb78351-947e-48df-a7ec-5fdb747db61c 
2019-12-05 18:31:29.7777|ERROR|25|FailedToDecryptConfigInformation: Dsn| RequestID = s_bf8298de-c97e-49e3-b498-2b1623735eae 
2019-12-05 18:31:39.8046|ERROR|25|FailedToDecryptConfigInformation: Dsn| RequestID = s_1442fac9-d56d-472a-9db6-098f9af5cc51 
2019-12-05 18:31:49.8266|ERROR|25|FailedToDecryptConfigInformation: Dsn| RequestID = s_0d75961d-821b-44b0-b873-ec3b3550828a 
2019-12-05 18:31:59.8441|ERROR|6|FailedToDecryptConfigInformation: Dsn| RequestID = s_7245fa57-488d-449a-8cc4-a95f1369956c 
2019-12-05 18:32:09.8766|ERROR|6|FailedToDecryptConfigInformation: Dsn| RequestID = s_30b1353c-01d4-4d6b-833e-0fec168aa262 
2019-12-05 18:32:19.8940|ERROR|22|FailedToDecryptConfigInformation: Dsn| RequestID = s_b55aa04c-f1ce-437a-8143-e60c8440d9ce 
2019-12-05 18:32:29.9163|ERROR|22|FailedToDecryptConfigInformation: Dsn| RequestID = s_140a3b86-1226-4b64-af79-11445343163c 
2019-12-05 18:32:39.9471|ERROR|22|FailedToDecryptConfigInformation: Dsn| RequestID = s_8b0a7fd9-fb7b-4489-9586-40ec4c65f1f6 
2019-12-05 18:32:49.9959|ERROR|22|FailedToDecryptConfigInformation: Dsn| RequestID = s_da6dd5b9-5297-45d6-814f-00ce71cc7639 
2019-12-05 18:33:00.0387|ERROR|22|FailedToDecryptConfigInformation: Dsn| RequestID = s_eedf0103-6cb5-4b2f-a35d-740531fa262e 
2019-12-05 18:33:10.0910|ERROR|22|FailedToDecryptConfigInformation: Dsn| RequestID = s_7deeb6fc-533b-4711-a368-6dc5bb736601 
2019-12-05 18:33:20.1192|ERROR|22|FailedToDecryptConfigInformation: Dsn| RequestID = s_07325da8-c361-4298-8796-7ce382506825 
2019-12-05 18:33:30.1542|ERROR|22|FailedToDecryptConfigInformation: Dsn| RequestID = s_f34a0442-4576-4274-83e4-4a2b8c688e0d 
2019-12-05 18:33:40.1841|ERROR|8|FailedToDecryptConfigInformation: Dsn| RequestID = s_3e637cda-dc00-4d40-86e8-5cb808086669 
2019-12-05 18:33:50.2066|ERROR|8|FailedToDecryptConfigInformation: Dsn| RequestID = s_df424bdc-4843-40a0-894b-2b064519a008 
2019-12-05 18:34:00.3145|ERROR|22|FailedToDecryptConfigInformation: Dsn| RequestID = s_50406fc1-1343-4687-adfb-0c24cf0b2d02 
2019-12-05 18:34:10.3497|ERROR|22|FailedToDecryptConfigInformation: Dsn| RequestID = s_3037f528-ffc4-4d9c-8eaf-2a941d00efab 
2019-12-05 18:34:20.3760|ERROR|8|FailedToDecryptConfigInformation: Dsn| RequestID = s_2de4342c-0a53-4f9d-98e8-4a336983e0c1 
2019-12-05 18:34:30.3997|ERROR|22|FailedToDecryptConfigInformation: Dsn| RequestID = s_3844bbfe-9af1-4dfa-8e28-0d7bda0a6fb0 
2019-12-05 18:34:40.4445|ERROR|22|FailedToDecryptConfigInformation: Dsn| RequestID = s_f36a2f02-0580-4950-b913-a464f2572850 
2019-12-05 18:34:50.4783|ERROR|22|FailedToDecryptConfigInformation: Dsn| RequestID = s_1c6fe3f5-0485-416d-89fb-84af34fa3d37 
2019-12-05 18:35:00.5322|ERROR|8|FailedToDecryptConfigInformation: Dsn| RequestID = s_2e9a79ec-8e84-4b92-b3bc-fa9f4de98274 
2019-12-05 18:35:10.5630|ERROR|8|FailedToDecryptConfigInformation: Dsn| RequestID = s_dfdabfe4-ea48-42f5-94cd-9293524ba632 
2019-12-05 18:35:20.5913|ERROR|8|FailedToDecryptConfigInformation: Dsn| RequestID = s_bc6d6610-6a13-4e85-8419-b170882bdb24 
2019-12-05 18:35:30.6247|ERROR|8|FailedToDecryptConfigInformation: Dsn| RequestID = s_db87872c-a003-4531-8622-139c3104d6f7 
2019-12-05 18:35:40.6635|ERROR|23|FailedToDecryptConfigInformation: Dsn| RequestID = s_03de6afa-9ed7-4180-8058-93ceac5d61ee 
2019-12-05 18:35:50.6881|ERROR|8|FailedToDecryptConfigInformation: Dsn| RequestID = s_fc2d4e48-3cd6-421e-b935-ab275f8bcb55 
2019-12-05 18:36:00.7304|ERROR|8|FailedToDecryptConfigInformation: Dsn| RequestID = s_2aefc834-45e2-446d-93e3-3dad97da8da9 
2019-12-05 18:36:10.7662|ERROR|8|FailedToDecryptConfigInformation: Dsn| RequestID = s_141eae59-ee4e-4d23-9304-d1665ca7577f 
2019-12-05 18:36:20.8570|ERROR|8|FailedToDecryptConfigInformation: Dsn| RequestID = s_13a4d36d-aa8e-4810-9fda-99b1712c1b0d 
2019-12-05 18:36:30.8908|ERROR|8|FailedToDecryptConfigInformation: Dsn| RequestID = s_7d1c6dd1-1cc5-4eab-986e-38686bb58c44 
2019-12-05 18:36:40.9416|ERROR|8|FailedToDecryptConfigInformation: Dsn| RequestID = s_d2de5d03-eac8-442a-8315-864605275264 
2019-12-05 18:36:50.9788|ERROR|23|FailedToDecryptConfigInformation: Dsn| RequestID = s_bcaa246e-5e07-4b3a-ac5e-68669ee3641d 
2019-12-05 18:37:01.0033|ERROR|23|FailedToDecryptConfigInformation: Dsn| RequestID = s_4bbb72a8-f8bd-48f6-89ca-65007d73e7a0 
2019-12-05 18:37:11.0283|ERROR|23|FailedToDecryptConfigInformation: Dsn| RequestID = s_fdce4970-8aeb-4420-a1b9-06391d429e7e 
2019-12-05 18:37:21.0671|ERROR|23|FailedToDecryptConfigInformation: Dsn| RequestID = s_efb7b572-0541-432c-b3ed-efaa3265558a 
2019-12-05 18:37:31.1039|ERROR|23|FailedToDecryptConfigInformation: Dsn| RequestID = s_07692d53-21cc-48cf-9fc2-f823fb5881b9 
2019-12-05 18:37:41.1447|ERROR|23|FailedToDecryptConfigInformation: Dsn| RequestID = s_4d4b25e9-5893-4301-9cd5-89e3ebf59e9f 
2019-12-05 18:37:51.2195|ERROR|4|FailedToDecryptConfigInformation: Dsn| RequestID = s_761a5dce-54e5-43ec-91a0-89c7e4b74ea2 
2019-12-05 18:38:01.2724|ERROR|4|FailedToDecryptConfigInformation: Dsn| RequestID = s_8e17aa27-3fbc-42ee-b803-4988147d3fb9 
2019-12-05 18:38:11.3068|ERROR|23|FailedToDecryptConfigInformation: Dsn| RequestID = s_6150a9ff-846e-42bf-9e64-69dcfad94aeb 
2019-12-05 18:38:21.3751|ERROR|23|FailedToDecryptConfigInformation: Dsn| RequestID = s_ddf12b09-a89a-48a1-afbf-4b05590cef56 
2019-12-05 18:38:31.4330|ERROR|23|FailedToDecryptConfigInformation: Dsn| RequestID = s_87939ed1-89d3-45f3-9c3c-cfa877c50798 
2019-12-05 18:38:41.4718|ERROR|23|FailedToDecryptConfigInformation: Dsn| RequestID = s_b7cd78d0-9310-460b-9de0-7e2409e4bd1e 
2019-12-05 18:38:51.5131|ERROR|30|FailedToDecryptConfigInformation: Dsn| RequestID = s_fdfbad92-33b1-4589-a971-4c3b83fb0ec9 
2019-12-05 18:39:01.5701|ERROR|30|FailedToDecryptConfigInformation: Dsn| RequestID = s_a3359f7f-8650-40a7-b312-c892f3c3e0d3 
2019-12-05 18:39:11.6098|ERROR|30|FailedToDecryptConfigInformation: Dsn| RequestID = s_fd098e41-4882-4c37-90a1-e7a50cd87ee4 
2019-12-05 18:39:21.6437|ERROR|30|FailedToDecryptConfigInformation: Dsn| RequestID = s_f643d2d7-bf69-4b71-b232-b05a9285aee4 
2019-12-05 18:39:31.6885|ERROR|19|FailedToDecryptConfigInformation: Dsn| RequestID = s_360cf09c-c525-4906-8815-110583475f61 
2019-12-05 18:39:41.7462|ERROR|19|FailedToDecryptConfigInformation: Dsn| RequestID = s_4b228543-3401-455e-be24-a96af1b44e8e 
2019-12-05 18:39:51.7707|ERROR|19|FailedToDecryptConfigInformation: Dsn| RequestID = s_ec5c7a72-dbad-451f-af47-0205ad6f256a 
2019-12-05 18:40:01.7948|ERROR|19|FailedToDecryptConfigInformation: Dsn| RequestID = s_2ecd93f8-56cc-4332-80d9-b65405462bb0 
2019-12-05 18:40:11.8441|ERROR|19|FailedToDecryptConfigInformation: Dsn| RequestID = s_34e80e62-b112-43f5-ae5c-2600aa771fbd 
2019-12-05 18:40:21.8824|ERROR|19|FailedToDecryptConfigInformation: Dsn| RequestID = s_3ee9c550-cfcc-4d1f-bb55-e38f2292bbea 
2019-12-05 18:40:31.9252|ERROR|19|FailedToDecryptConfigInformation: Dsn| RequestID = s_8e6c8ae7-b1ea-4901-904f-bc69dd18afba 
2019-12-05 18:40:41.9545|ERROR|19|FailedToDecryptConfigInformation: Dsn| RequestID = s_929c4895-1ce0-49c3-8e3b-b7a1392b3c26 
2019-12-05 18:40:51.9789|ERROR|27|FailedToDecryptConfigInformation: Dsn| RequestID = s_e35b1209-609a-4ddc-84bb-e348c0f11b32 
2019-12-05 18:41:02.0147|ERROR|27|FailedToDecryptConfigInformation: Dsn| RequestID = s_8b69f79a-3c48-478f-9a77-622a17f2f412 
2019-12-05 18:41:12.0570|ERROR|27|FailedToDecryptConfigInformation: Dsn| RequestID = s_5d7123ff-bc04-48ff-b113-475d00330f5f 
2019-12-05 18:41:22.3158|ERROR|27|FailedToDecryptConfigInformation: Dsn| RequestID = s_b8b246b0-8a2a-43ab-8828-c1a7da8a7582 
2019-12-05 18:41:32.3516|ERROR|27|FailedToDecryptConfigInformation: Dsn| RequestID = s_d8d839f7-9d68-47df-8311-c842798d97ed 
2019-12-05 18:41:42.3890|ERROR|27|FailedToDecryptConfigInformation: Dsn| RequestID = s_0ce2d01f-d37c-49a5-bb3a-4ad66e4aef5b 
2019-12-05 18:41:52.4138|ERROR|27|FailedToDecryptConfigInformation: Dsn| RequestID = s_b549f3c6-0133-4afb-857d-2bbf2affa648 
2019-12-05 18:42:02.4412|ERROR|27|FailedToDecryptConfigInformation: Dsn| RequestID = s_29ea2bc6-32d4-4e5e-adfb-b2595625ba2b 
2019-12-05 18:42:12.4716|ERROR|27|FailedToDecryptConfigInformation: Dsn| RequestID = s_426a2aa1-992f-47db-a4d5-6906ddfb4aae 
2019-12-05 18:42:22.5012|ERROR|15|FailedToDecryptConfigInformation: Dsn| RequestID = s_3f972f26-5abf-406f-82b1-c921263b7a47 
2019-12-05 18:42:32.5383|ERROR|15|FailedToDecryptConfigInformation: Dsn| RequestID = s_3a18f882-9391-454e-93cc-741f60040552 
2019-12-05 18:42:42.5701|ERROR|15|FailedToDecryptConfigInformation: Dsn| RequestID = s_542350b0-6163-4630-91cc-68a664722054 
2019-12-05 18:42:52.6049|ERROR|15|FailedToDecryptConfigInformation: Dsn| RequestID = s_55843ecc-4db7-4762-8c92-429f98d62e05 
2019-12-05 18:43:02.6292|ERROR|15|FailedToDecryptConfigInformation: Dsn| RequestID = s_3e552f7b-7480-48e8-ba7b-629b133e55c7 
2019-12-05 18:43:12.6595|ERROR|8|FailedToDecryptConfigInformation: Dsn| RequestID = s_bf25ba45-9f82-4534-8202-4710eaf9cf66 
2019-12-05 18:43:22.6769|ERROR|8|FailedToDecryptConfigInformation: Dsn| RequestID = s_40352112-fa63-42cf-b0f9-f9e08cdba41f 
2019-12-05 18:43:32.6932|ERROR|8|FailedToDecryptConfigInformation: Dsn| RequestID = s_c4db4959-735a-4df8-93e3-c3f8fccc7f8a 
2019-12-05 18:43:42.7380|ERROR|8|FailedToDecryptConfigInformation: Dsn| RequestID = s_889a19d5-73ef-4207-b458-26bac560789e 
2019-12-05 18:43:52.7618|ERROR|7|FailedToDecryptConfigInformation: Dsn| RequestID = s_00c55ca2-f3a5-4518-9525-04407ba43e9e 
2019-12-05 18:44:02.7811|ERROR|7|FailedToDecryptConfigInformation: Dsn| RequestID = s_c3f435d0-fbe2-462a-bfa6-ce7564136136 
2019-12-05 18:44:12.7973|ERROR|28|FailedToDecryptConfigInformation: Dsn| RequestID = s_b985e793-6061-4f38-8120-dcca840c0022 
2019-12-05 18:44:22.8181|ERROR|28|FailedToDecryptConfigInformation: Dsn| RequestID = s_3a235c7e-d793-4f5f-a024-0a71f7bdc50c 
2019-12-05 18:44:32.8374|ERROR|7|FailedToDecryptConfigInformation: Dsn| RequestID = s_e02d255e-bde1-470a-b182-e05d5cb59ed5 
2019-12-05 18:44:42.8537|ERROR|7|FailedToDecryptConfigInformation: Dsn| RequestID = s_fd9ac5e9-d7a0-4a61-a54d-f5f58b17e07e 
2019-12-05 18:44:52.8765|ERROR|7|FailedToDecryptConfigInformation: Dsn| RequestID = s_fdd88e86-2f96-4440-9505-a4f5e3dfe974 
2019-12-05 18:45:02.8928|ERROR|7|FailedToDecryptConfigInformation: Dsn| RequestID = s_8cee48e9-a0c8-43ca-8a6a-845faf1a4061 
2019-12-05 18:45:12.9166|ERROR|19|FailedToDecryptConfigInformation: Dsn| RequestID = s_3e855cb2-3f20-480a-85e1-6e4a1abf57ec 
2019-12-05 18:45:22.9339|ERROR|19|FailedToDecryptConfigInformation: Dsn| RequestID = s_4bb72ff7-0dcf-4e5c-b248-d4e12fea5fda 
2019-12-05 18:45:32.9502|ERROR|30|FailedToDecryptConfigInformation: Dsn| RequestID = s_141911de-c668-4818-8357-8bfc65774b5a 
2019-12-05 18:45:42.9669|ERROR|30|FailedToDecryptConfigInformation: Dsn| RequestID = s_f9df7ce0-c5e9-462c-a872-f22f4f3d56f6 
2019-12-05 18:45:52.9827|ERROR|30|FailedToDecryptConfigInformation: Dsn| RequestID = s_84ad9053-76b3-443b-80eb-bbb144233e58 
2019-12-05 18:46:03.0000|ERROR|25|FailedToDecryptConfigInformation: Dsn| RequestID = s_4cca3beb-f3f4-4826-a498-ca74a3d558fc 
2019-12-05 18:46:13.0168|ERROR|18|FailedToDecryptConfigInformation: Dsn| RequestID = s_6aa74814-659f-44c1-be0d-10c6a558092a 
2019-12-05 18:46:23.0786|ERROR|18|FailedToDecryptConfigInformation: Dsn| RequestID = s_fc5f3f07-162e-4131-bf5b-bac4d8e26a81 
2019-12-05 18:46:33.0979|ERROR|25|FailedToDecryptConfigInformation: Dsn| RequestID = s_a388f480-e5d7-49e9-9a45-871a457ddd48 
2019-12-05 18:46:43.1152|ERROR|25|FailedToDecryptConfigInformation: Dsn| RequestID = s_cb3b42e7-4254-49c2-8962-9225a9476011 
2019-12-05 18:46:53.1330|ERROR|15|FailedToDecryptConfigInformation: Dsn| RequestID = s_50c07069-74b3-47d1-9a7c-098e8a38180e 
2019-12-05 18:47:03.1543|ERROR|25|FailedToDecryptConfigInformation: Dsn| RequestID = s_fe070519-53c2-403c-a3ad-e9049d04cf29 
2019-12-05 18:47:13.1720|ERROR|25|FailedToDecryptConfigInformation: Dsn| RequestID = s_6945532d-a946-4836-b968-aa84e80d0741 
2019-12-05 18:47:23.1923|ERROR|25|FailedToDecryptConfigInformation: Dsn| RequestID = s_a2901a4b-e048-45e9-ade6-d0ae7edc5d41 
2019-12-05 18:47:33.2106|ERROR|25|FailedToDecryptConfigInformation: Dsn| RequestID = s_a5eac293-7927-4887-b0ed-601864fd8e81 
2019-12-05 18:47:43.2284|ERROR|16|FailedToDecryptConfigInformation: Dsn| RequestID = s_a4524c0c-c9d6-4957-bb47-39778df4f058 
2019-12-05 18:47:53.2447|ERROR|16|FailedToDecryptConfigInformation: Dsn| RequestID = s_d99a7642-6d54-4910-9fbc-cc7bf49ebe99 
2019-12-05 18:48:03.2650|ERROR|11|FailedToDecryptConfigInformation: Dsn| RequestID = s_2d1f8b80-10ba-4447-ba4f-4399f054c430 
2019-12-05 18:48:13.2817|ERROR|11|FailedToDecryptConfigInformation: Dsn| RequestID = s_a95285b5-4074-44a5-895a-fbe2c5cabdd5 
2019-12-05 18:48:23.2980|ERROR|17|FailedToDecryptConfigInformation: Dsn| RequestID = s_c7d083b8-1183-4482-846a-401221c27205 
2019-12-05 18:48:33.3178|ERROR|17|FailedToDecryptConfigInformation: Dsn| RequestID = s_e6c93b83-a72c-4a30-aac4-7a8a9ff8d3a6 
2019-12-05 18:48:43.3356|ERROR|5|FailedToDecryptConfigInformation: Dsn| RequestID = s_31445fe6-53b0-42e7-b4dc-29057fd7d807 
2019-12-05 18:48:53.3524|ERROR|5|FailedToDecryptConfigInformation: Dsn| RequestID = s_5ff86f8d-573d-4454-bd5e-dd19007380f6 
2019-12-05 18:49:03.3687|ERROR|5|FailedToDecryptConfigInformation: Dsn| RequestID = s_89665cea-2df2-40c2-93b8-32d1b470de37 
2019-12-05 18:49:13.3875|ERROR|5|FailedToDecryptConfigInformation: Dsn| RequestID = s_293ba5cb-35ae-4a96-9734-5b3eec660761 
2019-12-05 18:49:23.4053|ERROR|24|FailedToDecryptConfigInformation: Dsn| RequestID = s_6d675c1f-e2f2-484d-af9e-38079d769529 
2019-12-05 18:49:33.4231|ERROR|24|FailedToDecryptConfigInformation: Dsn| RequestID = s_07e3aa7c-d0da-418a-840b-7fae080dd8ec 
2019-12-05 18:49:43.4393|ERROR|30|FailedToDecryptConfigInformation: Dsn| RequestID = s_b1802497-c3ed-4255-8f2b-c4367cbcf104 
2019-12-05 18:49:53.4556|ERROR|30|FailedToDecryptConfigInformation: Dsn| RequestID = s_391e65c3-1b4b-462f-ade4-1d9e14e634ad 
2019-12-05 18:50:03.4729|ERROR|30|FailedToDecryptConfigInformation: Dsn| RequestID = s_73b6acc1-a9ea-43e5-a373-67424c95570f 
2019-12-05 18:50:13.4907|ERROR|30|FailedToDecryptConfigInformation: Dsn| RequestID = s_373c053a-cd52-4be0-a860-b319e301184d 
2019-12-05 18:50:23.5090|ERROR|19|FailedToDecryptConfigInformation: Dsn| RequestID = s_8250c43e-891e-4228-a489-cdef0196edb5 
2019-12-05 18:50:33.5263|ERROR|19|FailedToDecryptConfigInformation: Dsn| RequestID = s_b68b77a4-882b-4dbf-af34-63aea4075716 
2019-12-05 18:50:43.5431|ERROR|21|FailedToDecryptConfigInformation: Dsn| RequestID = s_43aeb72f-65db-4d62-93f5-f22990dcbcb5 
2019-12-05 18:50:53.5619|ERROR|21|FailedToDecryptConfigInformation: Dsn| RequestID = s_b020038f-3966-4229-88bd-85834b616185 
2019-12-05 18:51:03.5802|ERROR|21|FailedToDecryptConfigInformation: Dsn| RequestID = s_5ff3ebe5-df17-4f93-b5bd-be42132b3ac9 
2019-12-05 18:51:13.5964|ERROR|21|FailedToDecryptConfigInformation: Dsn| RequestID = s_cae7d2c4-dd14-4c58-ab34-d2157d31f116 
2019-12-05 18:51:23.6147|ERROR|21|FailedToDecryptConfigInformation: Dsn| RequestID = s_662bd696-667b-4231-9324-675548bf7264 
2019-12-05 18:51:33.6325|ERROR|21|FailedToDecryptConfigInformation: Dsn| RequestID = s_4c2cbd0e-7f35-4b9e-88ba-6f0b0cda4091 
2019-12-05 18:51:43.6498|ERROR|33|FailedToDecryptConfigInformation: Dsn| RequestID = s_be4967fd-de37-469f-95ea-b72cdb85f26a 
2019-12-05 18:51:53.6676|ERROR|21|FailedToDecryptConfigInformation: Dsn| RequestID = s_7b3d6c9a-e7d6-4fb9-942b-30788092396d 
2019-12-05 18:52:03.6854|ERROR|21|FailedToDecryptConfigInformation: Dsn| RequestID = s_f54d571b-9e86-4269-8ad3-2d343e0d5ec1 
2019-12-05 18:52:13.7022|ERROR|17|FailedToDecryptConfigInformation: Dsn| RequestID = s_e04e8bce-89bd-43ec-8803-ad00e4cedefd 
2019-12-05 18:52:23.7190|ERROR|17|FailedToDecryptConfigInformation: Dsn| RequestID = s_b3556f55-3eb1-4f2c-9966-0cdc592341fc 
2019-12-05 18:52:33.7342|ERROR|11|FailedToDecryptConfigInformation: Dsn| RequestID = s_0295b9f1-efbf-4f0c-b1d0-3c628d6903a5 
2019-12-05 18:52:43.7540|ERROR|11|FailedToDecryptConfigInformation: Dsn| RequestID = s_dcd2e55b-0f12-4e1e-9d89-0ff8268403e0 
2019-12-05 18:52:53.7778|ERROR|11|FailedToDecryptConfigInformation: Dsn| RequestID = s_08d38a13-ad6c-49f2-9bc2-d1cb21cc0e7b 
2019-12-05 18:53:03.8006|ERROR|17|FailedToDecryptConfigInformation: Dsn| RequestID = s_0989d253-ef34-4c35-9b9b-866890f45aa8 
2019-12-05 18:53:13.8189|ERROR|11|FailedToDecryptConfigInformation: Dsn| RequestID = s_cbe1ff95-982a-44e1-818e-71d2b7aa37aa 
2019-12-05 18:53:23.8342|ERROR|11|FailedToDecryptConfigInformation: Dsn| RequestID = s_40bf2afe-744c-4979-a657-b358f86e1663 
2019-12-05 18:53:33.8525|ERROR|16|FailedToDecryptConfigInformation: Dsn| RequestID = s_62b9c135-56b0-4a88-9551-656987244398 
2019-12-05 18:53:43.8998|ERROR|16|FailedToDecryptConfigInformation: Dsn| RequestID = s_04378177-1098-400a-a63e-70a68956bcd1 
2019-12-05 18:53:53.9185|ERROR|16|FailedToDecryptConfigInformation: Dsn| RequestID = s_8b064f07-c325-4594-a043-1708d34529ef 
2019-12-05 18:54:03.9348|ERROR|16|FailedToDecryptConfigInformation: Dsn| RequestID = s_6e0c5057-b9c6-41cc-b7d5-3ff2e2d4fa96 
2019-12-05 18:54:13.9506|ERROR|16|FailedToDecryptConfigInformation: Dsn| RequestID = s_b01f976c-2bfa-45c9-9534-37e8fbf507b9 
2019-12-05 18:54:23.9674|ERROR|16|FailedToDecryptConfigInformation: Dsn| RequestID = s_455ce43f-677a-469e-a88f-2e57b151a37d 
2019-12-05 18:54:33.9842|ERROR|16|FailedToDecryptConfigInformation: Dsn| RequestID = s_ce302372-0cad-4578-a31d-200ea67a401b 
2019-12-05 18:54:44.0035|ERROR|15|FailedToDecryptConfigInformation: Dsn| RequestID = s_7106b3e1-b3a3-48c5-acdd-ac18e4004b02 
2019-12-05 18:54:54.0188|ERROR|15|FailedToDecryptConfigInformation: Dsn| RequestID = s_d1dd2304-3282-4a05-b238-cc680294a7cd 
2019-12-05 18:55:04.0340|ERROR|15|FailedToDecryptConfigInformation: Dsn| RequestID = s_dc8d0123-3391-45e8-aa86-b9aa4debf792 
2019-12-05 18:55:14.0523|ERROR|15|FailedToDecryptConfigInformation: Dsn| RequestID = s_6fdca152-c5b7-451d-8e49-19603f781ab9 
2019-12-05 18:55:24.0681|ERROR|10|FailedToDecryptConfigInformation: Dsn| RequestID = s_dc807818-cd1e-4b57-abae-aaedfd0c1ec5 
2019-12-05 18:55:34.0834|ERROR|10|FailedToDecryptConfigInformation: Dsn| RequestID = s_1175d129-6b7c-459a-8077-6d6870e60821 
2019-12-05 18:55:44.1042|ERROR|10|FailedToDecryptConfigInformation: Dsn| RequestID = s_21674fe7-56aa-43f4-94e0-82504a0ea49f 
2019-12-05 18:55:54.1225|ERROR|10|FailedToDecryptConfigInformation: Dsn| RequestID = s_e41a66e6-0408-4f1a-afc1-a475dc078b9b 
2019-12-05 18:56:04.1428|ERROR|19|FailedToDecryptConfigInformation: Dsn| RequestID = s_fd24fc91-5bf4-43c1-b5f1-e3d84a0e160f 
2019-12-05 18:56:14.1636|ERROR|10|FailedToDecryptConfigInformation: Dsn| RequestID = s_5a2ce562-3970-4899-9b4b-712841ca6e3c 
2019-12-05 18:56:24.1809|ERROR|10|FailedToDecryptConfigInformation: Dsn| RequestID = s_eb1a9133-96a3-4cf0-b6b4-594d896746c6 
2019-12-05 18:56:34.2152|ERROR|10|FailedToDecryptConfigInformation: Dsn| RequestID = s_7b2bea18-97b7-47f6-b6cd-e6c4f1289301 
2019-12-05 18:56:44.2559|ERROR|10|FailedToDecryptConfigInformation: Dsn| RequestID = s_00832a76-8658-473f-bbf1-71eda5ab45e1 
2019-12-05 18:56:54.2747|ERROR|30|FailedToDecryptConfigInformation: Dsn| RequestID = s_e7ef050e-a1b7-4b9e-b721-3afd61723226 
2019-12-05 18:57:04.2920|ERROR|30|FailedToDecryptConfigInformation: Dsn| RequestID = s_94295413-ccb8-4d8b-b4d4-35e6c52a1809 
2019-12-05 18:57:14.3098|ERROR|30|FailedToDecryptConfigInformation: Dsn| RequestID = s_aaa64592-5b85-4a64-86ae-708e97f65719 
2019-12-05 18:57:24.3251|ERROR|30|FailedToDecryptConfigInformation: Dsn| RequestID = s_535c95c1-ed0a-4c1c-8aa8-d217223bddac 
2019-12-05 18:57:34.3394|ERROR|11|FailedToDecryptConfigInformation: Dsn| RequestID = s_e1bbb657-bad3-44d2-ad10-40313cc2c048 
2019-12-05 18:57:44.3667|ERROR|11|FailedToDecryptConfigInformation: Dsn| RequestID = s_a1889be5-5b10-4c4c-a352-9cce5a5d572d 
2019-12-05 18:57:54.3830|ERROR|11|FailedToDecryptConfigInformation: Dsn| RequestID = s_01c7c0f7-fb8c-46ba-91c9-c7d190b728c6 
2019-12-05 18:58:04.3983|ERROR|17|FailedToDecryptConfigInformation: Dsn| RequestID = s_b01221e0-1142-4569-920c-85e2c99a2716 
2019-12-05 18:58:14.4130|ERROR|17|FailedToDecryptConfigInformation: Dsn| RequestID = s_a290fabd-1133-4fd3-ba8d-9778c7f58c7d 
2019-12-05 18:58:24.4353|ERROR|17|FailedToDecryptConfigInformation: Dsn| RequestID = s_3d5a5d42-1892-4126-8b4b-168dcc000657 
2019-12-05 18:58:34.4556|ERROR|17|FailedToDecryptConfigInformation: Dsn| RequestID = s_9113cd14-8a13-4ea0-a5c6-a9574aeaa27b 
2019-12-05 18:58:44.4729|ERROR|5|FailedToDecryptConfigInformation: Dsn| RequestID = s_c0b16829-7a41-47e9-8b7d-579f22ec3529 
2019-12-05 18:58:54.4902|ERROR|5|FailedToDecryptConfigInformation: Dsn| RequestID = s_05f685ef-92e2-4539-9965-f636a7956363 
2019-12-05 18:59:04.5080|ERROR|5|FailedToDecryptConfigInformation: Dsn| RequestID = s_df9eb811-d103-4a31-a661-6344114d54db 
2019-12-05 18:59:14.5243|ERROR|5|FailedToDecryptConfigInformation: Dsn| RequestID = s_68d9c5bf-3d89-40d3-b2c0-22f14a17b471 
2019-12-05 18:59:24.6071|ERROR|5|FailedToDecryptConfigInformation: Dsn| RequestID = s_0d1e9cf5-39e9-44eb-80bd-84329dd82a59 
2019-12-05 18:59:34.6259|ERROR|5|FailedToDecryptConfigInformation: Dsn| RequestID = s_cfae295b-820c-4b35-b82c-94c95fffab2d 
2019-12-05 18:59:44.6447|ERROR|5|FailedToDecryptConfigInformation: Dsn| RequestID = s_55a1ba5c-c33f-48da-8345-02a04159e98c 
2019-12-05 18:59:54.6594|ERROR|5|FailedToDecryptConfigInformation: Dsn| RequestID = s_9152df8c-2b36-425e-aa23-3e30a886a506 
