2019-12-04 12:00:09.9649|ERROR|7|FailedToDecryptConfigInformation: Dsn| RequestID = s_ac2e7bd5-b0a5-437b-861f-6afe87e89e81 
2019-12-04 12:00:19.9786|ERROR|7|FailedToDecryptConfigInformation: Dsn| RequestID = s_c15c40c5-60b9-40e1-8767-5ae65aba8a09 
2019-12-04 12:00:30.0069|ERROR|7|FailedToDecryptConfigInformation: Dsn| RequestID = s_91a33f68-26f4-47d2-8968-f60016b3aad9 
2019-12-04 12:00:40.0257|ERROR|7|FailedToDecryptConfigInformation: Dsn| RequestID = s_4f8ab22e-4a40-4a73-8924-950cac424c29 
2019-12-04 12:00:50.0510|ERROR|7|FailedToDecryptConfigInformation: Dsn| RequestID = s_ab77665f-9c08-4f56-ad29-53ae78b9f9eb 
2019-12-04 12:01:00.0829|ERROR|27|FailedToDecryptConfigInformation: Dsn| RequestID = s_4cb79818-d0e3-4533-9095-006a23b697c0 
2019-12-04 12:01:10.0957|ERROR|27|FailedToDecryptConfigInformation: Dsn| RequestID = s_965be02f-75fc-4378-a999-2bf23ff28c01 
2019-12-04 12:01:20.1240|ERROR|27|FailedToDecryptConfigInformation: Dsn| RequestID = s_68b7510b-e289-4f43-955d-c97b0c8241f5 
2019-12-04 12:01:30.1644|ERROR|27|FailedToDecryptConfigInformation: Dsn| RequestID = s_d5e61131-d356-4dc8-8939-92223342e285 
2019-12-04 12:01:40.1812|ERROR|27|FailedToDecryptConfigInformation: Dsn| RequestID = s_c2d72173-72c3-4928-862d-b259157fccd0 
2019-12-04 12:01:50.2010|ERROR|27|FailedToDecryptConfigInformation: Dsn| RequestID = s_06217eaf-5112-4692-8ef2-ec5db316841f 
2019-12-04 12:02:00.2213|ERROR|27|FailedToDecryptConfigInformation: Dsn| RequestID = s_af2aad4e-d327-4dbf-a496-eedc384b98f5 
2019-12-04 12:02:10.2451|ERROR|27|FailedToDecryptConfigInformation: Dsn| RequestID = s_83b1d8de-7e28-485a-a074-fd6e7ba2e472 
2019-12-04 12:02:20.2629|ERROR|29|FailedToDecryptConfigInformation: Dsn| RequestID = s_0426c28f-430e-445b-861d-921dc54b0b86 
2019-12-04 12:02:30.2892|ERROR|29|FailedToDecryptConfigInformation: Dsn| RequestID = s_f9a79a99-1b45-4d25-8168-9d49761da79b 
2019-12-04 12:02:40.3069|ERROR|29|FailedToDecryptConfigInformation: Dsn| RequestID = s_072b7fc9-9aea-4181-9228-7a34e72713ed 
2019-12-04 12:02:50.3279|ERROR|29|FailedToDecryptConfigInformation: Dsn| RequestID = s_e61d2834-c99d-4e6d-94c1-3489e878f200 
2019-12-04 12:03:00.3567|ERROR|29|FailedToDecryptConfigInformation: Dsn| RequestID = s_0928d8fb-f367-4b2a-abf1-721f619da85f 
2019-12-04 12:03:10.3714|ERROR|29|FailedToDecryptConfigInformation: Dsn| RequestID = s_c1827e63-43ad-4d33-bf25-45c7f66c2fb3 
2019-12-04 12:03:20.3852|ERROR|29|FailedToDecryptConfigInformation: Dsn| RequestID = s_fa906b76-596b-4860-a2d8-6c061ab8ff4b 
2019-12-04 12:03:30.4415|ERROR|29|FailedToDecryptConfigInformation: Dsn| RequestID = s_c5bb2935-09a7-4f0c-9b59-de2f72ca06bc 
2019-12-04 12:03:40.4948|ERROR|29|FailedToDecryptConfigInformation: Dsn| RequestID = s_9d2a5a70-2a12-425b-9785-f766411fc15f 
2019-12-04 12:03:50.5221|ERROR|29|FailedToDecryptConfigInformation: Dsn| RequestID = s_2e0123ab-6abf-455f-a7d2-787546eb5958 
2019-12-04 12:04:00.5519|ERROR|29|FailedToDecryptConfigInformation: Dsn| RequestID = s_72013c0f-f308-4331-a651-2e946742e820 
2019-12-04 12:04:10.5822|ERROR|32|FailedToDecryptConfigInformation: Dsn| RequestID = s_22f39773-1720-4d3a-988c-44e270d3d808 
2019-12-04 12:04:20.6184|ERROR|32|FailedToDecryptConfigInformation: Dsn| RequestID = s_7c589536-6814-414e-9be1-dd6447420969 
2019-12-04 12:04:30.6417|ERROR|32|FailedToDecryptConfigInformation: Dsn| RequestID = s_23f8b3b4-83f2-41df-b8f4-66c843aa1535 
2019-12-04 12:04:40.6690|ERROR|32|FailedToDecryptConfigInformation: Dsn| RequestID = s_76ea1848-4e4e-4470-89ba-58452d8a07a8 
2019-12-04 12:04:50.6933|ERROR|32|FailedToDecryptConfigInformation: Dsn| RequestID = s_05736ff7-d831-4725-a36c-87abd8acdaee 
2019-12-04 12:05:00.7136|ERROR|32|FailedToDecryptConfigInformation: Dsn| RequestID = s_94c78a91-a4e8-48b3-8d68-2b8a0adfe747 
2019-12-04 12:05:10.7319|ERROR|32|FailedToDecryptConfigInformation: Dsn| RequestID = s_a31abef4-9f20-419f-8d10-df365331ccbf 
2019-12-04 12:05:20.7622|ERROR|32|FailedToDecryptConfigInformation: Dsn| RequestID = s_2a7e3f80-bb27-4255-b9ff-2f0b3d6ad86a 
2019-12-04 12:05:30.7910|ERROR|17|FailedToDecryptConfigInformation: Dsn| RequestID = s_ace2a8b5-cd88-491b-8ca5-3ad1594ed278 
2019-12-04 12:05:40.8053|ERROR|32|FailedToDecryptConfigInformation: Dsn| RequestID = s_08e9d83c-f24d-4bcf-b3ae-479e12fa9feb 
2019-12-04 12:05:50.8336|ERROR|32|FailedToDecryptConfigInformation: Dsn| RequestID = s_55ed4155-491c-44dd-a6a3-7392700c3381 
2019-12-04 12:06:00.8564|ERROR|32|FailedToDecryptConfigInformation: Dsn| RequestID = s_8896669f-f07a-4cec-b063-88a485c86e38 
2019-12-04 12:06:10.8792|ERROR|32|FailedToDecryptConfigInformation: Dsn| RequestID = s_ae323865-01b6-4c46-9316-9de88855821a 
2019-12-04 12:06:20.9166|ERROR|32|FailedToDecryptConfigInformation: Dsn| RequestID = s_f999692b-4de7-4be5-97f0-95251e604c1d 
2019-12-04 12:06:30.9449|ERROR|32|FailedToDecryptConfigInformation: Dsn| RequestID = s_fca823e8-1475-4df6-9bc1-2f29d2fbffbc 
2019-12-04 12:06:40.9686|ERROR|32|FailedToDecryptConfigInformation: Dsn| RequestID = s_46db4e24-b395-4bb4-a6ed-34addce6dc4f 
2019-12-04 12:06:51.0039|ERROR|16|FailedToDecryptConfigInformation: Dsn| RequestID = s_0bb23292-7665-4a6b-b898-d6a3706a457d 
2019-12-04 12:07:01.0507|ERROR|16|FailedToDecryptConfigInformation: Dsn| RequestID = s_e2b4ffec-547b-4ecf-be62-d527633c44fb 
2019-12-04 12:07:11.0825|ERROR|16|FailedToDecryptConfigInformation: Dsn| RequestID = s_45086244-8d25-4128-bf48-0b1301fedf32 
2019-12-04 12:07:21.1038|ERROR|16|FailedToDecryptConfigInformation: Dsn| RequestID = s_97016381-5490-4c6d-b338-31f0330208ab 
2019-12-04 12:07:31.1341|ERROR|16|FailedToDecryptConfigInformation: Dsn| RequestID = s_c004322c-334c-499b-9047-93ed987f9054 
2019-12-04 12:07:41.1644|ERROR|16|FailedToDecryptConfigInformation: Dsn| RequestID = s_3149d286-96cc-40bf-902b-3bce9775a134 
2019-12-04 12:07:51.1981|ERROR|16|FailedToDecryptConfigInformation: Dsn| RequestID = s_151be7b9-aa23-42b5-b04e-7dec2ea1f90c 
2019-12-04 12:08:01.2224|ERROR|16|FailedToDecryptConfigInformation: Dsn| RequestID = s_4727b60d-42fc-4384-87fa-06170088a5fa 
2019-12-04 12:08:11.2467|ERROR|16|FailedToDecryptConfigInformation: Dsn| RequestID = s_8ecf8f67-8252-42d6-8cbf-29c0abc66789 
2019-12-04 12:08:21.2780|ERROR|16|FailedToDecryptConfigInformation: Dsn| RequestID = s_8092a60f-eb55-4830-ba7a-159c463cd8c4 
2019-12-04 12:08:31.2953|ERROR|16|FailedToDecryptConfigInformation: Dsn| RequestID = s_4d971f40-fad4-47dc-9c95-3f60c7125679 
2019-12-04 12:08:41.3268|ERROR|16|FailedToDecryptConfigInformation: Dsn| RequestID = s_75a573c6-8af7-424a-8211-23dbd55780de 
2019-12-04 12:08:51.3451|ERROR|16|FailedToDecryptConfigInformation: Dsn| RequestID = s_3208595d-c685-4ba1-9257-fcc0de1ac5fe 
2019-12-04 12:09:01.3689|ERROR|16|FailedToDecryptConfigInformation: Dsn| RequestID = s_a730964c-22e6-4d05-aef9-51dbd49e8f0a 
2019-12-04 12:09:11.3887|ERROR|16|FailedToDecryptConfigInformation: Dsn| RequestID = s_ba383c84-700b-4c0e-95fa-3124871e02c9 
2019-12-04 12:09:21.4190|ERROR|16|FailedToDecryptConfigInformation: Dsn| RequestID = s_3d60748d-c358-449b-a343-dd8c633e25b4 
2019-12-04 12:09:31.4534|ERROR|16|FailedToDecryptConfigInformation: Dsn| RequestID = s_25d1ef65-5969-4d3c-9028-c27e84105855 
2019-12-04 12:09:41.4747|ERROR|16|FailedToDecryptConfigInformation: Dsn| RequestID = s_d59aedab-dca1-4753-80e4-bd8b58061b09 
2019-12-04 12:09:51.5030|ERROR|16|FailedToDecryptConfigInformation: Dsn| RequestID = s_bb8d6a60-76af-456d-a5ba-e52fa4980a6a 
2019-12-04 12:10:01.5333|ERROR|16|FailedToDecryptConfigInformation: Dsn| RequestID = s_999c0819-fedd-43c6-ba5e-3cba740b454e 
2019-12-04 12:10:11.5486|ERROR|16|FailedToDecryptConfigInformation: Dsn| RequestID = s_7263f91d-f5dc-4923-93dc-587f39a320c6 
2019-12-04 12:10:21.5688|ERROR|16|FailedToDecryptConfigInformation: Dsn| RequestID = s_6b1097c3-d05e-4c03-900b-522f8cbe335c 
2019-12-04 12:10:31.5926|ERROR|16|FailedToDecryptConfigInformation: Dsn| RequestID = s_7f37c612-bffb-4456-8412-13e9793b73a1 
2019-12-04 12:10:41.6074|ERROR|15|FailedToDecryptConfigInformation: Dsn| RequestID = s_0f97fe5f-fdd2-412e-8331-7f3f2f21aed1 
2019-12-04 12:10:51.6367|ERROR|15|FailedToDecryptConfigInformation: Dsn| RequestID = s_5161b39f-2103-4418-8f8f-7d4e2e8bf55d 
2019-12-04 12:11:01.6650|ERROR|15|FailedToDecryptConfigInformation: Dsn| RequestID = s_1d586faf-4497-4fd0-9374-5a6039e84fa6 
2019-12-04 12:11:11.6808|ERROR|17|FailedToDecryptConfigInformation: Dsn| RequestID = s_fd3cdd20-c77c-49e4-80bb-c5dcb57c3be4 
2019-12-04 12:11:21.7091|ERROR|17|FailedToDecryptConfigInformation: Dsn| RequestID = s_89979946-e1e5-4e03-9aac-e5d413039b17 
2019-12-04 12:11:31.7389|ERROR|17|FailedToDecryptConfigInformation: Dsn| RequestID = s_1bb22532-67f4-41f7-883b-a032d53a538b 
2019-12-04 12:11:41.7563|ERROR|17|FailedToDecryptConfigInformation: Dsn| RequestID = s_4cfc4ae4-8cc3-4bee-9bad-3edf568a512c 
2019-12-04 12:11:51.7787|ERROR|17|FailedToDecryptConfigInformation: Dsn| RequestID = s_11991875-9f41-4030-ac83-ae0797063a55 
2019-12-04 12:12:01.8385|ERROR|17|FailedToDecryptConfigInformation: Dsn| RequestID = s_23deab40-8b81-4a27-9f96-8980f53515b4 
2019-12-04 12:12:11.8713|ERROR|17|FailedToDecryptConfigInformation: Dsn| RequestID = s_fc6c8180-8a1e-4652-ac05-41a1faaaf886 
2019-12-04 12:12:21.9106|ERROR|17|FailedToDecryptConfigInformation: Dsn| RequestID = s_16d11c82-ee85-4801-a0d3-147f04c52e68 
2019-12-04 12:12:31.9250|ERROR|17|FailedToDecryptConfigInformation: Dsn| RequestID = s_08d87433-5747-484c-8f82-e6a076c82fd2 
2019-12-04 12:12:41.9473|ERROR|17|FailedToDecryptConfigInformation: Dsn| RequestID = s_279a4838-02b7-4e8c-a022-2bb5d34d1e49 
2019-12-04 12:12:51.9622|ERROR|17|FailedToDecryptConfigInformation: Dsn| RequestID = s_5c728115-e373-4e39-858b-97f0ec90f570 
2019-12-04 12:13:01.9795|ERROR|17|FailedToDecryptConfigInformation: Dsn| RequestID = s_cb20363f-9cf8-4fdf-859a-20fd5e90333c 
2019-12-04 12:13:12.0063|ERROR|17|FailedToDecryptConfigInformation: Dsn| RequestID = s_000e84a0-2e71-4199-a7fb-0b3d54fb9bb2 
2019-12-04 12:13:22.0409|ERROR|17|FailedToDecryptConfigInformation: Dsn| RequestID = s_b2a90abf-0e58-4ff7-b1af-0f4e49763a70 
2019-12-04 12:13:32.0542|ERROR|17|FailedToDecryptConfigInformation: Dsn| RequestID = s_2816e517-7ab7-4ca0-a168-704ea2f4d0bf 
2019-12-04 12:13:42.0904|ERROR|27|FailedToDecryptConfigInformation: Dsn| RequestID = s_72ffe5ba-2914-42fb-acfa-b22622e70bbd 
2019-12-04 12:13:52.1357|ERROR|27|FailedToDecryptConfigInformation: Dsn| RequestID = s_17e133dc-da16-4a12-8ba0-c6fc9898ad41 
2019-12-04 12:14:02.1595|ERROR|27|FailedToDecryptConfigInformation: Dsn| RequestID = s_d6e19820-dedd-4b4b-a96d-af856ab86d63 
2019-12-04 12:14:12.1983|ERROR|27|FailedToDecryptConfigInformation: Dsn| RequestID = s_766f75a7-7d4a-4b7d-b6fd-e81f16379005 
2019-12-04 12:14:22.2181|ERROR|27|FailedToDecryptConfigInformation: Dsn| RequestID = s_eb78a72a-3202-47a6-9760-669bf9f8ee98 
2019-12-04 12:14:32.2559|ERROR|27|FailedToDecryptConfigInformation: Dsn| RequestID = s_ad39c720-66c9-4896-bf10-447412ba93aa 
2019-12-04 12:14:42.2927|ERROR|22|FailedToDecryptConfigInformation: Dsn| RequestID = s_b00b6c1d-09e0-4913-ae42-1c7c6e6d3d40 
2019-12-04 12:14:52.3266|ERROR|22|FailedToDecryptConfigInformation: Dsn| RequestID = s_77fe8843-4720-4495-9eb2-ae1526f15152 
2019-12-04 12:15:02.3614|ERROR|22|FailedToDecryptConfigInformation: Dsn| RequestID = s_67df6ddd-d5da-42ed-88d6-839fd775b18c 
2019-12-04 12:15:12.3867|ERROR|22|FailedToDecryptConfigInformation: Dsn| RequestID = s_a82a838e-96c6-4d76-9d40-28d086926152 
2019-12-04 12:15:22.4076|ERROR|22|FailedToDecryptConfigInformation: Dsn| RequestID = s_f4694350-40e6-426e-9d59-1fa68d797a92 
2019-12-04 12:15:32.4384|ERROR|22|FailedToDecryptConfigInformation: Dsn| RequestID = s_3d1ebddd-daff-4650-b88e-3eab4eef0f31 
2019-12-04 12:15:42.4667|ERROR|22|FailedToDecryptConfigInformation: Dsn| RequestID = s_eead29fc-5cec-452b-84f4-f99435a56332 
2019-12-04 12:15:52.4820|ERROR|22|FailedToDecryptConfigInformation: Dsn| RequestID = s_2451e5bb-d4b9-4ab1-a564-36369417afce 
2019-12-04 12:16:02.4989|ERROR|22|FailedToDecryptConfigInformation: Dsn| RequestID = s_5fb014db-c8ba-4c54-bc0f-b37590cd71b3 
2019-12-04 12:16:12.5142|ERROR|22|FailedToDecryptConfigInformation: Dsn| RequestID = s_39920673-238a-4084-9387-b6f5fc1e86d6 
2019-12-04 12:16:22.5425|ERROR|7|FailedToDecryptConfigInformation: Dsn| RequestID = s_35672f9e-ddef-47c9-b5eb-7940b10b3d49 
2019-12-04 12:16:32.5567|ERROR|26|FailedToDecryptConfigInformation: Dsn| RequestID = s_add244cb-fa51-4b7c-aa09-2ccac57ee219 
2019-12-04 12:16:42.5875|ERROR|7|FailedToDecryptConfigInformation: Dsn| RequestID = s_409b3b28-0a87-4fbc-9d25-2ec236025bd7 
2019-12-04 12:16:52.6163|ERROR|7|FailedToDecryptConfigInformation: Dsn| RequestID = s_e6377cb4-18e0-4793-b7fd-866ce83a2e5a 
2019-12-04 12:17:02.6461|ERROR|7|FailedToDecryptConfigInformation: Dsn| RequestID = s_873c779c-ca17-4701-bda9-a1e6cb75bfea 
2019-12-04 12:17:12.6749|ERROR|7|FailedToDecryptConfigInformation: Dsn| RequestID = s_239e13e8-58b1-4fa1-a771-69e9b1d2bf8f 
2019-12-04 12:17:22.7023|ERROR|23|FailedToDecryptConfigInformation: Dsn| RequestID = s_d8c07050-c9dd-493a-9b16-e36e37ebf8e1 
2019-12-04 12:17:32.7231|ERROR|23|FailedToDecryptConfigInformation: Dsn| RequestID = s_8e5f5306-48a7-4c3f-90ca-dd508a6dc740 
2019-12-04 12:17:42.7524|ERROR|23|FailedToDecryptConfigInformation: Dsn| RequestID = s_ac755032-5630-4c7e-b45d-a46df52fbcf7 
2019-12-04 12:17:52.7882|ERROR|20|FailedToDecryptConfigInformation: Dsn| RequestID = s_1ef44dbb-c792-46ca-886d-6455e322bee3 
2019-12-04 12:18:02.8235|ERROR|20|FailedToDecryptConfigInformation: Dsn| RequestID = s_ddb73899-48dd-44e1-92e2-8bc55c8f942e 
2019-12-04 12:18:12.8418|ERROR|20|FailedToDecryptConfigInformation: Dsn| RequestID = s_6b2aafff-781d-44f8-b91f-dd3fe881d10f 
2019-12-04 12:18:22.8736|ERROR|20|FailedToDecryptConfigInformation: Dsn| RequestID = s_c98892af-eba4-4b35-892d-bf1be22edd3d 
2019-12-04 12:18:32.9144|ERROR|30|FailedToDecryptConfigInformation: Dsn| RequestID = s_69e9aaf9-defb-45b6-a2ae-e03defb02552 
2019-12-04 12:18:42.9268|ERROR|30|FailedToDecryptConfigInformation: Dsn| RequestID = s_fcd76818-c8dc-4b22-9113-7b1bba8dd1b1 
2019-12-04 12:18:52.9836|ERROR|30|FailedToDecryptConfigInformation: Dsn| RequestID = s_df98ecbf-6e39-48e6-8988-06747533525f 
2019-12-04 12:19:03.0359|ERROR|18|FailedToDecryptConfigInformation: Dsn| RequestID = s_720c742e-fe75-461e-b221-fede91788096 
2019-12-04 12:19:13.0837|ERROR|18|FailedToDecryptConfigInformation: Dsn| RequestID = s_48d4c077-b475-4b09-9137-312c0a4e8f43 
2019-12-04 12:19:23.1200|ERROR|18|FailedToDecryptConfigInformation: Dsn| RequestID = s_5d0aa3be-bdfb-4930-8276-fbde39fb721c 
2019-12-04 12:19:33.1383|ERROR|18|FailedToDecryptConfigInformation: Dsn| RequestID = s_40329831-888b-4045-8028-20374d63fa6b 
2019-12-04 12:19:43.1630|ERROR|18|FailedToDecryptConfigInformation: Dsn| RequestID = s_bbdbe964-145a-4272-bacd-d9bcd467dcf7 
2019-12-04 12:19:53.2053|ERROR|18|FailedToDecryptConfigInformation: Dsn| RequestID = s_3e81abc6-6272-4931-989f-aa30eecb8608 
2019-12-04 12:20:03.2356|ERROR|18|FailedToDecryptConfigInformation: Dsn| RequestID = s_2d9f40fd-fb1c-46f2-b192-db39d81b324d 
2019-12-04 12:20:13.2579|ERROR|18|FailedToDecryptConfigInformation: Dsn| RequestID = s_6ce8064a-c197-4810-9da6-9c21fb87d097 
2019-12-04 12:20:23.2792|ERROR|18|FailedToDecryptConfigInformation: Dsn| RequestID = s_fe8d8164-b06b-496c-8f07-5d412a0374c1 
2019-12-04 12:20:33.3015|ERROR|18|FailedToDecryptConfigInformation: Dsn| RequestID = s_bde4b17f-18b3-48e5-a09c-c2e538df3e9a 
2019-12-04 12:20:43.3244|ERROR|18|FailedToDecryptConfigInformation: Dsn| RequestID = s_59fd7b3c-cfda-4252-b696-bf53371d63ff 
2019-12-04 12:20:53.3832|ERROR|18|FailedToDecryptConfigInformation: Dsn| RequestID = s_dff50271-b055-49b9-8bdb-cf681ab3efa3 
2019-12-04 12:21:03.4100|ERROR|18|FailedToDecryptConfigInformation: Dsn| RequestID = s_d7fc75a9-5e6a-4c28-b1e8-ce4db138654e 
2019-12-04 12:21:13.4278|ERROR|18|FailedToDecryptConfigInformation: Dsn| RequestID = s_6fa4f025-6937-46f5-8832-114f3df44e42 
2019-12-04 12:21:23.4436|ERROR|18|FailedToDecryptConfigInformation: Dsn| RequestID = s_8fdb93db-ba62-45b2-8a05-10a0a8715811 
2019-12-04 12:21:33.4733|ERROR|18|FailedToDecryptConfigInformation: Dsn| RequestID = s_6fa6239c-df29-4630-9cc1-9037e0d05c8a 
2019-12-04 12:21:43.4961|ERROR|18|FailedToDecryptConfigInformation: Dsn| RequestID = s_fa8da16b-bf2c-41f2-87fb-2f7047a970b5 
2019-12-04 12:21:53.5174|ERROR|18|FailedToDecryptConfigInformation: Dsn| RequestID = s_e7d0c6c8-ad7a-4d2f-a7a0-7f27b2b43728 
2019-12-04 12:22:03.5462|ERROR|18|FailedToDecryptConfigInformation: Dsn| RequestID = s_39b13299-5042-4e45-add7-53aa2313250c 
2019-12-04 12:22:13.5670|ERROR|18|FailedToDecryptConfigInformation: Dsn| RequestID = s_15868dcf-b4fd-489c-a7b9-ee04f62efab6 
2019-12-04 12:22:23.5898|ERROR|18|FailedToDecryptConfigInformation: Dsn| RequestID = s_66bed00f-dde0-4ffd-bdc0-9fe9e727615b 
2019-12-04 12:22:33.6130|ERROR|18|FailedToDecryptConfigInformation: Dsn| RequestID = s_ffe1abf0-6d66-4f94-87b8-fb21bc74ff2f 
2019-12-04 12:22:43.6583|ERROR|18|FailedToDecryptConfigInformation: Dsn| RequestID = s_49ce9ceb-f67e-43a8-91c5-374077bd39c7 
2019-12-04 12:22:53.6791|ERROR|18|FailedToDecryptConfigInformation: Dsn| RequestID = s_eb43fb90-d0c9-4859-b8b6-f88ef845c579 
2019-12-04 12:23:03.7009|ERROR|18|FailedToDecryptConfigInformation: Dsn| RequestID = s_4eadc6f8-3af7-496a-b3fc-f74a5362cc3c 
2019-12-04 12:23:13.7242|ERROR|18|FailedToDecryptConfigInformation: Dsn| RequestID = s_2d41a467-4226-4568-96bb-e3437071fd31 
2019-12-04 12:23:23.7650|ERROR|23|FailedToDecryptConfigInformation: Dsn| RequestID = s_fc5022b3-1b88-42b6-9346-46e6fb06e626 
2019-12-04 12:23:33.7863|ERROR|23|FailedToDecryptConfigInformation: Dsn| RequestID = s_781f45dc-c2a4-4483-94b9-94ffd95da4b5 
2019-12-04 12:23:43.8246|ERROR|23|FailedToDecryptConfigInformation: Dsn| RequestID = s_e66d1880-3939-4082-a0ec-5d35c3f38f9e 
2019-12-04 12:23:53.8429|ERROR|23|FailedToDecryptConfigInformation: Dsn| RequestID = s_bd93021b-a004-4d0b-8b0f-506bd24c0472 
2019-12-04 12:24:03.8686|ERROR|23|FailedToDecryptConfigInformation: Dsn| RequestID = s_eac7b8d2-aadb-45e6-9576-7f891b7eeb4e 
2019-12-04 12:24:13.8889|ERROR|23|FailedToDecryptConfigInformation: Dsn| RequestID = s_ab3f2d9a-f471-4fad-bad6-fec80ccc4262 
2019-12-04 12:24:23.9187|ERROR|23|FailedToDecryptConfigInformation: Dsn| RequestID = s_3091ac61-c70b-4766-97ef-6eaca8f47a76 
2019-12-04 12:24:33.9320|ERROR|7|FailedToDecryptConfigInformation: Dsn| RequestID = s_c4cad05d-83b3-4022-9a60-9a3393d41b6f 
2019-12-04 12:24:43.9568|ERROR|7|FailedToDecryptConfigInformation: Dsn| RequestID = s_bfdd33e8-7a3d-421d-8ea8-a571f970797b 
2019-12-04 12:24:53.9901|ERROR|12|FailedToDecryptConfigInformation: Dsn| RequestID = s_56170439-8dd3-454f-84f6-96589343cd3e 
2019-12-04 12:25:04.0049|ERROR|12|FailedToDecryptConfigInformation: Dsn| RequestID = s_b593ff7b-665e-4053-b12d-a8da67b10523 
2019-12-04 12:25:14.0388|ERROR|12|FailedToDecryptConfigInformation: Dsn| RequestID = s_ea5fa165-581a-4355-972c-dd569bba0569 
2019-12-04 12:25:24.0576|ERROR|12|FailedToDecryptConfigInformation: Dsn| RequestID = s_cfa9b240-baf7-49bb-ba90-8d8deac9a2f7 
2019-12-04 12:25:34.0814|ERROR|12|FailedToDecryptConfigInformation: Dsn| RequestID = s_e6094d13-b909-48c6-80e2-0fc4534f40b3 
2019-12-04 12:25:44.1182|ERROR|12|FailedToDecryptConfigInformation: Dsn| RequestID = s_799e64da-f66d-4c6c-bc8a-f312dee9f706 
2019-12-04 12:25:54.1365|ERROR|12|FailedToDecryptConfigInformation: Dsn| RequestID = s_0fbd0556-58eb-4227-b52e-f12edc004bc5 
2019-12-04 12:26:04.1588|ERROR|12|FailedToDecryptConfigInformation: Dsn| RequestID = s_a8cfe3c8-ada7-4e70-8d67-33ce1036f4a0 
2019-12-04 12:26:14.1835|ERROR|27|FailedToDecryptConfigInformation: Dsn| RequestID = s_a7d9dabb-5f93-4ab9-b752-aa2d213a7b97 
2019-12-04 12:26:24.2063|ERROR|27|FailedToDecryptConfigInformation: Dsn| RequestID = s_b1a4cf2e-f499-4c28-8df0-bacf02cd5eea 
2019-12-04 12:26:34.2391|ERROR|27|FailedToDecryptConfigInformation: Dsn| RequestID = s_27b65ce5-5e6c-49d5-93d5-d31433d3fba8 
2019-12-04 12:26:44.2864|ERROR|27|FailedToDecryptConfigInformation: Dsn| RequestID = s_4bd8aea1-b3a2-41a2-9022-2cc599dad324 
2019-12-04 12:26:54.3012|ERROR|22|FailedToDecryptConfigInformation: Dsn| RequestID = s_b8b3dfe1-1554-4d16-908b-5d4b2795f8cb 
2019-12-04 12:27:04.3235|ERROR|22|FailedToDecryptConfigInformation: Dsn| RequestID = s_8abb38e2-2759-4a26-bc0e-847d07f943e5 
2019-12-04 12:27:14.3494|ERROR|22|FailedToDecryptConfigInformation: Dsn| RequestID = s_75c27b0f-c5ef-4d71-86e7-cb0e05a33c55 
2019-12-04 12:27:24.3757|ERROR|22|FailedToDecryptConfigInformation: Dsn| RequestID = s_ab2d6332-d65b-4555-acd8-63dbdae19f3d 
2019-12-04 12:27:34.3950|ERROR|22|FailedToDecryptConfigInformation: Dsn| RequestID = s_03687928-1851-4849-b2e3-49d04cb4cc7f 
2019-12-04 12:27:44.4128|ERROR|22|FailedToDecryptConfigInformation: Dsn| RequestID = s_d4ed68a2-d2e6-4a33-bc5b-4f29c13e0e97 
2019-12-04 12:27:54.4322|ERROR|20|FailedToDecryptConfigInformation: Dsn| RequestID = s_db1103d9-2d72-4e33-be80-f85f8bc72b76 
2019-12-04 12:28:04.4625|ERROR|20|FailedToDecryptConfigInformation: Dsn| RequestID = s_0a8d3a99-95de-4266-bda5-d5b059e273ad 
2019-12-04 12:28:14.4937|ERROR|20|FailedToDecryptConfigInformation: Dsn| RequestID = s_6ce35d07-d02d-4a02-8c7a-99a320bfdf6f 
2019-12-04 12:28:24.5340|ERROR|20|FailedToDecryptConfigInformation: Dsn| RequestID = s_1f28ca2e-1f12-4258-a094-bbe1140f73ae 
2019-12-04 12:28:34.5498|ERROR|20|FailedToDecryptConfigInformation: Dsn| RequestID = s_c0370a27-1eb0-484e-8f87-80ce8114dfdb 
2019-12-04 12:28:44.5787|ERROR|20|FailedToDecryptConfigInformation: Dsn| RequestID = s_2da26159-b67c-435a-ab5a-614f906ab694 
2019-12-04 12:28:54.6377|ERROR|16|FailedToDecryptConfigInformation: Dsn| RequestID = s_d60db319-9f9a-487c-b02e-1fe57712262a 
2019-12-04 12:29:04.6695|ERROR|16|FailedToDecryptConfigInformation: Dsn| RequestID = s_a6e52578-83a0-4d6e-a7d9-962d10a79850 
2019-12-04 12:29:14.7033|ERROR|16|FailedToDecryptConfigInformation: Dsn| RequestID = s_9060a325-c46e-48cf-bfdf-61a6eabf8064 
2019-12-04 12:29:24.7387|ERROR|16|FailedToDecryptConfigInformation: Dsn| RequestID = s_1ba40dfa-5f67-49b6-9828-d6d855f86fc6 
2019-12-04 12:29:34.7605|ERROR|16|FailedToDecryptConfigInformation: Dsn| RequestID = s_7a33b1ec-b51c-42fe-a4b7-7624bd65c1d7 
2019-12-04 12:29:44.7899|ERROR|16|FailedToDecryptConfigInformation: Dsn| RequestID = s_ae52f4e1-17d5-4916-8c40-f713d59a4f04 
2019-12-04 12:29:54.8232|ERROR|16|FailedToDecryptConfigInformation: Dsn| RequestID = s_6134a0b2-9198-46ce-9943-d54875d4aaab 
2019-12-04 12:30:04.8450|ERROR|16|FailedToDecryptConfigInformation: Dsn| RequestID = s_c44601aa-7298-459c-8bbb-57f18210701d 
2019-12-04 12:30:14.8743|ERROR|16|FailedToDecryptConfigInformation: Dsn| RequestID = s_9f1db7d6-6476-4ea0-8887-47da3bbf887b 
2019-12-04 12:30:24.8891|ERROR|16|FailedToDecryptConfigInformation: Dsn| RequestID = s_342519e4-bb29-4922-9a2c-20cd2747631b 
2019-12-04 12:30:34.9139|ERROR|16|FailedToDecryptConfigInformation: Dsn| RequestID = s_6d6edeb1-d00a-4bdd-b05d-c7f1388d91b6 
2019-12-04 12:30:44.9337|ERROR|16|FailedToDecryptConfigInformation: Dsn| RequestID = s_ae42aec3-6907-42ce-a7cd-ef1d91c14a2d 
2019-12-04 12:30:54.9554|ERROR|16|FailedToDecryptConfigInformation: Dsn| RequestID = s_cb1e0939-c00a-4318-bcd5-8db971144792 
2019-12-04 12:31:04.9897|ERROR|16|FailedToDecryptConfigInformation: Dsn| RequestID = s_0e6b8517-de78-4b81-a180-61101445fd46 
2019-12-04 12:31:15.0325|ERROR|16|FailedToDecryptConfigInformation: Dsn| RequestID = s_539a4950-4385-4c2c-81d0-b240ed2b4510 
2019-12-04 12:31:25.0594|ERROR|16|FailedToDecryptConfigInformation: Dsn| RequestID = s_8a3b8cec-5f85-40b4-ba69-8ac351dd09ae 
2019-12-04 12:31:35.0872|ERROR|16|FailedToDecryptConfigInformation: Dsn| RequestID = s_ff79130c-cacb-446c-99c6-cfd6cded8c22 
2019-12-04 12:31:45.1120|ERROR|16|FailedToDecryptConfigInformation: Dsn| RequestID = s_351070a0-4084-4848-aee1-d1c94ffcd6c6 
2019-12-04 12:31:55.1308|ERROR|16|FailedToDecryptConfigInformation: Dsn| RequestID = s_b763ebc3-c343-47f6-8df2-6108cddf67b3 
2019-12-04 12:32:05.1701|ERROR|7|FailedToDecryptConfigInformation: Dsn| RequestID = s_93c687b3-3dc7-444b-9d68-7876b8397526 
2019-12-04 12:32:15.2275|ERROR|7|FailedToDecryptConfigInformation: Dsn| RequestID = s_c6351346-d417-4a19-ae82-c869cd036b35 
2019-12-04 12:32:25.2468|ERROR|7|FailedToDecryptConfigInformation: Dsn| RequestID = s_9d6d2172-f2b5-4585-8907-08d47014a0a9 
2019-12-04 12:32:35.2826|ERROR|7|FailedToDecryptConfigInformation: Dsn| RequestID = s_9125f08e-9b72-4c8a-ab27-5b554de4a037 
2019-12-04 12:32:45.3399|ERROR|22|FailedToDecryptConfigInformation: Dsn| RequestID = s_02a49e6e-64a6-423e-a7ca-3f9cb31702b9 
2019-12-04 12:32:55.3712|ERROR|7|FailedToDecryptConfigInformation: Dsn| RequestID = s_e0535b4a-e036-4ce4-b748-68fcc4e8f64e 
2019-12-04 12:33:05.4155|ERROR|7|FailedToDecryptConfigInformation: Dsn| RequestID = s_db181671-4bbf-4b89-81fd-3ff4a9dbc3b2 
2019-12-04 12:33:15.4387|ERROR|7|FailedToDecryptConfigInformation: Dsn| RequestID = s_2c3d2a42-661e-4c47-a742-47d9b726ef2a 
2019-12-04 12:33:25.4550|ERROR|22|FailedToDecryptConfigInformation: Dsn| RequestID = s_5eb040c4-9a4a-4766-b886-998bf1d8ee56 
2019-12-04 12:33:35.4895|ERROR|22|FailedToDecryptConfigInformation: Dsn| RequestID = s_231aba4c-e3f1-4aa9-9c80-09e6963568bc 
2019-12-04 12:33:45.5107|ERROR|22|FailedToDecryptConfigInformation: Dsn| RequestID = s_bd542fa1-929f-45b5-8a6c-5e2fcc2c81f1 
2019-12-04 12:33:55.5392|ERROR|22|FailedToDecryptConfigInformation: Dsn| RequestID = s_67d3f270-ecf1-4e7a-b57a-e506be108cb3 
2019-12-04 12:34:05.5615|ERROR|22|FailedToDecryptConfigInformation: Dsn| RequestID = s_e601293b-0efe-465e-bb90-4fcf930ae422 
2019-12-04 12:34:15.6233|ERROR|22|FailedToDecryptConfigInformation: Dsn| RequestID = s_602e5fcd-80aa-457a-ab45-e6751bf4f48b 
2019-12-04 12:34:25.6620|ERROR|7|FailedToDecryptConfigInformation: Dsn| RequestID = s_ac65ac30-bb23-41c1-b8f0-bdd5d98402a0 
2019-12-04 12:34:35.6798|ERROR|7|FailedToDecryptConfigInformation: Dsn| RequestID = s_ebb703d6-ec4f-41f3-a13f-c93374f6c3f1 
2019-12-04 12:34:45.7041|ERROR|7|FailedToDecryptConfigInformation: Dsn| RequestID = s_985b4a5c-3222-49e8-8591-cde1e903ed1d 
2019-12-04 12:34:55.7249|ERROR|7|FailedToDecryptConfigInformation: Dsn| RequestID = s_6ad364d6-d14f-41f0-a07c-7862e59638b3 
2019-12-04 12:35:05.7602|ERROR|7|FailedToDecryptConfigInformation: Dsn| RequestID = s_b0fbad98-2728-410a-be67-ee357fd9d9c5 
2019-12-04 12:35:15.7850|ERROR|7|FailedToDecryptConfigInformation: Dsn| RequestID = s_9b7313f6-8d23-49d3-83cf-d3d84ce892ba 
2019-12-04 12:35:25.8158|ERROR|7|FailedToDecryptConfigInformation: Dsn| RequestID = s_66c95c51-7fb6-4ecf-af13-99c207d435d0 
2019-12-04 12:35:35.8435|ERROR|7|FailedToDecryptConfigInformation: Dsn| RequestID = s_fb9f4a76-39b9-4850-9912-989ee8333296 
2019-12-04 12:35:45.8693|ERROR|17|FailedToDecryptConfigInformation: Dsn| RequestID = s_4ba52ca4-62ae-4d9d-8618-57598704414a 
2019-12-04 12:35:55.9003|ERROR|17|FailedToDecryptConfigInformation: Dsn| RequestID = s_51b97879-227f-405d-bfe4-a0de77638564 
2019-12-04 12:36:05.9325|ERROR|17|FailedToDecryptConfigInformation: Dsn| RequestID = s_b7719035-4473-45ae-a5d8-7d0d8a78693c 
2019-12-04 12:36:15.9568|ERROR|26|FailedToDecryptConfigInformation: Dsn| RequestID = s_b8879c41-51f9-4524-85c0-0320dcc708ae 
2019-12-04 12:36:25.9856|ERROR|26|FailedToDecryptConfigInformation: Dsn| RequestID = s_2e67c6e1-f729-4879-94ad-bdc7a792da93 
2019-12-04 12:36:36.0154|ERROR|17|FailedToDecryptConfigInformation: Dsn| RequestID = s_dae9058f-7ec7-4db9-9577-e0abe4ea77c8 
2019-12-04 12:36:46.0431|ERROR|17|FailedToDecryptConfigInformation: Dsn| RequestID = s_b4d453c3-b930-40a5-a897-c8dcd6650cde 
2019-12-04 12:36:56.0604|ERROR|17|FailedToDecryptConfigInformation: Dsn| RequestID = s_b28da482-7673-4751-9df6-36dd6d31d106 
2019-12-04 12:37:06.0925|ERROR|17|FailedToDecryptConfigInformation: Dsn| RequestID = s_0bf1623e-6cb2-425b-9b98-fe933b965974 
2019-12-04 12:37:16.1168|ERROR|17|FailedToDecryptConfigInformation: Dsn| RequestID = s_62126b70-ea40-490d-b7ad-c200fc66172a 
2019-12-04 12:37:26.1601|ERROR|17|FailedToDecryptConfigInformation: Dsn| RequestID = s_c7769d91-28ca-41f9-8f8e-11d0de575f07 
2019-12-04 12:37:36.1889|ERROR|17|FailedToDecryptConfigInformation: Dsn| RequestID = s_e88807c9-96a0-4ce0-ab03-da843ecd90da 
2019-12-04 12:37:46.2172|ERROR|17|FailedToDecryptConfigInformation: Dsn| RequestID = s_fcf7a645-181e-4a7e-bafe-c9a42890f042 
2019-12-04 12:37:56.2361|ERROR|17|FailedToDecryptConfigInformation: Dsn| RequestID = s_25f11c5d-29cd-49ea-9939-1aff66adb19a 
2019-12-04 12:38:06.2674|ERROR|17|FailedToDecryptConfigInformation: Dsn| RequestID = s_3824541b-fe33-40d0-8d24-5e2c88a6e9fe 
2019-12-04 12:38:16.2902|ERROR|17|FailedToDecryptConfigInformation: Dsn| RequestID = s_8baf7dbb-9b26-4d85-ae0e-41acf24a49ec 
2019-12-04 12:38:26.3089|ERROR|17|FailedToDecryptConfigInformation: Dsn| RequestID = s_57eaacb7-8662-458a-8d42-24dd9bfcd0cd 
2019-12-04 12:38:36.3387|ERROR|24|FailedToDecryptConfigInformation: Dsn| RequestID = s_3e4c6064-0892-4827-9482-51862e27f2ef 
2019-12-04 12:38:46.3545|ERROR|24|FailedToDecryptConfigInformation: Dsn| RequestID = s_4964f337-393d-457f-9f73-d24cec6e26bb 
2019-12-04 12:38:56.4218|ERROR|29|FailedToDecryptConfigInformation: Dsn| RequestID = s_3070d573-1f85-439d-9fd1-3c1641c831ce 
2019-12-04 12:39:06.4966|ERROR|29|FailedToDecryptConfigInformation: Dsn| RequestID = s_bfe6d079-b71f-4df2-a223-615e0ec348fd 
2019-12-04 12:39:16.5135|ERROR|29|FailedToDecryptConfigInformation: Dsn| RequestID = s_cf15cd4a-341a-4c71-ad90-7278ab6d4772 
2019-12-04 12:39:26.5373|ERROR|28|FailedToDecryptConfigInformation: Dsn| RequestID = s_1e710775-e62a-4e7a-9b1e-ce0d45537596 
2019-12-04 12:39:36.5622|ERROR|28|FailedToDecryptConfigInformation: Dsn| RequestID = s_8106af07-08bb-4219-8c28-e57a831a0ba9 
2019-12-04 12:39:46.6040|ERROR|28|FailedToDecryptConfigInformation: Dsn| RequestID = s_f04420bc-67b0-4049-ae47-624fddad2d21 
2019-12-04 12:39:56.6528|ERROR|28|FailedToDecryptConfigInformation: Dsn| RequestID = s_5e2807e9-bb57-4521-bb71-91fa7a024ad0 
2019-12-04 12:40:06.6877|ERROR|28|FailedToDecryptConfigInformation: Dsn| RequestID = s_a5f2e003-271f-407d-bfa2-23cc68298c3a 
2019-12-04 12:40:16.7195|ERROR|28|FailedToDecryptConfigInformation: Dsn| RequestID = s_c5a2d61d-3069-4a93-a9ae-c5e13c930841 
2019-12-04 12:40:26.7444|ERROR|12|FailedToDecryptConfigInformation: Dsn| RequestID = s_7dff6970-e32b-4322-954f-5f62bfe25a97 
2019-12-04 12:40:36.7637|ERROR|12|FailedToDecryptConfigInformation: Dsn| RequestID = s_3c41c40c-7ea3-4ff5-b236-88d68ed96f53 
2019-12-04 12:40:46.7855|ERROR|12|FailedToDecryptConfigInformation: Dsn| RequestID = s_d8e758d9-574a-4e78-ba58-a621354a5c29 
2019-12-04 12:40:56.8073|ERROR|12|FailedToDecryptConfigInformation: Dsn| RequestID = s_33e71ef0-4362-4a03-974c-1a4d89c3785b 
2019-12-04 12:41:06.8321|ERROR|12|FailedToDecryptConfigInformation: Dsn| RequestID = s_35f7ad1c-36cf-49a0-80ae-2b2f78c1f844 
2019-12-04 12:41:16.8788|ERROR|12|FailedToDecryptConfigInformation: Dsn| RequestID = s_fb3c70f5-9ebc-4c25-b653-b27de1f5ff1b 
2019-12-04 12:41:26.9038|ERROR|12|FailedToDecryptConfigInformation: Dsn| RequestID = s_6cdb0902-eb77-452f-ae68-ac3fb689f7b8 
2019-12-04 12:41:36.9256|ERROR|12|FailedToDecryptConfigInformation: Dsn| RequestID = s_21a658a3-2c78-49ed-a7c2-6b7eb08d7e5f 
2019-12-04 12:41:46.9424|ERROR|12|FailedToDecryptConfigInformation: Dsn| RequestID = s_518fa6e5-b6c0-4236-8921-aaf371b1b8d1 
2019-12-04 12:41:56.9712|ERROR|12|FailedToDecryptConfigInformation: Dsn| RequestID = s_61d4128f-2be2-4776-90b6-910d656722ad 
2019-12-04 12:42:06.9994|ERROR|7|FailedToDecryptConfigInformation: Dsn| RequestID = s_ed478797-e487-4f3f-ae2e-9da4e4c155c0 
2019-12-04 12:42:17.0162|ERROR|7|FailedToDecryptConfigInformation: Dsn| RequestID = s_30755a41-9191-4f51-828f-2613e40f0ef3 
2019-12-04 12:42:27.0460|ERROR|7|FailedToDecryptConfigInformation: Dsn| RequestID = s_1242c2dd-6f0c-409c-91fc-88cb87bdd223 
2019-12-04 12:42:37.0889|ERROR|7|FailedToDecryptConfigInformation: Dsn| RequestID = s_2973a8b3-0c0a-4c8a-a9ae-34a1d943d7a9 
2019-12-04 12:42:47.1242|ERROR|7|FailedToDecryptConfigInformation: Dsn| RequestID = s_ad2d1a76-ea71-4758-ae6f-f55412049397 
2019-12-04 12:42:57.1520|ERROR|7|FailedToDecryptConfigInformation: Dsn| RequestID = s_73b8695f-fc24-4ad1-a6a0-4b8135fde2c1 
2019-12-04 12:43:07.1728|ERROR|7|FailedToDecryptConfigInformation: Dsn| RequestID = s_6fb8e0f5-4b88-4f20-8b3f-99121aaa9be4 
2019-12-04 12:43:17.1936|ERROR|7|FailedToDecryptConfigInformation: Dsn| RequestID = s_8afcad4d-94fe-45b8-96ef-165a2d18756d 
2019-12-04 12:43:27.2174|ERROR|7|FailedToDecryptConfigInformation: Dsn| RequestID = s_c3adf8c4-4dbe-44a4-be5b-018915ff63e2 
2019-12-04 12:43:37.2537|ERROR|7|FailedToDecryptConfigInformation: Dsn| RequestID = s_bc1d4369-9713-4cb6-8f4d-f18ceb5d94d6 
2019-12-04 12:43:47.2741|ERROR|20|FailedToDecryptConfigInformation: Dsn| RequestID = s_b01ff4a1-8e27-441c-8297-c1822cd0c795 
2019-12-04 12:43:57.2974|ERROR|20|FailedToDecryptConfigInformation: Dsn| RequestID = s_e9cdd399-a664-4f66-af50-d52c380dc664 
2019-12-04 12:44:07.3242|ERROR|20|FailedToDecryptConfigInformation: Dsn| RequestID = s_7cf1aa92-8347-4b6a-94b5-4b9cf5190b93 
2019-12-04 12:44:17.3516|ERROR|10|FailedToDecryptConfigInformation: Dsn| RequestID = s_8c2a3c0c-be0f-4af8-90b9-c4e3e1003538 
2019-12-04 12:44:27.3784|ERROR|10|FailedToDecryptConfigInformation: Dsn| RequestID = s_884293bf-060d-420d-8835-b8497744a1ea 
2019-12-04 12:44:37.3947|ERROR|10|FailedToDecryptConfigInformation: Dsn| RequestID = s_6db00791-e3f7-476d-b8f2-5cde08896a1a 
2019-12-04 12:44:47.4225|ERROR|10|FailedToDecryptConfigInformation: Dsn| RequestID = s_c24874c8-40af-45a1-b925-bd546faf02a5 
2019-12-04 12:44:57.4388|ERROR|10|FailedToDecryptConfigInformation: Dsn| RequestID = s_af624828-d64a-4f6a-98bf-ff2f0494d092 
2019-12-04 12:45:07.4781|ERROR|10|FailedToDecryptConfigInformation: Dsn| RequestID = s_7258dd10-0c51-4c01-9cc1-64b815739a87 
2019-12-04 12:45:17.5075|ERROR|10|FailedToDecryptConfigInformation: Dsn| RequestID = s_64ad43c8-8d85-4daa-8087-ea3b841c505d 
2019-12-04 12:45:27.5213|ERROR|10|FailedToDecryptConfigInformation: Dsn| RequestID = s_92209ce0-ca46-4f61-a5f9-6c5792525097 
2019-12-04 12:45:37.5512|ERROR|10|FailedToDecryptConfigInformation: Dsn| RequestID = s_e12a7da1-af4f-4861-a1cf-1d504ccb3bfe 
2019-12-04 12:45:47.5795|ERROR|10|FailedToDecryptConfigInformation: Dsn| RequestID = s_4d009896-5ea6-4e27-8f86-9a3d77a3800c 
2019-12-04 12:45:57.5943|ERROR|10|FailedToDecryptConfigInformation: Dsn| RequestID = s_021aff91-b666-4c23-b1ed-88cd11b25c99 
2019-12-04 12:46:07.6271|ERROR|10|FailedToDecryptConfigInformation: Dsn| RequestID = s_af908fe3-fbb4-4b19-b6c5-239c968e8b14 
2019-12-04 12:46:17.6678|ERROR|10|FailedToDecryptConfigInformation: Dsn| RequestID = s_d94647a3-d59d-48fc-9ffe-5f27b7dfdf3c 
2019-12-04 12:46:27.6831|ERROR|10|FailedToDecryptConfigInformation: Dsn| RequestID = s_a0dad53b-125e-4afb-b326-50d6bef89f6b 
2019-12-04 12:46:37.7075|ERROR|10|FailedToDecryptConfigInformation: Dsn| RequestID = s_90dbc777-605f-459e-91c4-2aa7a215a5d3 
2019-12-04 12:46:47.7403|ERROR|10|FailedToDecryptConfigInformation: Dsn| RequestID = s_7c5b89bc-91b0-49ec-bce3-5e3ede119194 
2019-12-04 12:46:57.7661|ERROR|10|FailedToDecryptConfigInformation: Dsn| RequestID = s_b6b38fd2-087c-4970-b57a-3c2be3fad0fe 
2019-12-04 12:47:07.7870|ERROR|10|FailedToDecryptConfigInformation: Dsn| RequestID = s_26123596-0a38-4a0d-b4b8-94dcc543ae60 
2019-12-04 12:47:17.8183|ERROR|10|FailedToDecryptConfigInformation: Dsn| RequestID = s_786134e5-e71c-4a32-961e-a97abd158e21 
2019-12-04 12:47:27.8378|ERROR|10|FailedToDecryptConfigInformation: Dsn| RequestID = s_d2193439-cec2-448f-8138-6adc618ecf7b 
2019-12-04 12:47:37.8702|ERROR|10|FailedToDecryptConfigInformation: Dsn| RequestID = s_4d26074d-3ffb-41da-8402-b87e5c0ee9b1 
2019-12-04 12:47:47.8851|ERROR|10|FailedToDecryptConfigInformation: Dsn| RequestID = s_01248fb0-f411-4eda-97cc-6ee1b439408f 
2019-12-04 12:47:57.9064|ERROR|10|FailedToDecryptConfigInformation: Dsn| RequestID = s_f3304097-7ee8-49af-9e37-b377f0b20141 
2019-12-04 12:48:07.9287|ERROR|10|FailedToDecryptConfigInformation: Dsn| RequestID = s_3d975835-3150-4e52-8679-4585b67c8b9a 
2019-12-04 12:48:17.9505|ERROR|10|FailedToDecryptConfigInformation: Dsn| RequestID = s_96c8f21d-cf6d-491e-a329-d71782ff9ceb 
2019-12-04 12:48:27.9733|ERROR|10|FailedToDecryptConfigInformation: Dsn| RequestID = s_d8669e9e-e2b1-4e0a-a531-9f2d6f4bab81 
2019-12-04 12:48:38.0111|ERROR|10|FailedToDecryptConfigInformation: Dsn| RequestID = s_4b3e0c01-7422-4b83-be5f-98fc9d66aa2d 
2019-12-04 12:48:48.0369|ERROR|23|FailedToDecryptConfigInformation: Dsn| RequestID = s_d237c59d-4978-455a-9f28-8ce8e8a2d30b 
2019-12-04 12:48:58.0637|ERROR|23|FailedToDecryptConfigInformation: Dsn| RequestID = s_d207d241-4542-4362-a8c0-8ba728f9988e 
2019-12-04 12:49:08.0924|ERROR|23|FailedToDecryptConfigInformation: Dsn| RequestID = s_b960e4ed-92d2-43cd-9acd-92002fc6cd02 
2019-12-04 12:49:18.1202|ERROR|23|FailedToDecryptConfigInformation: Dsn| RequestID = s_b578f69d-43f2-40d6-b10a-0db10863953e 
2019-12-04 12:49:28.1665|ERROR|23|FailedToDecryptConfigInformation: Dsn| RequestID = s_8eb233ca-b57f-42b8-acc9-1b9137e69a93 
2019-12-04 12:49:38.2018|ERROR|23|FailedToDecryptConfigInformation: Dsn| RequestID = s_5ffb03d5-03f7-4bf0-ac22-e933b6e8d525 
2019-12-04 12:49:48.2366|ERROR|23|FailedToDecryptConfigInformation: Dsn| RequestID = s_646f9ca5-4bf3-400f-840c-572c39ee1041 
2019-12-04 12:49:58.2569|ERROR|23|FailedToDecryptConfigInformation: Dsn| RequestID = s_684a90a9-3728-42aa-a61a-1559ec445729 
2019-12-04 12:50:08.2788|ERROR|23|FailedToDecryptConfigInformation: Dsn| RequestID = s_fe6d58c2-db28-4758-bfcb-12b7a1b5f2cf 
2019-12-04 12:50:18.3011|ERROR|23|FailedToDecryptConfigInformation: Dsn| RequestID = s_cecd3c83-a04a-4c80-8e18-09ee5b5c8e36 
2019-12-04 12:50:28.3369|ERROR|26|FailedToDecryptConfigInformation: Dsn| RequestID = s_2b00322e-b9d8-46ec-ab34-84de9428a798 
2019-12-04 12:50:38.3652|ERROR|26|FailedToDecryptConfigInformation: Dsn| RequestID = s_5b6cf56a-131b-48b1-98f3-06701ca0f2a0 
2019-12-04 12:50:48.3951|ERROR|26|FailedToDecryptConfigInformation: Dsn| RequestID = s_36d8c455-6af5-4251-9d1e-f985516b3c38 
2019-12-04 12:50:58.4464|ERROR|26|FailedToDecryptConfigInformation: Dsn| RequestID = s_095ba5ce-4b27-4cf2-ab2e-0244dbe6c776 
2019-12-04 12:51:08.4687|ERROR|19|FailedToDecryptConfigInformation: Dsn| RequestID = s_cc7f11ff-3a68-4015-8bb2-915a62a04773 
2019-12-04 12:51:18.5045|ERROR|19|FailedToDecryptConfigInformation: Dsn| RequestID = s_9b53a580-80bc-4aab-a950-1ff81dcfe345 
2019-12-04 12:51:28.5413|ERROR|19|FailedToDecryptConfigInformation: Dsn| RequestID = s_2a7716be-d494-4741-b632-8ea5e6b5051f 
2019-12-04 12:51:38.5643|ERROR|19|FailedToDecryptConfigInformation: Dsn| RequestID = s_274e02d6-315a-4e7c-929e-529e536f75cf 
2019-12-04 12:51:48.5940|ERROR|19|FailedToDecryptConfigInformation: Dsn| RequestID = s_f78e1013-338f-4cb6-83f7-a26e01c07348 
2019-12-04 12:51:58.6078|ERROR|19|FailedToDecryptConfigInformation: Dsn| RequestID = s_ac09f81c-ca68-4cc1-a04c-0ce616d454c7 
2019-12-04 12:52:08.6486|ERROR|26|FailedToDecryptConfigInformation: Dsn| RequestID = s_54878ef2-15c3-426b-bca9-31848bdf4385 
2019-12-04 12:52:18.6731|ERROR|26|FailedToDecryptConfigInformation: Dsn| RequestID = s_fefa7e7b-36d9-4e02-8a83-a39f4dc3d912 
2019-12-04 12:52:28.6969|ERROR|27|FailedToDecryptConfigInformation: Dsn| RequestID = s_e015304d-a221-4e1a-95bb-9570cc8d0824 
2019-12-04 12:52:38.7208|ERROR|27|FailedToDecryptConfigInformation: Dsn| RequestID = s_03188680-2bbc-4905-85bb-9eb333b8d98e 
2019-12-04 12:52:48.7347|ERROR|22|FailedToDecryptConfigInformation: Dsn| RequestID = s_5e59cef8-a7a8-48aa-894e-e689a30df493 
2019-12-04 12:52:58.7548|ERROR|22|FailedToDecryptConfigInformation: Dsn| RequestID = s_1c19e32d-0b5c-47f9-9a22-e55d3dbcf5b5 
2019-12-04 12:53:08.7736|ERROR|9|FailedToDecryptConfigInformation: Dsn| RequestID = s_280e2197-f2d7-4100-bc1c-8d7bbe32b822 
2019-12-04 12:53:18.7971|ERROR|9|FailedToDecryptConfigInformation: Dsn| RequestID = s_6d6f981f-74fa-415f-a5b0-7617afacaab6 
2019-12-04 12:53:28.8189|ERROR|9|FailedToDecryptConfigInformation: Dsn| RequestID = s_b5348796-0a69-444e-937c-94abc92891fc 
2019-12-04 12:53:38.8546|ERROR|9|FailedToDecryptConfigInformation: Dsn| RequestID = s_7b2e0493-63f8-4e29-8ca4-823ee9c18fb8 
2019-12-04 12:53:48.8931|ERROR|8|FailedToDecryptConfigInformation: Dsn| RequestID = s_8ec05442-c6e8-4661-9ea5-9f2c4382b712 
2019-12-04 12:53:58.9083|ERROR|8|FailedToDecryptConfigInformation: Dsn| RequestID = s_400df05e-432b-44eb-a17a-879f5a8c7206 
2019-12-04 12:54:08.9361|ERROR|11|FailedToDecryptConfigInformation: Dsn| RequestID = s_71f46c4d-fe76-4ece-88e4-d43ca94f118e 
2019-12-04 12:54:18.9559|ERROR|11|FailedToDecryptConfigInformation: Dsn| RequestID = s_f05db5e3-d384-4831-9f64-65b26940daf8 
2019-12-04 12:54:28.9847|ERROR|11|FailedToDecryptConfigInformation: Dsn| RequestID = s_d19f47e6-587b-4469-a349-d41f90bd582c 
2019-12-04 12:54:39.0285|ERROR|11|FailedToDecryptConfigInformation: Dsn| RequestID = s_25ec4082-bdc9-4ebd-9d21-38888c61d537 
2019-12-04 12:54:49.0738|ERROR|11|FailedToDecryptConfigInformation: Dsn| RequestID = s_c5f010b3-4f4c-4737-ac40-d06e64b1d34e 
2019-12-04 12:54:59.1061|ERROR|11|FailedToDecryptConfigInformation: Dsn| RequestID = s_6f811bc6-fd43-4d5c-9160-ca1c17876857 
2019-12-04 12:55:09.1433|ERROR|12|FailedToDecryptConfigInformation: Dsn| RequestID = s_fc12d2df-2558-4e15-a65f-d0bbdec4a7f1 
2019-12-04 12:55:19.1636|ERROR|12|FailedToDecryptConfigInformation: Dsn| RequestID = s_aed4de52-af45-4f0e-a7d4-58c114debc03 
2019-12-04 12:55:29.1921|ERROR|12|FailedToDecryptConfigInformation: Dsn| RequestID = s_281596ea-2a89-4334-b52a-217b3724fd17 
2019-12-04 12:55:39.2223|ERROR|12|FailedToDecryptConfigInformation: Dsn| RequestID = s_0c302acb-55be-4880-af9d-d5d6f3ae87ae 
2019-12-04 12:55:49.2391|ERROR|12|FailedToDecryptConfigInformation: Dsn| RequestID = s_390297e5-b4d9-48a6-99b5-207190f3db22 
2019-12-04 12:55:59.2679|ERROR|20|FailedToDecryptConfigInformation: Dsn| RequestID = s_5f8da9ff-0e1e-4d90-bf9b-2599c0ea8e41 
2019-12-04 12:56:09.2822|ERROR|20|FailedToDecryptConfigInformation: Dsn| RequestID = s_c2a7fb82-915c-4760-8638-13558133c71e 
2019-12-04 12:56:19.3085|ERROR|20|FailedToDecryptConfigInformation: Dsn| RequestID = s_2789c3db-bf01-4978-a473-b1505298857e 
2019-12-04 12:56:29.3263|ERROR|20|FailedToDecryptConfigInformation: Dsn| RequestID = s_db4a18e3-8175-462b-85b8-4333c1321a54 
2019-12-04 12:56:39.3555|ERROR|20|FailedToDecryptConfigInformation: Dsn| RequestID = s_13203dc0-3612-4f5e-bc04-9b33cc2e1c1c 
2019-12-04 12:56:49.5149|ERROR|24|FailedToDecryptConfigInformation: Dsn| RequestID = s_670dfbe6-acd0-48ff-8be5-215bb802f8c8 
2019-12-04 12:56:59.5543|ERROR|20|FailedToDecryptConfigInformation: Dsn| RequestID = s_c5e9f5f2-a4e4-49cd-9006-ac51ae99fbb1 
2019-12-04 12:57:09.5777|ERROR|20|FailedToDecryptConfigInformation: Dsn| RequestID = s_a612f6c4-542d-42b9-b7fc-2ee26c31cc79 
2019-12-04 12:57:19.6020|ERROR|22|FailedToDecryptConfigInformation: Dsn| RequestID = s_07dab330-3877-48a7-bcd4-7eeb3ae2fdfc 
2019-12-04 12:57:29.6204|ERROR|22|FailedToDecryptConfigInformation: Dsn| RequestID = s_dca0b1e7-683c-4610-9529-ea86b7a493d5 
2019-12-04 12:57:39.6487|ERROR|22|FailedToDecryptConfigInformation: Dsn| RequestID = s_61e60bf3-ccad-4ee8-bdb6-8ffc3cbaf05a 
2019-12-04 12:57:49.6825|ERROR|22|FailedToDecryptConfigInformation: Dsn| RequestID = s_d097716b-672b-464f-8b25-c48c4279c54a 
2019-12-04 12:57:59.7173|ERROR|22|FailedToDecryptConfigInformation: Dsn| RequestID = s_e9023e19-9f93-4d3e-ab87-ae7bb712f3f6 
2019-12-04 12:58:09.7386|ERROR|22|FailedToDecryptConfigInformation: Dsn| RequestID = s_e24aa4ed-c874-42b0-b002-912167af21b2 
2019-12-04 12:58:19.7769|ERROR|15|FailedToDecryptConfigInformation: Dsn| RequestID = s_5b89754b-9b04-4b58-b88d-f83cd6cae054 
2019-12-04 12:58:29.8092|ERROR|15|FailedToDecryptConfigInformation: Dsn| RequestID = s_06853677-9e49-49db-9a58-51dcd3e8bb86 
2019-12-04 12:58:39.8240|ERROR|15|FailedToDecryptConfigInformation: Dsn| RequestID = s_f096cc98-971f-48f9-b399-03a302ca1d5b 
2019-12-04 12:58:49.8507|ERROR|15|FailedToDecryptConfigInformation: Dsn| RequestID = s_fd7933d1-e7d2-4c49-9d98-59ec22e1dc9c 
2019-12-04 12:58:59.9137|ERROR|15|FailedToDecryptConfigInformation: Dsn| RequestID = s_b78c415a-c60a-404b-900a-19a90c761d8d 
2019-12-04 12:59:09.9460|ERROR|15|FailedToDecryptConfigInformation: Dsn| RequestID = s_85e0489f-9167-451f-8321-e63ac5402630 
2019-12-04 12:59:19.9613|ERROR|15|FailedToDecryptConfigInformation: Dsn| RequestID = s_2daa1c60-cfc2-4aba-a937-8f235ccb2180 
2019-12-04 12:59:29.9901|ERROR|15|FailedToDecryptConfigInformation: Dsn| RequestID = s_e48481d5-46f3-48cd-a4fc-c9c776fa4ba3 
2019-12-04 12:59:40.0144|ERROR|15|FailedToDecryptConfigInformation: Dsn| RequestID = s_2946a0f0-266f-4fd7-97af-c102bb4c7a2b 
2019-12-04 12:59:50.0346|ERROR|15|FailedToDecryptConfigInformation: Dsn| RequestID = s_5be58f8e-18c1-4c29-bdc9-c12bdb16c680 
