2019-12-03 20:00:04.9527|ERROR|36|FailedToDecryptConfigInformation: Dsn| RequestID = s_834cebc5-6b22-49f9-bc5a-7b6d74b2691e 
2019-12-03 20:00:14.9777|ERROR|28|FailedToDecryptConfigInformation: Dsn| RequestID = s_3cda521e-5248-4037-87a2-3174640cf5b6 
2019-12-03 20:00:24.9969|ERROR|36|FailedToDecryptConfigInformation: Dsn| RequestID = s_152bf6a4-e4b0-40d8-afe1-969cf59f9edd 
2019-12-03 20:00:35.0314|ERROR|28|FailedToDecryptConfigInformation: Dsn| RequestID = s_5897ab70-bae2-4c33-8f8b-722f8efa17e8 
2019-12-03 20:00:45.0492|ERROR|28|FailedToDecryptConfigInformation: Dsn| RequestID = s_650c4bc8-d964-4d22-afc3-f144dbaf3f74 
2019-12-03 20:00:55.0751|ERROR|28|FailedToDecryptConfigInformation: Dsn| RequestID = s_c01bb438-dbf1-4f1b-8b54-d607d380f54e 
2019-12-03 20:01:05.1046|ERROR|11|FailedToDecryptConfigInformation: Dsn| RequestID = s_8768e188-6b20-427e-99b3-859cc1cdcadf 
2019-12-03 20:01:15.1252|ERROR|11|FailedToDecryptConfigInformation: Dsn| RequestID = s_308ea677-eb43-4a4b-ba96-006fc2203e0b 
2019-12-03 20:01:25.1577|ERROR|31|FailedToDecryptConfigInformation: Dsn| RequestID = s_9afded45-bfc0-4a70-80fa-577ca1e7f6cd 
2019-12-03 20:01:35.1777|ERROR|31|FailedToDecryptConfigInformation: Dsn| RequestID = s_37ed5471-276c-49bd-aca1-dcb813cb51c5 
2019-12-03 20:01:45.2014|ERROR|12|FailedToDecryptConfigInformation: Dsn| RequestID = s_5e081561-289c-448e-a10a-e8b0b4870baa 
2019-12-03 20:01:55.2156|ERROR|12|FailedToDecryptConfigInformation: Dsn| RequestID = s_6902aa94-f663-487c-b10f-547034287b57 
2019-12-03 20:02:05.2413|ERROR|17|FailedToDecryptConfigInformation: Dsn| RequestID = s_db7908e8-4c23-4e5d-a034-6dc267a8a1a6 
2019-12-03 20:02:15.2609|ERROR|17|FailedToDecryptConfigInformation: Dsn| RequestID = s_f0e03e56-16bc-45b6-a4b7-55b1156f41f5 
2019-12-03 20:02:25.2856|ERROR|30|FailedToDecryptConfigInformation: Dsn| RequestID = s_937a487b-a5da-4c77-8be7-c8f75f64da72 
2019-12-03 20:02:35.2997|ERROR|30|FailedToDecryptConfigInformation: Dsn| RequestID = s_ec94e4c6-a662-4f25-bc04-7bc9a8789cdb 
2019-12-03 20:02:45.3297|ERROR|6|FailedToDecryptConfigInformation: Dsn| RequestID = s_d496a19f-3bad-4e5c-86d7-039bff8c07b9 
2019-12-03 20:02:55.3516|ERROR|6|FailedToDecryptConfigInformation: Dsn| RequestID = s_55186f30-5357-4e6f-9a6a-4f6c85393806 
2019-12-03 20:03:05.3670|ERROR|8|FailedToDecryptConfigInformation: Dsn| RequestID = s_e2156f12-ed94-45ff-affd-dc96c6f226fd 
2019-12-03 20:03:15.3953|ERROR|8|FailedToDecryptConfigInformation: Dsn| RequestID = s_39c98f2d-dcd7-43ae-b920-350086e8a07a 
2019-12-03 20:03:25.4167|ERROR|8|FailedToDecryptConfigInformation: Dsn| RequestID = s_2df64d60-18cd-4368-a056-07a7cd1f26b5 
2019-12-03 20:03:35.4366|ERROR|8|FailedToDecryptConfigInformation: Dsn| RequestID = s_1492dd2a-39d6-4df0-af02-d8e24ff39d34 
2019-12-03 20:03:45.4537|ERROR|8|FailedToDecryptConfigInformation: Dsn| RequestID = s_3782c1ea-d803-4adb-a11f-0ad8c90e657e 
2019-12-03 20:03:55.4779|ERROR|14|FailedToDecryptConfigInformation: Dsn| RequestID = s_2f2ac5ee-5c56-479d-b045-5df961b0af28 
2019-12-03 20:04:05.4925|ERROR|14|FailedToDecryptConfigInformation: Dsn| RequestID = s_9166f68f-0980-4c92-b05e-83cf83aa391b 
2019-12-03 20:04:15.5115|ERROR|14|FailedToDecryptConfigInformation: Dsn| RequestID = s_1e71b32e-a45b-40b6-8eb8-0ade1561c77e 
2019-12-03 20:04:25.5327|ERROR|14|FailedToDecryptConfigInformation: Dsn| RequestID = s_e283afef-de34-4d81-90a3-dc315f95fa47 
2019-12-03 20:04:35.5582|ERROR|40|FailedToDecryptConfigInformation: Dsn| RequestID = s_7e891182-04d1-4588-88a0-f5f0eb61fbdf 
2019-12-03 20:04:45.5810|ERROR|40|FailedToDecryptConfigInformation: Dsn| RequestID = s_95821698-c764-4f5b-b30b-f293d2ec8da3 
2019-12-03 20:04:55.6055|ERROR|40|FailedToDecryptConfigInformation: Dsn| RequestID = s_f7ebb3dc-5124-4481-a9be-5d600cf53f7c 
2019-12-03 20:05:05.6263|ERROR|31|FailedToDecryptConfigInformation: Dsn| RequestID = s_9fba5010-a5c3-4d02-95b5-c7d991f469dc 
2019-12-03 20:05:15.6439|ERROR|31|FailedToDecryptConfigInformation: Dsn| RequestID = s_bbad3000-91e5-49d4-a4f8-1c5b73d8a0f3 
2019-12-03 20:05:25.6717|ERROR|11|FailedToDecryptConfigInformation: Dsn| RequestID = s_a7040b76-756f-45a4-b7dc-f70f5d244f85 
2019-12-03 20:05:35.6901|ERROR|11|FailedToDecryptConfigInformation: Dsn| RequestID = s_d7823820-d7d4-4068-b621-781c556cdb62 
2019-12-03 20:05:45.7123|ERROR|28|FailedToDecryptConfigInformation: Dsn| RequestID = s_bb45059b-39d3-497d-8425-46ca36216c4d 
2019-12-03 20:05:55.7324|ERROR|28|FailedToDecryptConfigInformation: Dsn| RequestID = s_30450974-7208-45b5-b927-a8b5db424d7c 
2019-12-03 20:06:05.7543|ERROR|36|FailedToDecryptConfigInformation: Dsn| RequestID = s_57d8274c-5210-4bfe-8e3c-c84043ebf6d5 
2019-12-03 20:06:15.7691|ERROR|36|FailedToDecryptConfigInformation: Dsn| RequestID = s_ee2642a1-9169-48f7-8e88-5bc18aeff663 
2019-12-03 20:06:25.8087|ERROR|36|FailedToDecryptConfigInformation: Dsn| RequestID = s_8da515f1-f87a-40db-9c14-27dd344a735c 
2019-12-03 20:06:35.8244|ERROR|36|FailedToDecryptConfigInformation: Dsn| RequestID = s_ea94b474-10a8-48ea-8f49-2805eaa85826 
2019-12-03 20:06:45.8368|ERROR|4|FailedToDecryptConfigInformation: Dsn| RequestID = s_85b43648-b08f-43b2-bba0-ebaa6a6f7276 
2019-12-03 20:06:55.8625|ERROR|4|FailedToDecryptConfigInformation: Dsn| RequestID = s_ba9a6655-2e22-493b-8f47-beea82457049 
2019-12-03 20:07:05.8959|ERROR|13|FailedToDecryptConfigInformation: Dsn| RequestID = s_02e6d22f-a9ef-45fa-8922-3f85fad900a7 
2019-12-03 20:07:15.9203|ERROR|13|FailedToDecryptConfigInformation: Dsn| RequestID = s_04ccb0d2-32dd-436c-b1ec-2c66a58dff26 
2019-12-03 20:07:25.9360|ERROR|9|FailedToDecryptConfigInformation: Dsn| RequestID = s_75078c4c-7bd5-4684-bc59-3ebcedb834e1 
2019-12-03 20:07:35.9719|ERROR|13|FailedToDecryptConfigInformation: Dsn| RequestID = s_e87d9e5e-a341-44aa-9567-17f7f6b74cf3 
2019-12-03 20:07:45.9870|ERROR|13|FailedToDecryptConfigInformation: Dsn| RequestID = s_da8fdf98-a5c7-43fc-9b27-188727047b69 
2019-12-03 20:07:56.0160|ERROR|27|FailedToDecryptConfigInformation: Dsn| RequestID = s_39781990-ca16-4328-9db4-76c9fdc93707 
2019-12-03 20:08:06.0348|ERROR|27|FailedToDecryptConfigInformation: Dsn| RequestID = s_079eb65f-cc29-4df1-bed7-abd29d53695a 
2019-12-03 20:08:16.0504|ERROR|8|FailedToDecryptConfigInformation: Dsn| RequestID = s_92c7f192-e077-4098-89dd-25c30ee1b657 
2019-12-03 20:08:26.0782|ERROR|8|FailedToDecryptConfigInformation: Dsn| RequestID = s_f377e605-8ce7-48af-8340-58c3a2ded029 
2019-12-03 20:08:36.1038|ERROR|6|FailedToDecryptConfigInformation: Dsn| RequestID = s_0c75a27b-b597-4d0d-b013-34e24e6faa83 
2019-12-03 20:08:46.1649|ERROR|6|FailedToDecryptConfigInformation: Dsn| RequestID = s_87dd8b16-6642-4038-a402-7e14295e28b8 
2019-12-03 20:08:56.1879|ERROR|6|FailedToDecryptConfigInformation: Dsn| RequestID = s_4e9e56e4-2702-4b5a-b794-81428c00ebd2 
2019-12-03 20:09:06.2132|ERROR|30|FailedToDecryptConfigInformation: Dsn| RequestID = s_0b66785d-9d80-484d-8271-0fd32ca747a1 
2019-12-03 20:09:16.2314|ERROR|30|FailedToDecryptConfigInformation: Dsn| RequestID = s_d927237a-32f4-4af5-a094-a8ca4b5273a2 
2019-12-03 20:09:26.2458|ERROR|26|FailedToDecryptConfigInformation: Dsn| RequestID = s_11239bd3-9bbe-49c6-a78c-be8c21490b16 
2019-12-03 20:09:36.2600|ERROR|30|FailedToDecryptConfigInformation: Dsn| RequestID = s_1001ff18-d934-4b9d-a23b-ce495a924b0e 
2019-12-03 20:09:46.2812|ERROR|30|FailedToDecryptConfigInformation: Dsn| RequestID = s_fd3ef7cb-f7a8-45d6-b391-a899e8f26298 
2019-12-03 20:09:56.3142|ERROR|30|FailedToDecryptConfigInformation: Dsn| RequestID = s_b7a74b17-39cd-4692-ab93-4eceaf8574d2 
2019-12-03 20:10:06.3343|ERROR|30|FailedToDecryptConfigInformation: Dsn| RequestID = s_02cbf177-b914-486d-9837-2d2c32f5ea27 
2019-12-03 20:10:16.3572|ERROR|30|FailedToDecryptConfigInformation: Dsn| RequestID = s_63207d3a-1c47-48b2-9684-53c0a94667fa 
2019-12-03 20:10:26.4079|ERROR|30|FailedToDecryptConfigInformation: Dsn| RequestID = s_b97dd5d1-6d46-4abb-b42a-488a5aa4e443 
2019-12-03 20:10:36.4625|ERROR|30|FailedToDecryptConfigInformation: Dsn| RequestID = s_5216eb4d-efc3-440e-b2df-137800cef9a1 
2019-12-03 20:10:46.4899|ERROR|30|FailedToDecryptConfigInformation: Dsn| RequestID = s_11a1222e-016a-46cd-8058-45486d68253e 
2019-12-03 20:10:56.5136|ERROR|19|FailedToDecryptConfigInformation: Dsn| RequestID = s_66fdaf7e-c13a-4015-98ac-d2eed0b9d74d 
2019-12-03 20:11:06.5799|ERROR|19|FailedToDecryptConfigInformation: Dsn| RequestID = s_8f1ef9fc-d829-4e58-aa22-4bb2c144f2df 
2019-12-03 20:11:16.6039|ERROR|19|FailedToDecryptConfigInformation: Dsn| RequestID = s_828a4acb-364c-426c-8a7a-85039c238834 
2019-12-03 20:11:26.6172|ERROR|36|FailedToDecryptConfigInformation: Dsn| RequestID = s_ed8de39e-3092-4b4c-bcf0-bfa4bb3ce8f7 
2019-12-03 20:11:36.6490|ERROR|36|FailedToDecryptConfigInformation: Dsn| RequestID = s_25bd04a9-7fe9-4d37-bb84-c23e70090238 
2019-12-03 20:11:46.6733|ERROR|19|FailedToDecryptConfigInformation: Dsn| RequestID = s_e0fcf104-a329-4452-97c2-69145fcc4e9b 
2019-12-03 20:11:56.8011|ERROR|19|FailedToDecryptConfigInformation: Dsn| RequestID = s_3a6e7e82-b186-4388-82ba-08df211a39a1 
2019-12-03 20:12:06.8332|ERROR|19|FailedToDecryptConfigInformation: Dsn| RequestID = s_7f668383-7637-4494-9c14-85066ca459d6 
2019-12-03 20:12:16.8580|ERROR|31|FailedToDecryptConfigInformation: Dsn| RequestID = s_aaa702e4-222c-4778-b25e-03df2b6c65de 
2019-12-03 20:12:26.8864|ERROR|31|FailedToDecryptConfigInformation: Dsn| RequestID = s_4cd2d604-2ed3-4afa-a0f7-104cb103c27f 
2019-12-03 20:12:36.9085|ERROR|31|FailedToDecryptConfigInformation: Dsn| RequestID = s_b5cbd6e6-58ed-4d7f-bf9b-14e47b8ca56d 
2019-12-03 20:12:46.9512|ERROR|31|FailedToDecryptConfigInformation: Dsn| RequestID = s_177b5875-0e5d-481e-82e6-c0da8fd32f33 
2019-12-03 20:12:57.0101|ERROR|31|FailedToDecryptConfigInformation: Dsn| RequestID = s_6c93c2d3-b414-4224-a75f-e67ddc26677e 
2019-12-03 20:13:07.0432|ERROR|31|FailedToDecryptConfigInformation: Dsn| RequestID = s_774c57cd-ce8b-4f0e-96af-b51a7b7999cc 
2019-12-03 20:13:17.0752|ERROR|26|FailedToDecryptConfigInformation: Dsn| RequestID = s_fbeafd76-db2b-4861-a9c4-e0831ca7e2b8 
2019-12-03 20:13:27.0934|ERROR|26|FailedToDecryptConfigInformation: Dsn| RequestID = s_7ca8c98f-afff-48e3-a101-e5e47008bcb3 
2019-12-03 20:13:37.1247|ERROR|26|FailedToDecryptConfigInformation: Dsn| RequestID = s_07ab58cc-5047-4bb1-924e-4120242492c3 
2019-12-03 20:13:47.1569|ERROR|26|FailedToDecryptConfigInformation: Dsn| RequestID = s_54a46803-8792-4614-9e0e-db2cdb643d25 
2019-12-03 20:13:57.1972|ERROR|26|FailedToDecryptConfigInformation: Dsn| RequestID = s_68adf24d-8f71-4344-8bfb-882f290bee71 
2019-12-03 20:14:07.2181|ERROR|26|FailedToDecryptConfigInformation: Dsn| RequestID = s_33a67cc0-cbba-4083-b30f-0f6de63698a5 
2019-12-03 20:14:17.2419|ERROR|6|FailedToDecryptConfigInformation: Dsn| RequestID = s_40c242bc-eac2-4284-a298-0acbe8d0c39c 
2019-12-03 20:14:27.2658|ERROR|6|FailedToDecryptConfigInformation: Dsn| RequestID = s_78f5bdb6-602a-4052-9665-ee03f8dfbccd 
2019-12-03 20:14:37.2894|ERROR|27|FailedToDecryptConfigInformation: Dsn| RequestID = s_bcf77704-477c-482a-8194-1ef92212c9ca 
2019-12-03 20:14:47.3429|ERROR|27|FailedToDecryptConfigInformation: Dsn| RequestID = s_dbe4f507-3dcf-47dd-89ca-324017d52375 
2019-12-03 20:14:57.3662|ERROR|6|FailedToDecryptConfigInformation: Dsn| RequestID = s_84d74720-186f-4d6b-b926-df28db89ea5e 
2019-12-03 20:15:07.3945|ERROR|27|FailedToDecryptConfigInformation: Dsn| RequestID = s_408496d3-db18-4866-ac99-b3a665e18bef 
2019-12-03 20:15:17.4256|ERROR|27|FailedToDecryptConfigInformation: Dsn| RequestID = s_9ee3b5f0-e40f-46a3-84c3-3f0bc78eed8d 
2019-12-03 20:15:27.4420|ERROR|27|FailedToDecryptConfigInformation: Dsn| RequestID = s_aee9ea79-4be6-42ef-8211-ad758dde51f4 
2019-12-03 20:15:37.4671|ERROR|28|FailedToDecryptConfigInformation: Dsn| RequestID = s_55cd8883-56ec-4db4-92ff-9bf5ddb4e511 
2019-12-03 20:15:47.4919|ERROR|28|FailedToDecryptConfigInformation: Dsn| RequestID = s_e97dd787-322e-4832-94bf-24fdeeb90dcd 
2019-12-03 20:15:57.5113|ERROR|28|FailedToDecryptConfigInformation: Dsn| RequestID = s_6b45606b-86a7-450c-8d30-956fdde27f13 
2019-12-03 20:16:07.5517|ERROR|28|FailedToDecryptConfigInformation: Dsn| RequestID = s_d7fdc653-d921-445f-bd0b-a8bb3b16b9b8 
2019-12-03 20:16:17.5773|ERROR|28|FailedToDecryptConfigInformation: Dsn| RequestID = s_aa1cfe76-bbb4-4971-a418-15e945d95a83 
2019-12-03 20:16:27.6112|ERROR|36|FailedToDecryptConfigInformation: Dsn| RequestID = s_7c1ffd66-319a-454d-b594-1c9580de8866 
2019-12-03 20:16:37.6366|ERROR|28|FailedToDecryptConfigInformation: Dsn| RequestID = s_e8c8bb92-f569-42e1-beaa-eb9f14adf002 
2019-12-03 20:16:47.6953|ERROR|28|FailedToDecryptConfigInformation: Dsn| RequestID = s_9306265f-f6ed-4b11-87cb-77cbf3967af1 
2019-12-03 20:16:57.7213|ERROR|28|FailedToDecryptConfigInformation: Dsn| RequestID = s_00ba0447-ad39-4718-b536-b0f019248167 
2019-12-03 20:17:07.7418|ERROR|36|FailedToDecryptConfigInformation: Dsn| RequestID = s_a98fa580-02a6-4b3c-8f04-484522632feb 
2019-12-03 20:17:17.7862|ERROR|36|FailedToDecryptConfigInformation: Dsn| RequestID = s_86352eb3-ad63-42f7-b9a7-5d3913a389f9 
2019-12-03 20:17:27.8129|ERROR|36|FailedToDecryptConfigInformation: Dsn| RequestID = s_75908709-2e16-4cde-87c7-f101aa68f466 
2019-12-03 20:17:37.8402|ERROR|4|FailedToDecryptConfigInformation: Dsn| RequestID = s_80ac27dc-ed16-482e-8730-a09d7897d0d4 
2019-12-03 20:17:47.8861|ERROR|4|FailedToDecryptConfigInformation: Dsn| RequestID = s_1c92ab89-2f51-49cd-9c8d-d43ce07f65f9 
2019-12-03 20:17:57.9061|ERROR|4|FailedToDecryptConfigInformation: Dsn| RequestID = s_aa0b0ee5-7481-45ef-a44f-50069caf843f 
2019-12-03 20:18:07.9250|ERROR|4|FailedToDecryptConfigInformation: Dsn| RequestID = s_63b91634-11b0-423a-93d7-cff7600a7d6a 
2019-12-03 20:18:17.9587|ERROR|4|FailedToDecryptConfigInformation: Dsn| RequestID = s_988ae0c0-b891-4e38-80a5-535af099cd93 
2019-12-03 20:18:28.0106|ERROR|4|FailedToDecryptConfigInformation: Dsn| RequestID = s_06a47941-74e5-4473-a191-79b63c65dafe 
2019-12-03 20:18:38.0419|ERROR|4|FailedToDecryptConfigInformation: Dsn| RequestID = s_ef0aa985-dfc8-4084-afdf-2333d1d58552 
2019-12-03 20:18:48.0692|ERROR|26|FailedToDecryptConfigInformation: Dsn| RequestID = s_b5e9a793-147a-4f4d-971f-3e83efe9bd09 
2019-12-03 20:18:58.0952|ERROR|26|FailedToDecryptConfigInformation: Dsn| RequestID = s_5ab17c4e-98ba-4a98-abfb-74b2a503d997 
2019-12-03 20:19:08.1325|ERROR|26|FailedToDecryptConfigInformation: Dsn| RequestID = s_c7257d49-e6ed-4f03-bf2f-0df0dba96f73 
2019-12-03 20:19:18.1817|ERROR|26|FailedToDecryptConfigInformation: Dsn| RequestID = s_baba9e86-a844-41b6-8b5c-2b55dca5e967 
2019-12-03 20:19:28.2104|ERROR|26|FailedToDecryptConfigInformation: Dsn| RequestID = s_7c610386-dc84-4b90-bbfe-90b4e10bc580 
2019-12-03 20:19:38.2458|ERROR|26|FailedToDecryptConfigInformation: Dsn| RequestID = s_8f156082-9e7b-443e-9786-f5c3c5732e46 
2019-12-03 20:19:48.2602|ERROR|26|FailedToDecryptConfigInformation: Dsn| RequestID = s_00034a32-3fee-44c0-a368-dee102f5da7e 
2019-12-03 20:19:58.3171|ERROR|26|FailedToDecryptConfigInformation: Dsn| RequestID = s_30e40a97-4039-4953-86d5-d0c3ded585d5 
2019-12-03 20:20:08.3355|ERROR|26|FailedToDecryptConfigInformation: Dsn| RequestID = s_c8ad0c0d-0593-4c7f-b243-e310d0243b0c 
2019-12-03 20:20:18.3599|ERROR|26|FailedToDecryptConfigInformation: Dsn| RequestID = s_75e031b7-4c18-4e45-aeb3-42965d52e6a8 
2019-12-03 20:20:28.3820|ERROR|31|FailedToDecryptConfigInformation: Dsn| RequestID = s_ce80cdf1-811c-4d01-89f5-5a2edd460742 
2019-12-03 20:20:38.4016|ERROR|31|FailedToDecryptConfigInformation: Dsn| RequestID = s_f87c2589-5dcd-4814-a5a1-cc4f52e76522 
2019-12-03 20:20:48.4220|ERROR|28|FailedToDecryptConfigInformation: Dsn| RequestID = s_4e8ae376-e941-4c5b-86a5-40b718e0f82b 
2019-12-03 20:20:58.4524|ERROR|28|FailedToDecryptConfigInformation: Dsn| RequestID = s_12135b0c-ed60-4668-b93f-80a831c274f9 
2019-12-03 20:21:08.4724|ERROR|28|FailedToDecryptConfigInformation: Dsn| RequestID = s_e283042f-e94b-46b9-81f5-f5f93c03d54a 
2019-12-03 20:21:18.5063|ERROR|28|FailedToDecryptConfigInformation: Dsn| RequestID = s_af07cfae-1839-4c75-9b6a-52401981f743 
2019-12-03 20:21:28.5205|ERROR|27|FailedToDecryptConfigInformation: Dsn| RequestID = s_c34a028e-5b30-485f-a9dc-d83ec1c210c0 
2019-12-03 20:21:38.5513|ERROR|27|FailedToDecryptConfigInformation: Dsn| RequestID = s_7a553765-d96c-42e0-be64-d2a0e16936cb 
2019-12-03 20:21:48.5991|ERROR|27|FailedToDecryptConfigInformation: Dsn| RequestID = s_89dfc504-349c-485f-b3cb-afe434fa9459 
2019-12-03 20:21:58.7552|ERROR|27|FailedToDecryptConfigInformation: Dsn| RequestID = s_e054d0fc-9285-4203-aec6-7414d5b6b391 
2019-12-03 20:22:08.8034|ERROR|27|FailedToDecryptConfigInformation: Dsn| RequestID = s_01728ee8-6b76-42e4-b3f5-a8dd117fe80a 
2019-12-03 20:22:18.8814|ERROR|27|FailedToDecryptConfigInformation: Dsn| RequestID = s_96ff5efd-e1f2-41ec-8e61-8a3d046a4a3e 
2019-12-03 20:22:28.9066|ERROR|22|FailedToDecryptConfigInformation: Dsn| RequestID = s_ec6005ae-7a04-424b-9f15-5c3e48dcccfe 
2019-12-03 20:22:38.9405|ERROR|22|FailedToDecryptConfigInformation: Dsn| RequestID = s_8f908650-82a1-4942-9525-e1eca7ec66ae 
2019-12-03 20:22:48.9631|ERROR|22|FailedToDecryptConfigInformation: Dsn| RequestID = s_3ce700f7-3666-49fd-9dfb-fe472d4bae96 
2019-12-03 20:22:59.0003|ERROR|22|FailedToDecryptConfigInformation: Dsn| RequestID = s_890d29c8-78d2-408f-b8e0-f4013cf354d4 
2019-12-03 20:23:09.0361|ERROR|22|FailedToDecryptConfigInformation: Dsn| RequestID = s_45ad840e-86a1-4b32-bf10-05ea7c4566e3 
2019-12-03 20:23:19.0524|ERROR|22|FailedToDecryptConfigInformation: Dsn| RequestID = s_0da02842-9439-4607-94a0-b134f4447551 
2019-12-03 20:23:29.0658|ERROR|22|FailedToDecryptConfigInformation: Dsn| RequestID = s_c32d214c-b179-4fb4-ac3b-0d7085095312 
2019-12-03 20:23:39.0956|ERROR|15|FailedToDecryptConfigInformation: Dsn| RequestID = s_7df075bd-67e4-4af0-ab31-468d10d7d8f1 
2019-12-03 20:23:49.1209|ERROR|15|FailedToDecryptConfigInformation: Dsn| RequestID = s_0f5fbbc2-c1a3-45ca-a0d5-f8833e9bc06f 
2019-12-03 20:23:59.1401|ERROR|15|FailedToDecryptConfigInformation: Dsn| RequestID = s_8a8e84e5-e188-4d96-a913-2f56bf7a522e 
2019-12-03 20:24:09.1874|ERROR|15|FailedToDecryptConfigInformation: Dsn| RequestID = s_0f5b5a96-af48-4816-9602-11606a9b84de 
2019-12-03 20:24:19.2055|ERROR|15|FailedToDecryptConfigInformation: Dsn| RequestID = s_db9bfc77-e565-452e-9eef-324ef17ab169 
2019-12-03 20:24:29.2247|ERROR|15|FailedToDecryptConfigInformation: Dsn| RequestID = s_6e6f47ed-9fbf-4bd5-af8d-03fbe531047c 
2019-12-03 20:24:39.2493|ERROR|15|FailedToDecryptConfigInformation: Dsn| RequestID = s_50fa2616-04cc-4352-a809-8bbab5fbb750 
2019-12-03 20:24:49.2731|ERROR|15|FailedToDecryptConfigInformation: Dsn| RequestID = s_b2fc64be-7315-41ed-94ac-c652e19321ff 
2019-12-03 20:24:59.2938|ERROR|15|FailedToDecryptConfigInformation: Dsn| RequestID = s_4ea73944-3e39-4088-b767-d4820ddd2500 
2019-12-03 20:25:09.3384|ERROR|15|FailedToDecryptConfigInformation: Dsn| RequestID = s_39f83c40-dbcb-48b3-a53b-66eb96b82604 
2019-12-03 20:25:19.3586|ERROR|15|FailedToDecryptConfigInformation: Dsn| RequestID = s_73b4f842-5acb-4eed-a9c0-012a27e3c95e 
2019-12-03 20:25:29.4050|ERROR|15|FailedToDecryptConfigInformation: Dsn| RequestID = s_1579f0ae-7883-42f8-b107-96b686acc80c 
2019-12-03 20:25:39.4207|ERROR|15|FailedToDecryptConfigInformation: Dsn| RequestID = s_4079e2fe-b6f7-48ca-8379-b8a90e8901a0 
2019-12-03 20:25:49.4460|ERROR|20|FailedToDecryptConfigInformation: Dsn| RequestID = s_9c022348-ded0-4383-80cf-ae7f57c96abe 
2019-12-03 20:25:59.4871|ERROR|20|FailedToDecryptConfigInformation: Dsn| RequestID = s_40cd8b7e-bdc5-4c29-b0da-c1ba71e49d66 
2019-12-03 20:26:09.5007|ERROR|20|FailedToDecryptConfigInformation: Dsn| RequestID = s_67275a90-dbb4-4fa5-ae9d-ee1770164ee4 
2019-12-03 20:26:19.5328|ERROR|27|FailedToDecryptConfigInformation: Dsn| RequestID = s_83833f44-80a6-4a30-a1cf-70ee6354e472 
2019-12-03 20:26:29.5542|ERROR|27|FailedToDecryptConfigInformation: Dsn| RequestID = s_8e2c6f9e-b757-4611-9793-bdfcfe0e38e8 
2019-12-03 20:26:39.5748|ERROR|27|FailedToDecryptConfigInformation: Dsn| RequestID = s_9b4ef6a8-a2da-448f-91ea-441f763dd5f7 
2019-12-03 20:26:49.6178|ERROR|27|FailedToDecryptConfigInformation: Dsn| RequestID = s_25a510d9-9e4a-403b-8a3c-01a4a6753600 
2019-12-03 20:26:59.6336|ERROR|19|FailedToDecryptConfigInformation: Dsn| RequestID = s_6e393d0e-62d4-49fd-bfd1-291538e80bc6 
2019-12-03 20:27:09.6460|ERROR|19|FailedToDecryptConfigInformation: Dsn| RequestID = s_7f9d4bc5-7347-4a03-95b1-bdbcdd22fd18 
2019-12-03 20:27:19.6661|ERROR|30|FailedToDecryptConfigInformation: Dsn| RequestID = s_a03619e4-6ac7-46a1-b486-e617476062e6 
2019-12-03 20:27:29.6850|ERROR|30|FailedToDecryptConfigInformation: Dsn| RequestID = s_3d907670-e10c-4bf4-812c-795e4f21b9dd 
2019-12-03 20:27:39.7119|ERROR|13|FailedToDecryptConfigInformation: Dsn| RequestID = s_6b130804-de79-4804-bd09-39b8e9f52fa1 
2019-12-03 20:27:49.7263|ERROR|30|FailedToDecryptConfigInformation: Dsn| RequestID = s_70ac615b-99db-4d54-bda2-8276df1966d6 
2019-12-03 20:27:59.7574|ERROR|30|FailedToDecryptConfigInformation: Dsn| RequestID = s_59b0dae1-2638-4cdb-914c-174f04f963ac 
2019-12-03 20:28:09.7741|ERROR|30|FailedToDecryptConfigInformation: Dsn| RequestID = s_9a28a09b-e51f-4479-868c-f16eeb6b7448 
2019-12-03 20:28:19.7943|ERROR|40|FailedToDecryptConfigInformation: Dsn| RequestID = s_0b5cd160-239a-4c97-b765-ad21c0754318 
2019-12-03 20:28:29.8141|ERROR|40|FailedToDecryptConfigInformation: Dsn| RequestID = s_4a547e3b-4be0-47e8-aede-86efb6dbe0cc 
2019-12-03 20:28:39.8374|ERROR|21|FailedToDecryptConfigInformation: Dsn| RequestID = s_72a48071-fa9a-48f9-a30d-ddbedea0ac11 
2019-12-03 20:28:49.8632|ERROR|21|FailedToDecryptConfigInformation: Dsn| RequestID = s_cfee92a4-ce8e-4e91-957f-83a431b5ddc8 
2019-12-03 20:28:59.8787|ERROR|9|FailedToDecryptConfigInformation: Dsn| RequestID = s_f3ff7baf-ed63-4292-a96d-da67fc5395d4 
2019-12-03 20:29:09.9115|ERROR|9|FailedToDecryptConfigInformation: Dsn| RequestID = s_9c2772d5-8c1f-4d14-99f3-8bc0a9fc419b 
2019-12-03 20:29:19.9384|ERROR|14|FailedToDecryptConfigInformation: Dsn| RequestID = s_ea00ea8b-9576-4e73-a076-614a299e2ae0 
2019-12-03 20:29:29.9577|ERROR|14|FailedToDecryptConfigInformation: Dsn| RequestID = s_e290d1f7-8b9c-44bc-840a-8a04396d0f7b 
2019-12-03 20:29:39.9754|ERROR|14|FailedToDecryptConfigInformation: Dsn| RequestID = s_633e6914-cf6d-4a9d-956c-83c6c46f5107 
2019-12-03 20:29:50.0099|ERROR|14|FailedToDecryptConfigInformation: Dsn| RequestID = s_e481d48b-2160-472a-b60e-d471e8bbe988 
2019-12-03 20:30:00.0367|ERROR|12|FailedToDecryptConfigInformation: Dsn| RequestID = s_d8c713a5-c52f-408b-9906-13f87863d3c9 
2019-12-03 20:30:10.0573|ERROR|14|FailedToDecryptConfigInformation: Dsn| RequestID = s_a982f5f7-6601-49f5-a3dc-2a54ff67cbfa 
2019-12-03 20:30:20.0695|ERROR|12|FailedToDecryptConfigInformation: Dsn| RequestID = s_ebae705e-8d1b-4628-904d-47596491602f 
2019-12-03 20:30:30.0951|ERROR|12|FailedToDecryptConfigInformation: Dsn| RequestID = s_71b9b017-d656-4d3c-92b2-189bd8a18c4c 
2019-12-03 20:30:40.1228|ERROR|16|FailedToDecryptConfigInformation: Dsn| RequestID = s_fdf3cdd1-eaa6-407f-a305-b26059b85ce7 
2019-12-03 20:30:50.1509|ERROR|16|FailedToDecryptConfigInformation: Dsn| RequestID = s_c32481ed-9d47-4376-b401-16e39c432cf6 
2019-12-03 20:31:00.1721|ERROR|24|FailedToDecryptConfigInformation: Dsn| RequestID = s_ef3bb05e-00bc-4052-93f7-02ce619227f9 
2019-12-03 20:31:10.1906|ERROR|24|FailedToDecryptConfigInformation: Dsn| RequestID = s_e670e22b-b29c-4048-b4c8-767bd27cc8a1 
2019-12-03 20:31:20.2004|ERROR|13|FailedToDecryptConfigInformation: Dsn| RequestID = s_406d954e-ff3b-4d8f-9c63-4890a1b7769e 
2019-12-03 20:31:30.2192|ERROR|24|FailedToDecryptConfigInformation: Dsn| RequestID = s_7523c835-abe0-4bd4-8a4b-615156e68cf8 
2019-12-03 20:31:40.2325|ERROR|24|FailedToDecryptConfigInformation: Dsn| RequestID = s_a7e4f998-b929-43de-9eda-b238b20a77e6 
2019-12-03 20:31:50.2457|ERROR|30|FailedToDecryptConfigInformation: Dsn| RequestID = s_38cb271e-c5a7-462b-84b4-07741de78745 
2019-12-03 20:32:00.2562|ERROR|30|FailedToDecryptConfigInformation: Dsn| RequestID = s_145ddffb-963f-4a46-b03b-7cd7bc525947 
2019-12-03 20:32:10.7499|ERROR|30|FailedToDecryptConfigInformation: Dsn| RequestID = s_676d86ee-1383-4d0a-b94f-1201ad9e8ca1 
2019-12-03 20:32:20.7815|ERROR|19|FailedToDecryptConfigInformation: Dsn| RequestID = s_2b65ab66-ef8e-44ab-a0d0-6c4c73a8f77e 
2019-12-03 20:32:30.8056|ERROR|19|FailedToDecryptConfigInformation: Dsn| RequestID = s_cf40fc93-6c91-4c1e-9168-f2c81b1f36a1 
2019-12-03 20:32:40.8267|ERROR|19|FailedToDecryptConfigInformation: Dsn| RequestID = s_52fc9cc8-6e0a-4ec3-a48b-88b4adbd2799 
2019-12-03 20:32:50.8488|ERROR|19|FailedToDecryptConfigInformation: Dsn| RequestID = s_66dd8e20-8c2e-4ede-a4cb-bb2253ad1131 
2019-12-03 20:33:00.8674|ERROR|30|FailedToDecryptConfigInformation: Dsn| RequestID = s_4540feeb-aa82-45b6-ae16-7cfbbb8eee76 
2019-12-03 20:33:10.8852|ERROR|30|FailedToDecryptConfigInformation: Dsn| RequestID = s_2d2795c4-8131-4c5c-8677-24def641e74d 
2019-12-03 20:33:20.9144|ERROR|28|FailedToDecryptConfigInformation: Dsn| RequestID = s_fc161488-7b32-4f51-8b6f-4566dab4e6a4 
2019-12-03 20:33:30.9507|ERROR|28|FailedToDecryptConfigInformation: Dsn| RequestID = s_24a41377-63af-481e-811b-b6a028904723 
2019-12-03 20:33:40.9726|ERROR|28|FailedToDecryptConfigInformation: Dsn| RequestID = s_4abf319e-5404-4744-82f8-5eb62d591f77 
2019-12-03 20:33:50.9987|ERROR|27|FailedToDecryptConfigInformation: Dsn| RequestID = s_0a6bb3c3-47c2-46b6-9c8c-82e9a35c949f 
2019-12-03 20:34:01.0136|ERROR|27|FailedToDecryptConfigInformation: Dsn| RequestID = s_eba24691-07a5-4d80-9900-80ac92fc3836 
2019-12-03 20:34:11.0399|ERROR|27|FailedToDecryptConfigInformation: Dsn| RequestID = s_4b8edd51-47eb-4b23-8e2f-2791b5526b54 
2019-12-03 20:34:21.0654|ERROR|27|FailedToDecryptConfigInformation: Dsn| RequestID = s_35e1eccf-5e6a-4231-a0ed-a9080c427e93 
2019-12-03 20:34:31.0977|ERROR|27|FailedToDecryptConfigInformation: Dsn| RequestID = s_4437fa0d-87b3-4782-952e-0ebdacaaaefc 
2019-12-03 20:34:41.1197|ERROR|27|FailedToDecryptConfigInformation: Dsn| RequestID = s_df5d86a6-e96a-4d9e-a61a-2d5f5a6bfe17 
2019-12-03 20:34:51.1455|ERROR|27|FailedToDecryptConfigInformation: Dsn| RequestID = s_15219028-c427-4fa6-b1c2-83839fdacbb7 
2019-12-03 20:35:01.1642|ERROR|14|FailedToDecryptConfigInformation: Dsn| RequestID = s_c4c5c6b9-f1fb-433e-a6db-f050eadb870c 
2019-12-03 20:35:11.1854|ERROR|14|FailedToDecryptConfigInformation: Dsn| RequestID = s_25aa2212-3543-42a4-923b-efc2c8874dde 
2019-12-03 20:35:21.2030|ERROR|14|FailedToDecryptConfigInformation: Dsn| RequestID = s_4452a638-4535-4765-a203-8c709f78c70c 
2019-12-03 20:35:31.2258|ERROR|14|FailedToDecryptConfigInformation: Dsn| RequestID = s_4d4c545e-9d65-4662-b89f-6b1f8deafedf 
2019-12-03 20:35:41.2548|ERROR|21|FailedToDecryptConfigInformation: Dsn| RequestID = s_952bd66d-9b43-434b-8e5a-d83b4d8d6803 
2019-12-03 20:35:51.2696|ERROR|21|FailedToDecryptConfigInformation: Dsn| RequestID = s_9dc4f062-9631-4174-906c-8ba529fbcb3d 
2019-12-03 20:36:01.2881|ERROR|40|FailedToDecryptConfigInformation: Dsn| RequestID = s_f7c2d9bc-7e12-4006-8094-4fba7118b06d 
2019-12-03 20:36:11.3135|ERROR|21|FailedToDecryptConfigInformation: Dsn| RequestID = s_75432a1b-b5b4-4f34-b3c9-6c7488775424 
2019-12-03 20:36:21.3380|ERROR|40|FailedToDecryptConfigInformation: Dsn| RequestID = s_6e6e6a24-54d6-446d-b938-48c2013c6494 
2019-12-03 20:36:31.3568|ERROR|40|FailedToDecryptConfigInformation: Dsn| RequestID = s_80c3c33d-e638-45f2-b45c-8e0bcc46b619 
2019-12-03 20:36:41.3813|ERROR|19|FailedToDecryptConfigInformation: Dsn| RequestID = s_fce9cf09-77bb-4d65-af70-5d3d8e1d2d77 
2019-12-03 20:36:51.4082|ERROR|19|FailedToDecryptConfigInformation: Dsn| RequestID = s_2f8b29dd-1692-48cf-9314-1781df25d0e5 
2019-12-03 20:37:01.4328|ERROR|19|FailedToDecryptConfigInformation: Dsn| RequestID = s_e7c8ad94-9694-46e3-aa37-9365e418095a 
2019-12-03 20:37:11.4560|ERROR|19|FailedToDecryptConfigInformation: Dsn| RequestID = s_f6357f65-ac04-43c8-8106-ce7a3836dbd9 
2019-12-03 20:37:21.4751|ERROR|30|FailedToDecryptConfigInformation: Dsn| RequestID = s_cc3b2fd3-1a15-4ad5-b13a-53756536b7a6 
2019-12-03 20:37:31.4905|ERROR|30|FailedToDecryptConfigInformation: Dsn| RequestID = s_90dea8ea-142c-4b16-a028-6a4e7ce22d39 
2019-12-03 20:37:41.5119|ERROR|30|FailedToDecryptConfigInformation: Dsn| RequestID = s_c2fe38c7-43d7-487c-b23c-007f40b2d48f 
2019-12-03 20:37:51.5341|ERROR|13|FailedToDecryptConfigInformation: Dsn| RequestID = s_fc29f0bb-0756-4598-858c-b0b52af0625a 
2019-12-03 20:38:01.5688|ERROR|13|FailedToDecryptConfigInformation: Dsn| RequestID = s_31b97898-fe32-4af2-8548-188450accd5d 
2019-12-03 20:38:11.5854|ERROR|20|FailedToDecryptConfigInformation: Dsn| RequestID = s_559e50d5-42ce-4b42-a55b-568215e004d4 
2019-12-03 20:38:21.5988|ERROR|13|FailedToDecryptConfigInformation: Dsn| RequestID = s_c171af7c-c807-4676-a45f-30dbfda54b69 
2019-12-03 20:38:31.6405|ERROR|20|FailedToDecryptConfigInformation: Dsn| RequestID = s_ac4df4e1-1b00-4c3e-b583-c6d171b4d478 
2019-12-03 20:38:41.6654|ERROR|20|FailedToDecryptConfigInformation: Dsn| RequestID = s_96a6dc24-fb82-436e-8ea5-c29624fa1ad3 
2019-12-03 20:38:51.6741|ERROR|15|FailedToDecryptConfigInformation: Dsn| RequestID = s_081563b3-fccc-485c-9f3a-3d73bc000707 
2019-12-03 20:39:01.6954|ERROR|15|FailedToDecryptConfigInformation: Dsn| RequestID = s_c07868a6-5af9-472b-b748-c684a8ff9c3e 
2019-12-03 20:39:11.7201|ERROR|22|FailedToDecryptConfigInformation: Dsn| RequestID = s_ac09948b-fc3f-446d-a238-7027fbb53d39 
2019-12-03 20:39:21.7446|ERROR|22|FailedToDecryptConfigInformation: Dsn| RequestID = s_36fc7db4-0028-4265-ba91-20621c4e2412 
2019-12-03 20:39:31.7721|ERROR|22|FailedToDecryptConfigInformation: Dsn| RequestID = s_97749ae2-5a11-4d55-839c-bf27617beede 
2019-12-03 20:39:41.7929|ERROR|9|FailedToDecryptConfigInformation: Dsn| RequestID = s_afd84f45-d06b-4db3-8c90-58c3dd8d0718 
2019-12-03 20:39:51.8118|ERROR|9|FailedToDecryptConfigInformation: Dsn| RequestID = s_1f6f57e7-b349-4e75-8074-36f2b1fcc2a2 
2019-12-03 20:40:01.8373|ERROR|14|FailedToDecryptConfigInformation: Dsn| RequestID = s_e6812206-932b-4e95-ad65-e4ef33935fce 
2019-12-03 20:40:11.8561|ERROR|14|FailedToDecryptConfigInformation: Dsn| RequestID = s_d13cb6f0-2171-4e45-90dd-75d65e0d25d4 
2019-12-03 20:40:21.8804|ERROR|14|FailedToDecryptConfigInformation: Dsn| RequestID = s_282e4e24-0666-4ce8-bbc8-cea3af72c320 
2019-12-03 20:40:31.9003|ERROR|14|FailedToDecryptConfigInformation: Dsn| RequestID = s_7a23e3ea-a067-496b-ac2c-d5ba07fc3317 
2019-12-03 20:40:41.9186|ERROR|17|FailedToDecryptConfigInformation: Dsn| RequestID = s_c2111464-d4cc-4ebf-a22d-13c0d5ef0fc9 
2019-12-03 20:40:51.9432|ERROR|17|FailedToDecryptConfigInformation: Dsn| RequestID = s_e1e084d7-75e0-4a11-a7c0-094b0cc863af 
2019-12-03 20:41:01.9663|ERROR|17|FailedToDecryptConfigInformation: Dsn| RequestID = s_7ec1728a-28d9-4d9e-817a-3af24f75914f 
2019-12-03 20:41:11.9972|ERROR|17|FailedToDecryptConfigInformation: Dsn| RequestID = s_d1e1674e-b023-48e2-955b-08138bd453d8 
2019-12-03 20:41:22.0186|ERROR|17|FailedToDecryptConfigInformation: Dsn| RequestID = s_00e4c204-2f98-48ee-a24e-640fe0878bca 
2019-12-03 20:41:32.0394|ERROR|17|FailedToDecryptConfigInformation: Dsn| RequestID = s_d859b955-a598-4b5e-b214-99b84a95739f 
2019-12-03 20:41:42.0600|ERROR|12|FailedToDecryptConfigInformation: Dsn| RequestID = s_931c5ec2-adc5-4016-9e32-7fca248afc82 
2019-12-03 20:41:52.0820|ERROR|12|FailedToDecryptConfigInformation: Dsn| RequestID = s_bbdaa165-e17e-4651-bbc4-95b0bbda4ad7 
2019-12-03 20:42:02.0939|ERROR|20|FailedToDecryptConfigInformation: Dsn| RequestID = s_08d02c04-48a3-498c-aa4f-a8f8d2072595 
2019-12-03 20:42:12.1161|ERROR|20|FailedToDecryptConfigInformation: Dsn| RequestID = s_b6db8370-32fe-48e5-9144-451640b802c1 
2019-12-03 20:42:22.1321|ERROR|12|FailedToDecryptConfigInformation: Dsn| RequestID = s_b26ac55b-7261-4595-896a-b6336cf0eb61 
2019-12-03 20:42:32.2170|ERROR|12|FailedToDecryptConfigInformation: Dsn| RequestID = s_79907a91-08fb-41fa-a366-17544fc39c27 
2019-12-03 20:42:42.3900|ERROR|12|FailedToDecryptConfigInformation: Dsn| RequestID = s_cb0a119f-e8c1-4bd5-8177-5dce4f08fcbe 
2019-12-03 20:42:52.5913|ERROR|12|FailedToDecryptConfigInformation: Dsn| RequestID = s_b39f2d20-9072-43d5-bb67-d89ea23b3490 
2019-12-03 20:43:02.7696|ERROR|12|FailedToDecryptConfigInformation: Dsn| RequestID = s_513a7422-8580-43a0-b0cf-215d760c31a8 
2019-12-03 20:43:12.9114|ERROR|12|FailedToDecryptConfigInformation: Dsn| RequestID = s_53bd16ff-be20-4f59-bb44-2f84abafd0be 
2019-12-03 20:43:22.9501|ERROR|12|FailedToDecryptConfigInformation: Dsn| RequestID = s_757fcb55-406a-4ae1-b3cb-711b069b1f0a 
2019-12-03 20:43:32.9819|ERROR|12|FailedToDecryptConfigInformation: Dsn| RequestID = s_6af37c34-2749-4999-93b9-109c2f4459ea 
2019-12-03 20:43:42.9992|ERROR|12|FailedToDecryptConfigInformation: Dsn| RequestID = s_66229974-b0e3-4b6b-a454-0b49eeb2d255 
2019-12-03 20:43:53.0264|ERROR|12|FailedToDecryptConfigInformation: Dsn| RequestID = s_72181eb5-ac62-41df-9cdf-b89e0e8017ad 
2019-12-03 20:44:03.0747|ERROR|12|FailedToDecryptConfigInformation: Dsn| RequestID = s_1ecb2cbb-4266-474e-a660-6e3dd6dd5937 
2019-12-03 20:44:13.0980|ERROR|12|FailedToDecryptConfigInformation: Dsn| RequestID = s_1a66896c-5c90-4291-8359-e9c604688c96 
2019-12-03 20:44:23.1152|ERROR|12|FailedToDecryptConfigInformation: Dsn| RequestID = s_a6ca4d1c-f961-4392-bf74-55e86043080c 
2019-12-03 20:44:33.1320|ERROR|12|FailedToDecryptConfigInformation: Dsn| RequestID = s_8047365a-ebdc-44ae-ae52-b9e8f084682e 
2019-12-03 20:44:43.1527|ERROR|12|FailedToDecryptConfigInformation: Dsn| RequestID = s_08e1602a-f616-4ab3-b436-922a3ac56e96 
2019-12-03 20:44:53.1935|ERROR|12|FailedToDecryptConfigInformation: Dsn| RequestID = s_068fcecb-4c2c-4e7c-83dd-98aef17d1b85 
2019-12-03 20:45:03.2188|ERROR|12|FailedToDecryptConfigInformation: Dsn| RequestID = s_f6b81138-10fd-48aa-ad9a-3c218bdcd4c8 
2019-12-03 20:45:13.2355|ERROR|30|FailedToDecryptConfigInformation: Dsn| RequestID = s_807ff6c0-a267-4529-ae91-78e4a43f2903 
2019-12-03 20:45:23.2518|ERROR|12|FailedToDecryptConfigInformation: Dsn| RequestID = s_aa1cec22-59a1-4498-b7c5-8594ffd29f66 
2019-12-03 20:45:33.2786|ERROR|12|FailedToDecryptConfigInformation: Dsn| RequestID = s_56891dab-7b6e-454f-97ac-cb045c6a2a56 
2019-12-03 20:45:43.2983|ERROR|12|FailedToDecryptConfigInformation: Dsn| RequestID = s_63aae841-0e1e-460e-87db-205ff64e4594 
2019-12-03 20:45:53.3166|ERROR|12|FailedToDecryptConfigInformation: Dsn| RequestID = s_c63652f8-8a05-4cf3-8fd9-811dcf6d5b1d 
2019-12-03 20:46:03.3408|ERROR|9|FailedToDecryptConfigInformation: Dsn| RequestID = s_642ce18a-d5a3-4f13-a2f5-16bf8856e61e 
2019-12-03 20:46:13.3566|ERROR|9|FailedToDecryptConfigInformation: Dsn| RequestID = s_2341132c-0df2-4ac6-9e14-1f609b417e26 
2019-12-03 20:46:23.3719|ERROR|9|FailedToDecryptConfigInformation: Dsn| RequestID = s_9f28eaa3-0c83-4942-a49f-b74e9efbf8bf 
2019-12-03 20:46:33.3916|ERROR|9|FailedToDecryptConfigInformation: Dsn| RequestID = s_6246c9f9-7142-4eca-98f5-348ca458caf8 
2019-12-03 20:46:43.4189|ERROR|22|FailedToDecryptConfigInformation: Dsn| RequestID = s_4f7e45ea-3790-4fb7-8cef-776220917513 
2019-12-03 20:46:53.4427|ERROR|22|FailedToDecryptConfigInformation: Dsn| RequestID = s_b85d3df5-ff82-4fd8-859a-d2efa3b08272 
2019-12-03 20:47:03.4815|ERROR|22|FailedToDecryptConfigInformation: Dsn| RequestID = s_d6d73655-c7d3-41e4-b762-51371de9797a 
2019-12-03 20:47:13.4995|ERROR|9|FailedToDecryptConfigInformation: Dsn| RequestID = s_39901129-30e6-4b8f-9e35-586a9fb2bd3e 
2019-12-03 20:47:23.5170|ERROR|9|FailedToDecryptConfigInformation: Dsn| RequestID = s_8cad2020-72da-448d-addc-b763704f085b 
2019-12-03 20:47:33.5336|ERROR|9|FailedToDecryptConfigInformation: Dsn| RequestID = s_e77c1403-bb3a-4be5-be16-05943046f627 
2019-12-03 20:47:43.5492|ERROR|9|FailedToDecryptConfigInformation: Dsn| RequestID = s_888cb568-ed0d-4bd0-aab3-18556ea699d5 
2019-12-03 20:47:53.5607|ERROR|13|FailedToDecryptConfigInformation: Dsn| RequestID = s_fa7215b4-faef-4da1-b7ef-25d692eae13a 
2019-12-03 20:48:03.6012|ERROR|13|FailedToDecryptConfigInformation: Dsn| RequestID = s_bb0c9ffe-6722-4f3f-ae98-5baa3065f914 
2019-12-03 20:48:13.6178|ERROR|13|FailedToDecryptConfigInformation: Dsn| RequestID = s_9ae7e879-5ed2-42d4-a7e9-895b16c72b5e 
2019-12-03 20:48:23.6323|ERROR|20|FailedToDecryptConfigInformation: Dsn| RequestID = s_b2fb8590-42b2-4d48-80df-6d4c2c01681f 
2019-12-03 20:48:33.6478|ERROR|20|FailedToDecryptConfigInformation: Dsn| RequestID = s_a1bbe833-0e81-4b9c-9b9d-df326a3b4249 
2019-12-03 20:48:43.6653|ERROR|20|FailedToDecryptConfigInformation: Dsn| RequestID = s_473b6cd8-170b-4891-8ff6-82bded2efa07 
2019-12-03 20:48:53.6849|ERROR|20|FailedToDecryptConfigInformation: Dsn| RequestID = s_1212a55e-47bf-4052-8331-1045ade3d276 
2019-12-03 20:49:03.7182|ERROR|17|FailedToDecryptConfigInformation: Dsn| RequestID = s_9cfcfb0a-3dfb-44ad-a2a5-c442d49e36fd 
2019-12-03 20:49:13.7364|ERROR|17|FailedToDecryptConfigInformation: Dsn| RequestID = s_433c385e-a5dc-48bb-8872-64b5f7ff4310 
2019-12-03 20:49:23.7532|ERROR|15|FailedToDecryptConfigInformation: Dsn| RequestID = s_a1c6b62d-15c3-4a0f-a06c-822d431b26d8 
2019-12-03 20:49:33.7665|ERROR|15|FailedToDecryptConfigInformation: Dsn| RequestID = s_83b68f75-583b-4862-bc6e-e53c56c1748f 
2019-12-03 20:49:43.7862|ERROR|15|FailedToDecryptConfigInformation: Dsn| RequestID = s_b9044419-8fc4-48bb-a6d1-b9fa930104b7 
2019-12-03 20:49:53.7990|ERROR|15|FailedToDecryptConfigInformation: Dsn| RequestID = s_5ad59878-053e-4b12-bb03-a56855fe3c0b 
2019-12-03 20:50:03.8167|ERROR|15|FailedToDecryptConfigInformation: Dsn| RequestID = s_ba13a313-4bc0-4f6c-8160-184961727cf5 
2019-12-03 20:50:13.8305|ERROR|40|FailedToDecryptConfigInformation: Dsn| RequestID = s_dac5720f-4c28-4150-86f3-2c10fd0b05e2 
2019-12-03 20:50:23.8458|ERROR|40|FailedToDecryptConfigInformation: Dsn| RequestID = s_48d8e9dc-f12d-4028-8d46-f0ddee32b86c 
2019-12-03 20:50:33.8595|ERROR|19|FailedToDecryptConfigInformation: Dsn| RequestID = s_6f594f19-27d2-454e-b8fe-063705f8f604 
2019-12-03 20:50:43.8768|ERROR|40|FailedToDecryptConfigInformation: Dsn| RequestID = s_49d54ed6-57fa-4e5c-833d-b77b3097e185 
2019-12-03 20:50:53.8926|ERROR|40|FailedToDecryptConfigInformation: Dsn| RequestID = s_50168ec9-6331-40da-ba75-6a2e67e87f9e 
2019-12-03 20:51:03.9098|ERROR|30|FailedToDecryptConfigInformation: Dsn| RequestID = s_a3b18e34-ae6b-405d-8be0-ec0443844dc4 
2019-12-03 20:51:13.9241|ERROR|30|FailedToDecryptConfigInformation: Dsn| RequestID = s_d3d01363-e053-445a-baf1-ac5e6d25cdfe 
2019-12-03 20:51:23.9559|ERROR|12|FailedToDecryptConfigInformation: Dsn| RequestID = s_a45a28d8-643e-4d5c-808e-dc0f4d7954e6 
2019-12-03 20:51:33.9766|ERROR|12|FailedToDecryptConfigInformation: Dsn| RequestID = s_7918371a-ab8c-4edd-9efd-6e91b7b9dd4a 
2019-12-03 20:51:43.9904|ERROR|12|FailedToDecryptConfigInformation: Dsn| RequestID = s_a825d58f-093d-4652-be04-89e5cef7d215 
2019-12-03 20:51:54.0056|ERROR|12|FailedToDecryptConfigInformation: Dsn| RequestID = s_5a34ca0a-0757-436c-8fa7-bee057168051 
2019-12-03 20:52:04.0199|ERROR|12|FailedToDecryptConfigInformation: Dsn| RequestID = s_94e70c82-a403-4181-bcdf-7fd4e1cce051 
2019-12-03 20:52:14.0552|ERROR|12|FailedToDecryptConfigInformation: Dsn| RequestID = s_51f6653d-95ff-43cf-af26-a2e89fcc98e1 
2019-12-03 20:52:24.0704|ERROR|12|FailedToDecryptConfigInformation: Dsn| RequestID = s_34bfe4e6-ebd4-4007-929c-5b46b7203ed6 
2019-12-03 20:52:34.0852|ERROR|17|FailedToDecryptConfigInformation: Dsn| RequestID = s_6c0a6651-aff3-41d4-9a9e-424adc52293a 
2019-12-03 20:52:44.0995|ERROR|17|FailedToDecryptConfigInformation: Dsn| RequestID = s_b339975c-e47c-4e9e-8726-65338f37284c 
2019-12-03 20:52:54.1152|ERROR|17|FailedToDecryptConfigInformation: Dsn| RequestID = s_db86e4c6-d73f-42f0-8111-eaa856d0fe68 
2019-12-03 20:53:04.1590|ERROR|17|FailedToDecryptConfigInformation: Dsn| RequestID = s_402afaa9-6f8f-4f81-9cbc-bf0b8a5de87d 
2019-12-03 20:53:14.1803|ERROR|31|FailedToDecryptConfigInformation: Dsn| RequestID = s_6c6736eb-17a1-480d-bc3d-5d8c956aa1cb 
2019-12-03 20:53:24.1935|ERROR|31|FailedToDecryptConfigInformation: Dsn| RequestID = s_40439fce-af40-4594-af51-cec5d66cbb33 
2019-12-03 20:53:34.2103|ERROR|31|FailedToDecryptConfigInformation: Dsn| RequestID = s_cfdadda3-a510-40a0-afd8-e17febf9c8f3 
2019-12-03 20:53:44.2231|ERROR|31|FailedToDecryptConfigInformation: Dsn| RequestID = s_b54959a5-7f21-4950-ba70-341c4afc965c 
2019-12-03 20:53:54.2413|ERROR|20|FailedToDecryptConfigInformation: Dsn| RequestID = s_0df113d0-46e8-4d3a-9706-b695c8581977 
2019-12-03 20:54:04.2546|ERROR|20|FailedToDecryptConfigInformation: Dsn| RequestID = s_6e997ccf-1126-485b-8550-d733ca48445d 
2019-12-03 20:54:14.2718|ERROR|22|FailedToDecryptConfigInformation: Dsn| RequestID = s_b095c649-3f38-4479-8d2c-f116388a9ab5 
2019-12-03 20:54:24.2836|ERROR|22|FailedToDecryptConfigInformation: Dsn| RequestID = s_5a444775-eec6-468d-9009-781177cf061e 
2019-12-03 20:54:34.3024|ERROR|21|FailedToDecryptConfigInformation: Dsn| RequestID = s_f45a2804-e9d5-431b-9f83-127f19f81b5a 
2019-12-03 20:54:44.3161|ERROR|21|FailedToDecryptConfigInformation: Dsn| RequestID = s_1f4d8dc2-d0b3-4411-aa44-8a1bc0a9515a 
2019-12-03 20:54:54.3354|ERROR|21|FailedToDecryptConfigInformation: Dsn| RequestID = s_1377df56-0ac6-494f-b507-2ebcb94dcd86 
2019-12-03 20:55:04.3529|ERROR|27|FailedToDecryptConfigInformation: Dsn| RequestID = s_cadad006-0bae-4c9f-b073-81af7c49f78e 
2019-12-03 20:55:14.3650|ERROR|21|FailedToDecryptConfigInformation: Dsn| RequestID = s_906443f0-02a7-46a7-a5a5-a5e63fee4ac0 
2019-12-03 20:55:24.3826|ERROR|21|FailedToDecryptConfigInformation: Dsn| RequestID = s_1f6dd822-6467-4f43-9db8-02e3bfdd94d5 
2019-12-03 20:55:34.3993|ERROR|21|FailedToDecryptConfigInformation: Dsn| RequestID = s_727ee05d-1adb-4e94-b8d0-231e742def7d 
2019-12-03 20:55:44.4139|ERROR|30|FailedToDecryptConfigInformation: Dsn| RequestID = s_c00f08e0-fa17-488c-900e-2298b73fc8dd 
