2019-12-05 12:30:12.3407|ERROR|25|FailedToDecryptConfigInformation: Dsn| RequestID = s_2a9b1ca4-9e91-45b8-8d15-c5e6c6a8827e 
2019-12-05 12:30:22.3719|ERROR|25|FailedToDecryptConfigInformation: Dsn| RequestID = s_eb6638b2-b59a-401e-aeab-6a9e631004eb 
2019-12-05 12:30:35.9886|ERROR|9|FailedToDecryptConfigInformation: Dsn| RequestID = s_5d898f32-a770-47ff-acb2-63ff6df17b01 
2019-12-05 12:30:46.0043|ERROR|9|FailedToDecryptConfigInformation: Dsn| RequestID = s_2c6d6916-fa62-4916-938c-58615e2afd8f 
2019-12-05 12:30:56.0199|ERROR|4|FailedToDecryptConfigInformation: Dsn| RequestID = s_27341613-a7d0-4dc6-b5c5-bff617629d0d 
2019-12-05 12:31:06.0356|ERROR|9|FailedToDecryptConfigInformation: Dsn| RequestID = s_7046cf69-4b92-40cf-8157-e3109745aca5 
2019-12-05 12:31:16.0512|ERROR|9|FailedToDecryptConfigInformation: Dsn| RequestID = s_8f4a3ad2-5fb5-42f8-b8c7-21948bed4c08 
2019-12-05 12:31:26.0669|ERROR|18|FailedToDecryptConfigInformation: Dsn| RequestID = s_d75e2d19-6061-4f8a-9155-90b7acacb09b 
2019-12-05 12:31:36.0825|ERROR|18|FailedToDecryptConfigInformation: Dsn| RequestID = s_cd55411e-b34a-4722-8410-257609c08e9d 
2019-12-05 12:31:46.0982|ERROR|18|FailedToDecryptConfigInformation: Dsn| RequestID = s_f7ca40fe-2187-417e-8b44-5c4aa5b072d0 
2019-12-05 12:31:56.1138|ERROR|23|FailedToDecryptConfigInformation: Dsn| RequestID = s_bf00f888-be12-4a24-b595-349dbb43609a 
2019-12-05 12:32:06.1295|ERROR|23|FailedToDecryptConfigInformation: Dsn| RequestID = s_851e9ca2-ea9c-47fe-94b0-19f171a02336 
2019-12-05 12:32:16.1608|ERROR|11|FailedToDecryptConfigInformation: Dsn| RequestID = s_edecad22-64fb-448a-840b-40f2e1991bb8 
2019-12-05 12:32:26.2233|ERROR|11|FailedToDecryptConfigInformation: Dsn| RequestID = s_a5020ff8-a9b7-4e40-b10f-48a231ffb743 
2019-12-05 12:32:36.2390|ERROR|11|FailedToDecryptConfigInformation: Dsn| RequestID = s_98deda1f-f5d1-46ce-b8b1-7bd1ecf7c81a 
2019-12-05 12:32:46.2546|ERROR|5|FailedToDecryptConfigInformation: Dsn| RequestID = s_053585ca-4c8f-49d4-8785-8338a8f3ff7e 
2019-12-05 12:32:56.2703|ERROR|5|FailedToDecryptConfigInformation: Dsn| RequestID = s_2a4b9c17-cc88-4e7c-885a-2daafe0966ef 
2019-12-05 12:33:06.2859|ERROR|13|FailedToDecryptConfigInformation: Dsn| RequestID = s_b000d021-c632-4a80-a362-dcecf6f3c008 
2019-12-05 12:33:16.3016|ERROR|13|FailedToDecryptConfigInformation: Dsn| RequestID = s_3849623e-49d3-4582-ad8e-486dd6055711 
2019-12-05 12:33:26.3172|ERROR|10|FailedToDecryptConfigInformation: Dsn| RequestID = s_b4a3c18b-6110-40f8-850c-df52a9c4d04f 
2019-12-05 12:33:36.3329|ERROR|13|FailedToDecryptConfigInformation: Dsn| RequestID = s_aa4a3211-76b8-4a0c-ae90-1b68ea339db5 
2019-12-05 12:33:46.3485|ERROR|13|FailedToDecryptConfigInformation: Dsn| RequestID = s_5ea40d85-8456-4185-951e-321a9d5c52fe 
2019-12-05 12:33:56.3642|ERROR|26|FailedToDecryptConfigInformation: Dsn| RequestID = s_1f487a76-bec9-454d-88ac-78b663d56c5a 
2019-12-05 12:34:06.3798|ERROR|26|FailedToDecryptConfigInformation: Dsn| RequestID = s_bb5ed560-22a5-4d71-9c30-e36fea2f5bf4 
2019-12-05 12:34:16.3955|ERROR|22|FailedToDecryptConfigInformation: Dsn| RequestID = s_7ff6cbdc-db7c-407f-94e3-0e4c889ce538 
2019-12-05 12:34:26.4112|ERROR|22|FailedToDecryptConfigInformation: Dsn| RequestID = s_be1b3594-95c7-42d4-9a3f-e45d9a772d10 
2019-12-05 12:34:36.4268|ERROR|22|FailedToDecryptConfigInformation: Dsn| RequestID = s_ae93af17-53f8-44a0-a475-20c794596961 
2019-12-05 12:34:46.4425|ERROR|22|FailedToDecryptConfigInformation: Dsn| RequestID = s_967d6ef0-72a0-4422-a2df-e6d5d46388b4 
2019-12-05 12:34:56.4581|ERROR|24|FailedToDecryptConfigInformation: Dsn| RequestID = s_d9c98228-3f83-4e56-b324-a19eb4eedb9c 
2019-12-05 12:35:06.4738|ERROR|24|FailedToDecryptConfigInformation: Dsn| RequestID = s_ac8f7f97-12b7-4d0e-9442-a8bd93c2e487 
2019-12-05 12:35:16.5050|ERROR|24|FailedToDecryptConfigInformation: Dsn| RequestID = s_600034be-eb7d-4529-8a3d-5f0c806155b2 
2019-12-05 12:35:26.5207|ERROR|24|FailedToDecryptConfigInformation: Dsn| RequestID = s_be476967-dd02-4405-96e4-077a722cc9ea 
2019-12-05 12:35:36.5364|ERROR|24|FailedToDecryptConfigInformation: Dsn| RequestID = s_c6b6749a-e7ee-4e7b-b898-1f5587d8cbe3 
2019-12-05 12:35:46.5520|ERROR|24|FailedToDecryptConfigInformation: Dsn| RequestID = s_24ef92d5-f37b-4918-9630-216e010dbc44 
2019-12-05 12:35:56.5677|ERROR|23|FailedToDecryptConfigInformation: Dsn| RequestID = s_38c72728-7dd1-4d64-baab-7daa2e5a5349 
2019-12-05 12:36:06.5833|ERROR|23|FailedToDecryptConfigInformation: Dsn| RequestID = s_c5e59088-8bef-4377-b669-010c8df64c8b 
2019-12-05 12:36:16.5990|ERROR|18|FailedToDecryptConfigInformation: Dsn| RequestID = s_12f74bed-579e-4c8d-a1d9-7289f197df3f 
2019-12-05 12:36:26.6146|ERROR|18|FailedToDecryptConfigInformation: Dsn| RequestID = s_ee4b09b7-2338-4a4b-8791-1bf0f50c07f8 
2019-12-05 12:36:36.6928|ERROR|18|FailedToDecryptConfigInformation: Dsn| RequestID = s_c7fb48a3-c4b4-4ed4-84f9-effe2fe49380 
2019-12-05 12:36:46.7084|ERROR|4|FailedToDecryptConfigInformation: Dsn| RequestID = s_f1836541-cd57-49af-b272-2636ba569e60 
2019-12-05 12:36:56.7241|ERROR|4|FailedToDecryptConfigInformation: Dsn| RequestID = s_4809771c-fbc0-4bf1-a087-c007f70c9fcd 
2019-12-05 12:37:06.7397|ERROR|9|FailedToDecryptConfigInformation: Dsn| RequestID = s_aea93747-f9f6-4a6f-a33f-ea9fe6ed238d 
2019-12-05 12:37:16.7554|ERROR|9|FailedToDecryptConfigInformation: Dsn| RequestID = s_5b19a64f-e9e3-4ab0-b5ee-7716f86ed2bc 
2019-12-05 12:37:26.7710|ERROR|25|FailedToDecryptConfigInformation: Dsn| RequestID = s_7ddb7f33-14df-44d5-b11f-fc1ad124223d 
2019-12-05 12:37:36.7867|ERROR|25|FailedToDecryptConfigInformation: Dsn| RequestID = s_769e471b-152b-490a-a638-9bdd2f8147c5 
2019-12-05 12:37:46.8024|ERROR|7|FailedToDecryptConfigInformation: Dsn| RequestID = s_97b0be85-ac5b-4027-87eb-ef9a6babb006 
2019-12-05 12:37:56.8180|ERROR|7|FailedToDecryptConfigInformation: Dsn| RequestID = s_f703ba31-e837-47ff-8e6a-29d3f9b5530e 
2019-12-05 12:38:06.8337|ERROR|7|FailedToDecryptConfigInformation: Dsn| RequestID = s_ea9b1c75-ce67-4029-9e01-6c6f75b1df15 
2019-12-05 12:38:16.8493|ERROR|6|FailedToDecryptConfigInformation: Dsn| RequestID = s_bd0cd895-697f-4190-a9bd-30ddf0aa2037 
2019-12-05 12:38:26.8806|ERROR|6|FailedToDecryptConfigInformation: Dsn| RequestID = s_84d94316-4582-40e3-8bb0-d5a623f47da4 
2019-12-05 12:38:36.8963|ERROR|22|FailedToDecryptConfigInformation: Dsn| RequestID = s_a1a5a8e2-51b6-4ef7-88e3-ab56c9a39a13 
2019-12-05 12:38:46.9119|ERROR|22|FailedToDecryptConfigInformation: Dsn| RequestID = s_75e8aa2b-26c6-4cb6-b18b-0c03090ca71e 
2019-12-05 12:38:56.9276|ERROR|26|FailedToDecryptConfigInformation: Dsn| RequestID = s_a60e111f-06da-4526-bff5-6272725ad6f0 
2019-12-05 12:39:06.9432|ERROR|26|FailedToDecryptConfigInformation: Dsn| RequestID = s_0f99476d-59eb-4ab6-9f79-8f1d420f1d90 
2019-12-05 12:39:16.9589|ERROR|10|FailedToDecryptConfigInformation: Dsn| RequestID = s_8dc496f7-92a8-4413-a674-8868c6034e65 
2019-12-05 12:39:26.9745|ERROR|10|FailedToDecryptConfigInformation: Dsn| RequestID = s_67988656-7fea-4147-ad0b-17e8c7d7f82e 
2019-12-05 12:39:36.9902|ERROR|13|FailedToDecryptConfigInformation: Dsn| RequestID = s_d9ecd024-f8e8-4872-bfdb-727beee5cd53 
2019-12-05 12:39:47.0058|ERROR|13|FailedToDecryptConfigInformation: Dsn| RequestID = s_fba9c9e8-6a7e-40e5-b3b5-e2841000bac7 
2019-12-05 12:39:57.0215|ERROR|19|FailedToDecryptConfigInformation: Dsn| RequestID = s_b40c28ba-951e-41b5-b55a-d1cefe9a106d 
2019-12-05 12:40:07.0371|ERROR|19|FailedToDecryptConfigInformation: Dsn| RequestID = s_bf38195e-6c9c-4e1b-aa61-b05ac6737e38 
2019-12-05 12:40:17.0528|ERROR|19|FailedToDecryptConfigInformation: Dsn| RequestID = s_c446c0dd-186e-43aa-9e16-f16db27dd25c 
2019-12-05 12:40:27.0684|ERROR|12|FailedToDecryptConfigInformation: Dsn| RequestID = s_1dc7c46a-6203-4ee9-a3bd-893fa0ec607e 
2019-12-05 12:40:37.0841|ERROR|12|FailedToDecryptConfigInformation: Dsn| RequestID = s_b9989073-0482-48b6-ac5a-6585a579624f 
2019-12-05 12:40:47.0998|ERROR|12|FailedToDecryptConfigInformation: Dsn| RequestID = s_2cbea7c7-07a2-4a09-9f6c-43e04939df7a 
2019-12-05 12:40:57.1154|ERROR|12|FailedToDecryptConfigInformation: Dsn| RequestID = s_10ffc01a-6937-4b60-8b44-7bb9c0d96b0d 
2019-12-05 12:41:07.1286|ERROR|12|FailedToDecryptConfigInformation: Dsn| RequestID = s_b1c77394-3acd-4281-9d3a-9547947be362 
2019-12-05 12:41:17.1442|ERROR|12|FailedToDecryptConfigInformation: Dsn| RequestID = s_ea74d1fe-fbcd-4006-8ebb-f73ab9ff977c 
2019-12-05 12:41:27.1599|ERROR|12|FailedToDecryptConfigInformation: Dsn| RequestID = s_c77186ee-f477-4789-8c01-7de2515bf912 
2019-12-05 12:41:37.1756|ERROR|12|FailedToDecryptConfigInformation: Dsn| RequestID = s_bef6dadd-7b05-49a0-bc99-2642b05ef18d 
2019-12-05 12:41:47.1912|ERROR|9|FailedToDecryptConfigInformation: Dsn| RequestID = s_7825d277-212b-45d9-8666-03a976af1bce 
2019-12-05 12:41:57.2069|ERROR|9|FailedToDecryptConfigInformation: Dsn| RequestID = s_e82b104b-ff03-4129-a958-b3319aeb5c07 
2019-12-05 12:42:07.2225|ERROR|4|FailedToDecryptConfigInformation: Dsn| RequestID = s_189feb0c-14a5-4a88-a874-21c0225feb86 
2019-12-05 12:42:17.2382|ERROR|4|FailedToDecryptConfigInformation: Dsn| RequestID = s_e20366e8-5b71-40d4-8887-b83b62bc9bbd 
2019-12-05 12:42:27.2538|ERROR|18|FailedToDecryptConfigInformation: Dsn| RequestID = s_0b75c131-cc8b-49f1-b9ec-4c168f6310c6 
2019-12-05 12:42:37.2695|ERROR|18|FailedToDecryptConfigInformation: Dsn| RequestID = s_b284b27c-acaa-463a-8486-ce300679fc5b 
2019-12-05 12:42:47.2851|ERROR|18|FailedToDecryptConfigInformation: Dsn| RequestID = s_33f25c4d-ea27-4c28-b238-2f22476b3755 
2019-12-05 12:42:57.3164|ERROR|18|FailedToDecryptConfigInformation: Dsn| RequestID = s_2534e9ff-3bad-4197-8dec-48205ac0d80d 
2019-12-05 12:43:07.3321|ERROR|18|FailedToDecryptConfigInformation: Dsn| RequestID = s_b882dce6-fe06-460c-8bc2-2f84ec615c59 
2019-12-05 12:43:17.3477|ERROR|16|FailedToDecryptConfigInformation: Dsn| RequestID = s_eb153f10-3f0b-4a17-9b44-406b31bf9311 
2019-12-05 12:43:27.3634|ERROR|16|FailedToDecryptConfigInformation: Dsn| RequestID = s_e33274b9-cb4e-4a3a-8a66-bfe68f64dce1 
2019-12-05 12:43:37.3790|ERROR|19|FailedToDecryptConfigInformation: Dsn| RequestID = s_658ae9be-7500-4d08-b05e-653b6877a9f8 
2019-12-05 12:43:47.3947|ERROR|19|FailedToDecryptConfigInformation: Dsn| RequestID = s_636f115b-fdad-410a-9a66-fc53af2a94e3 
2019-12-05 12:43:57.4103|ERROR|19|FailedToDecryptConfigInformation: Dsn| RequestID = s_2b0f5b02-6f33-4f30-8f79-1dc31738fb98 
2019-12-05 12:44:07.4260|ERROR|19|FailedToDecryptConfigInformation: Dsn| RequestID = s_aa462386-5760-45c7-a2f6-6534d4ed0cd1 
2019-12-05 12:44:17.5823|ERROR|13|FailedToDecryptConfigInformation: Dsn| RequestID = s_37901d3f-1835-4447-bc06-481a1b15cb9e 
2019-12-05 12:44:27.6917|ERROR|13|FailedToDecryptConfigInformation: Dsn| RequestID = s_3de420a3-8842-4f2b-bcd6-cbebfe451028 
2019-12-05 12:44:37.7168|ERROR|13|FailedToDecryptConfigInformation: Dsn| RequestID = s_f7e4d0c9-c8eb-4e17-9173-6de1ea5f0ec3 
2019-12-05 12:44:47.8375|ERROR|13|FailedToDecryptConfigInformation: Dsn| RequestID = s_83b5e7d1-6c37-4ee5-8f06-b0281067737f 
2019-12-05 12:44:58.1331|ERROR|19|FailedToDecryptConfigInformation: Dsn| RequestID = s_6bf29612-6bae-41af-bc23-c772964796d3 
2019-12-05 12:45:08.1644|ERROR|19|FailedToDecryptConfigInformation: Dsn| RequestID = s_5c61c97e-1de4-4cf2-8003-79a3500960d3 
2019-12-05 12:45:18.1800|ERROR|19|FailedToDecryptConfigInformation: Dsn| RequestID = s_13f0491e-7e88-46ce-9e68-d30b45cd60d1 
2019-12-05 12:45:28.2164|ERROR|19|FailedToDecryptConfigInformation: Dsn| RequestID = s_42c0fee5-4b19-4fbe-8b13-7e4a39293057 
2019-12-05 12:45:38.2321|ERROR|26|FailedToDecryptConfigInformation: Dsn| RequestID = s_dab7c60c-6bfa-4699-a248-9b990bc41e22 
2019-12-05 12:45:48.2512|ERROR|26|FailedToDecryptConfigInformation: Dsn| RequestID = s_007fbd1f-1739-47f0-89d3-9a6761868a0e 
2019-12-05 12:45:58.2825|ERROR|26|FailedToDecryptConfigInformation: Dsn| RequestID = s_2a3d5d4b-761d-4d04-af68-42bb93cbbcff 
2019-12-05 12:46:08.3123|ERROR|26|FailedToDecryptConfigInformation: Dsn| RequestID = s_72770a47-c4da-46c0-b6de-4c8e7b6021c2 
2019-12-05 12:46:18.3316|ERROR|26|FailedToDecryptConfigInformation: Dsn| RequestID = s_f6d61dc5-2256-49fa-ac04-fd12ab9e6c36 
2019-12-05 12:46:28.3793|ERROR|26|FailedToDecryptConfigInformation: Dsn| RequestID = s_188cf615-7728-43b6-95b4-354a07a1a2f9 
2019-12-05 12:46:38.3925|ERROR|26|FailedToDecryptConfigInformation: Dsn| RequestID = s_d0c3dc90-493d-4dbc-9208-75122737d61b 
2019-12-05 12:46:48.4213|ERROR|26|FailedToDecryptConfigInformation: Dsn| RequestID = s_8c07062e-59d4-4b1a-b26b-1936f13256d7 
2019-12-05 12:46:58.4474|ERROR|4|FailedToDecryptConfigInformation: Dsn| RequestID = s_f2cc26bf-6658-4340-b3d4-208fd30f8a92 
2019-12-05 12:47:08.4737|ERROR|4|FailedToDecryptConfigInformation: Dsn| RequestID = s_bb3e408d-7147-487d-94b5-feb3e82cd7f6 
2019-12-05 12:47:18.5206|ERROR|4|FailedToDecryptConfigInformation: Dsn| RequestID = s_9b63d76c-bd88-4a54-9f53-a42192b5d46a 
2019-12-05 12:47:28.5617|ERROR|4|FailedToDecryptConfigInformation: Dsn| RequestID = s_18b1be07-6089-4a1e-83e9-52a02631fb22 
2019-12-05 12:47:38.6070|ERROR|4|FailedToDecryptConfigInformation: Dsn| RequestID = s_6a82c47b-f862-4163-8e7d-27095b4bacf6 
2019-12-05 12:47:48.6622|ERROR|4|FailedToDecryptConfigInformation: Dsn| RequestID = s_2ee7ca88-54d1-43bc-80b6-0993f061c24e 
2019-12-05 12:47:58.6963|ERROR|9|FailedToDecryptConfigInformation: Dsn| RequestID = s_5b753320-0b0d-41da-a088-5cc7baeb2e43 
2019-12-05 12:48:08.7328|ERROR|9|FailedToDecryptConfigInformation: Dsn| RequestID = s_54b61bd0-5012-4a08-98a7-7c51d6aa30ce 
2019-12-05 12:48:18.7846|ERROR|9|FailedToDecryptConfigInformation: Dsn| RequestID = s_f0ccadef-40ad-4e21-8a75-3cf6e486e8a2 
2019-12-05 12:48:28.8150|ERROR|12|FailedToDecryptConfigInformation: Dsn| RequestID = s_ba7e6d08-d9f4-48bd-9c05-dd5ce0dd90fd 
2019-12-05 12:48:38.8392|ERROR|9|FailedToDecryptConfigInformation: Dsn| RequestID = s_8b25246a-4caf-4ede-b6f3-e68650c73333 
2019-12-05 12:48:48.8659|ERROR|9|FailedToDecryptConfigInformation: Dsn| RequestID = s_53f2108d-21be-4a90-937b-385895295e72 
2019-12-05 12:48:58.9080|ERROR|9|FailedToDecryptConfigInformation: Dsn| RequestID = s_8ee0a4a3-acd9-4e59-bd15-3fabcde5e460 
2019-12-05 12:49:08.9508|ERROR|7|FailedToDecryptConfigInformation: Dsn| RequestID = s_7666db0c-080b-4807-88ed-f1ff63c82231 
2019-12-05 12:49:19.0051|ERROR|13|FailedToDecryptConfigInformation: Dsn| RequestID = s_89306cbb-a06e-4233-9917-d3b2e2ba5dbb 
2019-12-05 12:49:29.0274|ERROR|13|FailedToDecryptConfigInformation: Dsn| RequestID = s_f859a052-44f0-4268-b092-135b6161e295 
2019-12-05 12:49:39.0537|ERROR|13|FailedToDecryptConfigInformation: Dsn| RequestID = s_b0856814-5526-4784-b03c-71ec32b15019 
2019-12-05 12:49:49.0816|ERROR|19|FailedToDecryptConfigInformation: Dsn| RequestID = s_bd004557-43a9-4f18-a824-3eae36415335 
2019-12-05 12:49:59.1129|ERROR|19|FailedToDecryptConfigInformation: Dsn| RequestID = s_3025f8b4-ce54-47e2-832e-005a480922c5 
2019-12-05 12:50:09.1407|ERROR|19|FailedToDecryptConfigInformation: Dsn| RequestID = s_0a48b7cf-af15-4a8e-b64b-8824120bf7a3 
2019-12-05 12:50:19.1819|ERROR|19|FailedToDecryptConfigInformation: Dsn| RequestID = s_d63c32f1-c746-45b0-9115-a623cc3bcb38 
2019-12-05 12:50:29.2087|ERROR|19|FailedToDecryptConfigInformation: Dsn| RequestID = s_ab570c2c-b838-43c2-8bbc-2e9c873b5e2f 
2019-12-05 12:50:39.2440|ERROR|19|FailedToDecryptConfigInformation: Dsn| RequestID = s_27e21afa-4116-49e2-ba67-1bd0cbff4957 
2019-12-05 12:50:49.2974|ERROR|19|FailedToDecryptConfigInformation: Dsn| RequestID = s_0bbe71ee-1140-418f-b868-266158b1363d 
2019-12-05 12:50:59.3127|ERROR|25|FailedToDecryptConfigInformation: Dsn| RequestID = s_14bd7bb5-0f2c-4410-a551-40ad862a3d76 
2019-12-05 12:51:09.3990|ERROR|25|FailedToDecryptConfigInformation: Dsn| RequestID = s_8d0f31eb-a722-4ba9-9fb6-b0166c995c29 
2019-12-05 12:51:19.4218|ERROR|25|FailedToDecryptConfigInformation: Dsn| RequestID = s_b7456a06-647a-4b0b-b6a0-45e659741d69 
2019-12-05 12:51:29.4416|ERROR|25|FailedToDecryptConfigInformation: Dsn| RequestID = s_29dd032a-84d9-4a23-b519-853e54a4527b 
2019-12-05 12:51:39.4729|ERROR|25|FailedToDecryptConfigInformation: Dsn| RequestID = s_5698bcb9-b0ff-43a5-9b44-a234b6a6d958 
2019-12-05 12:51:49.5053|ERROR|25|FailedToDecryptConfigInformation: Dsn| RequestID = s_00d7912a-0d1d-42e1-b7b4-870f3acda3bd 
2019-12-05 12:51:59.5356|ERROR|25|FailedToDecryptConfigInformation: Dsn| RequestID = s_2e78ba88-ab23-46d0-990f-32cb679e07a6 
2019-12-05 12:52:09.5698|ERROR|25|FailedToDecryptConfigInformation: Dsn| RequestID = s_4e06a910-50e4-4226-a58a-90072b6f6223 
2019-12-05 12:52:19.5936|ERROR|25|FailedToDecryptConfigInformation: Dsn| RequestID = s_19d8e7ef-eeb1-4f90-a31d-1e2a32d6ff32 
2019-12-05 12:52:29.6154|ERROR|4|FailedToDecryptConfigInformation: Dsn| RequestID = s_db5bb181-7c22-4669-a07f-8bf035612e41 
2019-12-05 12:52:39.6412|ERROR|4|FailedToDecryptConfigInformation: Dsn| RequestID = s_bec1487a-b5df-47c2-9ccf-2cb01d9e76da 
2019-12-05 12:52:49.6665|ERROR|4|FailedToDecryptConfigInformation: Dsn| RequestID = s_875fb7de-52b4-44c0-b593-ae20820b3739 
2019-12-05 12:52:59.7043|ERROR|4|FailedToDecryptConfigInformation: Dsn| RequestID = s_295658d1-ae23-482b-8825-be45827da642 
2019-12-05 12:53:09.7411|ERROR|4|FailedToDecryptConfigInformation: Dsn| RequestID = s_9d1c39f5-6ecc-4eeb-9d43-ea7081e5db03 
2019-12-05 12:53:19.7563|ERROR|4|FailedToDecryptConfigInformation: Dsn| RequestID = s_9fe4601e-4f47-41ad-8f8a-de0da687140e 
2019-12-05 12:53:29.7771|ERROR|4|FailedToDecryptConfigInformation: Dsn| RequestID = s_2598b764-a62e-485e-b0e2-01feb1b42d63 
2019-12-05 12:53:39.8134|ERROR|4|FailedToDecryptConfigInformation: Dsn| RequestID = s_f4da52d9-0517-4193-9092-9ecb0cd7698b 
2019-12-05 12:53:49.8667|ERROR|4|FailedToDecryptConfigInformation: Dsn| RequestID = s_533e1625-95c7-41b7-91e0-219580c48443 
2019-12-05 12:53:59.8940|ERROR|4|FailedToDecryptConfigInformation: Dsn| RequestID = s_57e8a596-0396-46dd-b618-110bff49945d 
2019-12-05 12:54:09.9138|ERROR|4|FailedToDecryptConfigInformation: Dsn| RequestID = s_8df4f139-a6f9-490e-9f5e-5e1a13762a3b 
2019-12-05 12:54:19.9441|ERROR|11|FailedToDecryptConfigInformation: Dsn| RequestID = s_336886a0-1fce-43cb-8e68-7985f20fae7d 
2019-12-05 12:54:29.9730|ERROR|11|FailedToDecryptConfigInformation: Dsn| RequestID = s_f333d955-dfbf-4f4a-964b-b5d732177a45 
2019-12-05 12:54:39.9978|ERROR|11|FailedToDecryptConfigInformation: Dsn| RequestID = s_af7f40b0-8578-4225-af38-6d0622ca531f 
2019-12-05 12:54:50.0356|ERROR|11|FailedToDecryptConfigInformation: Dsn| RequestID = s_8d6074db-89bb-42fc-989a-8adc50f02329 
2019-12-05 12:55:00.0574|ERROR|11|FailedToDecryptConfigInformation: Dsn| RequestID = s_2b1bac07-c3ed-481d-a81f-6b0cc84083ae 
2019-12-05 12:55:10.0872|ERROR|11|FailedToDecryptConfigInformation: Dsn| RequestID = s_dad61d32-d5ed-49ab-b61c-3633ceccb3a2 
2019-12-05 12:55:20.1175|ERROR|4|FailedToDecryptConfigInformation: Dsn| RequestID = s_c60de619-3f24-4076-b15f-386688e325d3 
2019-12-05 12:55:30.1389|ERROR|4|FailedToDecryptConfigInformation: Dsn| RequestID = s_7019b7a8-f01c-4bb6-87c4-75d820af07e6 
2019-12-05 12:55:40.1792|ERROR|18|FailedToDecryptConfigInformation: Dsn| RequestID = s_97b9b12a-a9fc-4018-8305-35dbdd1b554f 
2019-12-05 12:55:50.1985|ERROR|18|FailedToDecryptConfigInformation: Dsn| RequestID = s_100800db-f8af-4fd6-a7ae-d5d5620d759f 
2019-12-05 12:56:00.2283|ERROR|18|FailedToDecryptConfigInformation: Dsn| RequestID = s_65e62341-85da-49f1-9195-7fe268298a60 
2019-12-05 12:56:10.2597|ERROR|18|FailedToDecryptConfigInformation: Dsn| RequestID = s_1f9baacf-070f-481c-a1b2-d8aeea68f3b5 
2019-12-05 12:56:20.3035|ERROR|18|FailedToDecryptConfigInformation: Dsn| RequestID = s_afc60391-80d3-44ad-a972-638b1db159fc 
2019-12-05 12:56:30.3479|ERROR|18|FailedToDecryptConfigInformation: Dsn| RequestID = s_54e5a509-a070-44e2-b23d-caf7e4b98a38 
2019-12-05 12:56:40.3987|ERROR|19|FailedToDecryptConfigInformation: Dsn| RequestID = s_d12ee3cf-9e42-4c23-8080-ac76255b1e37 
2019-12-05 12:56:50.4425|ERROR|19|FailedToDecryptConfigInformation: Dsn| RequestID = s_7ddd5833-1d04-4b4a-983b-5739ac2a3b10 
2019-12-05 12:57:00.4683|ERROR|18|FailedToDecryptConfigInformation: Dsn| RequestID = s_28ec9f1d-2c72-4eea-9fb9-a1fd48648e06 
2019-12-05 12:57:10.4981|ERROR|18|FailedToDecryptConfigInformation: Dsn| RequestID = s_5559401c-5137-4f4f-8dba-598985a73432 
2019-12-05 12:57:20.5130|ERROR|18|FailedToDecryptConfigInformation: Dsn| RequestID = s_5636602e-2a03-4433-921d-1ead91bec801 
2019-12-05 12:57:30.5383|ERROR|5|FailedToDecryptConfigInformation: Dsn| RequestID = s_45f40940-d533-41aa-8907-c742a8baa314 
2019-12-05 12:57:40.5666|ERROR|5|FailedToDecryptConfigInformation: Dsn| RequestID = s_22e553f2-041e-4a78-93a1-bf17a84382c1 
2019-12-05 12:57:50.5859|ERROR|5|FailedToDecryptConfigInformation: Dsn| RequestID = s_9cb89d0c-f324-43f0-9bb8-1e9bbbd29d3e 
2019-12-05 12:58:00.6017|ERROR|5|FailedToDecryptConfigInformation: Dsn| RequestID = s_e6343962-e828-45ee-b363-e1b1aafc4333 
2019-12-05 12:58:10.6309|ERROR|5|FailedToDecryptConfigInformation: Dsn| RequestID = s_43d14371-b69d-4c88-9503-33315028937e 
2019-12-05 12:58:20.6588|ERROR|21|FailedToDecryptConfigInformation: Dsn| RequestID = s_8fc58271-7229-408a-a01d-8c886d3f1f33 
2019-12-05 12:58:30.6727|ERROR|21|FailedToDecryptConfigInformation: Dsn| RequestID = s_ea141f4d-1379-4521-b517-98d4415e27f1 
2019-12-05 12:58:40.6995|ERROR|21|FailedToDecryptConfigInformation: Dsn| RequestID = s_c2eb8723-5ee7-45d7-885c-362fa23993c6 
2019-12-05 12:58:50.7173|ERROR|21|FailedToDecryptConfigInformation: Dsn| RequestID = s_e65e281e-58cd-4727-814b-61095934975a 
2019-12-05 12:59:00.7475|ERROR|21|FailedToDecryptConfigInformation: Dsn| RequestID = s_9e77ab1c-ac6f-45fa-8c27-1c682e21f073 
2019-12-05 12:59:10.7613|ERROR|21|FailedToDecryptConfigInformation: Dsn| RequestID = s_9093ffb1-8e0f-401c-b073-841bcfd85ed5 
2019-12-05 12:59:20.8619|ERROR|21|FailedToDecryptConfigInformation: Dsn| RequestID = s_e3733296-3385-441d-8b66-aca931a14981 
2019-12-05 12:59:30.9102|ERROR|21|FailedToDecryptConfigInformation: Dsn| RequestID = s_bebb90e7-2ec0-4d08-b923-2ed2bce61ae2 
2019-12-05 12:59:40.9450|ERROR|21|FailedToDecryptConfigInformation: Dsn| RequestID = s_f17670d7-d5fe-471d-b937-2c67cfd9ea0c 
2019-12-05 12:59:51.0008|ERROR|21|FailedToDecryptConfigInformation: Dsn| RequestID = s_efc7e0a5-bfdb-46a3-9007-40c60a9d90fe 
