2019-12-03 22:00:06.9464|ERROR|15|FailedToDecryptConfigInformation: Dsn| RequestID = s_37723d6a-c033-4415-bcf3-d43589b143ce 
2019-12-03 22:00:16.9767|ERROR|27|FailedToDecryptConfigInformation: Dsn| RequestID = s_2aed3cbb-0c72-48dc-8ea1-9c8112fff852 
2019-12-03 22:00:27.0088|ERROR|27|FailedToDecryptConfigInformation: Dsn| RequestID = s_26166ec9-94c4-40bd-8862-f9f43ab72f79 
2019-12-03 22:00:37.0326|ERROR|15|FailedToDecryptConfigInformation: Dsn| RequestID = s_a533f85d-1c36-48ed-98ef-ed1def039a41 
2019-12-03 22:00:47.0934|ERROR|27|FailedToDecryptConfigInformation: Dsn| RequestID = s_f63e34d8-76ac-4d6c-9851-c5403429e532 
2019-12-03 22:00:57.1267|ERROR|15|FailedToDecryptConfigInformation: Dsn| RequestID = s_4b6ae036-2790-4789-bb92-8bfb0a2db47d 
2019-12-03 22:01:07.1532|ERROR|15|FailedToDecryptConfigInformation: Dsn| RequestID = s_214edf5e-24a1-4a20-b9bd-0e0cca17b274 
2019-12-03 22:01:17.1799|ERROR|35|FailedToDecryptConfigInformation: Dsn| RequestID = s_595c2dd6-6a9c-4c03-8114-3b90d263b2fe 
2019-12-03 22:01:27.2086|ERROR|35|FailedToDecryptConfigInformation: Dsn| RequestID = s_e41c4754-75e9-4549-8df3-87e41b99f186 
2019-12-03 22:01:37.2224|ERROR|10|FailedToDecryptConfigInformation: Dsn| RequestID = s_78de4133-1c87-4b06-b9c9-0bef14ccb50c 
2019-12-03 22:01:47.2416|ERROR|10|FailedToDecryptConfigInformation: Dsn| RequestID = s_072750dc-c1cf-4a37-a2a8-9e3db5fcb80a 
2019-12-03 22:01:57.2679|ERROR|20|FailedToDecryptConfigInformation: Dsn| RequestID = s_c5e02b90-a0c9-42a4-ab35-40c1aded40ae 
2019-12-03 22:02:07.2997|ERROR|20|FailedToDecryptConfigInformation: Dsn| RequestID = s_ff7305c5-1a43-42ff-aeee-a0bcc9284124 
2019-12-03 22:02:17.3440|ERROR|20|FailedToDecryptConfigInformation: Dsn| RequestID = s_158fd205-92a6-4624-bdd5-e5ac02a10ae7 
2019-12-03 22:02:27.3718|ERROR|20|FailedToDecryptConfigInformation: Dsn| RequestID = s_c08241e6-1472-4a1f-8231-f8ec6b9dae36 
2019-12-03 22:02:37.4120|ERROR|10|FailedToDecryptConfigInformation: Dsn| RequestID = s_b6be7598-31bf-4628-a1b8-7f0dc391a84c 
2019-12-03 22:02:47.4913|ERROR|10|FailedToDecryptConfigInformation: Dsn| RequestID = s_0dce9798-6e86-4c92-b644-25a5106a4110 
2019-12-03 22:02:57.5311|ERROR|20|FailedToDecryptConfigInformation: Dsn| RequestID = s_81194052-2a10-4ea7-87b3-a2a9b0a0c7e6 
2019-12-03 22:03:07.5420|ERROR|20|FailedToDecryptConfigInformation: Dsn| RequestID = s_6731e4e3-1211-4cdb-8243-e17cef22f09e 
2019-12-03 22:03:17.5699|ERROR|27|FailedToDecryptConfigInformation: Dsn| RequestID = s_a1a01765-89e0-475e-812b-9a41c0211e20 
2019-12-03 22:03:27.6300|ERROR|27|FailedToDecryptConfigInformation: Dsn| RequestID = s_3a695333-3c5f-4aea-ae8e-e20d701c585c 
2019-12-03 22:03:37.6740|ERROR|27|FailedToDecryptConfigInformation: Dsn| RequestID = s_068fb487-3236-4970-b6ee-5b97714d0fa6 
2019-12-03 22:03:47.6936|ERROR|13|FailedToDecryptConfigInformation: Dsn| RequestID = s_8fe35643-37c5-4e07-83a9-03e1a64db13e 
2019-12-03 22:03:57.7215|ERROR|13|FailedToDecryptConfigInformation: Dsn| RequestID = s_b6ec2655-7a58-470f-a26d-79168ba95ae3 
2019-12-03 22:04:07.7463|ERROR|7|FailedToDecryptConfigInformation: Dsn| RequestID = s_b3f9630a-0e6d-4e3c-9006-a04f0b658d8c 
2019-12-03 22:04:17.7601|ERROR|7|FailedToDecryptConfigInformation: Dsn| RequestID = s_beee48b3-3c1f-4a5a-93a9-f1ff522d0f28 
2019-12-03 22:04:27.7744|ERROR|21|FailedToDecryptConfigInformation: Dsn| RequestID = s_cebfd6e8-e39d-47fc-8aef-81530b3cc81e 
2019-12-03 22:04:37.8083|ERROR|21|FailedToDecryptConfigInformation: Dsn| RequestID = s_c53109ca-4d72-4cbe-ae3a-e98495db7769 
2019-12-03 22:04:47.9377|ERROR|21|FailedToDecryptConfigInformation: Dsn| RequestID = s_76ae9a67-2f99-4519-84c6-33fbf4add9e3 
2019-12-03 22:04:57.9631|ERROR|21|FailedToDecryptConfigInformation: Dsn| RequestID = s_7bd1e3a3-3df7-4bc2-9e20-4c7661352131 
2019-12-03 22:05:07.9895|ERROR|21|FailedToDecryptConfigInformation: Dsn| RequestID = s_29846e71-28eb-4087-8730-712b19edd0f7 
2019-12-03 22:05:18.0406|ERROR|8|FailedToDecryptConfigInformation: Dsn| RequestID = s_885b451d-7508-49c7-b216-53aac4f36820 
2019-12-03 22:05:28.1015|ERROR|8|FailedToDecryptConfigInformation: Dsn| RequestID = s_6db44831-07f4-4126-b4bc-be95c792e384 
2019-12-03 22:05:38.1409|ERROR|8|FailedToDecryptConfigInformation: Dsn| RequestID = s_9ae90647-bded-43ba-bba4-9bbfa1ad42ba 
2019-12-03 22:05:48.1623|ERROR|8|FailedToDecryptConfigInformation: Dsn| RequestID = s_156b2d07-2025-4411-8b7d-d8f123fcd5c1 
2019-12-03 22:05:58.2579|ERROR|35|FailedToDecryptConfigInformation: Dsn| RequestID = s_5b084e4d-3b02-461e-958b-23011ade30d5 
2019-12-03 22:06:08.2827|ERROR|8|FailedToDecryptConfigInformation: Dsn| RequestID = s_2098e93f-b8fe-470d-81ef-260868e62870 
2019-12-03 22:06:18.3020|ERROR|35|FailedToDecryptConfigInformation: Dsn| RequestID = s_d9c54ae6-0f38-42a8-b2f0-1f8f8323146d 
2019-12-03 22:06:28.3414|ERROR|8|FailedToDecryptConfigInformation: Dsn| RequestID = s_af9d883b-da03-4bdf-8ffb-8618f1bb2296 
2019-12-03 22:06:38.4591|ERROR|8|FailedToDecryptConfigInformation: Dsn| RequestID = s_6a547825-c4a5-4b8c-a72d-b4108c8f520d 
2019-12-03 22:06:48.4835|ERROR|8|FailedToDecryptConfigInformation: Dsn| RequestID = s_bf5a1ab8-4b53-41ab-ba44-b24686d3baee 
2019-12-03 22:06:58.5222|ERROR|15|FailedToDecryptConfigInformation: Dsn| RequestID = s_a847410d-1ca4-49c1-9b41-56230affe806 
2019-12-03 22:07:08.5520|ERROR|8|FailedToDecryptConfigInformation: Dsn| RequestID = s_f2b4db53-b7a2-41ef-b173-4702b6aae547 
2019-12-03 22:07:18.5672|ERROR|8|FailedToDecryptConfigInformation: Dsn| RequestID = s_1dac6b16-ddb5-4c4f-a3d3-ab823f45487f 
2019-12-03 22:07:28.6141|ERROR|28|FailedToDecryptConfigInformation: Dsn| RequestID = s_233de827-c0b7-49cd-8c38-14aa12095f71 
2019-12-03 22:07:38.7039|ERROR|28|FailedToDecryptConfigInformation: Dsn| RequestID = s_7d70806f-c12d-4691-bec2-b2f144b30e0e 
2019-12-03 22:07:48.7467|ERROR|28|FailedToDecryptConfigInformation: Dsn| RequestID = s_0cbf0d84-6655-4914-a06d-ece659d06927 
2019-12-03 22:07:58.7647|ERROR|28|FailedToDecryptConfigInformation: Dsn| RequestID = s_fd2bcb91-27e7-4e0c-a861-2ba7159e17c1 
2019-12-03 22:08:08.8145|ERROR|28|FailedToDecryptConfigInformation: Dsn| RequestID = s_8c896fc2-56c1-4fd3-8f73-9f5c2b9cca24 
2019-12-03 22:08:18.8538|ERROR|7|FailedToDecryptConfigInformation: Dsn| RequestID = s_57f69f20-1991-4706-948a-e2f65e536656 
2019-12-03 22:08:28.8922|ERROR|7|FailedToDecryptConfigInformation: Dsn| RequestID = s_46a9f720-9d33-46e8-bad8-b090052e3e60 
2019-12-03 22:08:38.9137|ERROR|7|FailedToDecryptConfigInformation: Dsn| RequestID = s_75a8bbf5-8a60-40b0-a5f5-e007ff353aa1 
2019-12-03 22:08:48.9380|ERROR|7|FailedToDecryptConfigInformation: Dsn| RequestID = s_c2ca3674-331e-421b-984f-9ed181627902 
2019-12-03 22:08:58.9758|ERROR|7|FailedToDecryptConfigInformation: Dsn| RequestID = s_a8816bbf-9826-4594-aa01-8310914e9696 
2019-12-03 22:09:09.0221|ERROR|7|FailedToDecryptConfigInformation: Dsn| RequestID = s_b7f31016-f8ad-4799-9f24-febf719846b5 
2019-12-03 22:09:19.2220|ERROR|7|FailedToDecryptConfigInformation: Dsn| RequestID = s_949dde77-85b4-4236-a895-9899dc297b92 
2019-12-03 22:09:29.4005|ERROR|7|FailedToDecryptConfigInformation: Dsn| RequestID = s_919e7afb-464c-410a-aa98-90851c050119 
2019-12-03 22:09:39.4468|ERROR|13|FailedToDecryptConfigInformation: Dsn| RequestID = s_7e3963a2-afd1-4972-8975-590c6f75c507 
2019-12-03 22:09:49.4689|ERROR|27|FailedToDecryptConfigInformation: Dsn| RequestID = s_4b8d64ae-8b98-49ae-b011-2d852b5474b6 
2019-12-03 22:09:59.5026|ERROR|27|FailedToDecryptConfigInformation: Dsn| RequestID = s_7a17a527-68b8-485c-b494-c91c05ea6103 
2019-12-03 22:10:09.5452|ERROR|27|FailedToDecryptConfigInformation: Dsn| RequestID = s_09a3c0fe-d88f-472c-874f-b95d81079946 
2019-12-03 22:10:19.5760|ERROR|27|FailedToDecryptConfigInformation: Dsn| RequestID = s_150e4e85-9a92-44d6-979f-24700b65de14 
2019-12-03 22:10:29.5895|ERROR|10|FailedToDecryptConfigInformation: Dsn| RequestID = s_f69aab93-7ab2-4910-9d20-972331fad09b 
2019-12-03 22:10:39.6135|ERROR|10|FailedToDecryptConfigInformation: Dsn| RequestID = s_9c19c17f-eaa1-48bc-a637-d61309c066a5 
2019-12-03 22:10:49.7113|ERROR|10|FailedToDecryptConfigInformation: Dsn| RequestID = s_0cf5b0e7-d73f-4cc8-96f9-6e4754a1b3ea 
2019-12-03 22:10:59.7477|ERROR|10|FailedToDecryptConfigInformation: Dsn| RequestID = s_4c2c4cf2-1efa-4ac1-af91-ff1fd73ab5b9 
2019-12-03 22:11:09.7862|ERROR|10|FailedToDecryptConfigInformation: Dsn| RequestID = s_e44352d6-8b82-4e18-b326-1fadbc310dc0 
2019-12-03 22:11:19.8275|ERROR|10|FailedToDecryptConfigInformation: Dsn| RequestID = s_098e66ee-f335-4456-9390-87efc396d542 
2019-12-03 22:11:29.8610|ERROR|10|FailedToDecryptConfigInformation: Dsn| RequestID = s_88efe5bc-491b-4799-91cf-3887c4d6e989 
2019-12-03 22:11:39.8788|ERROR|15|FailedToDecryptConfigInformation: Dsn| RequestID = s_62e08c17-a9d2-42d2-87fa-0897bc40d95b 
2019-12-03 22:11:49.9092|ERROR|15|FailedToDecryptConfigInformation: Dsn| RequestID = s_9a3ae1ea-41ea-459b-b490-4a8b9e3454c7 
2019-12-03 22:11:59.9842|ERROR|15|FailedToDecryptConfigInformation: Dsn| RequestID = s_b371ecea-db9b-425e-b634-6b65d72089fa 
2019-12-03 22:12:10.0185|ERROR|15|FailedToDecryptConfigInformation: Dsn| RequestID = s_b17c61a9-175d-41b9-b83a-daa45332bdb4 
2019-12-03 22:12:20.0314|ERROR|35|FailedToDecryptConfigInformation: Dsn| RequestID = s_3ad7f35a-0715-425f-9e08-aca89ace7a89 
2019-12-03 22:12:30.0507|ERROR|35|FailedToDecryptConfigInformation: Dsn| RequestID = s_6a2bb166-7c00-4a7f-bda4-17418c743e4d 
2019-12-03 22:12:40.1573|ERROR|33|FailedToDecryptConfigInformation: Dsn| RequestID = s_0fa7715a-8510-4c15-9770-cdd4f40968eb 
2019-12-03 22:12:50.1865|ERROR|36|FailedToDecryptConfigInformation: Dsn| RequestID = s_a10729b2-68b4-4882-bcd3-90daca34648c 
2019-12-03 22:13:00.2065|ERROR|33|FailedToDecryptConfigInformation: Dsn| RequestID = s_166d3caa-d63a-4a95-ae19-4c7acf201896 
2019-12-03 22:13:10.7610|ERROR|33|FailedToDecryptConfigInformation: Dsn| RequestID = s_074de5aa-53b9-437d-bb49-cbbbba42dbd9 
2019-12-03 22:13:22.1905|ERROR|33|FailedToDecryptConfigInformation: Dsn| RequestID = s_b88213ad-0873-4e18-83d7-9a5238ee3c48 
2019-12-03 22:13:32.2170|ERROR|33|FailedToDecryptConfigInformation: Dsn| RequestID = s_d6e836ae-c2f8-49f1-8ddb-0252ed47cef4 
2019-12-03 22:13:42.2404|ERROR|33|FailedToDecryptConfigInformation: Dsn| RequestID = s_972fbf0f-13cf-4f1c-8373-6657a16edda0 
2019-12-03 22:13:52.2629|ERROR|33|FailedToDecryptConfigInformation: Dsn| RequestID = s_e900244b-8579-4539-8abf-b9d61e71fa85 
2019-12-03 22:14:02.2899|ERROR|33|FailedToDecryptConfigInformation: Dsn| RequestID = s_70d27b26-57b0-4210-b048-a8206eb770af 
2019-12-03 22:14:12.3129|ERROR|33|FailedToDecryptConfigInformation: Dsn| RequestID = s_ebd62124-d435-45e5-82f8-de9cb6e46d94 
2019-12-03 22:14:22.3697|ERROR|33|FailedToDecryptConfigInformation: Dsn| RequestID = s_f760263e-3393-4715-8ae9-c99f1dc8bc21 
2019-12-03 22:14:32.3897|ERROR|33|FailedToDecryptConfigInformation: Dsn| RequestID = s_149b4d45-dc0b-4c79-afb4-7a7654866fac 
2019-12-03 22:14:42.4090|ERROR|33|FailedToDecryptConfigInformation: Dsn| RequestID = s_7c0ee37a-107c-4531-975d-7968bf8d1c64 
2019-12-03 22:14:52.4213|ERROR|33|FailedToDecryptConfigInformation: Dsn| RequestID = s_2e5682e7-1665-4f14-aa1a-1a79da0ce378 
2019-12-03 22:15:02.4604|ERROR|33|FailedToDecryptConfigInformation: Dsn| RequestID = s_5844da61-2768-43ff-8580-445ada1ccd74 
2019-12-03 22:15:12.4835|ERROR|33|FailedToDecryptConfigInformation: Dsn| RequestID = s_0855299c-b82d-48b3-94e8-b8bdb1162ed8 
2019-12-03 22:15:22.5099|ERROR|27|FailedToDecryptConfigInformation: Dsn| RequestID = s_80a10088-802d-4fd8-95b5-80724d8b8564 
2019-12-03 22:15:32.5737|ERROR|27|FailedToDecryptConfigInformation: Dsn| RequestID = s_cf9b10c9-55e1-49ff-a382-80e90fa3fd43 
2019-12-03 22:15:42.5971|ERROR|27|FailedToDecryptConfigInformation: Dsn| RequestID = s_22167ddb-b043-413d-8643-2cbe0b1ebed5 
2019-12-03 22:15:52.6307|ERROR|13|FailedToDecryptConfigInformation: Dsn| RequestID = s_fdc0d13c-0de0-4b64-85f4-2f4662401630 
2019-12-03 22:16:02.6500|ERROR|27|FailedToDecryptConfigInformation: Dsn| RequestID = s_7d2cc475-133e-496f-94c6-8c514200c211 
2019-12-03 22:16:12.6778|ERROR|27|FailedToDecryptConfigInformation: Dsn| RequestID = s_102aba21-36d2-4e56-8019-1ee7a4216a8c 
2019-12-03 22:16:22.7080|ERROR|27|FailedToDecryptConfigInformation: Dsn| RequestID = s_b2a9c499-4794-4ba1-a158-0a5ac66c309d 
2019-12-03 22:16:32.7379|ERROR|7|FailedToDecryptConfigInformation: Dsn| RequestID = s_f50486af-e5de-43b2-a6c5-1927b030b8e2 
2019-12-03 22:16:42.7653|ERROR|7|FailedToDecryptConfigInformation: Dsn| RequestID = s_29b46c0f-9c32-40e7-8724-67f85d741b47 
2019-12-03 22:16:52.7813|ERROR|7|FailedToDecryptConfigInformation: Dsn| RequestID = s_578a8b19-17bc-4ecd-982b-87b8ecb7936c 
2019-12-03 22:17:02.8142|ERROR|7|FailedToDecryptConfigInformation: Dsn| RequestID = s_f0d24685-42d6-479a-b5db-96671bd0084c 
2019-12-03 22:17:12.8358|ERROR|7|FailedToDecryptConfigInformation: Dsn| RequestID = s_5bff9552-6e43-43b2-a986-7a952af17c4f 
2019-12-03 22:17:22.8756|ERROR|15|FailedToDecryptConfigInformation: Dsn| RequestID = s_a8549494-6add-4be7-a685-9e5ab448f3cd 
2019-12-03 22:17:32.9107|ERROR|15|FailedToDecryptConfigInformation: Dsn| RequestID = s_ce22d795-c0e9-4180-92b7-f3821f9fe7aa 
2019-12-03 22:17:42.9395|ERROR|15|FailedToDecryptConfigInformation: Dsn| RequestID = s_c15f067e-44cc-4675-bb27-2796571d268f 
2019-12-03 22:17:53.0028|ERROR|15|FailedToDecryptConfigInformation: Dsn| RequestID = s_1e1baf73-a5c1-4148-be68-d524a24c5ff8 
2019-12-03 22:18:03.0171|ERROR|26|FailedToDecryptConfigInformation: Dsn| RequestID = s_ec3f791a-4d20-4033-86b1-18fd742ffed2 
2019-12-03 22:18:13.0564|ERROR|15|FailedToDecryptConfigInformation: Dsn| RequestID = s_52aa2d3a-c0bd-4574-a2af-d19cfb82ab83 
2019-12-03 22:18:23.0730|ERROR|15|FailedToDecryptConfigInformation: Dsn| RequestID = s_51854fc1-8890-45e2-9d05-35e13e248009 
2019-12-03 22:18:33.1027|ERROR|15|FailedToDecryptConfigInformation: Dsn| RequestID = s_ffcd7f38-d87b-4672-b59e-e0b3049a1081 
2019-12-03 22:18:43.1315|ERROR|34|FailedToDecryptConfigInformation: Dsn| RequestID = s_484ba4cc-00a1-4acb-9bb4-77d036578057 
2019-12-03 22:18:53.1517|ERROR|34|FailedToDecryptConfigInformation: Dsn| RequestID = s_daaa27c1-e306-4aad-8312-b0e3e3d11d80 
2019-12-03 22:19:03.2211|ERROR|34|FailedToDecryptConfigInformation: Dsn| RequestID = s_6bd6073c-22b3-459e-809a-b7280572c167 
2019-12-03 22:19:13.2686|ERROR|34|FailedToDecryptConfigInformation: Dsn| RequestID = s_7fdf502a-f21a-495d-b2be-1972cebac7a2 
2019-12-03 22:19:23.3073|ERROR|34|FailedToDecryptConfigInformation: Dsn| RequestID = s_74f6b8be-a59c-465d-badc-88e9d876e148 
2019-12-03 22:19:33.5355|ERROR|34|FailedToDecryptConfigInformation: Dsn| RequestID = s_4daca722-df9e-4d87-a16e-24bea0d00948 
2019-12-03 22:19:43.5718|ERROR|34|FailedToDecryptConfigInformation: Dsn| RequestID = s_c23cc23b-ed4d-43f3-944a-6433633161d0 
2019-12-03 22:19:53.8617|ERROR|34|FailedToDecryptConfigInformation: Dsn| RequestID = s_d81b0b81-fdbe-4195-98d4-7f744edcee38 
2019-12-03 22:20:04.3496|ERROR|15|FailedToDecryptConfigInformation: Dsn| RequestID = s_6f0f1999-eb03-42f3-acf5-766b54a34199 
2019-12-03 22:20:14.3694|ERROR|15|FailedToDecryptConfigInformation: Dsn| RequestID = s_e0b7f61c-b13f-47f0-bc0b-74c395bb59b0 
2019-12-03 22:20:24.3922|ERROR|34|FailedToDecryptConfigInformation: Dsn| RequestID = s_1a5a1b09-3d7d-4be1-a4fb-d5594764cad4 
2019-12-03 22:20:34.4184|ERROR|15|FailedToDecryptConfigInformation: Dsn| RequestID = s_dfc39391-1dc2-4ef6-8260-0e1170611ef6 
2019-12-03 22:20:44.4476|ERROR|34|FailedToDecryptConfigInformation: Dsn| RequestID = s_4a48f734-046b-4f9e-ad53-ef32fc2c41c4 
2019-12-03 22:20:54.5720|ERROR|34|FailedToDecryptConfigInformation: Dsn| RequestID = s_a69a83c2-70b4-4edb-b75f-1975978f9402 
2019-12-03 22:21:04.7256|ERROR|34|FailedToDecryptConfigInformation: Dsn| RequestID = s_207b98a6-8b12-45e0-8260-58d09c4655a9 
2019-12-03 22:21:14.7490|ERROR|34|FailedToDecryptConfigInformation: Dsn| RequestID = s_b6acb96f-6b3e-4f09-9480-cd799f11059c 
2019-12-03 22:21:24.7708|ERROR|32|FailedToDecryptConfigInformation: Dsn| RequestID = s_259df436-33d8-4c75-bacf-0e84a129d0ca 
2019-12-03 22:21:34.7928|ERROR|32|FailedToDecryptConfigInformation: Dsn| RequestID = s_07ce53f3-f9cc-45ac-8d58-efb2ca8bd28a 
2019-12-03 22:21:44.8305|ERROR|22|FailedToDecryptConfigInformation: Dsn| RequestID = s_de3ed624-64ec-4932-93b4-f87b963595ba 
2019-12-03 22:21:54.8613|ERROR|32|FailedToDecryptConfigInformation: Dsn| RequestID = s_7886623f-eacd-4c47-afd2-e00dc15bf4b4 
2019-12-03 22:22:04.8805|ERROR|32|FailedToDecryptConfigInformation: Dsn| RequestID = s_d0702be0-5fe3-45ba-8c82-5589e2b01258 
2019-12-03 22:22:14.9008|ERROR|32|FailedToDecryptConfigInformation: Dsn| RequestID = s_bed69858-de3c-4ee5-b5d1-ebe756b8f967 
2019-12-03 22:22:24.9412|ERROR|32|FailedToDecryptConfigInformation: Dsn| RequestID = s_70012eb2-6cf5-45c9-b918-6ac86c8ff71c 
2019-12-03 22:22:34.9734|ERROR|26|FailedToDecryptConfigInformation: Dsn| RequestID = s_33698c60-9e53-4e5a-a415-16f7ce096c92 
2019-12-03 22:22:44.9872|ERROR|26|FailedToDecryptConfigInformation: Dsn| RequestID = s_d4090c5f-45db-47ea-9df3-1c22d4bbd57e 
2019-12-03 22:22:55.0170|ERROR|7|FailedToDecryptConfigInformation: Dsn| RequestID = s_8e08fb44-5a49-47f6-b8f9-f1311a8827f7 
2019-12-03 22:23:05.0438|ERROR|26|FailedToDecryptConfigInformation: Dsn| RequestID = s_18a11e60-d288-4434-837c-b6bbef1d33e5 
2019-12-03 22:23:15.0731|ERROR|7|FailedToDecryptConfigInformation: Dsn| RequestID = s_151678f4-720b-400b-8322-ff98716b0044 
2019-12-03 22:23:25.0878|ERROR|7|FailedToDecryptConfigInformation: Dsn| RequestID = s_81b1fbf8-41f0-4290-9e00-d41bafcafb0f 
2019-12-03 22:23:35.1807|ERROR|7|FailedToDecryptConfigInformation: Dsn| RequestID = s_97ade36b-d502-42d3-8aef-4006f255f70f 
2019-12-03 22:23:45.2194|ERROR|7|FailedToDecryptConfigInformation: Dsn| RequestID = s_ae1d75e2-1e17-4ff5-a928-489adbf5359c 
2019-12-03 22:23:55.2544|ERROR|7|FailedToDecryptConfigInformation: Dsn| RequestID = s_50dcefb3-3d46-4e62-814b-814feee50aae 
2019-12-03 22:24:05.2771|ERROR|7|FailedToDecryptConfigInformation: Dsn| RequestID = s_bc51b385-1654-43da-a2e4-ce4f83115644 
2019-12-03 22:24:15.2929|ERROR|7|FailedToDecryptConfigInformation: Dsn| RequestID = s_9a4af2a9-5682-4b4e-80e9-fc5ee72870ea 
2019-12-03 22:24:25.3372|ERROR|7|FailedToDecryptConfigInformation: Dsn| RequestID = s_1aa41974-4187-41ef-8ac5-f3f7cdc3931f 
2019-12-03 22:24:35.3517|ERROR|30|FailedToDecryptConfigInformation: Dsn| RequestID = s_12a6ce23-c687-4b41-9cb4-8a82abdd8747 
2019-12-03 22:24:45.3747|ERROR|30|FailedToDecryptConfigInformation: Dsn| RequestID = s_7dacd584-827f-4489-b881-10b5eb0bc062 
2019-12-03 22:24:55.3968|ERROR|30|FailedToDecryptConfigInformation: Dsn| RequestID = s_ea2007de-f19a-42be-9473-8c6d70d7ca1c 
2019-12-03 22:25:05.4523|ERROR|30|FailedToDecryptConfigInformation: Dsn| RequestID = s_34dd4d41-9bbd-48ea-93aa-087dbfc1493e 
2019-12-03 22:25:15.4981|ERROR|30|FailedToDecryptConfigInformation: Dsn| RequestID = s_e5a0e1f0-84ce-4a45-98f1-3de0fc2c739b 
2019-12-03 22:25:25.5340|ERROR|30|FailedToDecryptConfigInformation: Dsn| RequestID = s_d7ad8fa8-fd82-4e51-8275-12a22c56ec6b 
2019-12-03 22:25:35.5548|ERROR|23|FailedToDecryptConfigInformation: Dsn| RequestID = s_eaea55df-62b4-4f93-b666-985da067f86e 
2019-12-03 22:25:45.5812|ERROR|23|FailedToDecryptConfigInformation: Dsn| RequestID = s_4b75257e-56de-49f8-be24-4a8c84cf60f6 
2019-12-03 22:25:55.6180|ERROR|23|FailedToDecryptConfigInformation: Dsn| RequestID = s_deabbd74-7767-4b4b-82de-d9b68c056246 
2019-12-03 22:26:05.6283|ERROR|23|FailedToDecryptConfigInformation: Dsn| RequestID = s_92723c5c-e61c-44f5-9afa-553ff251d0da 
2019-12-03 22:26:15.6605|ERROR|6|FailedToDecryptConfigInformation: Dsn| RequestID = s_1686cc81-72f1-461e-894d-b7e9007d1539 
2019-12-03 22:26:25.6805|ERROR|6|FailedToDecryptConfigInformation: Dsn| RequestID = s_bfd9f19a-eb35-4999-b712-4a78ec08b8f3 
2019-12-03 22:26:35.7038|ERROR|6|FailedToDecryptConfigInformation: Dsn| RequestID = s_bd4b6dd3-95b3-4c81-bd06-5bb15a46ac62 
2019-12-03 22:26:45.7437|ERROR|6|FailedToDecryptConfigInformation: Dsn| RequestID = s_7a35c1f6-8c77-4591-8797-3dd137f46edd 
2019-12-03 22:26:55.7623|ERROR|6|FailedToDecryptConfigInformation: Dsn| RequestID = s_9f2590f6-5164-41c9-b54e-196b935f1cf4 
2019-12-03 22:27:05.7905|ERROR|19|FailedToDecryptConfigInformation: Dsn| RequestID = s_c9a8e918-793c-4df7-a9ad-475e938b073c 
2019-12-03 22:27:15.8227|ERROR|19|FailedToDecryptConfigInformation: Dsn| RequestID = s_dcc28076-6eb5-44e0-bbb2-94c0be10717f 
2019-12-03 22:27:25.8450|ERROR|29|FailedToDecryptConfigInformation: Dsn| RequestID = s_8a8a6a35-e1d5-4bd9-b533-0bc8406c7792 
2019-12-03 22:27:35.8644|ERROR|29|FailedToDecryptConfigInformation: Dsn| RequestID = s_ea7edfe9-504b-4830-b671-ba659190dde1 
2019-12-03 22:27:45.9104|ERROR|29|FailedToDecryptConfigInformation: Dsn| RequestID = s_846f1f62-df90-4f1a-b37c-e623e1488a51 
2019-12-03 22:27:55.9422|ERROR|29|FailedToDecryptConfigInformation: Dsn| RequestID = s_0bbfe397-a351-48c4-a366-890ca42dc71f 
2019-12-03 22:28:05.9571|ERROR|26|FailedToDecryptConfigInformation: Dsn| RequestID = s_72d0a340-4f50-491b-aad2-dd099179dbfe 
2019-12-03 22:28:15.9810|ERROR|26|FailedToDecryptConfigInformation: Dsn| RequestID = s_de451166-6ebb-4f10-8315-23ecbe4474c8 
2019-12-03 22:28:26.0094|ERROR|26|FailedToDecryptConfigInformation: Dsn| RequestID = s_3e380020-e471-422f-bb90-19cdbf62c3c3 
2019-12-03 22:28:36.0307|ERROR|26|FailedToDecryptConfigInformation: Dsn| RequestID = s_5f9e10eb-15a2-4a79-8695-ae527cab9a49 
2019-12-03 22:28:46.0713|ERROR|26|FailedToDecryptConfigInformation: Dsn| RequestID = s_f6eb5c4c-883b-4e94-a4f0-d7d17b3937cd 
2019-12-03 22:28:56.1322|ERROR|26|FailedToDecryptConfigInformation: Dsn| RequestID = s_4743e21d-5529-4a8e-8c31-1f239c81ee36 
2019-12-03 22:29:06.1901|ERROR|26|FailedToDecryptConfigInformation: Dsn| RequestID = s_c9341e02-5b9b-42b5-93b2-e194edd9fdd1 
2019-12-03 22:29:16.2233|ERROR|26|FailedToDecryptConfigInformation: Dsn| RequestID = s_d9ed6e0d-6896-426f-a2e6-eb83414ea0fd 
2019-12-03 22:29:26.2482|ERROR|26|FailedToDecryptConfigInformation: Dsn| RequestID = s_4ffec9ff-4745-4d98-b72d-42b8c27c40d2 
2019-12-03 22:29:36.2655|ERROR|26|FailedToDecryptConfigInformation: Dsn| RequestID = s_a10e5e8b-0cd3-4411-8631-6ee1a9b8e619 
2019-12-03 22:29:46.2973|ERROR|26|FailedToDecryptConfigInformation: Dsn| RequestID = s_73837b6c-0683-4b4c-845c-de4400d5cd21 
2019-12-03 22:29:56.3279|ERROR|26|FailedToDecryptConfigInformation: Dsn| RequestID = s_219d7975-2466-4c69-aeb8-6aec407d65b9 
2019-12-03 22:30:06.3548|ERROR|26|FailedToDecryptConfigInformation: Dsn| RequestID = s_a2e945f0-731a-44e9-8535-6eee41c62c12 
2019-12-03 22:30:16.4037|ERROR|26|FailedToDecryptConfigInformation: Dsn| RequestID = s_acc4c3e6-d78b-4b18-b9ef-9673eb1540d7 
2019-12-03 22:30:26.4239|ERROR|26|FailedToDecryptConfigInformation: Dsn| RequestID = s_5d785018-8688-4954-9cb0-63525ed0ce19 
2019-12-03 22:30:36.4474|ERROR|26|FailedToDecryptConfigInformation: Dsn| RequestID = s_94f408ea-7692-43e1-bca2-3da8687572df 
2019-12-03 22:30:46.4635|ERROR|26|FailedToDecryptConfigInformation: Dsn| RequestID = s_865671d5-d78e-487e-a16c-06d59649f240 
2019-12-03 22:30:56.5209|ERROR|26|FailedToDecryptConfigInformation: Dsn| RequestID = s_99e0ead5-69e8-403b-af5c-d05b656f0f8a 
2019-12-03 22:31:06.5866|ERROR|11|FailedToDecryptConfigInformation: Dsn| RequestID = s_49464b12-477f-4680-9688-e14c677ae845 
2019-12-03 22:31:16.6610|ERROR|13|FailedToDecryptConfigInformation: Dsn| RequestID = s_9b47467e-92a1-43d6-838c-fb80c44eb9f9 
2019-12-03 22:31:26.6865|ERROR|13|FailedToDecryptConfigInformation: Dsn| RequestID = s_6cd5ff95-ccae-48ad-b882-4148dfc71846 
2019-12-03 22:31:36.7208|ERROR|30|FailedToDecryptConfigInformation: Dsn| RequestID = s_a2cf66ff-6726-413b-aced-b7df2b576ac4 
2019-12-03 22:31:46.7591|ERROR|30|FailedToDecryptConfigInformation: Dsn| RequestID = s_6dd9d5a3-a6a1-44d5-ad9d-8ceb3596fdd4 
2019-12-03 22:31:56.8139|ERROR|30|FailedToDecryptConfigInformation: Dsn| RequestID = s_7ac538e0-8ebf-44f3-a856-e23d3e4dfd40 
2019-12-03 22:32:06.8533|ERROR|13|FailedToDecryptConfigInformation: Dsn| RequestID = s_f288aac2-ebe2-424b-8123-38afd9b07c61 
2019-12-03 22:32:16.8788|ERROR|13|FailedToDecryptConfigInformation: Dsn| RequestID = s_d53fead2-eee8-4f55-a2c8-ab529892be0d 
2019-12-03 22:32:27.0092|ERROR|13|FailedToDecryptConfigInformation: Dsn| RequestID = s_c6048262-4b6f-4ad7-ab27-ce88b5c4a626 
2019-12-03 22:32:37.1199|ERROR|13|FailedToDecryptConfigInformation: Dsn| RequestID = s_a24dc0b4-6f9e-4139-b2e1-85b2eabd33c2 
2019-12-03 22:32:47.1573|ERROR|13|FailedToDecryptConfigInformation: Dsn| RequestID = s_f47444a9-435e-4a1e-b9d1-152a15fb7519 
2019-12-03 22:32:57.1814|ERROR|17|FailedToDecryptConfigInformation: Dsn| RequestID = s_0d8cb9af-c601-42f7-9f1f-c7b406f464c7 
2019-12-03 22:33:07.2033|ERROR|17|FailedToDecryptConfigInformation: Dsn| RequestID = s_37d0540e-72f3-4efa-92d3-760ff5e8957f 
2019-12-03 22:33:17.2267|ERROR|18|FailedToDecryptConfigInformation: Dsn| RequestID = s_2032782f-08ef-488d-9deb-b96b9e5cd57d 
2019-12-03 22:33:27.2494|ERROR|18|FailedToDecryptConfigInformation: Dsn| RequestID = s_e713e8e1-53f7-47d3-aa6e-50fa03b26505 
2019-12-03 22:33:37.2690|ERROR|29|FailedToDecryptConfigInformation: Dsn| RequestID = s_8e6eb53e-ce78-4632-9333-f40d29011a3d 
2019-12-03 22:33:47.3359|ERROR|29|FailedToDecryptConfigInformation: Dsn| RequestID = s_bf671a28-867d-4bd4-aae8-875be6154181 
2019-12-03 22:33:57.3579|ERROR|36|FailedToDecryptConfigInformation: Dsn| RequestID = s_7fd2567d-491d-4069-af3c-5398e4b73f12 
2019-12-03 22:34:07.3813|ERROR|36|FailedToDecryptConfigInformation: Dsn| RequestID = s_c77aba24-65d3-4551-8c41-73ae5713e1a7 
2019-12-03 22:34:17.4052|ERROR|37|FailedToDecryptConfigInformation: Dsn| RequestID = s_780cb99e-08ea-4cfc-b730-aeeb8d177130 
2019-12-03 22:34:27.4568|ERROR|37|FailedToDecryptConfigInformation: Dsn| RequestID = s_d1ecc74e-57cf-4bd9-b8a2-9c117ae2507d 
2019-12-03 22:34:37.4916|ERROR|37|FailedToDecryptConfigInformation: Dsn| RequestID = s_80015479-2a5b-4051-8d35-30745d02026c 
2019-12-03 22:34:47.5653|ERROR|37|FailedToDecryptConfigInformation: Dsn| RequestID = s_cfdc2ad6-7d16-4984-ae32-575dd1cbae96 
2019-12-03 22:34:57.5829|ERROR|37|FailedToDecryptConfigInformation: Dsn| RequestID = s_8f876b7b-606e-4bd5-adb0-197597e95fc5 
2019-12-03 22:35:07.6019|ERROR|38|FailedToDecryptConfigInformation: Dsn| RequestID = s_ff03ac67-b4f6-4eef-9ed8-da9f829dfbbb 
2019-12-03 22:35:17.6437|ERROR|37|FailedToDecryptConfigInformation: Dsn| RequestID = s_29826a34-411c-41bf-bb71-99857b00fc9e 
2019-12-03 22:35:27.6620|ERROR|37|FailedToDecryptConfigInformation: Dsn| RequestID = s_ae79bf90-12ec-41d2-b105-0b36f4620270 
2019-12-03 22:35:37.6796|ERROR|11|FailedToDecryptConfigInformation: Dsn| RequestID = s_281a76ce-870b-4574-98f3-fa08f45caaa3 
2019-12-03 22:35:47.7040|ERROR|11|FailedToDecryptConfigInformation: Dsn| RequestID = s_69c3b8a0-37ef-4103-bb0b-6cfd9988a9cb 
2019-12-03 22:35:57.7353|ERROR|11|FailedToDecryptConfigInformation: Dsn| RequestID = s_8dbe940a-b01b-4304-a6b8-84840ec39e5d 
2019-12-03 22:36:07.7683|ERROR|37|FailedToDecryptConfigInformation: Dsn| RequestID = s_7f8cdc7d-3b18-43a6-b59d-f037ed984b41 
2019-12-03 22:36:17.8014|ERROR|37|FailedToDecryptConfigInformation: Dsn| RequestID = s_72f555f7-736b-40c6-833c-456dc45d6232 
2019-12-03 22:36:27.8174|ERROR|16|FailedToDecryptConfigInformation: Dsn| RequestID = s_d84e5071-bd35-4b1f-8e67-1a25f8ae2162 
2019-12-03 22:36:37.8386|ERROR|16|FailedToDecryptConfigInformation: Dsn| RequestID = s_7892f6fc-5c8d-4482-a163-2c22d5632e3e 
2019-12-03 22:36:47.8654|ERROR|16|FailedToDecryptConfigInformation: Dsn| RequestID = s_8480a7d6-b307-468b-94af-19fb47c215c7 
2019-12-03 22:36:57.8885|ERROR|19|FailedToDecryptConfigInformation: Dsn| RequestID = s_ad16770c-dcc1-4291-84e5-f88cfaba848d 
2019-12-03 22:37:07.9174|ERROR|16|FailedToDecryptConfigInformation: Dsn| RequestID = s_6f768e60-8f66-4e03-810d-cdbe5268e644 
2019-12-03 22:37:17.9381|ERROR|19|FailedToDecryptConfigInformation: Dsn| RequestID = s_4c8ab481-30ed-495c-84d7-7ea46e265f63 
2019-12-03 22:37:27.9844|ERROR|19|FailedToDecryptConfigInformation: Dsn| RequestID = s_3d0fc06e-f728-4eb8-b4d1-dfce76ed5ba5 
2019-12-03 22:37:38.0191|ERROR|16|FailedToDecryptConfigInformation: Dsn| RequestID = s_d8098e89-9d63-4eae-8da9-4ccf9f85d844 
2019-12-03 22:37:48.0712|ERROR|16|FailedToDecryptConfigInformation: Dsn| RequestID = s_a5ec057c-1c50-4594-a2c0-e07363768c9c 
2019-12-03 22:37:58.0955|ERROR|16|FailedToDecryptConfigInformation: Dsn| RequestID = s_432c8272-04d3-4975-83d8-4cab0a9db965 
2019-12-03 22:38:08.1176|ERROR|19|FailedToDecryptConfigInformation: Dsn| RequestID = s_3acd6c3f-f0b6-4706-9321-f29a649ac308 
2019-12-03 22:38:18.1630|ERROR|19|FailedToDecryptConfigInformation: Dsn| RequestID = s_d7aa5395-d90e-4a0d-9a88-2783bc6f6206 
2019-12-03 22:38:28.1824|ERROR|19|FailedToDecryptConfigInformation: Dsn| RequestID = s_a932feaa-d1c0-4dc8-b958-ae86f2ffc606 
2019-12-03 22:38:38.2048|ERROR|36|FailedToDecryptConfigInformation: Dsn| RequestID = s_19a30654-b7b7-4667-abbc-9fc8984f6a9b 
2019-12-03 22:38:48.2363|ERROR|36|FailedToDecryptConfigInformation: Dsn| RequestID = s_955eeb0f-64c1-4289-95fc-e6087d9db922 
2019-12-03 22:38:58.2513|ERROR|36|FailedToDecryptConfigInformation: Dsn| RequestID = s_1fae7a8a-ce9e-4dba-abec-f1155fda3b06 
2019-12-03 22:39:08.2718|ERROR|36|FailedToDecryptConfigInformation: Dsn| RequestID = s_c6ecaebb-d7d2-405a-8ed5-6b9e5178e3c4 
2019-12-03 22:39:18.2886|ERROR|29|FailedToDecryptConfigInformation: Dsn| RequestID = s_a39b1fe7-1aa8-4205-8f2e-9cdaf9c1b846 
2019-12-03 22:39:28.3142|ERROR|29|FailedToDecryptConfigInformation: Dsn| RequestID = s_57b075f8-de83-40e6-9836-cefd4edb6e7c 
2019-12-03 22:39:38.3322|ERROR|18|FailedToDecryptConfigInformation: Dsn| RequestID = s_a5b40fa5-ca4c-4c5c-b5be-724fb0e4f551 
2019-12-03 22:39:48.3557|ERROR|18|FailedToDecryptConfigInformation: Dsn| RequestID = s_f290b407-0772-4d7d-9997-4bc08a974257 
2019-12-03 22:39:58.5131|ERROR|18|FailedToDecryptConfigInformation: Dsn| RequestID = s_30611931-4a6e-4114-baa7-abf863644826 
2019-12-03 22:40:08.5370|ERROR|29|FailedToDecryptConfigInformation: Dsn| RequestID = s_dfe6c56b-f4c4-4f88-a176-90489d619552 
2019-12-03 22:40:18.5596|ERROR|18|FailedToDecryptConfigInformation: Dsn| RequestID = s_dcb0c4f8-211d-4cac-bb49-7ef9ac60e428 
2019-12-03 22:40:28.5876|ERROR|18|FailedToDecryptConfigInformation: Dsn| RequestID = s_1b9ffcf3-7655-400c-b8a1-01d90b5a15b8 
2019-12-03 22:40:38.6060|ERROR|6|FailedToDecryptConfigInformation: Dsn| RequestID = s_5b5f7777-b29a-417e-af72-2d0d555317cb 
2019-12-03 22:40:48.6668|ERROR|6|FailedToDecryptConfigInformation: Dsn| RequestID = s_02c04d28-346b-4e36-8aa1-10fe0f2a047e 
2019-12-03 22:40:58.7090|ERROR|6|FailedToDecryptConfigInformation: Dsn| RequestID = s_bdc56c14-7302-4f39-acc8-7ef211d43213 
2019-12-03 22:41:08.7374|ERROR|6|FailedToDecryptConfigInformation: Dsn| RequestID = s_acf167cd-74c6-48e9-8f04-1b9f8cabea0e 
2019-12-03 22:41:18.7517|ERROR|6|FailedToDecryptConfigInformation: Dsn| RequestID = s_0be1dd19-f355-4318-934e-3b8c2af58ec8 
2019-12-03 22:41:28.8644|ERROR|6|FailedToDecryptConfigInformation: Dsn| RequestID = s_0a3e6f33-135d-412e-b08e-3c83449aee03 
2019-12-03 22:41:39.1732|ERROR|6|FailedToDecryptConfigInformation: Dsn| RequestID = s_02fb4f33-9ade-4736-b1ac-a294622b1102 
2019-12-03 22:41:49.2290|ERROR|6|FailedToDecryptConfigInformation: Dsn| RequestID = s_430688ea-4143-4ecf-a5dc-d0fabeb44143 
2019-12-03 22:41:59.2497|ERROR|13|FailedToDecryptConfigInformation: Dsn| RequestID = s_760baa90-331f-4733-b4cf-a2cf45b5ea23 
2019-12-03 22:42:09.2872|ERROR|13|FailedToDecryptConfigInformation: Dsn| RequestID = s_59846e6a-5ef0-4830-9594-22ddad056bd5 
2019-12-03 22:42:19.3135|ERROR|13|FailedToDecryptConfigInformation: Dsn| RequestID = s_6fd09b53-be73-4236-90a4-12fce27c2605 
2019-12-03 22:42:29.3500|ERROR|13|FailedToDecryptConfigInformation: Dsn| RequestID = s_e4760e8a-1131-426e-b2e8-797060f3243a 
2019-12-03 22:42:39.3851|ERROR|24|FailedToDecryptConfigInformation: Dsn| RequestID = s_774774ea-860f-49a7-9272-cd115171fa06 
2019-12-03 22:42:49.4130|ERROR|24|FailedToDecryptConfigInformation: Dsn| RequestID = s_436cd865-fbb4-44a5-9a42-69ff44e682ea 
2019-12-03 22:42:59.4413|ERROR|24|FailedToDecryptConfigInformation: Dsn| RequestID = s_b74a05bd-9458-4243-8ed3-cc85ed582ccd 
2019-12-03 22:43:09.4828|ERROR|24|FailedToDecryptConfigInformation: Dsn| RequestID = s_cf6c1ce7-2e46-42ea-b551-c6c53577dd25 
2019-12-03 22:43:19.5049|ERROR|24|FailedToDecryptConfigInformation: Dsn| RequestID = s_17f50b7b-d55b-4b37-abe9-7ce773f7e170 
2019-12-03 22:43:29.5188|ERROR|29|FailedToDecryptConfigInformation: Dsn| RequestID = s_18461ebf-20c2-4b5a-92f7-4920937a3d45 
2019-12-03 22:43:39.5423|ERROR|29|FailedToDecryptConfigInformation: Dsn| RequestID = s_15ee43b4-09fe-4229-8e3f-e49e0eebb0c0 
2019-12-03 22:43:49.5814|ERROR|29|FailedToDecryptConfigInformation: Dsn| RequestID = s_2c796911-80ff-47b3-9001-2734595ca6de 
2019-12-03 22:43:59.5985|ERROR|29|FailedToDecryptConfigInformation: Dsn| RequestID = s_afadf040-f863-4e8f-9ac3-2b762f6601d1 
2019-12-03 22:44:09.7406|ERROR|29|FailedToDecryptConfigInformation: Dsn| RequestID = s_6465b31e-0912-4092-9c2a-bd7904ec2928 
2019-12-03 22:44:19.7704|ERROR|29|FailedToDecryptConfigInformation: Dsn| RequestID = s_d5761d24-3e68-4ce4-8979-674fb4e8a94f 
2019-12-03 22:44:29.7864|ERROR|29|FailedToDecryptConfigInformation: Dsn| RequestID = s_15814483-7069-4c70-ad9a-c9b0b7f85fab 
2019-12-03 22:44:39.8033|ERROR|36|FailedToDecryptConfigInformation: Dsn| RequestID = s_cb172bc6-7774-49fe-9a0f-e5b91a7be61a 
2019-12-03 22:44:49.8254|ERROR|36|FailedToDecryptConfigInformation: Dsn| RequestID = s_1bb45414-2828-4f0c-9bec-f20abb697d0f 
2019-12-03 22:44:59.8833|ERROR|36|FailedToDecryptConfigInformation: Dsn| RequestID = s_b11c83b7-3521-4d0f-942a-81a9abe5e44c 
2019-12-03 22:45:09.9117|ERROR|36|FailedToDecryptConfigInformation: Dsn| RequestID = s_4ba25732-89da-42c7-83a9-92d7cfb43a5a 
2019-12-03 22:45:19.9314|ERROR|36|FailedToDecryptConfigInformation: Dsn| RequestID = s_4a693695-eca0-4ddf-8aa5-75272174ff86 
2019-12-03 22:45:29.9555|ERROR|36|FailedToDecryptConfigInformation: Dsn| RequestID = s_a2210fac-b3a2-40d3-b3b4-7cd12eef42fb 
2019-12-03 22:45:39.9861|ERROR|36|FailedToDecryptConfigInformation: Dsn| RequestID = s_00320709-e684-4e6b-97a9-46100d5ecd87 
2019-12-03 22:45:50.0203|ERROR|7|FailedToDecryptConfigInformation: Dsn| RequestID = s_090dea33-d541-441d-a0b1-c86f8b97dd77 
2019-12-03 22:46:00.0659|ERROR|7|FailedToDecryptConfigInformation: Dsn| RequestID = s_19cdab9a-3751-45fe-a02d-10d2b66e0925 
2019-12-03 22:46:10.1021|ERROR|30|FailedToDecryptConfigInformation: Dsn| RequestID = s_594aa2cc-eaba-499a-a560-9e6b788e4f28 
2019-12-03 22:46:20.1342|ERROR|30|FailedToDecryptConfigInformation: Dsn| RequestID = s_9bfbd7a5-5b50-4739-94b3-c2e9ddbf16e7 
2019-12-03 22:46:30.1693|ERROR|30|FailedToDecryptConfigInformation: Dsn| RequestID = s_f81dd1c9-5c8f-402f-85cb-144efad33589 
2019-12-03 22:46:40.1958|ERROR|7|FailedToDecryptConfigInformation: Dsn| RequestID = s_427fb486-c20b-44f8-bade-de69f0ec07f2 
2019-12-03 22:46:50.2543|ERROR|11|FailedToDecryptConfigInformation: Dsn| RequestID = s_b856427a-9b6d-4e52-871c-53705b377b2e 
2019-12-03 22:47:00.3139|ERROR|11|FailedToDecryptConfigInformation: Dsn| RequestID = s_44bd5ae8-4d3d-4d3d-8d25-72270aeb5a44 
2019-12-03 22:47:10.3360|ERROR|11|FailedToDecryptConfigInformation: Dsn| RequestID = s_7619ea48-9aaa-48d1-9628-123004887659 
2019-12-03 22:47:20.3476|ERROR|11|FailedToDecryptConfigInformation: Dsn| RequestID = s_f0b7bbb8-0f84-4043-a20b-50e2b3c814fe 
2019-12-03 22:47:30.3741|ERROR|6|FailedToDecryptConfigInformation: Dsn| RequestID = s_ebf24ce4-c40f-4d4e-970d-588ce17c98c9 
2019-12-03 22:47:40.4010|ERROR|6|FailedToDecryptConfigInformation: Dsn| RequestID = s_d0eb440a-8d1f-4664-99d9-024dfdab2d05 
2019-12-03 22:47:50.4133|ERROR|32|FailedToDecryptConfigInformation: Dsn| RequestID = s_4cec5118-782c-4517-9986-ee17f9ec781c 
2019-12-03 22:48:00.4306|ERROR|6|FailedToDecryptConfigInformation: Dsn| RequestID = s_61f66dc0-b214-45be-9d2c-57c9f6f51842 
2019-12-03 22:48:10.4572|ERROR|6|FailedToDecryptConfigInformation: Dsn| RequestID = s_554878f4-ee08-4f0c-a32a-88a61de860b6 
2019-12-03 22:48:20.5590|ERROR|6|FailedToDecryptConfigInformation: Dsn| RequestID = s_ad6db5a2-1ad5-4a97-8c46-51ef73ec3954 
2019-12-03 22:48:30.5995|ERROR|20|FailedToDecryptConfigInformation: Dsn| RequestID = s_cd7c3e7f-8e0d-448c-8e34-0c3902569058 
2019-12-03 22:48:40.6228|ERROR|20|FailedToDecryptConfigInformation: Dsn| RequestID = s_d03c7dcb-7d82-4eb5-9bc3-0c46498fdbda 
2019-12-03 22:48:50.6451|ERROR|20|FailedToDecryptConfigInformation: Dsn| RequestID = s_45228ff3-cc60-4a05-9dfa-256a2adb8713 
2019-12-03 22:49:00.6734|ERROR|20|FailedToDecryptConfigInformation: Dsn| RequestID = s_c2262805-2cc6-4345-9e4d-97e398f927b1 
2019-12-03 22:49:10.7037|ERROR|29|FailedToDecryptConfigInformation: Dsn| RequestID = s_2d5e3b22-4103-4e9b-88cc-60c6794c39e4 
2019-12-03 22:49:20.7237|ERROR|20|FailedToDecryptConfigInformation: Dsn| RequestID = s_8345ab0e-97e0-4664-9141-b3b26d3a852d 
2019-12-03 22:49:30.7379|ERROR|24|FailedToDecryptConfigInformation: Dsn| RequestID = s_917002e5-1281-41e6-a123-5b1fb33dc2ec 
2019-12-03 22:49:40.7679|ERROR|24|FailedToDecryptConfigInformation: Dsn| RequestID = s_35096aa4-19aa-46ec-b433-d52b79c17f10 
2019-12-03 22:49:50.7844|ERROR|24|FailedToDecryptConfigInformation: Dsn| RequestID = s_c617b3ad-b6bd-4f93-b0f8-4bfb0a824dd9 
2019-12-03 22:50:00.8029|ERROR|13|FailedToDecryptConfigInformation: Dsn| RequestID = s_c6dac059-bc30-4380-87cc-1bffe33e1b80 
2019-12-03 22:50:10.8460|ERROR|13|FailedToDecryptConfigInformation: Dsn| RequestID = s_a584cdbd-c63a-487a-9275-6bd2a341c669 
2019-12-03 22:50:20.8792|ERROR|18|FailedToDecryptConfigInformation: Dsn| RequestID = s_01b4082b-148d-47a7-b218-6d70643877d9 
2019-12-03 22:50:30.9278|ERROR|18|FailedToDecryptConfigInformation: Dsn| RequestID = s_22f5f8df-3c17-44d7-ad92-18eebab77ac2 
2019-12-03 22:50:40.9652|ERROR|18|FailedToDecryptConfigInformation: Dsn| RequestID = s_a9a20078-9dcc-4f6f-a47d-ebc985030f36 
2019-12-03 22:50:50.9880|ERROR|19|FailedToDecryptConfigInformation: Dsn| RequestID = s_66b766d8-fcfb-443a-9941-d01cfa970326 
2019-12-03 22:51:01.0411|ERROR|19|FailedToDecryptConfigInformation: Dsn| RequestID = s_11fbc131-f7c7-4ad8-8213-a4a70a4ea6f4 
2019-12-03 22:51:11.0759|ERROR|19|FailedToDecryptConfigInformation: Dsn| RequestID = s_e4f3875d-f709-4e5f-b17c-34d381684f83 
2019-12-03 22:51:21.1155|ERROR|19|FailedToDecryptConfigInformation: Dsn| RequestID = s_3f88ccd8-bc34-4d31-9722-ce9f1ffe8a76 
2019-12-03 22:51:31.1494|ERROR|19|FailedToDecryptConfigInformation: Dsn| RequestID = s_d0d28301-245f-482c-8773-586af653f49f 
2019-12-03 22:51:41.1777|ERROR|19|FailedToDecryptConfigInformation: Dsn| RequestID = s_783b0ee0-75bc-4111-b1da-28a50ef37dc9 
2019-12-03 22:51:51.2381|ERROR|19|FailedToDecryptConfigInformation: Dsn| RequestID = s_f617cf06-3541-424e-b438-eda6b27d3b21 
2019-12-03 22:52:01.2799|ERROR|23|FailedToDecryptConfigInformation: Dsn| RequestID = s_52df8371-a37f-4928-88de-aebcc9ccc4e3 
2019-12-03 22:52:11.5260|ERROR|23|FailedToDecryptConfigInformation: Dsn| RequestID = s_1a39deda-75f8-4bf3-bd1e-c33d49ef78d9 
2019-12-03 22:52:21.8009|ERROR|23|FailedToDecryptConfigInformation: Dsn| RequestID = s_335afb69-85d0-426e-8df0-22eba07efcbf 
2019-12-03 22:52:31.8489|ERROR|23|FailedToDecryptConfigInformation: Dsn| RequestID = s_e1449d61-a294-4941-838f-716572a0d683 
2019-12-03 22:52:41.8814|ERROR|11|FailedToDecryptConfigInformation: Dsn| RequestID = s_97ea0659-3beb-47e0-853a-b3bb80d9d2be 
2019-12-03 22:52:51.9112|ERROR|11|FailedToDecryptConfigInformation: Dsn| RequestID = s_80d26652-07b3-4fe6-8373-8ec0d2a927f3 
2019-12-03 22:53:01.9214|ERROR|11|FailedToDecryptConfigInformation: Dsn| RequestID = s_589685ca-3313-42c3-b228-c812d2fe6781 
2019-12-03 22:53:11.9411|ERROR|11|FailedToDecryptConfigInformation: Dsn| RequestID = s_8eecfb50-ada9-4baa-b972-c8d9208159df 
2019-12-03 22:53:21.9517|ERROR|23|FailedToDecryptConfigInformation: Dsn| RequestID = s_3b529a3d-30b0-489c-bca7-62ff8f8ab822 
2019-12-03 22:53:31.9677|ERROR|23|FailedToDecryptConfigInformation: Dsn| RequestID = s_5ff7868e-aaa9-45ea-9aa8-b13598070891 
2019-12-03 22:53:42.0146|ERROR|23|FailedToDecryptConfigInformation: Dsn| RequestID = s_bea0838d-2c94-4df6-b5aa-c11b859ec03a 
2019-12-03 22:53:52.0389|ERROR|23|FailedToDecryptConfigInformation: Dsn| RequestID = s_61e08f5a-1f0d-4b8b-b683-694f46da1fd1 
2019-12-03 22:54:02.0958|ERROR|23|FailedToDecryptConfigInformation: Dsn| RequestID = s_604c3310-173b-4a82-b805-97f5f6114fb9 
2019-12-03 22:54:12.1543|ERROR|23|FailedToDecryptConfigInformation: Dsn| RequestID = s_dfe684e3-c0ec-44a2-9b17-cf95d33ba465 
2019-12-03 22:54:22.1916|ERROR|23|FailedToDecryptConfigInformation: Dsn| RequestID = s_ecd525ea-978f-41c2-8dbd-e915957ef28d 
2019-12-03 22:54:32.2279|ERROR|23|FailedToDecryptConfigInformation: Dsn| RequestID = s_17660d78-0667-4d75-967a-bd9825c07958 
2019-12-03 22:54:42.2542|ERROR|23|FailedToDecryptConfigInformation: Dsn| RequestID = s_2af89976-1e82-4fa4-ab5e-dd3383f9e1ce 
2019-12-03 22:54:52.2731|ERROR|23|FailedToDecryptConfigInformation: Dsn| RequestID = s_82780ac7-7de1-4970-8ef2-f711e7327d5a 
2019-12-03 22:55:02.2931|ERROR|23|FailedToDecryptConfigInformation: Dsn| RequestID = s_6f44898c-da47-4fcd-bbc0-b0bbf4f19e53 
2019-12-03 22:55:12.3268|ERROR|16|FailedToDecryptConfigInformation: Dsn| RequestID = s_05b1a463-7b9f-46a9-856b-85fde0ad6a0e 
2019-12-03 22:55:22.3676|ERROR|16|FailedToDecryptConfigInformation: Dsn| RequestID = s_8ea1ed56-75d3-4cf3-a69b-d1183753de26 
2019-12-03 22:55:32.4104|ERROR|16|FailedToDecryptConfigInformation: Dsn| RequestID = s_a23dae2d-9f69-4ba3-bf96-55bc02040c24 
2019-12-03 22:55:42.4462|ERROR|18|FailedToDecryptConfigInformation: Dsn| RequestID = s_331f7fcb-9024-49f9-a895-b8e2a055bf7e 
2019-12-03 22:55:52.4710|ERROR|18|FailedToDecryptConfigInformation: Dsn| RequestID = s_2bf58a6a-19cf-4188-892d-6290b107ee1a 
2019-12-03 22:56:02.5071|ERROR|18|FailedToDecryptConfigInformation: Dsn| RequestID = s_a625ce1c-fdd9-411d-94cb-44389ce7529b 
2019-12-03 22:56:12.5377|ERROR|13|FailedToDecryptConfigInformation: Dsn| RequestID = s_7d422621-df07-4679-843c-36bec3cd516e 
2019-12-03 22:56:22.5628|ERROR|13|FailedToDecryptConfigInformation: Dsn| RequestID = s_def94670-3b01-411b-b83b-3b38cdbf3576 
2019-12-03 22:56:32.6028|ERROR|13|FailedToDecryptConfigInformation: Dsn| RequestID = s_bb207096-1302-40b1-a47c-d7340b7de663 
2019-12-03 22:56:42.6313|ERROR|18|FailedToDecryptConfigInformation: Dsn| RequestID = s_0c4518b0-863b-4c5e-893b-782fe912c76d 
2019-12-03 22:56:52.6616|ERROR|18|FailedToDecryptConfigInformation: Dsn| RequestID = s_e3abe0b5-0b27-4213-963f-6e108e79615c 
2019-12-03 22:57:02.6832|ERROR|18|FailedToDecryptConfigInformation: Dsn| RequestID = s_2846ab56-5d36-4fd7-a126-a72a04775f04 
2019-12-03 22:57:12.7260|ERROR|18|FailedToDecryptConfigInformation: Dsn| RequestID = s_8f3ab50a-d99c-4ddc-8f0a-b1554f0ff927 
2019-12-03 22:57:22.7518|ERROR|18|FailedToDecryptConfigInformation: Dsn| RequestID = s_3d844ae9-e0eb-4f28-93d0-7b3a9ab16611 
2019-12-03 22:57:32.8089|ERROR|18|FailedToDecryptConfigInformation: Dsn| RequestID = s_ade78a0b-57ec-4a26-9065-b1cd78b87663 
2019-12-03 22:57:42.9217|ERROR|18|FailedToDecryptConfigInformation: Dsn| RequestID = s_d11cb6af-d8ec-46ce-97ae-13799c6d0681 
2019-12-03 22:57:52.9585|ERROR|18|FailedToDecryptConfigInformation: Dsn| RequestID = s_cfaab46f-e90b-4ab5-9218-f50adf19e7f4 
2019-12-03 22:58:02.9872|ERROR|18|FailedToDecryptConfigInformation: Dsn| RequestID = s_531b0090-f9c0-43af-89c5-3ef1b9c4cdc7 
2019-12-03 22:58:13.0640|ERROR|32|FailedToDecryptConfigInformation: Dsn| RequestID = s_e94b952b-1ac0-4889-896d-0ab1f76937d6 
2019-12-03 22:58:23.1758|ERROR|32|FailedToDecryptConfigInformation: Dsn| RequestID = s_20b02611-e7c0-4f19-8365-52808a84dd48 
2019-12-03 22:58:33.2221|ERROR|32|FailedToDecryptConfigInformation: Dsn| RequestID = s_60212dbd-5224-4965-bfda-2c24e96a4347 
2019-12-03 22:58:43.2819|ERROR|32|FailedToDecryptConfigInformation: Dsn| RequestID = s_e941ab4a-eebf-4d7a-bc58-5258b2404b47 
2019-12-03 22:58:53.3247|ERROR|18|FailedToDecryptConfigInformation: Dsn| RequestID = s_8f54fbad-2fae-4994-a6ce-498d4195341b 
2019-12-03 22:59:03.7620|ERROR|18|FailedToDecryptConfigInformation: Dsn| RequestID = s_56680cf5-4525-4e2c-8965-1b6bfb9cc4aa 
2019-12-03 22:59:13.8623|ERROR|32|FailedToDecryptConfigInformation: Dsn| RequestID = s_0ca68083-c59f-45e9-b2f6-73771754b46e 
2019-12-03 22:59:23.9281|ERROR|32|FailedToDecryptConfigInformation: Dsn| RequestID = s_186ded6d-431f-42e9-ac01-2421f5a78e47 
2019-12-03 22:59:33.9534|ERROR|24|FailedToDecryptConfigInformation: Dsn| RequestID = s_7ad65f62-e57a-4c35-9470-19748566ba8d 
2019-12-03 22:59:43.9812|ERROR|24|FailedToDecryptConfigInformation: Dsn| RequestID = s_8b15308d-f902-4f0f-811b-72ed79a78c33 
2019-12-03 22:59:54.0150|ERROR|16|FailedToDecryptConfigInformation: Dsn| RequestID = s_5f2cfc4f-495b-4762-8dc0-99ec6b722788 
