2019-12-03 21:00:04.1964|ERROR|13|FailedToDecryptConfigInformation: Dsn| RequestID = s_0d1e0983-0cff-41c8-873f-720ff31fdd10 
2019-12-03 21:00:14.2121|ERROR|13|FailedToDecryptConfigInformation: Dsn| RequestID = s_b68b125b-f7ae-40a6-b920-23a486c3f890 
2019-12-03 21:00:24.2235|ERROR|13|FailedToDecryptConfigInformation: Dsn| RequestID = s_caa9b3f9-35dc-490a-92fb-d0d52b64b3ab 
2019-12-03 21:00:34.2704|ERROR|13|FailedToDecryptConfigInformation: Dsn| RequestID = s_7cf69733-c141-4a29-8621-87bc1dc47184 
2019-12-03 21:00:44.3955|ERROR|13|FailedToDecryptConfigInformation: Dsn| RequestID = s_53497f75-23ac-4f3f-821d-b98f553d63dc 
2019-12-03 21:00:54.4264|ERROR|13|FailedToDecryptConfigInformation: Dsn| RequestID = s_a589fc04-9e79-4bbb-a5b2-f542d18b3762 
2019-12-03 21:01:04.4577|ERROR|15|FailedToDecryptConfigInformation: Dsn| RequestID = s_bba6dac3-5bea-4852-b473-3cdcff27568d 
2019-12-03 21:01:14.4751|ERROR|15|FailedToDecryptConfigInformation: Dsn| RequestID = s_14333174-e8b1-4247-8d38-b3c341d49f3e 
2019-12-03 21:01:24.4877|ERROR|16|FailedToDecryptConfigInformation: Dsn| RequestID = s_df61700c-f77c-4da3-84e8-536e1d68db36 
2019-12-03 21:01:34.5341|ERROR|16|FailedToDecryptConfigInformation: Dsn| RequestID = s_f11ac24a-19d9-4a28-b41b-d7b8a2a130ad 
2019-12-03 21:01:44.5651|ERROR|16|FailedToDecryptConfigInformation: Dsn| RequestID = s_bf11b277-48d2-4072-8e44-fd2f7ae0fc5e 
2019-12-03 21:01:54.5811|ERROR|17|FailedToDecryptConfigInformation: Dsn| RequestID = s_66d83c94-ca9c-44ca-a321-a23fba2744fa 
2019-12-03 21:02:04.6055|ERROR|17|FailedToDecryptConfigInformation: Dsn| RequestID = s_54a4794d-8af5-4c94-8b64-fef91b574058 
2019-12-03 21:02:14.6360|ERROR|17|FailedToDecryptConfigInformation: Dsn| RequestID = s_1357a356-0a9f-48f5-ba7e-37f225db8b0e 
2019-12-03 21:02:24.6541|ERROR|17|FailedToDecryptConfigInformation: Dsn| RequestID = s_7e2c31fe-ff26-4702-9ea0-f05b5f45558e 
2019-12-03 21:02:34.6829|ERROR|17|FailedToDecryptConfigInformation: Dsn| RequestID = s_4c1c8464-3267-4098-b118-4b16d3009fef 
2019-12-03 21:02:44.6983|ERROR|17|FailedToDecryptConfigInformation: Dsn| RequestID = s_0f534548-7797-40e3-b6d6-3e51d9f5fe16 
2019-12-03 21:02:54.7237|ERROR|10|FailedToDecryptConfigInformation: Dsn| RequestID = s_cd357014-3c70-45bc-ac24-77018c9ecfb7 
2019-12-03 21:03:04.7501|ERROR|10|FailedToDecryptConfigInformation: Dsn| RequestID = s_f3d71e1b-12eb-426c-b4d5-ddb4cc70c3dd 
2019-12-03 21:03:14.7738|ERROR|9|FailedToDecryptConfigInformation: Dsn| RequestID = s_6ebae023-ac53-4773-b276-1f4465dd01a5 
2019-12-03 21:03:24.7924|ERROR|9|FailedToDecryptConfigInformation: Dsn| RequestID = s_397a7fac-cf87-412b-a7e7-71d454cdff75 
2019-12-03 21:03:34.8196|ERROR|7|FailedToDecryptConfigInformation: Dsn| RequestID = s_5c21f79e-d40f-4f2c-a144-1f2e6232d7ab 
2019-12-03 21:03:44.8345|ERROR|7|FailedToDecryptConfigInformation: Dsn| RequestID = s_3ba86f32-8d18-4c1c-bf84-f38e5a90d0cb 
2019-12-03 21:03:54.8486|ERROR|8|FailedToDecryptConfigInformation: Dsn| RequestID = s_88002e59-e3bc-4c2f-9652-d9c0cbc20409 
2019-12-03 21:04:04.8771|ERROR|8|FailedToDecryptConfigInformation: Dsn| RequestID = s_30a6f2dc-dcda-4d7c-ac23-41345723fe96 
2019-12-03 21:04:14.8985|ERROR|18|FailedToDecryptConfigInformation: Dsn| RequestID = s_c8d50066-454f-415a-80a2-fd92198e1ee3 
2019-12-03 21:04:24.9251|ERROR|18|FailedToDecryptConfigInformation: Dsn| RequestID = s_daea5427-699d-49c1-a67e-6ae5a59f7cf0 
2019-12-03 21:04:34.9470|ERROR|19|FailedToDecryptConfigInformation: Dsn| RequestID = s_db099035-c28f-4295-93d3-f73267355818 
2019-12-03 21:04:44.9830|ERROR|19|FailedToDecryptConfigInformation: Dsn| RequestID = s_3de98653-690c-48c9-927d-29b072683cc6 
2019-12-03 21:04:55.0093|ERROR|19|FailedToDecryptConfigInformation: Dsn| RequestID = s_66d0faaa-ee92-4ddc-87ba-5096cc9ffbe8 
2019-12-03 21:05:05.0330|ERROR|15|FailedToDecryptConfigInformation: Dsn| RequestID = s_a6de6f9a-aef3-4b42-84bf-4b62e9b9c1aa 
2019-12-03 21:05:15.0536|ERROR|15|FailedToDecryptConfigInformation: Dsn| RequestID = s_a23ba447-671c-4a9b-8094-d73676748025 
2019-12-03 21:05:25.0820|ERROR|14|FailedToDecryptConfigInformation: Dsn| RequestID = s_ddf986b8-f3aa-40f2-8bf7-629c289ec2cd 
2019-12-03 21:05:35.1125|ERROR|15|FailedToDecryptConfigInformation: Dsn| RequestID = s_79f715f3-4de8-46f1-8585-897c0433c22f 
2019-12-03 21:05:45.1380|ERROR|15|FailedToDecryptConfigInformation: Dsn| RequestID = s_a52841f6-178d-495a-9b6d-159d6f5f7cc2 
2019-12-03 21:05:55.1597|ERROR|13|FailedToDecryptConfigInformation: Dsn| RequestID = s_b90710ca-39de-4534-97af-ea3c512ceb5b 
2019-12-03 21:06:05.1891|ERROR|15|FailedToDecryptConfigInformation: Dsn| RequestID = s_671415f5-f452-4ccd-b440-5af859c7351d 
2019-12-03 21:06:15.2274|ERROR|15|FailedToDecryptConfigInformation: Dsn| RequestID = s_85ac121a-d1de-49e8-ba0a-bf434e76e70e 
2019-12-03 21:06:25.2437|ERROR|12|FailedToDecryptConfigInformation: Dsn| RequestID = s_42b6f263-e126-45cc-a7b7-95a194035258 
2019-12-03 21:06:35.2599|ERROR|12|FailedToDecryptConfigInformation: Dsn| RequestID = s_9671d2a3-4809-4fd4-9904-a3925439ae36 
2019-12-03 21:06:45.2780|ERROR|12|FailedToDecryptConfigInformation: Dsn| RequestID = s_b78c534c-838f-4450-b183-25b1d9278ed9 
2019-12-03 21:06:55.3063|ERROR|12|FailedToDecryptConfigInformation: Dsn| RequestID = s_16e5d5c3-6ed6-4e8b-9605-bc0bd3ce2eb0 
2019-12-03 21:07:05.3350|ERROR|12|FailedToDecryptConfigInformation: Dsn| RequestID = s_936489fd-24b4-4bbc-9af9-c5b4b36d9300 
2019-12-03 21:07:15.3575|ERROR|12|FailedToDecryptConfigInformation: Dsn| RequestID = s_445d2772-697e-4bca-b523-160f5b87e1d0 
2019-12-03 21:07:25.3895|ERROR|11|FailedToDecryptConfigInformation: Dsn| RequestID = s_327f6bad-0bac-412e-b622-f54d6e68f1da 
2019-12-03 21:07:35.4029|ERROR|11|FailedToDecryptConfigInformation: Dsn| RequestID = s_43039e0b-79b0-4964-9fcc-858281358b99 
2019-12-03 21:07:45.4278|ERROR|11|FailedToDecryptConfigInformation: Dsn| RequestID = s_99ca297a-5660-4624-8c78-1132e44599af 
2019-12-03 21:07:55.4532|ERROR|11|FailedToDecryptConfigInformation: Dsn| RequestID = s_bac0c477-6502-4b9a-b310-00f507901c5b 
2019-12-03 21:08:05.4676|ERROR|8|FailedToDecryptConfigInformation: Dsn| RequestID = s_00897c60-7944-4602-9fd1-003806842ae1 
2019-12-03 21:08:15.4929|ERROR|8|FailedToDecryptConfigInformation: Dsn| RequestID = s_c4444ef6-6f06-45f9-87a9-0bc61839eede 
2019-12-03 21:08:25.5177|ERROR|7|FailedToDecryptConfigInformation: Dsn| RequestID = s_7ed61d48-b82c-409b-94e0-8dbb76b0dc89 
2019-12-03 21:08:35.5435|ERROR|7|FailedToDecryptConfigInformation: Dsn| RequestID = s_998b8883-984d-4d06-9ff5-99cfb8c027b4 
2019-12-03 21:08:45.5671|ERROR|9|FailedToDecryptConfigInformation: Dsn| RequestID = s_b4c4adbd-6098-4c78-a5e1-71bf5adf150d 
2019-12-03 21:08:55.5889|ERROR|9|FailedToDecryptConfigInformation: Dsn| RequestID = s_ad6fba3d-9eeb-4ea3-bbc4-5f295c08ebed 
2019-12-03 21:09:05.6087|ERROR|10|FailedToDecryptConfigInformation: Dsn| RequestID = s_b2739e49-ad48-4af6-a398-45aa7b324079 
2019-12-03 21:09:15.6230|ERROR|10|FailedToDecryptConfigInformation: Dsn| RequestID = s_5f312ef3-52f5-48d3-9e4e-29cb4ae79b5a 
2019-12-03 21:09:25.6492|ERROR|6|FailedToDecryptConfigInformation: Dsn| RequestID = s_91248ccd-03d5-49d8-b91c-e1dd5249c745 
2019-12-03 21:09:35.6684|ERROR|6|FailedToDecryptConfigInformation: Dsn| RequestID = s_3b063737-1b8a-4f8b-a05f-9cb050197bff 
2019-12-03 21:09:45.6918|ERROR|6|FailedToDecryptConfigInformation: Dsn| RequestID = s_396bb333-8d13-44b9-8197-7186e4e16444 
2019-12-03 21:09:55.7140|ERROR|6|FailedToDecryptConfigInformation: Dsn| RequestID = s_53673dbd-9cbb-4511-a8d0-8e6fa1eca8d4 
2019-12-03 21:10:05.7319|ERROR|6|FailedToDecryptConfigInformation: Dsn| RequestID = s_ec247c1c-a127-4cac-a47d-d853393a4113 
2019-12-03 21:10:15.7464|ERROR|13|FailedToDecryptConfigInformation: Dsn| RequestID = s_144de9a1-8d07-4aa1-bab1-f49d69db8b6b 
2019-12-03 21:10:25.7668|ERROR|13|FailedToDecryptConfigInformation: Dsn| RequestID = s_70e03c3a-ae94-4ea8-b6c6-9e82e4b0fadc 
2019-12-03 21:10:35.7865|ERROR|14|FailedToDecryptConfigInformation: Dsn| RequestID = s_484f0aa9-7afe-46f1-bd9f-0321c9b8c9ee 
2019-12-03 21:10:45.8009|ERROR|14|FailedToDecryptConfigInformation: Dsn| RequestID = s_c5c35c1c-fa44-437e-b676-6bd14ead25b2 
2019-12-03 21:10:55.8156|ERROR|15|FailedToDecryptConfigInformation: Dsn| RequestID = s_65cd806f-77f5-4662-b4bd-3086322b20bd 
2019-12-03 21:11:05.8366|ERROR|15|FailedToDecryptConfigInformation: Dsn| RequestID = s_dfa387f5-834b-4d4a-8445-9296366a7698 
2019-12-03 21:11:15.8621|ERROR|20|FailedToDecryptConfigInformation: Dsn| RequestID = s_93f734be-a1ee-45eb-9da1-acfe5d6fa4db 
2019-12-03 21:11:25.8911|ERROR|20|FailedToDecryptConfigInformation: Dsn| RequestID = s_fffafd1e-5137-4000-8d99-3366c15b722d 
2019-12-03 21:11:35.9181|ERROR|21|FailedToDecryptConfigInformation: Dsn| RequestID = s_e345152c-9303-44f5-8973-0b1cf2d7024c 
2019-12-03 21:11:45.9430|ERROR|21|FailedToDecryptConfigInformation: Dsn| RequestID = s_5c9557ec-d5be-446b-ad99-dd801b7625e8 
2019-12-03 21:11:55.9599|ERROR|22|FailedToDecryptConfigInformation: Dsn| RequestID = s_a80851ec-a736-402c-87d4-c96b7a8a09e4 
2019-12-03 21:12:05.9890|ERROR|22|FailedToDecryptConfigInformation: Dsn| RequestID = s_08a30331-ffdf-4273-b76b-f8821bf32732 
2019-12-03 21:12:16.0137|ERROR|23|FailedToDecryptConfigInformation: Dsn| RequestID = s_eed4b408-219d-41d0-b42e-30e737cdd7ba 
2019-12-03 21:12:26.0504|ERROR|23|FailedToDecryptConfigInformation: Dsn| RequestID = s_69f78b10-8934-4617-a0e7-b1c172f3a8de 
2019-12-03 21:12:36.0636|ERROR|23|FailedToDecryptConfigInformation: Dsn| RequestID = s_3e9a3356-d75e-42ae-addc-24a63a45d990 
2019-12-03 21:12:46.0926|ERROR|24|FailedToDecryptConfigInformation: Dsn| RequestID = s_6e5c9cff-d6b8-4008-a1b3-2bfe8f5e0be0 
2019-12-03 21:12:56.1159|ERROR|24|FailedToDecryptConfigInformation: Dsn| RequestID = s_cd56bcf8-c0c6-4953-b54a-b970d7fd5d1b 
2019-12-03 21:13:06.1369|ERROR|24|FailedToDecryptConfigInformation: Dsn| RequestID = s_d940a853-f524-4ba8-86a6-708db72a1a2d 
2019-12-03 21:13:16.1616|ERROR|10|FailedToDecryptConfigInformation: Dsn| RequestID = s_25b9d38c-b20e-4744-9807-fb133c23d602 
2019-12-03 21:13:26.1787|ERROR|10|FailedToDecryptConfigInformation: Dsn| RequestID = s_dc76e110-5c30-4ca9-8eba-b8d575bb884e 
2019-12-03 21:13:36.2022|ERROR|9|FailedToDecryptConfigInformation: Dsn| RequestID = s_479d33a0-e9b0-480f-8f6b-c028efd85122 
2019-12-03 21:13:46.2276|ERROR|9|FailedToDecryptConfigInformation: Dsn| RequestID = s_459f538f-46c1-457b-94e1-9b825e5c2cf6 
2019-12-03 21:13:56.2522|ERROR|7|FailedToDecryptConfigInformation: Dsn| RequestID = s_8336fa26-a3c9-4993-a198-eef443c64647 
2019-12-03 21:14:06.2794|ERROR|7|FailedToDecryptConfigInformation: Dsn| RequestID = s_5cb1619e-edc9-4fa1-b435-50c60f8e28d4 
2019-12-03 21:14:16.3010|ERROR|7|FailedToDecryptConfigInformation: Dsn| RequestID = s_e9a3f47c-3fe5-49e7-bacf-176b962f33b5 
2019-12-03 21:14:26.3207|ERROR|8|FailedToDecryptConfigInformation: Dsn| RequestID = s_015d579f-bf58-4b7e-bfc9-e98835881b9a 
2019-12-03 21:14:36.3409|ERROR|8|FailedToDecryptConfigInformation: Dsn| RequestID = s_11535451-4682-434b-b8ca-d2a3ac200acd 
2019-12-03 21:14:46.3860|ERROR|8|FailedToDecryptConfigInformation: Dsn| RequestID = s_086ff7fe-a567-4c0f-996d-da010fcb4e02 
2019-12-03 21:14:56.4123|ERROR|25|FailedToDecryptConfigInformation: Dsn| RequestID = s_3e955d24-efc2-436b-ae90-1d7c7b254f60 
2019-12-03 21:15:06.5436|ERROR|25|FailedToDecryptConfigInformation: Dsn| RequestID = s_e30110b1-ea39-4a78-8f49-a96ea3d35c7e 
2019-12-03 21:15:16.6619|ERROR|25|FailedToDecryptConfigInformation: Dsn| RequestID = s_4ac3ec71-4d3b-4d91-8445-3cec293eea22 
2019-12-03 21:15:26.8267|ERROR|25|FailedToDecryptConfigInformation: Dsn| RequestID = s_9a5bda1a-8efb-49a9-ac35-0f55886a40a3 
2019-12-03 21:15:36.8700|ERROR|25|FailedToDecryptConfigInformation: Dsn| RequestID = s_68a8cd4b-aea0-49d0-bed5-e583aa276085 
2019-12-03 21:15:46.8983|ERROR|25|FailedToDecryptConfigInformation: Dsn| RequestID = s_1109b57b-5ab7-48e5-99b9-5eac1c06d095 
2019-12-03 21:15:56.9118|ERROR|25|FailedToDecryptConfigInformation: Dsn| RequestID = s_5e0cbdae-712d-4ec2-91f7-500ccbf93101 
2019-12-03 21:16:06.9301|ERROR|25|FailedToDecryptConfigInformation: Dsn| RequestID = s_bd5c2413-a703-4e9c-bc80-6f964710b32b 
2019-12-03 21:16:16.9452|ERROR|25|FailedToDecryptConfigInformation: Dsn| RequestID = s_12af9826-9e7c-4e95-9b39-7dce8a106eb0 
2019-12-03 21:16:26.9653|ERROR|25|FailedToDecryptConfigInformation: Dsn| RequestID = s_d9e8eaca-df1b-42ed-b23d-c7feaf365ea3 
2019-12-03 21:16:36.9882|ERROR|21|FailedToDecryptConfigInformation: Dsn| RequestID = s_5091f733-c9b7-4548-9807-20a99f58f0b1 
2019-12-03 21:16:47.0289|ERROR|21|FailedToDecryptConfigInformation: Dsn| RequestID = s_ed961ee1-8712-4ed9-a65b-e713a0726afe 
2019-12-03 21:16:57.0594|ERROR|21|FailedToDecryptConfigInformation: Dsn| RequestID = s_a1fd1b7a-02df-4d5a-8c7b-708e54c360f6 
2019-12-03 21:17:07.0981|ERROR|21|FailedToDecryptConfigInformation: Dsn| RequestID = s_8f469024-13a6-4d83-a5cc-175efa3eccf0 
2019-12-03 21:17:17.1385|ERROR|21|FailedToDecryptConfigInformation: Dsn| RequestID = s_e8e77de3-b6cf-49b2-8cec-e2d7571929d1 
2019-12-03 21:17:27.1755|ERROR|20|FailedToDecryptConfigInformation: Dsn| RequestID = s_ef6da7f0-c2bd-4186-b80d-91166aa82a9f 
2019-12-03 21:17:37.2013|ERROR|20|FailedToDecryptConfigInformation: Dsn| RequestID = s_d46db318-34b3-449f-9152-805cc6418a61 
2019-12-03 21:17:47.2296|ERROR|20|FailedToDecryptConfigInformation: Dsn| RequestID = s_e00591cc-3fa8-4d3f-a265-951b71de864b 
2019-12-03 21:17:57.2624|ERROR|20|FailedToDecryptConfigInformation: Dsn| RequestID = s_1384e7d4-c13d-48ae-acdf-235a0c6c4abf 
2019-12-03 21:18:07.2887|ERROR|20|FailedToDecryptConfigInformation: Dsn| RequestID = s_ad1bac90-8bf0-4964-9569-d59b98fba1b7 
2019-12-03 21:18:17.3185|ERROR|7|FailedToDecryptConfigInformation: Dsn| RequestID = s_3f0f0ec6-3725-4ea0-ae03-5ae62abc3fa6 
2019-12-03 21:18:27.3385|ERROR|7|FailedToDecryptConfigInformation: Dsn| RequestID = s_d3941ebf-5284-46a3-bcc6-505b2a8732aa 
2019-12-03 21:18:37.3799|ERROR|7|FailedToDecryptConfigInformation: Dsn| RequestID = s_9c24d2fe-e453-4ccd-b8eb-19853d717c31 
2019-12-03 21:18:47.4396|ERROR|7|FailedToDecryptConfigInformation: Dsn| RequestID = s_e3879628-04c7-4898-bd59-b6863f34f152 
2019-12-03 21:18:57.4718|ERROR|7|FailedToDecryptConfigInformation: Dsn| RequestID = s_dc2b905b-6374-46f1-882e-3b8b4f8eca56 
2019-12-03 21:19:07.4933|ERROR|7|FailedToDecryptConfigInformation: Dsn| RequestID = s_eceb8f45-eb5f-4c03-84c5-6720fa02e08c 
2019-12-03 21:19:17.5112|ERROR|7|FailedToDecryptConfigInformation: Dsn| RequestID = s_212ee54a-e276-4a7e-aebf-e645041fe7f3 
2019-12-03 21:19:27.5324|ERROR|7|FailedToDecryptConfigInformation: Dsn| RequestID = s_8265c4b4-ba1b-48d6-89c0-d1ffa8c60afa 
2019-12-03 21:19:37.5531|ERROR|14|FailedToDecryptConfigInformation: Dsn| RequestID = s_09dd3f10-0d49-4fce-abe6-9428ab8c1d79 
2019-12-03 21:19:47.5828|ERROR|14|FailedToDecryptConfigInformation: Dsn| RequestID = s_72a6b664-9cfe-4c1f-967e-42ad7fd7b504 
2019-12-03 21:19:57.6154|ERROR|13|FailedToDecryptConfigInformation: Dsn| RequestID = s_04aac15a-177f-4150-adcf-83f9649880d7 
2019-12-03 21:20:07.6626|ERROR|13|FailedToDecryptConfigInformation: Dsn| RequestID = s_4f8b0a3c-1d53-43a7-81e3-29b28a0b8b50 
2019-12-03 21:20:17.6959|ERROR|26|FailedToDecryptConfigInformation: Dsn| RequestID = s_a5fd1bf0-9493-4ce1-b7bc-e5bd874fa240 
2019-12-03 21:20:27.7167|ERROR|26|FailedToDecryptConfigInformation: Dsn| RequestID = s_d22e5eec-8bdf-4fca-9375-14e54675ea16 
2019-12-03 21:20:37.7425|ERROR|26|FailedToDecryptConfigInformation: Dsn| RequestID = s_2e4c29cb-a0ba-494f-aff6-7888545fcd23 
2019-12-03 21:20:47.7576|ERROR|26|FailedToDecryptConfigInformation: Dsn| RequestID = s_8e100907-9df4-4cb1-8d5a-7da268437e92 
2019-12-03 21:20:57.7753|ERROR|26|FailedToDecryptConfigInformation: Dsn| RequestID = s_7031b36d-4f23-49f3-a8a6-3e80763dc7be 
2019-12-03 21:21:07.8026|ERROR|26|FailedToDecryptConfigInformation: Dsn| RequestID = s_97dc882d-e972-4b3d-ae2c-e5160436f08a 
2019-12-03 21:21:17.8276|ERROR|22|FailedToDecryptConfigInformation: Dsn| RequestID = s_b364796f-3617-4f32-8228-e2b6a7da30d0 
2019-12-03 21:21:27.8426|ERROR|22|FailedToDecryptConfigInformation: Dsn| RequestID = s_4cc05b19-e882-4321-9b68-75613f8ba145 
2019-12-03 21:21:37.8589|ERROR|27|FailedToDecryptConfigInformation: Dsn| RequestID = s_c42fbb26-e9a1-4889-b3b7-ea9cebb5d2ca 
2019-12-03 21:21:47.8881|ERROR|27|FailedToDecryptConfigInformation: Dsn| RequestID = s_dbff297c-33ae-4f74-9d48-e190f6de2912 
2019-12-03 21:21:57.9971|ERROR|27|FailedToDecryptConfigInformation: Dsn| RequestID = s_c7d812bd-3fc0-4521-aade-b1a1f465532c 
2019-12-03 21:22:08.0224|ERROR|27|FailedToDecryptConfigInformation: Dsn| RequestID = s_e815d8ab-9053-4bb0-a6de-a2dba1596a70 
2019-12-03 21:22:18.0484|ERROR|28|FailedToDecryptConfigInformation: Dsn| RequestID = s_7784ac1a-0e73-4be2-b5ff-f06a51168607 
2019-12-03 21:22:28.0763|ERROR|28|FailedToDecryptConfigInformation: Dsn| RequestID = s_74bf1a96-4a29-4b68-88e0-66fc2bce3fb2 
2019-12-03 21:22:38.1034|ERROR|28|FailedToDecryptConfigInformation: Dsn| RequestID = s_e90cf2c6-e638-428b-95fc-bda55e8fc0e4 
2019-12-03 21:22:48.1374|ERROR|28|FailedToDecryptConfigInformation: Dsn| RequestID = s_b74a6d2f-b7c7-4f37-bb6c-f7c5a61eeb3d 
2019-12-03 21:22:58.1630|ERROR|28|FailedToDecryptConfigInformation: Dsn| RequestID = s_deb2efcf-0d4a-484b-88b9-de24aec7d7da 
2019-12-03 21:23:08.1802|ERROR|28|FailedToDecryptConfigInformation: Dsn| RequestID = s_c50eb0ec-4144-4278-a045-580245c63776 
2019-12-03 21:23:18.1948|ERROR|28|FailedToDecryptConfigInformation: Dsn| RequestID = s_f6db19cc-db40-428d-ad17-d9fb533e8add 
2019-12-03 21:23:28.2172|ERROR|28|FailedToDecryptConfigInformation: Dsn| RequestID = s_bd688dc2-0837-4fdf-85cd-efdfd612501b 
2019-12-03 21:23:38.2405|ERROR|28|FailedToDecryptConfigInformation: Dsn| RequestID = s_9be28066-b9a1-4544-9dff-60335687be3d 
2019-12-03 21:23:48.2888|ERROR|28|FailedToDecryptConfigInformation: Dsn| RequestID = s_ab813abe-f82d-4a4a-9ee9-666a05c07d0e 
2019-12-03 21:23:58.3650|ERROR|13|FailedToDecryptConfigInformation: Dsn| RequestID = s_09e9cb37-a017-4584-a4fe-b3d1f23b6329 
2019-12-03 21:24:08.3822|ERROR|13|FailedToDecryptConfigInformation: Dsn| RequestID = s_496b61e5-47b8-4281-ab10-c23ba4758fd6 
2019-12-03 21:24:18.3965|ERROR|13|FailedToDecryptConfigInformation: Dsn| RequestID = s_664a3cbe-37cd-488c-86df-7f45625e16a6 
2019-12-03 21:24:28.4182|ERROR|9|FailedToDecryptConfigInformation: Dsn| RequestID = s_8f38091b-f11a-4584-8c4b-0b534acc4195 
2019-12-03 21:24:38.4331|ERROR|9|FailedToDecryptConfigInformation: Dsn| RequestID = s_e3ec1124-6ef1-4b5f-b51d-dc5d53810044 
2019-12-03 21:24:48.4569|ERROR|7|FailedToDecryptConfigInformation: Dsn| RequestID = s_92035716-87ff-4c77-8851-1e8f5cea09f5 
2019-12-03 21:24:58.4838|ERROR|7|FailedToDecryptConfigInformation: Dsn| RequestID = s_3177ffe0-e44f-4445-b1f0-6e63887a3a0f 
2019-12-03 21:25:08.4996|ERROR|7|FailedToDecryptConfigInformation: Dsn| RequestID = s_4985896f-5aff-422c-a6b5-36d5fdd69843 
2019-12-03 21:25:18.5307|ERROR|7|FailedToDecryptConfigInformation: Dsn| RequestID = s_8b7bc9bf-7b02-49b0-a898-db38a9ea75a2 
2019-12-03 21:25:28.5561|ERROR|7|FailedToDecryptConfigInformation: Dsn| RequestID = s_ffb95abc-e872-405c-8d7b-cfc8d9dbbe3e 
2019-12-03 21:25:38.5756|ERROR|7|FailedToDecryptConfigInformation: Dsn| RequestID = s_53976f5f-4be4-4908-a42f-a951462ca442 
2019-12-03 21:25:48.6053|ERROR|7|FailedToDecryptConfigInformation: Dsn| RequestID = s_c4a91e6e-d33f-4ee8-99f2-51be5e765efb 
2019-12-03 21:25:58.6290|ERROR|32|FailedToDecryptConfigInformation: Dsn| RequestID = s_8c4f14db-0488-4e8b-8005-099a347a3533 
2019-12-03 21:26:08.6597|ERROR|32|FailedToDecryptConfigInformation: Dsn| RequestID = s_a3d0dd73-79ab-4cc0-99b1-ece94b8e3183 
2019-12-03 21:26:18.6789|ERROR|32|FailedToDecryptConfigInformation: Dsn| RequestID = s_60c6d8ff-1dbf-471e-b988-ffb67735d925 
2019-12-03 21:26:28.6941|ERROR|29|FailedToDecryptConfigInformation: Dsn| RequestID = s_f18dfc86-5dcc-41c7-b64c-900bfded4912 
2019-12-03 21:26:38.7149|ERROR|29|FailedToDecryptConfigInformation: Dsn| RequestID = s_5669150b-1f84-44ce-bf99-dc0f7b3cc47d 
2019-12-03 21:26:48.7406|ERROR|27|FailedToDecryptConfigInformation: Dsn| RequestID = s_4039ac8d-4988-4238-822f-b339c8be639a 
2019-12-03 21:26:58.7641|ERROR|27|FailedToDecryptConfigInformation: Dsn| RequestID = s_b4cc0fe4-7965-4de8-9418-fdf34ff0f82d 
2019-12-03 21:27:08.7861|ERROR|27|FailedToDecryptConfigInformation: Dsn| RequestID = s_eeed9bd9-31f4-448e-9cfe-c39207d299e7 
2019-12-03 21:27:18.8101|ERROR|22|FailedToDecryptConfigInformation: Dsn| RequestID = s_94d4e232-ae36-43c4-a3cc-5ba1271150be 
2019-12-03 21:27:28.8305|ERROR|22|FailedToDecryptConfigInformation: Dsn| RequestID = s_c691ee2c-29e3-4b5c-b71e-548b494f7cee 
2019-12-03 21:27:38.8513|ERROR|34|FailedToDecryptConfigInformation: Dsn| RequestID = s_14758fd8-b68d-4a32-b50f-1a0883c5ac88 
2019-12-03 21:27:48.8780|ERROR|34|FailedToDecryptConfigInformation: Dsn| RequestID = s_a936c5ba-4249-4654-9657-4e13c8b97cf3 
2019-12-03 21:27:58.9007|ERROR|35|FailedToDecryptConfigInformation: Dsn| RequestID = s_73def27f-9ce4-41ae-8c61-afa1cc835c6e 
2019-12-03 21:28:08.9269|ERROR|35|FailedToDecryptConfigInformation: Dsn| RequestID = s_65c9f004-87e4-4c6f-9a71-24141f246da5 
2019-12-03 21:28:18.9532|ERROR|36|FailedToDecryptConfigInformation: Dsn| RequestID = s_d6fb1824-cf10-4857-b9fa-5e798ed8a23f 
2019-12-03 21:28:28.9758|ERROR|36|FailedToDecryptConfigInformation: Dsn| RequestID = s_c6ff8133-6891-440e-9b07-ba80e305c80f 
2019-12-03 21:28:39.0024|ERROR|37|FailedToDecryptConfigInformation: Dsn| RequestID = s_47d388a4-d628-4c85-98b1-8a84a5a92d1b 
2019-12-03 21:28:49.0277|ERROR|37|FailedToDecryptConfigInformation: Dsn| RequestID = s_14494287-a67a-47a4-9854-6aa73f564903 
2019-12-03 21:28:59.0432|ERROR|30|FailedToDecryptConfigInformation: Dsn| RequestID = s_0cd72f51-e650-4cf8-9f2d-b351ef0b1af2 
2019-12-03 21:29:09.0635|ERROR|30|FailedToDecryptConfigInformation: Dsn| RequestID = s_4c68000e-d6c9-42b9-9591-d96587efc878 
2019-12-03 21:29:19.0927|ERROR|30|FailedToDecryptConfigInformation: Dsn| RequestID = s_c89eb825-cbf4-41e4-be79-6c2fdfedb0f1 
2019-12-03 21:29:29.1139|ERROR|30|FailedToDecryptConfigInformation: Dsn| RequestID = s_deb1ac67-d82d-4c87-98c0-c8aecb98567f 
2019-12-03 21:29:39.1325|ERROR|9|FailedToDecryptConfigInformation: Dsn| RequestID = s_b5145698-52fc-40f4-b6ba-02fe6fe686e4 
2019-12-03 21:29:49.1589|ERROR|30|FailedToDecryptConfigInformation: Dsn| RequestID = s_1ffd39cb-6a10-4ea6-bafa-0361d8c33d88 
2019-12-03 21:29:59.1815|ERROR|30|FailedToDecryptConfigInformation: Dsn| RequestID = s_6b238197-b64b-44a6-a708-12860bc79191 
2019-12-03 21:30:09.1965|ERROR|30|FailedToDecryptConfigInformation: Dsn| RequestID = s_07f26a94-27a7-455b-95a3-f9d39edf4753 
2019-12-03 21:30:19.2247|ERROR|30|FailedToDecryptConfigInformation: Dsn| RequestID = s_465644cd-d8a2-4fd3-b4b7-0a742b12d6e9 
2019-12-03 21:30:29.2447|ERROR|30|FailedToDecryptConfigInformation: Dsn| RequestID = s_35ce654b-c972-4f82-a1c5-e2465a8784e8 
2019-12-03 21:30:39.2561|ERROR|30|FailedToDecryptConfigInformation: Dsn| RequestID = s_bb94b5ce-c156-45aa-9514-7143e4115337 
2019-12-03 21:30:49.3500|ERROR|30|FailedToDecryptConfigInformation: Dsn| RequestID = s_97328cef-8047-4434-8c00-18e61ad5dfc2 
2019-12-03 21:30:59.4014|ERROR|13|FailedToDecryptConfigInformation: Dsn| RequestID = s_f316e5c8-5412-416a-9c5f-8e576ca7ffe7 
2019-12-03 21:31:09.4374|ERROR|13|FailedToDecryptConfigInformation: Dsn| RequestID = s_d10987f5-81a5-44a1-b298-b33e299d35f8 
2019-12-03 21:31:19.4501|ERROR|30|FailedToDecryptConfigInformation: Dsn| RequestID = s_e71b160b-2c6f-45e9-8188-6238db3380bd 
2019-12-03 21:31:29.5093|ERROR|13|FailedToDecryptConfigInformation: Dsn| RequestID = s_c7ba201b-19f6-4300-a045-c5fb26ac767a 
2019-12-03 21:31:39.5983|ERROR|13|FailedToDecryptConfigInformation: Dsn| RequestID = s_2825bf73-fd71-4062-92c1-b01a6e5176f8 
2019-12-03 21:31:49.6538|ERROR|13|FailedToDecryptConfigInformation: Dsn| RequestID = s_6a0d34c0-0a92-4025-b131-6a6ed2bfdcc2 
2019-12-03 21:31:59.6843|ERROR|13|FailedToDecryptConfigInformation: Dsn| RequestID = s_6c20f680-3568-4cff-bed9-0718a716caf4 
2019-12-03 21:32:09.7099|ERROR|13|FailedToDecryptConfigInformation: Dsn| RequestID = s_3ab4093a-9173-4ea5-af89-cd6a8426e093 
2019-12-03 21:32:19.7278|ERROR|13|FailedToDecryptConfigInformation: Dsn| RequestID = s_d6ecef94-77e5-462a-bbf4-bde990193be4 
2019-12-03 21:32:29.7473|ERROR|13|FailedToDecryptConfigInformation: Dsn| RequestID = s_1e02c3ee-62ea-44f5-ac14-06d9616ad794 
2019-12-03 21:32:39.7848|ERROR|13|FailedToDecryptConfigInformation: Dsn| RequestID = s_aa71beb1-171b-4300-a40e-b789b40ec4f3 
2019-12-03 21:32:49.8196|ERROR|13|FailedToDecryptConfigInformation: Dsn| RequestID = s_52abd491-88ff-4b13-90d1-af0919cc427d 
2019-12-03 21:32:59.8512|ERROR|13|FailedToDecryptConfigInformation: Dsn| RequestID = s_8ab365bf-7a2d-46aa-9560-49e4372e4fe2 
2019-12-03 21:33:09.8816|ERROR|13|FailedToDecryptConfigInformation: Dsn| RequestID = s_7622be08-048d-4738-b777-cadea5c8fa23 
2019-12-03 21:33:19.8995|ERROR|13|FailedToDecryptConfigInformation: Dsn| RequestID = s_00dc81c1-ca9c-48fd-b110-9acc926701bb 
2019-12-03 21:33:29.9176|ERROR|13|FailedToDecryptConfigInformation: Dsn| RequestID = s_892433c7-a358-4e6b-84ed-d4d3a360b104 
2019-12-03 21:33:39.9565|ERROR|13|FailedToDecryptConfigInformation: Dsn| RequestID = s_7d27be8c-4995-4d20-9550-5d351e18dd15 
2019-12-03 21:33:50.0119|ERROR|13|FailedToDecryptConfigInformation: Dsn| RequestID = s_12a4c46c-bb20-482e-b701-0d75e6ef950c 
2019-12-03 21:34:00.0307|ERROR|13|FailedToDecryptConfigInformation: Dsn| RequestID = s_6887dd22-280a-44d9-9589-9c9335bae916 
2019-12-03 21:34:10.0496|ERROR|34|FailedToDecryptConfigInformation: Dsn| RequestID = s_6b425573-bcb8-4aae-b09f-d16b5afdcb29 
2019-12-03 21:34:20.0757|ERROR|34|FailedToDecryptConfigInformation: Dsn| RequestID = s_7ac3755d-41b4-4982-a6f0-0671ee2c1533 
2019-12-03 21:34:30.1102|ERROR|9|FailedToDecryptConfigInformation: Dsn| RequestID = s_1e3c16dd-7b89-4c68-aef9-2582a981f5d2 
2019-12-03 21:34:40.1866|ERROR|9|FailedToDecryptConfigInformation: Dsn| RequestID = s_a5965597-f39c-474f-84dd-57d828957f70 
2019-12-03 21:34:50.2300|ERROR|9|FailedToDecryptConfigInformation: Dsn| RequestID = s_7e99741f-0926-44f9-9431-fe495bd2d69f 
2019-12-03 21:35:00.2571|ERROR|9|FailedToDecryptConfigInformation: Dsn| RequestID = s_864b559d-9421-4c6a-bb86-5f124700f5d7 
2019-12-03 21:35:10.2830|ERROR|9|FailedToDecryptConfigInformation: Dsn| RequestID = s_8610c83b-4074-49b4-94e8-43a5d9b66102 
2019-12-03 21:35:20.3608|ERROR|9|FailedToDecryptConfigInformation: Dsn| RequestID = s_e4357ac2-cbad-486a-86d1-368c8a4bb91b 
2019-12-03 21:35:30.4267|ERROR|9|FailedToDecryptConfigInformation: Dsn| RequestID = s_aa3f4e94-55cb-49b2-a827-2b35da7fb615 
2019-12-03 21:35:40.5408|ERROR|9|FailedToDecryptConfigInformation: Dsn| RequestID = s_58ec4715-a029-4f34-8e1f-31bdd98ce5f2 
2019-12-03 21:35:50.5719|ERROR|9|FailedToDecryptConfigInformation: Dsn| RequestID = s_76ca724f-871d-4e9e-ac33-70008f9f30e1 
2019-12-03 21:36:00.5960|ERROR|9|FailedToDecryptConfigInformation: Dsn| RequestID = s_87be8fd3-5d77-4f59-92f6-7f73e9d25b7e 
2019-12-03 21:36:10.6134|ERROR|9|FailedToDecryptConfigInformation: Dsn| RequestID = s_f8200c84-715f-4321-a0ed-fae4f48c1ade 
2019-12-03 21:36:20.6329|ERROR|29|FailedToDecryptConfigInformation: Dsn| RequestID = s_0d0be671-c743-4a00-97f6-016658005fe6 
2019-12-03 21:36:30.6476|ERROR|29|FailedToDecryptConfigInformation: Dsn| RequestID = s_fc950ba3-b84b-48ec-8321-a78137aac0f3 
2019-12-03 21:36:40.7445|ERROR|29|FailedToDecryptConfigInformation: Dsn| RequestID = s_5a7a8480-a6e1-4e3f-b2cc-48a135ae094b 
2019-12-03 21:36:50.8769|ERROR|39|FailedToDecryptConfigInformation: Dsn| RequestID = s_01a6d290-dbdd-4097-b622-f1feb3e261d4 
2019-12-03 21:37:00.9114|ERROR|39|FailedToDecryptConfigInformation: Dsn| RequestID = s_ddb0dd2a-ee59-42b1-9bde-95f80e03fe41 
2019-12-03 21:37:10.9327|ERROR|39|FailedToDecryptConfigInformation: Dsn| RequestID = s_a6fd4663-3a78-4ae9-aaf7-64fa04a9ef4e 
2019-12-03 21:37:20.9508|ERROR|39|FailedToDecryptConfigInformation: Dsn| RequestID = s_4ba5e66a-ce5d-448c-85b6-1cfd6aabfb29 
2019-12-03 21:37:30.9709|ERROR|39|FailedToDecryptConfigInformation: Dsn| RequestID = s_2958d338-32c3-4f89-90a5-dd1f7c3aa9d4 
2019-12-03 21:37:41.0564|ERROR|39|FailedToDecryptConfigInformation: Dsn| RequestID = s_faed6f5f-37f6-46ab-89c7-c8c2734c6959 
2019-12-03 21:37:51.2726|ERROR|39|FailedToDecryptConfigInformation: Dsn| RequestID = s_a1cb9d49-bc0e-4e73-ac48-810a8cb8da0b 
2019-12-03 21:38:01.3017|ERROR|39|FailedToDecryptConfigInformation: Dsn| RequestID = s_01909e56-2637-4484-954e-7f227ee73e8d 
2019-12-03 21:38:11.3282|ERROR|39|FailedToDecryptConfigInformation: Dsn| RequestID = s_f21798fe-8726-4056-8151-698d766f311b 
2019-12-03 21:38:21.3419|ERROR|39|FailedToDecryptConfigInformation: Dsn| RequestID = s_d9effd5b-1200-4ec7-ad27-66398a869e1a 
2019-12-03 21:38:31.3558|ERROR|39|FailedToDecryptConfigInformation: Dsn| RequestID = s_7a314762-f5ef-423e-9607-1aa929954e06 
2019-12-03 21:38:41.3747|ERROR|39|FailedToDecryptConfigInformation: Dsn| RequestID = s_faca79de-d0d6-4523-b08e-e504c3064908 
2019-12-03 21:38:51.4090|ERROR|39|FailedToDecryptConfigInformation: Dsn| RequestID = s_a88a99b6-e8f3-42a9-9792-b3965193b15d 
2019-12-03 21:39:01.4484|ERROR|39|FailedToDecryptConfigInformation: Dsn| RequestID = s_8e7647d1-af22-4876-9736-8191dde664e6 
2019-12-03 21:39:11.4680|ERROR|39|FailedToDecryptConfigInformation: Dsn| RequestID = s_f6b57228-f058-4f6f-8d86-25eb75953e3c 
2019-12-03 21:39:21.4960|ERROR|39|FailedToDecryptConfigInformation: Dsn| RequestID = s_657f4d3e-aeb9-45ff-82db-74abd70583ad 
2019-12-03 21:39:31.5732|ERROR|39|FailedToDecryptConfigInformation: Dsn| RequestID = s_5fffb2b7-76db-4d60-8c30-226fa3820849 
2019-12-03 21:39:41.6361|ERROR|39|FailedToDecryptConfigInformation: Dsn| RequestID = s_7cc0a72c-4adf-44f1-9bfe-6b2f8b890d78 
2019-12-03 21:39:51.7165|ERROR|39|FailedToDecryptConfigInformation: Dsn| RequestID = s_6caffeac-6484-4371-a782-d1e4131f396e 
2019-12-03 21:40:01.7408|ERROR|31|FailedToDecryptConfigInformation: Dsn| RequestID = s_24e18c1a-2b58-46f2-9b3d-bbcd3a428ef0 
2019-12-03 21:40:11.7707|ERROR|31|FailedToDecryptConfigInformation: Dsn| RequestID = s_70e61923-8456-4324-89ce-9bf1f1e0ee0f 
2019-12-03 21:40:21.8067|ERROR|31|FailedToDecryptConfigInformation: Dsn| RequestID = s_3b16f756-2231-403a-9248-a447aabbe4c5 
2019-12-03 21:40:31.8499|ERROR|36|FailedToDecryptConfigInformation: Dsn| RequestID = s_e126c066-f8e5-43f0-912a-b0b3c0c701cb 
2019-12-03 21:40:41.8820|ERROR|36|FailedToDecryptConfigInformation: Dsn| RequestID = s_e7c1e484-5421-46ca-adcf-a19ef91634d7 
2019-12-03 21:40:51.9198|ERROR|31|FailedToDecryptConfigInformation: Dsn| RequestID = s_8708dfcc-51fb-4b20-aa9a-9e98dc2f8cc1 
2019-12-03 21:41:01.9461|ERROR|31|FailedToDecryptConfigInformation: Dsn| RequestID = s_12b73483-ff67-4786-bddb-c02ff57022a2 
2019-12-03 21:41:11.9764|ERROR|22|FailedToDecryptConfigInformation: Dsn| RequestID = s_918d737b-98f6-4aec-acdc-b879a478e70b 
2019-12-03 21:41:21.9941|ERROR|22|FailedToDecryptConfigInformation: Dsn| RequestID = s_3e776ae2-223f-4756-8338-0d8266e5c68d 
2019-12-03 21:41:32.0138|ERROR|22|FailedToDecryptConfigInformation: Dsn| RequestID = s_8c7ba490-a1c3-4803-b186-dd6d81569771 
2019-12-03 21:41:42.0412|ERROR|9|FailedToDecryptConfigInformation: Dsn| RequestID = s_72e93a10-9f3d-454d-9e5f-ca69a51e302c 
2019-12-03 21:41:52.0554|ERROR|9|FailedToDecryptConfigInformation: Dsn| RequestID = s_b1bb5aad-1db4-491b-a6ff-0aa8c7f1f0d9 
2019-12-03 21:42:02.0829|ERROR|34|FailedToDecryptConfigInformation: Dsn| RequestID = s_199927b8-0088-493a-9283-474e226df7b1 
2019-12-03 21:42:12.1088|ERROR|9|FailedToDecryptConfigInformation: Dsn| RequestID = s_a7bea156-d2b0-4fbf-95a8-455ac35dd4c9 
2019-12-03 21:42:22.1354|ERROR|9|FailedToDecryptConfigInformation: Dsn| RequestID = s_5b6ee5a5-96ed-4178-8bb4-e72749fa59d3 
2019-12-03 21:42:32.1594|ERROR|9|FailedToDecryptConfigInformation: Dsn| RequestID = s_17fa0df5-137c-413b-91ab-0a67b066a6c0 
2019-12-03 21:42:42.1912|ERROR|9|FailedToDecryptConfigInformation: Dsn| RequestID = s_98f7d9f1-dd7f-4d94-ba54-588067371ec7 
2019-12-03 21:42:52.2535|ERROR|9|FailedToDecryptConfigInformation: Dsn| RequestID = s_c717f107-7730-4c00-a84d-d462aa9ff462 
2019-12-03 21:43:02.2857|ERROR|32|FailedToDecryptConfigInformation: Dsn| RequestID = s_cd7b42cf-fc44-403a-882d-7339a72412c9 
2019-12-03 21:43:12.3140|ERROR|9|FailedToDecryptConfigInformation: Dsn| RequestID = s_cbbf3bf8-b141-4b6d-8c17-a732a2f9cbdf 
2019-12-03 21:43:22.3262|ERROR|9|FailedToDecryptConfigInformation: Dsn| RequestID = s_cdf04155-64b0-4887-87bb-8ed619694556 
2019-12-03 21:43:32.3520|ERROR|9|FailedToDecryptConfigInformation: Dsn| RequestID = s_c09c0902-9893-469f-ae4f-f7cb76409e08 
2019-12-03 21:43:42.3723|ERROR|9|FailedToDecryptConfigInformation: Dsn| RequestID = s_5543d4ad-46e7-424e-a60f-c5cc101f315b 
2019-12-03 21:43:52.5443|ERROR|37|FailedToDecryptConfigInformation: Dsn| RequestID = s_e24912ca-b4a6-40a8-b5e0-a0f9fae199da 
2019-12-03 21:44:02.5660|ERROR|37|FailedToDecryptConfigInformation: Dsn| RequestID = s_01136a64-3b3c-4a43-8670-008a8bcc6d8f 
2019-12-03 21:44:12.5884|ERROR|37|FailedToDecryptConfigInformation: Dsn| RequestID = s_aa799143-a26f-4be6-9fe2-678e0f3dad7e 
2019-12-03 21:44:22.6362|ERROR|37|FailedToDecryptConfigInformation: Dsn| RequestID = s_68790666-9b51-48a8-a102-d2c9274217bc 
2019-12-03 21:44:32.7825|ERROR|37|FailedToDecryptConfigInformation: Dsn| RequestID = s_fdfef89c-89ea-4bde-aa5b-23d8b46c518a 
2019-12-03 21:44:42.8133|ERROR|37|FailedToDecryptConfigInformation: Dsn| RequestID = s_33937f32-0a03-4598-8a62-99202780f2e1 
2019-12-03 21:44:52.8345|ERROR|37|FailedToDecryptConfigInformation: Dsn| RequestID = s_ea9806ed-68b1-47c5-b24e-9fa5ba9f6df5 
2019-12-03 21:45:02.8602|ERROR|37|FailedToDecryptConfigInformation: Dsn| RequestID = s_9ddb1d19-c9fc-4edf-bfda-0741d724b189 
2019-12-03 21:45:12.8745|ERROR|37|FailedToDecryptConfigInformation: Dsn| RequestID = s_5a8b7f1b-24ac-44a4-b90c-fa15d03414d6 
2019-12-03 21:45:22.9062|ERROR|37|FailedToDecryptConfigInformation: Dsn| RequestID = s_5058f78b-cf26-428e-af26-ecd4e5741d0c 
2019-12-03 21:45:32.9329|ERROR|37|FailedToDecryptConfigInformation: Dsn| RequestID = s_e732ffb9-e1e0-4401-8547-82bf2a66018d 
2019-12-03 21:45:43.0162|ERROR|37|FailedToDecryptConfigInformation: Dsn| RequestID = s_50386049-f58d-4c65-b38f-c2eb20fc4b40 
2019-12-03 21:45:53.0410|ERROR|38|FailedToDecryptConfigInformation: Dsn| RequestID = s_4cff268b-7075-4421-9d9e-f99dc3d246ba 
2019-12-03 21:46:03.0603|ERROR|38|FailedToDecryptConfigInformation: Dsn| RequestID = s_09def0f5-5e7f-4e61-a627-d35f9ee7e5c3 
2019-12-03 21:46:13.0796|ERROR|38|FailedToDecryptConfigInformation: Dsn| RequestID = s_df38129f-6993-499a-8df1-e50a4900ca24 
2019-12-03 21:46:23.1080|ERROR|38|FailedToDecryptConfigInformation: Dsn| RequestID = s_43f33b7e-a809-49fe-bf77-ab1abdb24139 
2019-12-03 21:46:33.1713|ERROR|38|FailedToDecryptConfigInformation: Dsn| RequestID = s_170802ef-1e79-466a-ae90-23400e95a96e 
2019-12-03 21:46:43.1926|ERROR|38|FailedToDecryptConfigInformation: Dsn| RequestID = s_7f6ffaa1-73df-4602-8a25-52f6fa584303 
2019-12-03 21:46:53.2106|ERROR|34|FailedToDecryptConfigInformation: Dsn| RequestID = s_84e577ae-3e29-4289-9e58-c7788e0ee33b 
2019-12-03 21:47:03.2448|ERROR|34|FailedToDecryptConfigInformation: Dsn| RequestID = s_518d1112-bb37-44df-9f33-42657d334dbb 
2019-12-03 21:47:13.2597|ERROR|22|FailedToDecryptConfigInformation: Dsn| RequestID = s_f7ecfe82-019b-490d-b08f-e197241d46dd 
2019-12-03 21:47:23.2928|ERROR|22|FailedToDecryptConfigInformation: Dsn| RequestID = s_73b056c5-9c99-442b-a55c-1ad76edce378 
2019-12-03 21:47:33.3104|ERROR|30|FailedToDecryptConfigInformation: Dsn| RequestID = s_903ca9c9-4a67-4e88-b174-c3eb211c6183 
2019-12-03 21:47:43.3298|ERROR|30|FailedToDecryptConfigInformation: Dsn| RequestID = s_75630520-dc88-444a-baae-d832237f2670 
2019-12-03 21:47:53.3445|ERROR|30|FailedToDecryptConfigInformation: Dsn| RequestID = s_065d5c27-5c42-4eea-8088-4e89c53afa4f 
2019-12-03 21:48:03.3734|ERROR|30|FailedToDecryptConfigInformation: Dsn| RequestID = s_f71473c6-efc0-427b-8fb0-f07b8e53a2f4 
2019-12-03 21:48:13.4037|ERROR|30|FailedToDecryptConfigInformation: Dsn| RequestID = s_e1c1f790-e8c2-4346-a784-f4c7713c896d 
2019-12-03 21:48:23.4311|ERROR|30|FailedToDecryptConfigInformation: Dsn| RequestID = s_a10278ce-16c9-4873-b61c-2b7dcaa5d54f 
2019-12-03 21:48:33.4845|ERROR|30|FailedToDecryptConfigInformation: Dsn| RequestID = s_7ae61295-09c7-45b3-a676-ac72290b7f57 
2019-12-03 21:48:43.5027|ERROR|32|FailedToDecryptConfigInformation: Dsn| RequestID = s_180eb3a6-b6b8-42ca-a3da-e004edc39b1c 
2019-12-03 21:48:53.5496|ERROR|32|FailedToDecryptConfigInformation: Dsn| RequestID = s_88e274bd-ce43-4abf-9ba1-8059a8d2bb88 
2019-12-03 21:49:03.5779|ERROR|30|FailedToDecryptConfigInformation: Dsn| RequestID = s_d0ff5c34-bc5e-449f-b3dd-ec69d65c8848 
2019-12-03 21:49:13.6317|ERROR|30|FailedToDecryptConfigInformation: Dsn| RequestID = s_99010539-2f1d-4e34-9393-32857f2ed5fc 
2019-12-03 21:49:23.6591|ERROR|30|FailedToDecryptConfigInformation: Dsn| RequestID = s_64ef801a-3b25-4aee-8c5e-f6e17dd02f6e 
2019-12-03 21:49:33.6944|ERROR|30|FailedToDecryptConfigInformation: Dsn| RequestID = s_a05780a1-6c3c-4e36-8906-15b3765ab31c 
2019-12-03 21:49:43.7196|ERROR|30|FailedToDecryptConfigInformation: Dsn| RequestID = s_928ad7de-a5b3-4685-b9b4-b7432abd7221 
2019-12-03 21:49:53.7368|ERROR|13|FailedToDecryptConfigInformation: Dsn| RequestID = s_ecb3abdc-ac75-4abc-a5dc-883b87d520d3 
2019-12-03 21:50:03.7667|ERROR|30|FailedToDecryptConfigInformation: Dsn| RequestID = s_f4c61121-8c1d-467d-90fc-f74e30ff6f4a 
2019-12-03 21:50:13.7969|ERROR|30|FailedToDecryptConfigInformation: Dsn| RequestID = s_538c391b-81b4-4b45-98d7-33042d42048c 
2019-12-03 21:50:23.8174|ERROR|30|FailedToDecryptConfigInformation: Dsn| RequestID = s_26e5a32a-20ec-43bf-bdf7-b0843c4cac99 
2019-12-03 21:50:33.8562|ERROR|28|FailedToDecryptConfigInformation: Dsn| RequestID = s_23cd837d-ff1a-48cc-8dfd-c21a82352d65 
2019-12-03 21:50:43.8888|ERROR|30|FailedToDecryptConfigInformation: Dsn| RequestID = s_832570b2-8c87-4869-bd6e-d77e2a60496a 
2019-12-03 21:50:53.9128|ERROR|30|FailedToDecryptConfigInformation: Dsn| RequestID = s_10927561-6d23-4aa3-a39e-480ff299a258 
2019-12-03 21:51:04.0087|ERROR|30|FailedToDecryptConfigInformation: Dsn| RequestID = s_46c20601-5277-4f7b-a675-fadb56eea9b1 
2019-12-03 21:51:14.0323|ERROR|34|FailedToDecryptConfigInformation: Dsn| RequestID = s_09f48db8-c92f-4cd2-b134-21038010e8ea 
2019-12-03 21:51:24.0683|ERROR|34|FailedToDecryptConfigInformation: Dsn| RequestID = s_cd432872-3ae6-419b-aeef-35a52438dd9d 
2019-12-03 21:51:34.1008|ERROR|34|FailedToDecryptConfigInformation: Dsn| RequestID = s_5efc0dfa-31c6-494a-845c-ba59bb6d82b7 
2019-12-03 21:51:44.3505|ERROR|34|FailedToDecryptConfigInformation: Dsn| RequestID = s_513b48e3-9345-48f9-8ca2-0d252f2b07cf 
2019-12-03 21:51:54.4508|ERROR|34|FailedToDecryptConfigInformation: Dsn| RequestID = s_3f94899f-0ca4-4c64-8ee2-55d86aead8ee 
2019-12-03 21:52:04.6136|ERROR|34|FailedToDecryptConfigInformation: Dsn| RequestID = s_ae5fb5a1-6394-4238-b8a6-e01311c676a4 
2019-12-03 21:52:14.6310|ERROR|26|FailedToDecryptConfigInformation: Dsn| RequestID = s_095f78aa-4cb7-47ba-ad7e-2af49d34c3f7 
2019-12-03 21:52:24.6585|ERROR|34|FailedToDecryptConfigInformation: Dsn| RequestID = s_28075219-e959-4bee-9ca7-845278cc50d1 
2019-12-03 21:52:34.6777|ERROR|34|FailedToDecryptConfigInformation: Dsn| RequestID = s_fb2295f7-0ec0-4af8-afb9-604181652695 
2019-12-03 21:52:44.7245|ERROR|34|FailedToDecryptConfigInformation: Dsn| RequestID = s_201ad8bd-dc14-4d54-9bae-bb85bb32fceb 
2019-12-03 21:52:54.7496|ERROR|34|FailedToDecryptConfigInformation: Dsn| RequestID = s_5b636993-685d-4e4d-be01-5a4d609325ab 
2019-12-03 21:53:04.7803|ERROR|34|FailedToDecryptConfigInformation: Dsn| RequestID = s_2774ce00-342e-4bbe-a301-2d8b6b38f671 
2019-12-03 21:53:14.8165|ERROR|34|FailedToDecryptConfigInformation: Dsn| RequestID = s_a55fc909-3177-4a07-a687-f694ba7239b6 
2019-12-03 21:53:24.8337|ERROR|34|FailedToDecryptConfigInformation: Dsn| RequestID = s_3f50fd0b-cfa3-425d-b051-86ad9ecdffe8 
2019-12-03 21:53:34.8611|ERROR|15|FailedToDecryptConfigInformation: Dsn| RequestID = s_c235d88e-26c1-4674-9ed2-e9f5ba94ab0e 
2019-12-03 21:53:44.8918|ERROR|34|FailedToDecryptConfigInformation: Dsn| RequestID = s_4b87e08a-7d2d-42b6-8150-d9e7c76cab89 
2019-12-03 21:53:54.9038|ERROR|34|FailedToDecryptConfigInformation: Dsn| RequestID = s_80be3689-fb6e-4960-9023-a7b87899bab7 
2019-12-03 21:54:04.9219|ERROR|13|FailedToDecryptConfigInformation: Dsn| RequestID = s_6c6b9f3c-1b75-4dbb-bc8f-f9be3efdd124 
2019-12-03 21:54:14.9472|ERROR|34|FailedToDecryptConfigInformation: Dsn| RequestID = s_55ebb1aa-804b-48b8-9140-96534c4fa171 
2019-12-03 21:54:24.9636|ERROR|34|FailedToDecryptConfigInformation: Dsn| RequestID = s_9cb21e64-c7f6-465b-bbf9-96731f0a350e 
2019-12-03 21:54:34.9864|ERROR|7|FailedToDecryptConfigInformation: Dsn| RequestID = s_d7061ece-5c64-4db0-94db-7043a7bd49e4 
2019-12-03 21:54:45.0001|ERROR|7|FailedToDecryptConfigInformation: Dsn| RequestID = s_b657a496-c17d-43ba-8fb4-bab35273964b 
2019-12-03 21:54:55.0810|ERROR|7|FailedToDecryptConfigInformation: Dsn| RequestID = s_b309af42-f942-4fb9-83a0-5d11136974fe 
2019-12-03 21:55:05.1018|ERROR|7|FailedToDecryptConfigInformation: Dsn| RequestID = s_a243bd19-d421-495e-b68e-cf6e94192467 
2019-12-03 21:55:15.1311|ERROR|32|FailedToDecryptConfigInformation: Dsn| RequestID = s_8c051b4a-011b-400f-b62a-e2d02b62e472 
2019-12-03 21:55:25.1459|ERROR|32|FailedToDecryptConfigInformation: Dsn| RequestID = s_26eb089b-b7ca-4760-b330-693ddea459ee 
2019-12-03 21:55:35.3328|ERROR|32|FailedToDecryptConfigInformation: Dsn| RequestID = s_bf8fea70-367c-450a-b3de-1c315fa24ae0 
2019-12-03 21:55:45.6742|ERROR|37|FailedToDecryptConfigInformation: Dsn| RequestID = s_0f074bce-ba33-4791-aa21-743956791d32 
2019-12-03 21:55:55.8109|ERROR|37|FailedToDecryptConfigInformation: Dsn| RequestID = s_42635608-4d04-4642-b606-45029d8582ee 
2019-12-03 21:56:05.9472|ERROR|37|FailedToDecryptConfigInformation: Dsn| RequestID = s_45017f5f-fddf-4d67-95b8-bf850bd27a87 
2019-12-03 21:56:16.0002|ERROR|37|FailedToDecryptConfigInformation: Dsn| RequestID = s_ae1948d3-f39c-47ca-bfab-40d0fd13ddb8 
2019-12-03 21:56:26.0557|ERROR|37|FailedToDecryptConfigInformation: Dsn| RequestID = s_258a29ab-b086-442d-85d8-c4b5de46ccd0 
2019-12-03 21:56:36.0788|ERROR|10|FailedToDecryptConfigInformation: Dsn| RequestID = s_84561142-5f85-4f4e-b15e-74e97a2932b4 
2019-12-03 21:56:46.1097|ERROR|37|FailedToDecryptConfigInformation: Dsn| RequestID = s_725043cc-452d-459c-bf5a-34444998444b 
2019-12-03 21:56:56.1834|ERROR|10|FailedToDecryptConfigInformation: Dsn| RequestID = s_b7d86f6c-abe3-41e3-a3a2-f0fb596e3870 
2019-12-03 21:57:06.2063|ERROR|10|FailedToDecryptConfigInformation: Dsn| RequestID = s_bfeae8e9-1742-4a5b-9a14-552d32fecc78 
2019-12-03 21:57:16.2327|ERROR|10|FailedToDecryptConfigInformation: Dsn| RequestID = s_ff565904-d415-4229-b08f-38addcc965b9 
2019-12-03 21:57:26.2581|ERROR|10|FailedToDecryptConfigInformation: Dsn| RequestID = s_0fcf2e9a-7964-4fda-8be8-68a37b56e46d 
2019-12-03 21:57:36.2763|ERROR|10|FailedToDecryptConfigInformation: Dsn| RequestID = s_d7bed7f1-659d-49f7-b1c0-cda62f6f0c61 
2019-12-03 21:57:46.3188|ERROR|28|FailedToDecryptConfigInformation: Dsn| RequestID = s_88843d95-20b4-4d21-ba32-933f6456dcba 
2019-12-03 21:57:56.3343|ERROR|28|FailedToDecryptConfigInformation: Dsn| RequestID = s_36690acb-1967-4c98-94b6-db832412a468 
2019-12-03 21:58:06.3587|ERROR|28|FailedToDecryptConfigInformation: Dsn| RequestID = s_1a3f2023-d23f-4f99-8e7e-557f9f8a2506 
2019-12-03 21:58:16.4826|ERROR|28|FailedToDecryptConfigInformation: Dsn| RequestID = s_2699641c-e60a-4851-82e5-3334e1d6a4b2 
2019-12-03 21:58:26.5426|ERROR|28|FailedToDecryptConfigInformation: Dsn| RequestID = s_9291f7d7-dcda-423c-9c37-59563d3f7337 
2019-12-03 21:58:36.6474|ERROR|28|FailedToDecryptConfigInformation: Dsn| RequestID = s_5decf5d1-99e3-43f8-8e3a-8c2e83d188dc 
2019-12-03 21:58:46.6757|ERROR|28|FailedToDecryptConfigInformation: Dsn| RequestID = s_ff70f9ca-b8a2-4831-947c-2f06b1fd3bee 
2019-12-03 21:58:56.7105|ERROR|7|FailedToDecryptConfigInformation: Dsn| RequestID = s_0eb6837c-6295-4dd2-823c-eb4f479ccc76 
2019-12-03 21:59:06.7692|ERROR|7|FailedToDecryptConfigInformation: Dsn| RequestID = s_bc994498-ffa0-4955-83fd-4ca592f932c9 
2019-12-03 21:59:16.7920|ERROR|7|FailedToDecryptConfigInformation: Dsn| RequestID = s_cd185c35-bec8-4b87-bae8-35672b47b941 
2019-12-03 21:59:26.8073|ERROR|13|FailedToDecryptConfigInformation: Dsn| RequestID = s_2e5e86b6-f24e-4016-9414-44afca40b213 
2019-12-03 21:59:36.8401|ERROR|13|FailedToDecryptConfigInformation: Dsn| RequestID = s_3a70f53e-9ba3-4af1-a0f6-393eb0b90655 
2019-12-03 21:59:46.8688|ERROR|15|FailedToDecryptConfigInformation: Dsn| RequestID = s_672d4471-d925-4c30-9f8c-a0266e5b7707 
2019-12-03 21:59:56.9208|ERROR|15|FailedToDecryptConfigInformation: Dsn| RequestID = s_ed047d94-f96f-4b75-af31-b55d68ec8557 
