2019-12-03 18:17:41.7788|INFO|1|File Logger created: 'C:\Users\simba\Desktop\BiT\Software\SSRS\LogFiles\RSManagement_${DailyDate}.log' - level Info, will roll at 32 Mb, process id 5904
2019-12-03 18:17:42.1988|INFO|1|CFG : Dumper.path = [..\LogFiles\] (env)
2019-12-03 18:17:42.1988|INFO|1|CFG : Name = [] (env)
2019-12-03 18:17:42.1988|INFO|1|CFG : Dumper.flags = [SendToWatson, AllThreads, AllMemory] (env)
2019-12-03 18:17:42.1988|INFO|1|CFG : Dumper.preventIfContains = [Microsoft.BIServer.HostingEnvironment.Exceptions.TrustedProcessTokenExpiredException] (env)
2019-12-03 18:17:42.2583|INFO|1|Do not dump on: Microsoft.BIServer.HostingEnvironment.Exceptions.TrustedProcessTokenExpiredException
2019-12-03 18:17:42.2598|INFO|1|CFG : listenerUrl = [http://+:8082/] (env)
2019-12-03 18:17:42.2598|INFO|1|CFG : rsConfigFilePath = [..\ReportServer\rsreportserver.config] (env)
2019-12-03 18:17:42.4049|INFO|1|SKU: SQL Server Evaluation
2019-12-03 18:17:43.6410|INFO|1|The web server needs to run elevated
2019-12-03 18:17:43.6410|INFO|1|Web Server is running.
2019-12-03 18:17:46.4415|ERROR|6|FailedToDecryptConfigInformation: Dsn| RequestID = s_d1706295-5700-4a62-a773-459aea1e49ec 
2019-12-03 18:17:47.7057|ERROR|6|FailedToDecryptConfigInformation: Dsn| RequestID = s_fa0b43a6-d569-4c1a-b291-4b3551875fda 
2019-12-03 18:17:57.7746|ERROR|6|FailedToDecryptConfigInformation: Dsn| RequestID = s_8fcf25c1-4581-4391-9db2-40e055777ec3 
2019-12-03 18:18:07.7907|ERROR|6|FailedToDecryptConfigInformation: Dsn| RequestID = s_be88408d-b330-4121-b118-457459ba5462 
2019-12-03 18:18:17.8062|ERROR|6|FailedToDecryptConfigInformation: Dsn| RequestID = s_b7e84583-e032-4488-b669-d2be26d05a6a 
2019-12-03 18:18:27.8318|ERROR|9|FailedToDecryptConfigInformation: Dsn| RequestID = s_6de059e9-3df3-4a1e-b34b-9b3332af8e00 
2019-12-03 18:18:37.8493|ERROR|9|FailedToDecryptConfigInformation: Dsn| RequestID = s_d5c3a6fa-56aa-4264-830b-e1147e804678 
2019-12-03 18:18:47.8818|ERROR|9|FailedToDecryptConfigInformation: Dsn| RequestID = s_efc0562f-badd-41b9-b120-60355d3e5475 
2019-12-03 18:18:57.9053|ERROR|9|FailedToDecryptConfigInformation: Dsn| RequestID = s_af56d0ce-1ded-4145-b530-3085d04563e2 
2019-12-03 18:19:07.9399|ERROR|11|FailedToDecryptConfigInformation: Dsn| RequestID = s_2bc63093-a0e3-4671-8d79-0d7b009e8b00 
2019-12-03 18:19:17.9539|ERROR|11|FailedToDecryptConfigInformation: Dsn| RequestID = s_41041dd5-a4ca-44f5-a44f-faaa9d985987 
2019-12-03 18:19:27.9679|ERROR|12|FailedToDecryptConfigInformation: Dsn| RequestID = s_0e35b5d3-50b9-4ad1-86c2-72a522b266c2 
2019-12-03 18:19:37.9830|ERROR|11|FailedToDecryptConfigInformation: Dsn| RequestID = s_86f65cb1-03d9-4510-a792-8d6443c6b1d0 
2019-12-03 18:19:48.0072|ERROR|11|FailedToDecryptConfigInformation: Dsn| RequestID = s_b256ce9d-71a4-4dba-b644-a0e39f67d596 
2019-12-03 18:19:58.0257|ERROR|13|FailedToDecryptConfigInformation: Dsn| RequestID = s_8a830f23-e48b-43b1-bd3a-c6cd6398fc45 
2019-12-03 18:20:08.0536|ERROR|13|FailedToDecryptConfigInformation: Dsn| RequestID = s_fcfafdd4-b246-4c94-a6ef-d4fb8e1f909f 
2019-12-03 18:20:18.0739|ERROR|14|FailedToDecryptConfigInformation: Dsn| RequestID = s_9883c1a0-296d-442c-8884-ddbd53e79ad7 
2019-12-03 18:20:28.0913|ERROR|14|FailedToDecryptConfigInformation: Dsn| RequestID = s_1a0bc011-0277-4107-9d67-5fd28b6dca26 
2019-12-03 18:20:38.1112|ERROR|15|FailedToDecryptConfigInformation: Dsn| RequestID = s_b9fa3b26-c519-4967-bf48-e26cd8a19109 
2019-12-03 18:20:48.1266|ERROR|15|FailedToDecryptConfigInformation: Dsn| RequestID = s_91b433c4-ab00-4432-8a49-1dffa47fa536 
2019-12-03 18:20:58.1415|ERROR|16|FailedToDecryptConfigInformation: Dsn| RequestID = s_b8ff3a97-0e72-4a9f-b186-90edb98b9efc 
2019-12-03 18:21:08.1542|ERROR|15|FailedToDecryptConfigInformation: Dsn| RequestID = s_36f15388-8ae4-4308-b559-7dbda6a5d9b0 
2019-12-03 18:21:18.1740|ERROR|16|FailedToDecryptConfigInformation: Dsn| RequestID = s_379da978-bcf8-459f-8e71-b3d617d50a0a 
2019-12-03 18:21:28.2052|ERROR|16|FailedToDecryptConfigInformation: Dsn| RequestID = s_a27d79be-b73d-43ac-ac57-c94c446dce1f 
2019-12-03 18:21:38.2272|ERROR|18|FailedToDecryptConfigInformation: Dsn| RequestID = s_e34fb2f3-db17-4ced-84e9-b2dc39b3a866 
2019-12-03 18:21:48.2467|ERROR|18|FailedToDecryptConfigInformation: Dsn| RequestID = s_a884c23f-ae95-4e6c-bded-7a667cf937dc 
2019-12-03 18:21:58.2648|ERROR|18|FailedToDecryptConfigInformation: Dsn| RequestID = s_8427c285-7395-407d-87f5-d166673cc87f 
2019-12-03 18:22:08.3754|ERROR|18|FailedToDecryptConfigInformation: Dsn| RequestID = s_6cbf6958-98d3-4af7-95f1-863ef69ccf89 
2019-12-03 18:22:18.3968|ERROR|19|FailedToDecryptConfigInformation: Dsn| RequestID = s_f493857b-965c-4515-8898-e29af53220fe 
2019-12-03 18:22:28.4113|ERROR|19|FailedToDecryptConfigInformation: Dsn| RequestID = s_7b144ed7-7480-4fc1-a3dd-6e9ca9ad43d5 
2019-12-03 18:22:38.4338|ERROR|19|FailedToDecryptConfigInformation: Dsn| RequestID = s_67883d45-409c-4ea1-ba24-bbe2ddb70ad5 
2019-12-03 18:22:48.4520|ERROR|18|FailedToDecryptConfigInformation: Dsn| RequestID = s_bd7a4359-e2f1-41e7-ae34-8ee82925aae5 
2019-12-03 18:22:58.4630|ERROR|18|FailedToDecryptConfigInformation: Dsn| RequestID = s_78585838-dd6a-4592-a123-4f33d00b404d 
2019-12-03 18:23:08.4769|ERROR|9|FailedToDecryptConfigInformation: Dsn| RequestID = s_58eabaad-3a07-4bc7-a7fb-8b7ba35e612d 
2019-12-03 18:23:18.5063|ERROR|9|FailedToDecryptConfigInformation: Dsn| RequestID = s_736d385e-fc94-4b18-964e-485ab58ddcbb 
2019-12-03 18:23:28.5386|ERROR|9|FailedToDecryptConfigInformation: Dsn| RequestID = s_658ff057-44a3-4f7d-bfc2-dc167f6c89fe 
2019-12-03 18:23:38.6419|ERROR|9|FailedToDecryptConfigInformation: Dsn| RequestID = s_ec6f65c3-670d-439f-aa3d-181e0cc1eeb7 
2019-12-03 18:23:48.6831|ERROR|9|FailedToDecryptConfigInformation: Dsn| RequestID = s_b9cf9094-a951-437b-a96d-528d115213d4 
2019-12-03 18:23:58.7039|ERROR|9|FailedToDecryptConfigInformation: Dsn| RequestID = s_fd69c630-7dd4-4100-a8a4-9ba06b69f3dd 
2019-12-03 18:24:08.7311|ERROR|9|FailedToDecryptConfigInformation: Dsn| RequestID = s_238d0f28-5745-495b-8b7b-f4e9c20cbdfd 
2019-12-03 18:24:18.7654|ERROR|9|FailedToDecryptConfigInformation: Dsn| RequestID = s_93fd7aca-d1d0-475d-84c8-357af3ecbad9 
2019-12-03 18:24:28.7882|ERROR|9|FailedToDecryptConfigInformation: Dsn| RequestID = s_4e25b0a6-72b2-4d87-8b12-98b914037dfc 
2019-12-03 18:24:38.8034|ERROR|21|FailedToDecryptConfigInformation: Dsn| RequestID = s_7d124126-fa41-4166-b499-78cc66c197da 
2019-12-03 18:24:48.8167|ERROR|21|FailedToDecryptConfigInformation: Dsn| RequestID = s_579a3f92-996c-4b5c-b0da-fef48b9f0c49 
2019-12-03 18:24:58.8299|ERROR|22|FailedToDecryptConfigInformation: Dsn| RequestID = s_b14b5d8d-9bd1-42cc-bd4a-5a8b787d1744 
2019-12-03 18:25:08.8507|ERROR|22|FailedToDecryptConfigInformation: Dsn| RequestID = s_79a9570d-21ed-4dfb-9759-12e3b32e4ead 
2019-12-03 18:25:18.8769|ERROR|22|FailedToDecryptConfigInformation: Dsn| RequestID = s_7fed4a15-4e77-49aa-bbf1-dc1979f3923d 
2019-12-03 18:25:28.9042|ERROR|22|FailedToDecryptConfigInformation: Dsn| RequestID = s_4609b5f8-f409-4f97-bcec-fe2e7175767b 
2019-12-03 18:25:38.9509|ERROR|22|FailedToDecryptConfigInformation: Dsn| RequestID = s_4ef523aa-c145-4d52-9959-3f5e9188491a 
2019-12-03 18:25:48.9807|ERROR|17|FailedToDecryptConfigInformation: Dsn| RequestID = s_32de19df-8860-41ef-b82e-2992bb382748 
2019-12-03 18:25:59.0085|ERROR|17|FailedToDecryptConfigInformation: Dsn| RequestID = s_3a16a001-4903-4c9c-9933-9381caeae34f 
2019-12-03 18:26:09.0392|ERROR|17|FailedToDecryptConfigInformation: Dsn| RequestID = s_5aeb9dbb-cd24-472e-a81b-ea32f75879a2 
2019-12-03 18:26:19.0680|ERROR|17|FailedToDecryptConfigInformation: Dsn| RequestID = s_c4ea3ffe-d595-4314-b5a3-602b5cf7d216 
2019-12-03 18:26:29.0978|ERROR|16|FailedToDecryptConfigInformation: Dsn| RequestID = s_668caf45-e506-49b7-a401-478157855d20 
2019-12-03 18:26:39.1270|ERROR|16|FailedToDecryptConfigInformation: Dsn| RequestID = s_973aa5c4-f6b8-4bbe-8e8d-beb145a60791 
2019-12-03 18:26:49.1578|ERROR|16|FailedToDecryptConfigInformation: Dsn| RequestID = s_efd8c389-98c1-4ae8-ba68-ba2a79209dd3 
2019-12-03 18:26:59.1870|ERROR|16|FailedToDecryptConfigInformation: Dsn| RequestID = s_ad279cee-ef5c-433e-9027-299d20e884fd 
2019-12-03 18:27:09.2073|ERROR|16|FailedToDecryptConfigInformation: Dsn| RequestID = s_1655519a-03c4-41e6-b725-18a8571b20cd 
2019-12-03 18:27:19.2351|ERROR|15|FailedToDecryptConfigInformation: Dsn| RequestID = s_17d01562-daf3-4995-a093-26c9ea315199 
2019-12-03 18:27:29.2638|ERROR|15|FailedToDecryptConfigInformation: Dsn| RequestID = s_893c5231-b8e6-49a1-b4dc-fd31372a1cb2 
2019-12-03 18:27:39.2931|ERROR|16|FailedToDecryptConfigInformation: Dsn| RequestID = s_fa023298-ebef-4692-86d8-32754f939227 
2019-12-03 18:27:49.3258|ERROR|16|FailedToDecryptConfigInformation: Dsn| RequestID = s_9aa49858-3507-4183-a1b5-48d694e65509 
2019-12-03 18:27:59.3501|ERROR|16|FailedToDecryptConfigInformation: Dsn| RequestID = s_e647076b-b759-44c3-8269-80a1caa01bce 
2019-12-03 18:28:09.3690|ERROR|15|FailedToDecryptConfigInformation: Dsn| RequestID = s_cf56973d-5c6a-4881-b2a6-863462a250c1 
2019-12-03 18:28:19.3818|ERROR|15|FailedToDecryptConfigInformation: Dsn| RequestID = s_1120ddda-a91a-4c43-9afb-0cf906f547bc 
2019-12-03 18:28:29.3995|ERROR|15|FailedToDecryptConfigInformation: Dsn| RequestID = s_cada766a-5a7c-476f-aa4e-dc31f3baf602 
2019-12-03 18:28:39.4268|ERROR|15|FailedToDecryptConfigInformation: Dsn| RequestID = s_5c190920-4999-4662-9927-d5b4ba04721b 
2019-12-03 18:28:49.4415|ERROR|15|FailedToDecryptConfigInformation: Dsn| RequestID = s_57559d3a-e2c7-4d15-bbfe-0bd4348bb181 
2019-12-03 18:28:59.4548|ERROR|15|FailedToDecryptConfigInformation: Dsn| RequestID = s_a30c46f3-8d2d-4166-8ca3-ed9545fd7b4c 
2019-12-03 18:29:09.4710|ERROR|8|FailedToDecryptConfigInformation: Dsn| RequestID = s_e1364c39-65c0-41eb-a25a-91e7444073d3 
2019-12-03 18:29:19.4868|ERROR|8|FailedToDecryptConfigInformation: Dsn| RequestID = s_37bd4115-04fb-44bf-9863-41c22b6fbfba 
2019-12-03 18:29:29.5116|ERROR|8|FailedToDecryptConfigInformation: Dsn| RequestID = s_ddbe0869-064d-4b48-9838-ce9ea3a0126e 
2019-12-03 18:29:39.5303|ERROR|8|FailedToDecryptConfigInformation: Dsn| RequestID = s_45cc91ad-a4f4-4f64-997a-92cb89437f45 
2019-12-03 18:29:49.5486|ERROR|9|FailedToDecryptConfigInformation: Dsn| RequestID = s_e4bb9089-5c59-4ea9-8f43-8aca87bc1697 
2019-12-03 18:29:59.5634|ERROR|9|FailedToDecryptConfigInformation: Dsn| RequestID = s_5dd0cea8-9432-46c4-bcfb-908d9b936c30 
2019-12-03 18:30:09.5906|ERROR|9|FailedToDecryptConfigInformation: Dsn| RequestID = s_d84248a4-caa4-442f-bfaa-becee9326d81 
2019-12-03 18:30:19.6250|ERROR|9|FailedToDecryptConfigInformation: Dsn| RequestID = s_20ccd7bf-1d5b-4c3a-af71-1bf96438b4bc 
2019-12-03 18:30:29.6524|ERROR|9|FailedToDecryptConfigInformation: Dsn| RequestID = s_cd21daa4-dbd3-48e3-9a47-44605d597101 
2019-12-03 18:30:39.8233|ERROR|9|FailedToDecryptConfigInformation: Dsn| RequestID = s_3f4c33fb-f5d0-4bb8-bc7f-d66e04995650 
2019-12-03 18:30:49.9317|ERROR|13|FailedToDecryptConfigInformation: Dsn| RequestID = s_563c8090-03a6-4857-a46e-d86fc5b349db 
2019-12-03 18:30:59.9601|ERROR|13|FailedToDecryptConfigInformation: Dsn| RequestID = s_c05d5b9d-79a9-4513-b898-32f9266764c7 
2019-12-03 18:31:09.9879|ERROR|13|FailedToDecryptConfigInformation: Dsn| RequestID = s_0d9e0dfa-1574-41a1-9c48-8d71e46cb225 
2019-12-03 18:31:20.0037|ERROR|13|FailedToDecryptConfigInformation: Dsn| RequestID = s_811db823-4e6a-4cdb-a062-dac9e97f07dc 
2019-12-03 18:31:30.0174|ERROR|13|FailedToDecryptConfigInformation: Dsn| RequestID = s_4d379925-deb1-40c1-8595-9847ae1c9c40 
2019-12-03 18:31:40.0348|ERROR|11|FailedToDecryptConfigInformation: Dsn| RequestID = s_bcfca1c6-e9ea-4cbc-b25f-ab2f0b2ef9a3 
2019-12-03 18:31:50.0707|ERROR|11|FailedToDecryptConfigInformation: Dsn| RequestID = s_cf77ec3f-ee35-4739-8968-a4dfa8ef0e6d 
2019-12-03 18:32:00.1125|ERROR|11|FailedToDecryptConfigInformation: Dsn| RequestID = s_578752bf-ff42-4084-8fda-381758ff28a0 
2019-12-03 18:32:10.1422|ERROR|6|FailedToDecryptConfigInformation: Dsn| RequestID = s_67e58b95-9b90-4165-b0c2-6ba71d1e2968 
2019-12-03 18:32:20.1720|ERROR|6|FailedToDecryptConfigInformation: Dsn| RequestID = s_711c7f8f-93c2-42cf-a78d-0ca71963219e 
2019-12-03 18:32:30.1960|ERROR|4|FailedToDecryptConfigInformation: Dsn| RequestID = s_dafa075f-a536-42c5-8a1d-28f672ca5908 
2019-12-03 18:32:40.2178|ERROR|4|FailedToDecryptConfigInformation: Dsn| RequestID = s_36ef7ca4-3186-4111-8bcb-69a7e4f5ae7c 
2019-12-03 18:32:50.2480|ERROR|23|FailedToDecryptConfigInformation: Dsn| RequestID = s_5c5608fa-e21d-4b15-baa2-b09de4b55136 
2019-12-03 18:33:00.2768|ERROR|23|FailedToDecryptConfigInformation: Dsn| RequestID = s_69bbcc39-3260-4673-8f10-0263d201e57f 
2019-12-03 18:33:10.3471|ERROR|23|FailedToDecryptConfigInformation: Dsn| RequestID = s_38c71111-4bb0-46f4-b54b-4308e2799eec 
2019-12-03 18:33:20.3848|ERROR|23|FailedToDecryptConfigInformation: Dsn| RequestID = s_92e7c9a6-9520-4bd5-8ff4-42efd63d79c2 
2019-12-03 18:33:30.4116|ERROR|23|FailedToDecryptConfigInformation: Dsn| RequestID = s_51301c58-fd40-4b18-8987-1540198aa6c3 
2019-12-03 18:33:40.4314|ERROR|8|FailedToDecryptConfigInformation: Dsn| RequestID = s_34782b5d-63d0-429e-9d54-9c30ea825e50 
2019-12-03 18:33:50.4571|ERROR|8|FailedToDecryptConfigInformation: Dsn| RequestID = s_429e47bc-5414-4376-8206-caa8c657aac3 
2019-12-03 18:34:00.4724|ERROR|8|FailedToDecryptConfigInformation: Dsn| RequestID = s_6fbbdae9-4729-4ca9-9731-725d4db0c784 
2019-12-03 18:34:10.4916|ERROR|7|FailedToDecryptConfigInformation: Dsn| RequestID = s_cda47555-3443-4a58-828a-50bd36735acd 
2019-12-03 18:34:20.5149|ERROR|7|FailedToDecryptConfigInformation: Dsn| RequestID = s_dbf04952-4423-49d6-ad66-b55e11deb923 
2019-12-03 18:34:30.5447|ERROR|26|FailedToDecryptConfigInformation: Dsn| RequestID = s_09d55d80-ab63-48af-a5d8-e5a0c7ed73c3 
2019-12-03 18:34:40.5594|ERROR|26|FailedToDecryptConfigInformation: Dsn| RequestID = s_4df59bc6-392c-4f57-8775-7ce82bd25022 
2019-12-03 18:34:50.5828|ERROR|26|FailedToDecryptConfigInformation: Dsn| RequestID = s_0c357825-19d5-4942-959b-c6ab9a34e68d 
2019-12-03 18:35:00.6121|ERROR|26|FailedToDecryptConfigInformation: Dsn| RequestID = s_1d6dc30b-88b8-4228-b3d0-654c2dbdc09e 
2019-12-03 18:35:10.6320|ERROR|28|FailedToDecryptConfigInformation: Dsn| RequestID = s_2ed0e60f-c71e-4168-87db-28de64ed9cd5 
2019-12-03 18:35:20.6628|ERROR|28|FailedToDecryptConfigInformation: Dsn| RequestID = s_4b9937af-b6cf-427c-bd52-25c25ba58bff 
2019-12-03 18:35:30.6775|ERROR|28|FailedToDecryptConfigInformation: Dsn| RequestID = s_a2038323-10bb-4de9-983d-5518448712bb 
2019-12-03 18:35:40.7019|ERROR|28|FailedToDecryptConfigInformation: Dsn| RequestID = s_ddd605bd-c0b0-4b23-9b8b-2b8e5e49ffd3 
2019-12-03 18:35:50.7307|ERROR|28|FailedToDecryptConfigInformation: Dsn| RequestID = s_1a390b09-3d3d-4a75-a8ff-f6c704143dd8 
2019-12-03 18:36:00.7594|ERROR|29|FailedToDecryptConfigInformation: Dsn| RequestID = s_343d8f6d-85db-4996-9076-03712406720f 
2019-12-03 18:36:10.7917|ERROR|29|FailedToDecryptConfigInformation: Dsn| RequestID = s_ab7ddec5-96e0-4430-a692-5f9eb75d8d05 
2019-12-03 18:36:20.8200|ERROR|29|FailedToDecryptConfigInformation: Dsn| RequestID = s_a0a04818-66c6-4416-a797-d4d5adefe6be 
2019-12-03 18:36:30.8482|ERROR|4|FailedToDecryptConfigInformation: Dsn| RequestID = s_a707af0e-8726-48cc-84f1-1eb7d200268c 
2019-12-03 18:36:40.8780|ERROR|4|FailedToDecryptConfigInformation: Dsn| RequestID = s_2a3e14a6-f305-4979-8fac-e2ad66bef632 
2019-12-03 18:36:50.8933|ERROR|6|FailedToDecryptConfigInformation: Dsn| RequestID = s_0179d43f-3a5b-456a-9d6e-5e661740651c 
2019-12-03 18:37:00.9215|ERROR|6|FailedToDecryptConfigInformation: Dsn| RequestID = s_fb1e69bc-0467-4e22-a70e-96c4d1294931 
2019-12-03 18:37:10.9419|ERROR|6|FailedToDecryptConfigInformation: Dsn| RequestID = s_6eae14ac-d59c-429d-a829-5fa041cce89f 
2019-12-03 18:37:20.9767|ERROR|6|FailedToDecryptConfigInformation: Dsn| RequestID = s_53103d27-2ad5-4b76-bd05-7ad3a85240cb 
2019-12-03 18:37:30.9979|ERROR|6|FailedToDecryptConfigInformation: Dsn| RequestID = s_4533c2f0-4e06-4979-a874-44f6e5925116 
2019-12-03 18:37:41.0360|ERROR|6|FailedToDecryptConfigInformation: Dsn| RequestID = s_5e4f6a15-9475-46dd-b899-da4ff2dabe48 
2019-12-03 18:37:51.0853|ERROR|6|FailedToDecryptConfigInformation: Dsn| RequestID = s_a3ffc518-8283-47f4-ab1f-c5b7f4ef0eef 
2019-12-03 18:38:01.1095|ERROR|6|FailedToDecryptConfigInformation: Dsn| RequestID = s_7ef3f5c7-fb66-4f5e-9158-845835c12da7 
2019-12-03 18:38:11.1393|ERROR|6|FailedToDecryptConfigInformation: Dsn| RequestID = s_128366ee-8b0f-4724-a9d2-816ee33c8b22 
2019-12-03 18:38:21.1921|ERROR|6|FailedToDecryptConfigInformation: Dsn| RequestID = s_6133d624-6fa7-468a-b26b-7ab756e438e7 
2019-12-03 18:38:31.2180|ERROR|6|FailedToDecryptConfigInformation: Dsn| RequestID = s_035ab8f0-e67c-4a6a-b526-d9cb4b150527 
2019-12-03 18:38:41.2557|ERROR|27|FailedToDecryptConfigInformation: Dsn| RequestID = s_78f2b81b-90f1-475a-803a-99e2b2b435bd 
2019-12-03 18:38:51.3320|ERROR|27|FailedToDecryptConfigInformation: Dsn| RequestID = s_05083e04-e158-4893-b813-e08b662adb0f 
2019-12-03 18:39:01.3693|ERROR|27|FailedToDecryptConfigInformation: Dsn| RequestID = s_99e23f53-8e36-4f24-a9d2-0694d786f3c0 
2019-12-03 18:39:11.3995|ERROR|27|FailedToDecryptConfigInformation: Dsn| RequestID = s_9f2c95d0-05a0-4a7c-b223-c491f10c293b 
2019-12-03 18:39:21.4133|ERROR|27|FailedToDecryptConfigInformation: Dsn| RequestID = s_b8449448-6b91-42f3-a4fe-8c962f2f81cb 
2019-12-03 18:39:31.4519|ERROR|7|FailedToDecryptConfigInformation: Dsn| RequestID = s_f0bc7cff-770f-4c75-ba0e-d179d67fd835 
2019-12-03 18:39:41.4923|ERROR|7|FailedToDecryptConfigInformation: Dsn| RequestID = s_06690aa6-5ed7-42db-9904-7d7d90132933 
2019-12-03 18:39:51.5091|ERROR|8|FailedToDecryptConfigInformation: Dsn| RequestID = s_db205095-7d2b-48e3-8fd9-72e71133879f 
2019-12-03 18:40:01.5404|ERROR|7|FailedToDecryptConfigInformation: Dsn| RequestID = s_03b36eb3-2822-464e-8b82-a6fad27b196a 
2019-12-03 18:40:11.5671|ERROR|8|FailedToDecryptConfigInformation: Dsn| RequestID = s_26f2e7e6-9beb-4c08-a54b-3905e0568a63 
2019-12-03 18:40:21.5969|ERROR|8|FailedToDecryptConfigInformation: Dsn| RequestID = s_9b6b3468-98dc-4f04-b177-ffbc71890d67 
2019-12-03 18:40:31.6311|ERROR|8|FailedToDecryptConfigInformation: Dsn| RequestID = s_c30e0c67-a058-4a7d-9366-cfaa58bc4adb 
2019-12-03 18:40:41.6660|ERROR|8|FailedToDecryptConfigInformation: Dsn| RequestID = s_313131ee-1952-4a3f-abe4-f7475200a950 
2019-12-03 18:40:51.6914|ERROR|8|FailedToDecryptConfigInformation: Dsn| RequestID = s_4ce30c87-533f-4dac-9841-315be7a86d68 
2019-12-03 18:41:01.7112|ERROR|24|FailedToDecryptConfigInformation: Dsn| RequestID = s_edfda978-1d9b-4d7d-b5e7-feb5e5ab7291 
2019-12-03 18:41:11.7249|ERROR|24|FailedToDecryptConfigInformation: Dsn| RequestID = s_90cedef9-25cf-4c44-b325-0edaf6e709d8 
2019-12-03 18:41:21.7533|ERROR|12|FailedToDecryptConfigInformation: Dsn| RequestID = s_daa3b57c-4e12-4ec3-8725-58b60a38ad3a 
2019-12-03 18:41:31.7816|ERROR|12|FailedToDecryptConfigInformation: Dsn| RequestID = s_2a1d23a7-ee6e-4439-a989-4914525bdc2e 
2019-12-03 18:41:41.8119|ERROR|11|FailedToDecryptConfigInformation: Dsn| RequestID = s_1b5e9c9c-bd13-432b-ba08-27b4c855e8b6 
2019-12-03 18:41:51.8426|ERROR|11|FailedToDecryptConfigInformation: Dsn| RequestID = s_016e651a-fed2-4c22-99b0-8ccebce2272f 
2019-12-03 18:42:01.8709|ERROR|4|FailedToDecryptConfigInformation: Dsn| RequestID = s_728298dc-6fc3-47ee-899f-cb6c93c75ffe 
2019-12-03 18:42:11.9006|ERROR|4|FailedToDecryptConfigInformation: Dsn| RequestID = s_69964fcb-2260-467d-85ca-f899f6f56072 
2019-12-03 18:42:21.9309|ERROR|4|FailedToDecryptConfigInformation: Dsn| RequestID = s_648415e9-47c0-4a32-a9f8-2035827823c0 
2019-12-03 18:42:31.9451|ERROR|4|FailedToDecryptConfigInformation: Dsn| RequestID = s_d73c3625-5c04-47ce-bc58-e8a81fc9a138 
2019-12-03 18:42:41.9744|ERROR|32|FailedToDecryptConfigInformation: Dsn| RequestID = s_2b4fdb70-fb9b-422d-85c1-d4866d6dc7de 
2019-12-03 18:42:52.0047|ERROR|32|FailedToDecryptConfigInformation: Dsn| RequestID = s_090d2b3a-4911-4c98-ad10-46c5f2f0ce85 
2019-12-03 18:43:02.0339|ERROR|33|FailedToDecryptConfigInformation: Dsn| RequestID = s_2d15048a-e46c-463f-ba41-3e2abb789a69 
2019-12-03 18:43:12.0532|ERROR|33|FailedToDecryptConfigInformation: Dsn| RequestID = s_52e2aebc-ff1c-46fb-9ea5-9fa75b62a06b 
2019-12-03 18:43:22.0809|ERROR|33|FailedToDecryptConfigInformation: Dsn| RequestID = s_724c62ed-2284-405c-bbc7-a126099ebb88 
2019-12-03 18:43:32.1003|ERROR|33|FailedToDecryptConfigInformation: Dsn| RequestID = s_8f5d12bc-ce10-4c1e-ab24-13a122e0a34f 
2019-12-03 18:43:42.1276|ERROR|33|FailedToDecryptConfigInformation: Dsn| RequestID = s_26e21a32-7c9c-49da-b141-6d5df88dbbc5 
2019-12-03 18:43:52.1669|ERROR|33|FailedToDecryptConfigInformation: Dsn| RequestID = s_f4b61798-7ea7-418a-b37d-8262c50a280a 
2019-12-03 18:44:02.1876|ERROR|33|FailedToDecryptConfigInformation: Dsn| RequestID = s_f4265970-4af4-4e62-873d-0ed88a969aa5 
2019-12-03 18:44:12.2169|ERROR|25|FailedToDecryptConfigInformation: Dsn| RequestID = s_18bc834a-81d0-4443-96bb-eccb16e68993 
2019-12-03 18:44:22.2438|ERROR|25|FailedToDecryptConfigInformation: Dsn| RequestID = s_c751daea-1550-4e70-8f91-5062a5e27d80 
2019-12-03 18:44:32.2685|ERROR|25|FailedToDecryptConfigInformation: Dsn| RequestID = s_dc19703e-6800-4c14-b2fd-32279d5ff6b6 
2019-12-03 18:44:42.3518|ERROR|25|FailedToDecryptConfigInformation: Dsn| RequestID = s_081d1c41-3d0c-477a-a833-9e21ec7483ca 
2019-12-03 18:44:52.4856|ERROR|25|FailedToDecryptConfigInformation: Dsn| RequestID = s_195d7bed-cbc9-4899-ac86-404da8fd4607 
2019-12-03 18:45:02.5152|ERROR|7|FailedToDecryptConfigInformation: Dsn| RequestID = s_9e853f91-daa5-4127-a970-89b4f3e6acb1 
2019-12-03 18:45:12.5404|ERROR|25|FailedToDecryptConfigInformation: Dsn| RequestID = s_bdd75d68-ccae-4751-b4c5-dc7e5f0dfc6f 
2019-12-03 18:45:22.5736|ERROR|7|FailedToDecryptConfigInformation: Dsn| RequestID = s_6c1d8246-bf95-4270-8f86-6b31eda38899 
2019-12-03 18:45:32.5979|ERROR|25|FailedToDecryptConfigInformation: Dsn| RequestID = s_90050935-fa79-44f4-8aef-7863414af432 
2019-12-03 18:45:42.6258|ERROR|25|FailedToDecryptConfigInformation: Dsn| RequestID = s_275452d2-462b-4256-8901-9d9011b31041 
2019-12-03 18:45:52.6416|ERROR|27|FailedToDecryptConfigInformation: Dsn| RequestID = s_add550fd-f5dc-4372-a502-4b0a1433695e 
2019-12-03 18:46:02.6606|ERROR|27|FailedToDecryptConfigInformation: Dsn| RequestID = s_870dc6fd-0fe4-40ae-803b-31d499c72949 
2019-12-03 18:46:12.6908|ERROR|37|FailedToDecryptConfigInformation: Dsn| RequestID = s_32a77623-b7e4-4aec-9c36-12a1d0625a07 
2019-12-03 18:46:22.7201|ERROR|37|FailedToDecryptConfigInformation: Dsn| RequestID = s_5c647b04-60bb-48e0-9ce8-669a21cb1b7b 
2019-12-03 18:46:32.7344|ERROR|38|FailedToDecryptConfigInformation: Dsn| RequestID = s_6221fcd7-bc79-4a8b-b531-c50a0422c00b 
2019-12-03 18:46:42.7636|ERROR|38|FailedToDecryptConfigInformation: Dsn| RequestID = s_8b50ba43-b0b8-4ce1-92fb-e67839590b69 
2019-12-03 18:46:52.7892|ERROR|38|FailedToDecryptConfigInformation: Dsn| RequestID = s_9ee9dc73-b762-4171-b572-28c596b16c9c 
2019-12-03 18:47:02.8034|ERROR|34|FailedToDecryptConfigInformation: Dsn| RequestID = s_68077534-13df-41c4-8680-bb6f5243dc47 
2019-12-03 18:47:12.8422|ERROR|34|FailedToDecryptConfigInformation: Dsn| RequestID = s_5b49fb86-1d84-445f-a360-b66310217759 
2019-12-03 18:47:22.8639|ERROR|31|FailedToDecryptConfigInformation: Dsn| RequestID = s_bf5d284a-f83f-42e0-9558-bc5e0a204234 
2019-12-03 18:47:32.8833|ERROR|31|FailedToDecryptConfigInformation: Dsn| RequestID = s_841cd7a4-8bea-436d-a2b3-847b4d8cc619 
2019-12-03 18:47:42.9071|ERROR|4|FailedToDecryptConfigInformation: Dsn| RequestID = s_74884649-7d83-4daf-8aee-1d8c4ffac652 
2019-12-03 18:47:52.9324|ERROR|4|FailedToDecryptConfigInformation: Dsn| RequestID = s_bd53f83b-d1c1-461b-a5ec-76d3d9af9002 
2019-12-03 18:48:03.0051|ERROR|4|FailedToDecryptConfigInformation: Dsn| RequestID = s_b3fb23fa-2c21-4434-8ff4-420ca34e66a5 
2019-12-03 18:48:13.0269|ERROR|4|FailedToDecryptConfigInformation: Dsn| RequestID = s_4cfa20c9-29d0-4a28-aacc-dcfc9edd3a6b 
2019-12-03 18:48:23.0562|ERROR|4|FailedToDecryptConfigInformation: Dsn| RequestID = s_019e2fd0-dd3a-44bc-baf8-e49a1e4f77f6 
2019-12-03 18:48:33.0862|ERROR|11|FailedToDecryptConfigInformation: Dsn| RequestID = s_4ba00d09-7526-41ae-8957-82930cd891d8 
2019-12-03 18:48:43.1160|ERROR|11|FailedToDecryptConfigInformation: Dsn| RequestID = s_11a2af87-f0cf-4cab-a2da-a737d1b47e73 
2019-12-03 18:48:53.1725|ERROR|11|FailedToDecryptConfigInformation: Dsn| RequestID = s_30aae102-485e-417d-9e8a-d4fb5f47b93e 
2019-12-03 18:49:03.2063|ERROR|11|FailedToDecryptConfigInformation: Dsn| RequestID = s_6aaaf94e-9d3c-4621-b33a-12b2830927a6 
2019-12-03 18:49:13.2540|ERROR|11|FailedToDecryptConfigInformation: Dsn| RequestID = s_6fb6ad56-87e4-42cc-b4a0-b045b95d5bd5 
2019-12-03 18:49:23.3163|ERROR|11|FailedToDecryptConfigInformation: Dsn| RequestID = s_d43af065-065d-4825-9e58-dc111172f79e 
2019-12-03 18:49:33.3676|ERROR|40|FailedToDecryptConfigInformation: Dsn| RequestID = s_2d56648e-c9c5-4e34-aa8d-cf57479ea945 
2019-12-03 18:49:43.4033|ERROR|40|FailedToDecryptConfigInformation: Dsn| RequestID = s_b00df8fe-f416-4158-b6b0-befaf6071ca5 
2019-12-03 18:49:53.4316|ERROR|11|FailedToDecryptConfigInformation: Dsn| RequestID = s_35cf1c8c-4e2b-4b90-9474-ded226c72e49 
2019-12-03 18:50:03.4643|ERROR|40|FailedToDecryptConfigInformation: Dsn| RequestID = s_3be804ea-a920-410d-a044-68c0ee8c20d3 
2019-12-03 18:50:13.4802|ERROR|40|FailedToDecryptConfigInformation: Dsn| RequestID = s_4968e78a-7171-4470-9b62-32074fb0b811 
2019-12-03 18:50:23.4945|ERROR|27|FailedToDecryptConfigInformation: Dsn| RequestID = s_c4d8acea-3738-4ded-84ca-087ca2b21d86 
2019-12-03 18:50:33.6743|ERROR|27|FailedToDecryptConfigInformation: Dsn| RequestID = s_f37d454a-a9f4-4ed9-ad0f-aaaa518715d9 
2019-12-03 18:50:43.7405|ERROR|40|FailedToDecryptConfigInformation: Dsn| RequestID = s_94d52976-9a3d-4c0f-b3bf-4555c0a4ffc5 
2019-12-03 18:50:53.7533|ERROR|40|FailedToDecryptConfigInformation: Dsn| RequestID = s_688cf1f2-dbd8-4c07-b6d4-5add11ffaf7f 
2019-12-03 18:51:03.7700|ERROR|40|FailedToDecryptConfigInformation: Dsn| RequestID = s_98b39991-acc3-4fab-821c-4a884ee313ec 
2019-12-03 18:51:13.7988|ERROR|40|FailedToDecryptConfigInformation: Dsn| RequestID = s_d6b21c84-8abe-4cd1-8a3a-55561a7b4b17 
2019-12-03 18:51:23.8286|ERROR|7|FailedToDecryptConfigInformation: Dsn| RequestID = s_c299d981-eac4-44c6-8fb3-1219d4ca62dc 
2019-12-03 18:51:33.8560|ERROR|7|FailedToDecryptConfigInformation: Dsn| RequestID = s_9cbca173-f5e3-4038-b7fb-7e0726ce5c43 
2019-12-03 18:51:43.9202|ERROR|25|FailedToDecryptConfigInformation: Dsn| RequestID = s_c40f87af-a950-46ea-802c-805916d9a2db 
2019-12-03 18:51:53.9470|ERROR|25|FailedToDecryptConfigInformation: Dsn| RequestID = s_f34bb92a-e39e-4073-9ceb-a658c9514348 
2019-12-03 18:52:03.9608|ERROR|12|FailedToDecryptConfigInformation: Dsn| RequestID = s_5a8a31c8-b31b-47b0-a3b6-c45e985605ac 
2019-12-03 18:52:14.0080|ERROR|12|FailedToDecryptConfigInformation: Dsn| RequestID = s_8c49e260-b137-43e2-b8b6-d793fdea83a5 
2019-12-03 18:52:24.0368|ERROR|12|FailedToDecryptConfigInformation: Dsn| RequestID = s_aa8b1a86-1e81-4494-a963-1885a2903554 
2019-12-03 18:52:34.0575|ERROR|12|FailedToDecryptConfigInformation: Dsn| RequestID = s_6938b6d7-bd99-4c84-98ce-bef02704a924 
2019-12-03 18:52:44.0868|ERROR|12|FailedToDecryptConfigInformation: Dsn| RequestID = s_c3642232-d8cf-4ea4-b083-6b9b365adb1f 
2019-12-03 18:52:54.1102|ERROR|12|FailedToDecryptConfigInformation: Dsn| RequestID = s_0e90cf6c-d98c-433f-9982-a53bbc2d1e08 
2019-12-03 18:53:04.1367|ERROR|12|FailedToDecryptConfigInformation: Dsn| RequestID = s_f704e971-00dc-40d3-8e59-5418bd6d4907 
2019-12-03 18:53:14.1525|ERROR|12|FailedToDecryptConfigInformation: Dsn| RequestID = s_1c5e1372-b4f4-4a18-97da-e51d440769a5 
2019-12-03 18:53:24.2094|ERROR|31|FailedToDecryptConfigInformation: Dsn| RequestID = s_0be85769-a846-4431-a5f1-8b7f751ac033 
2019-12-03 18:53:34.2411|ERROR|31|FailedToDecryptConfigInformation: Dsn| RequestID = s_9215bcf2-c1c9-427e-9553-dfa45906af3b 
2019-12-03 18:53:44.2704|ERROR|32|FailedToDecryptConfigInformation: Dsn| RequestID = s_6f35f6f8-5159-4d88-9fd8-61d989071f80 
2019-12-03 18:53:54.3017|ERROR|32|FailedToDecryptConfigInformation: Dsn| RequestID = s_c3ab975f-e653-4d24-a47b-f566fe8cc29b 
2019-12-03 18:54:04.3299|ERROR|34|FailedToDecryptConfigInformation: Dsn| RequestID = s_99af513d-5160-4a5a-b77b-61bbe583ee97 
2019-12-03 18:54:14.3657|ERROR|34|FailedToDecryptConfigInformation: Dsn| RequestID = s_9f622ef5-42fd-4823-826d-02745f4ba512 
2019-12-03 18:54:24.4104|ERROR|34|FailedToDecryptConfigInformation: Dsn| RequestID = s_652cdae8-ff7e-40ec-8dae-45e3adcbf6a9 
2019-12-03 18:54:34.4312|ERROR|34|FailedToDecryptConfigInformation: Dsn| RequestID = s_0a1680ef-e434-4b76-85bc-65c3cde40c97 
2019-12-03 18:54:44.4605|ERROR|27|FailedToDecryptConfigInformation: Dsn| RequestID = s_1bd2a2c4-0188-4ca6-8b55-be1cb7503e44 
2019-12-03 18:54:54.4768|ERROR|27|FailedToDecryptConfigInformation: Dsn| RequestID = s_baf03d88-e782-4a09-8f29-c7ceb305c49a 
2019-12-03 18:55:04.4952|ERROR|40|FailedToDecryptConfigInformation: Dsn| RequestID = s_5e4efcd2-abe7-465d-bc9e-c26ee11f91a7 
2019-12-03 18:55:14.5126|ERROR|40|FailedToDecryptConfigInformation: Dsn| RequestID = s_7d0bd853-df0f-4207-aa3f-d73376e5b263 
2019-12-03 18:55:24.5424|ERROR|43|FailedToDecryptConfigInformation: Dsn| RequestID = s_a17fe708-a267-4e6c-ab6c-9139896c1eba 
2019-12-03 18:55:34.5567|ERROR|43|FailedToDecryptConfigInformation: Dsn| RequestID = s_044d4d33-95c5-4bf7-9ffb-2196b72fdea2 
2019-12-03 18:55:44.5882|ERROR|43|FailedToDecryptConfigInformation: Dsn| RequestID = s_c2aef65e-9bff-483f-8ffe-ed623eaf1a06 
2019-12-03 18:55:54.6280|ERROR|43|FailedToDecryptConfigInformation: Dsn| RequestID = s_3768ba9a-6e72-42b9-884d-d372f611a04a 
2019-12-03 18:56:04.6562|ERROR|43|FailedToDecryptConfigInformation: Dsn| RequestID = s_b3d1639f-7a94-46fe-b271-73102f09e0f0 
2019-12-03 18:56:14.6705|ERROR|45|FailedToDecryptConfigInformation: Dsn| RequestID = s_e1fa8d4d-97e2-4a65-9802-e610a265b5d8 
2019-12-03 18:56:24.6947|ERROR|45|FailedToDecryptConfigInformation: Dsn| RequestID = s_50778302-dc08-4738-9de8-48feea09b350 
2019-12-03 18:56:34.7083|ERROR|45|FailedToDecryptConfigInformation: Dsn| RequestID = s_a326ce25-4b76-406d-8e1f-4d332460192a 
2019-12-03 18:56:44.7449|ERROR|45|FailedToDecryptConfigInformation: Dsn| RequestID = s_ea3701ea-c981-4473-9349-373d812b50c9 
2019-12-03 18:56:54.7652|ERROR|45|FailedToDecryptConfigInformation: Dsn| RequestID = s_b2cfff61-1fa3-4643-a784-5bdcc720b47b 
2019-12-03 18:57:04.7850|ERROR|46|FailedToDecryptConfigInformation: Dsn| RequestID = s_5161bd6a-d1be-4563-8152-03d3b01ba80b 
2019-12-03 18:57:14.8147|ERROR|46|FailedToDecryptConfigInformation: Dsn| RequestID = s_16d33209-1ff4-4d7b-ae0c-54fcda6062dc 
2019-12-03 18:57:24.8440|ERROR|31|FailedToDecryptConfigInformation: Dsn| RequestID = s_ea286e5b-353b-49ea-b571-ef63fbe79b70 
2019-12-03 18:57:34.8592|ERROR|31|FailedToDecryptConfigInformation: Dsn| RequestID = s_3787d6ff-d4a9-4bd9-930f-65c4471dfc3f 
2019-12-03 18:57:44.8865|ERROR|4|FailedToDecryptConfigInformation: Dsn| RequestID = s_417e17c2-94f9-40f3-83cd-3a8321ea7c21 
2019-12-03 18:57:54.9068|ERROR|4|FailedToDecryptConfigInformation: Dsn| RequestID = s_13fc8d03-f395-4881-a096-94734115c725 
2019-12-03 18:58:04.9281|ERROR|4|FailedToDecryptConfigInformation: Dsn| RequestID = s_21a5bc2b-767f-4970-b128-4ad019d9610f 
2019-12-03 18:58:14.9694|ERROR|4|FailedToDecryptConfigInformation: Dsn| RequestID = s_cc63338f-7511-4873-9a35-751a64be24d6 
2019-12-03 18:58:24.9842|ERROR|12|FailedToDecryptConfigInformation: Dsn| RequestID = s_0b3d686b-fef7-4f99-b46f-ec17068fa022 
2019-12-03 18:58:34.9999|ERROR|4|FailedToDecryptConfigInformation: Dsn| RequestID = s_3a351b22-aa84-460f-82a2-c43ada957411 
2019-12-03 18:58:45.0277|ERROR|4|FailedToDecryptConfigInformation: Dsn| RequestID = s_ec6f939d-c8a6-4c89-898f-9768f774aa13 
2019-12-03 18:58:55.0430|ERROR|25|FailedToDecryptConfigInformation: Dsn| RequestID = s_cc606f8d-b685-4cd8-a098-85e5ebfde718 
2019-12-03 18:59:05.0582|ERROR|25|FailedToDecryptConfigInformation: Dsn| RequestID = s_4a64cb94-935e-43b8-9dec-1eca4fb62054 
2019-12-03 18:59:15.0865|ERROR|7|FailedToDecryptConfigInformation: Dsn| RequestID = s_bca29d8d-3654-4168-ad8c-4d7a379240f4 
2019-12-03 18:59:25.1162|ERROR|7|FailedToDecryptConfigInformation: Dsn| RequestID = s_d3fe335e-ada0-410b-b8bc-c48567192898 
2019-12-03 18:59:35.1330|ERROR|7|FailedToDecryptConfigInformation: Dsn| RequestID = s_81c69ee8-f635-42a7-ab40-c7b40c152717 
2019-12-03 18:59:45.1603|ERROR|7|FailedToDecryptConfigInformation: Dsn| RequestID = s_441237eb-e00e-4537-87f8-71ae407592cd 
2019-12-03 18:59:55.1765|ERROR|7|FailedToDecryptConfigInformation: Dsn| RequestID = s_bf4dd22c-b353-4432-881c-59d1acda4809 
