2019-12-03 19:00:05.2048|ERROR|44|FailedToDecryptConfigInformation: Dsn| RequestID = s_d68dafbd-5cc9-4f16-a092-59d8af71dafe 
2019-12-03 19:00:15.2795|ERROR|7|FailedToDecryptConfigInformation: Dsn| RequestID = s_c8a89dc2-0c54-47e8-9691-7ad0202430cd 
2019-12-03 19:00:25.3223|ERROR|7|FailedToDecryptConfigInformation: Dsn| RequestID = s_ea15f620-e4f7-4a4f-bf10-83f7c82dc0c3 
2019-12-03 19:00:35.3601|ERROR|7|FailedToDecryptConfigInformation: Dsn| RequestID = s_6d2e8c69-5951-4b44-8062-5018d95087e8 
2019-12-03 19:00:45.3983|ERROR|7|FailedToDecryptConfigInformation: Dsn| RequestID = s_63f89d79-c9a5-4f23-9d11-98b868bea68e 
2019-12-03 19:00:55.4281|ERROR|7|FailedToDecryptConfigInformation: Dsn| RequestID = s_b77f6a13-a53a-4af2-acbd-23e6dab72c3e 
2019-12-03 19:01:05.4460|ERROR|7|FailedToDecryptConfigInformation: Dsn| RequestID = s_a4b514fd-3803-4a3e-8565-6d3ea0cfe3d9 
2019-12-03 19:01:15.4846|ERROR|7|FailedToDecryptConfigInformation: Dsn| RequestID = s_c1aa199a-b462-4573-92cd-d0ce0a36ee56 
2019-12-03 19:01:25.6128|ERROR|7|FailedToDecryptConfigInformation: Dsn| RequestID = s_58abfa88-cc63-4945-b04b-88fd30b14f48 
2019-12-03 19:01:35.7406|ERROR|7|FailedToDecryptConfigInformation: Dsn| RequestID = s_30303339-33de-45e8-b8b7-5e5643e24a7a 
2019-12-03 19:01:45.7605|ERROR|34|FailedToDecryptConfigInformation: Dsn| RequestID = s_a8d5798f-46cc-4b68-a252-4194be0e94d0 
2019-12-03 19:01:55.7808|ERROR|34|FailedToDecryptConfigInformation: Dsn| RequestID = s_0820d9b3-3868-47af-ab9b-7259e721146f 
2019-12-03 19:02:05.8068|ERROR|34|FailedToDecryptConfigInformation: Dsn| RequestID = s_bddbe06e-437b-44bd-be3e-c49c839c19e8 
2019-12-03 19:02:15.8346|ERROR|32|FailedToDecryptConfigInformation: Dsn| RequestID = s_88beb662-1431-41ac-9742-cca852139808 
2019-12-03 19:02:25.8633|ERROR|34|FailedToDecryptConfigInformation: Dsn| RequestID = s_c0bab372-be1c-46f1-a153-060040135d53 
2019-12-03 19:02:35.8891|ERROR|34|FailedToDecryptConfigInformation: Dsn| RequestID = s_bb2f87bb-cbe4-4fae-9c6f-1901bc98e07c 
2019-12-03 19:02:45.9049|ERROR|25|FailedToDecryptConfigInformation: Dsn| RequestID = s_42fffe89-6b15-421d-8b10-7de7641ba984 
2019-12-03 19:02:55.9346|ERROR|25|FailedToDecryptConfigInformation: Dsn| RequestID = s_0def86b3-09f0-4bb9-aca4-380c9fc6bc87 
2019-12-03 19:03:05.9629|ERROR|34|FailedToDecryptConfigInformation: Dsn| RequestID = s_ff6a0dae-b3f2-4b90-a48c-5e50fe0f4aa0 
2019-12-03 19:03:15.9917|ERROR|34|FailedToDecryptConfigInformation: Dsn| RequestID = s_b985c9c6-38a7-49c8-b948-3fe9a6d3033c 
2019-12-03 19:03:26.0214|ERROR|12|FailedToDecryptConfigInformation: Dsn| RequestID = s_42089ff9-8626-4e4e-9a60-6dda620eb476 
2019-12-03 19:03:36.0522|ERROR|12|FailedToDecryptConfigInformation: Dsn| RequestID = s_25ce9b04-44c3-42b1-a13d-618988cfbbd2 
2019-12-03 19:03:46.0809|ERROR|4|FailedToDecryptConfigInformation: Dsn| RequestID = s_2735bc11-88c9-4ae8-82fe-1744e177b33b 
2019-12-03 19:03:56.1132|ERROR|4|FailedToDecryptConfigInformation: Dsn| RequestID = s_1e6e9009-5485-454a-9628-cacf9916992b 
2019-12-03 19:04:06.1405|ERROR|31|FailedToDecryptConfigInformation: Dsn| RequestID = s_22b34961-0185-4401-ba85-a7f978a2a7cd 
2019-12-03 19:04:16.1702|ERROR|31|FailedToDecryptConfigInformation: Dsn| RequestID = s_b90475a7-1c8e-4bb8-b3d7-070d5543622f 
2019-12-03 19:04:26.1845|ERROR|11|FailedToDecryptConfigInformation: Dsn| RequestID = s_a70802ee-67e5-45d8-b4be-8edd1757fc03 
2019-12-03 19:04:36.1987|ERROR|11|FailedToDecryptConfigInformation: Dsn| RequestID = s_349e1d3c-e6bf-40fb-81c8-f5a71191955d 
2019-12-03 19:04:46.2135|ERROR|38|FailedToDecryptConfigInformation: Dsn| RequestID = s_465a6d16-d535-4dcf-8998-f0899d6f7597 
2019-12-03 19:04:56.2362|ERROR|38|FailedToDecryptConfigInformation: Dsn| RequestID = s_81b5c8d5-f583-489f-928f-3f6d2819572b 
2019-12-03 19:05:06.2655|ERROR|37|FailedToDecryptConfigInformation: Dsn| RequestID = s_ace53204-597d-4729-a175-05a7f9f89871 
2019-12-03 19:05:16.2903|ERROR|37|FailedToDecryptConfigInformation: Dsn| RequestID = s_b16ea66a-c685-4eec-a503-5111f7b6b6e6 
2019-12-03 19:05:26.3055|ERROR|27|FailedToDecryptConfigInformation: Dsn| RequestID = s_413195d6-dbf1-435e-91da-fdafafaa5069 
2019-12-03 19:05:36.3353|ERROR|27|FailedToDecryptConfigInformation: Dsn| RequestID = s_4f828668-d3ac-43d6-bbf5-5ff52488da63 
2019-12-03 19:05:46.3486|ERROR|37|FailedToDecryptConfigInformation: Dsn| RequestID = s_b4921fa3-7087-451b-9c47-b41c4ad61e19 
2019-12-03 19:05:56.3808|ERROR|37|FailedToDecryptConfigInformation: Dsn| RequestID = s_c2a92125-66b5-4dec-8068-549403b872cd 
2019-12-03 19:06:06.4077|ERROR|40|FailedToDecryptConfigInformation: Dsn| RequestID = s_d78c61d2-48e8-41c2-abab-6a3563dc3ceb 
2019-12-03 19:06:16.4425|ERROR|37|FailedToDecryptConfigInformation: Dsn| RequestID = s_a3b68838-2265-4d81-a24f-899384e19256 
2019-12-03 19:06:26.4673|ERROR|40|FailedToDecryptConfigInformation: Dsn| RequestID = s_49ee7b4e-aafd-4661-8d4d-ced0c2a43676 
2019-12-03 19:06:36.4810|ERROR|40|FailedToDecryptConfigInformation: Dsn| RequestID = s_91b81d65-9560-445a-91b5-4d7271208ad0 
2019-12-03 19:06:46.4953|ERROR|44|FailedToDecryptConfigInformation: Dsn| RequestID = s_55279e20-00b3-4af2-8827-915ad7318e90 
2019-12-03 19:06:56.5100|ERROR|44|FailedToDecryptConfigInformation: Dsn| RequestID = s_95d5e1c9-da44-4e08-b3ae-f0bead5cb882 
2019-12-03 19:07:06.5389|ERROR|36|FailedToDecryptConfigInformation: Dsn| RequestID = s_874e6746-82c0-4d6d-96f7-39a6afea10ff 
2019-12-03 19:07:16.5577|ERROR|44|FailedToDecryptConfigInformation: Dsn| RequestID = s_a478cced-12e3-4512-93b1-207f819f5a52 
2019-12-03 19:07:26.5839|ERROR|44|FailedToDecryptConfigInformation: Dsn| RequestID = s_c11d2ff0-5ccf-48da-805b-c450d128ff59 
2019-12-03 19:07:36.6137|ERROR|33|FailedToDecryptConfigInformation: Dsn| RequestID = s_56b5740b-65e9-4553-a65a-ea39b38246ca 
2019-12-03 19:07:46.6435|ERROR|33|FailedToDecryptConfigInformation: Dsn| RequestID = s_f243d3a6-e78f-4b01-91d3-459c7f5d9e31 
2019-12-03 19:07:56.6582|ERROR|17|FailedToDecryptConfigInformation: Dsn| RequestID = s_4be06b08-8a55-4f8f-9e56-5cc330780732 
2019-12-03 19:08:06.6735|ERROR|17|FailedToDecryptConfigInformation: Dsn| RequestID = s_f5ec3893-de84-4111-aa74-800df487415f 
2019-12-03 19:08:16.7018|ERROR|33|FailedToDecryptConfigInformation: Dsn| RequestID = s_017828b4-5658-4ca8-8973-9d00a5f9a164 
2019-12-03 19:08:26.7335|ERROR|33|FailedToDecryptConfigInformation: Dsn| RequestID = s_d6ea96e5-8739-47f3-be0d-49e6a3f2b937 
2019-12-03 19:08:36.7603|ERROR|11|FailedToDecryptConfigInformation: Dsn| RequestID = s_4b25380c-6da2-47a1-9ed3-6e83923658c4 
2019-12-03 19:08:46.7761|ERROR|33|FailedToDecryptConfigInformation: Dsn| RequestID = s_51456d2e-ae99-4617-917c-9399cb1fd44a 
2019-12-03 19:08:56.8097|ERROR|11|FailedToDecryptConfigInformation: Dsn| RequestID = s_612fa9db-877f-49f1-b738-792b52bd20b1 
2019-12-03 19:09:06.8280|ERROR|11|FailedToDecryptConfigInformation: Dsn| RequestID = s_e788a366-8842-4c52-a91c-9a78ec3ec22a 
2019-12-03 19:09:16.8512|ERROR|31|FailedToDecryptConfigInformation: Dsn| RequestID = s_cfd8c3f6-2d57-48f2-8a4f-4c96b987dc62 
2019-12-03 19:09:26.8800|ERROR|31|FailedToDecryptConfigInformation: Dsn| RequestID = s_8dc41606-3830-45f7-a55d-e29382994abc 
2019-12-03 19:09:36.9153|ERROR|31|FailedToDecryptConfigInformation: Dsn| RequestID = s_a2c01920-540d-4b51-ab5d-0c383b694aea 
2019-12-03 19:09:46.9378|ERROR|11|FailedToDecryptConfigInformation: Dsn| RequestID = s_c326e38f-0dcf-44bb-8b4b-442d304146bf 
2019-12-03 19:09:56.9721|ERROR|11|FailedToDecryptConfigInformation: Dsn| RequestID = s_4a0afe59-45c6-4945-b1c9-cacfe9895767 
2019-12-03 19:10:07.0008|ERROR|4|FailedToDecryptConfigInformation: Dsn| RequestID = s_952b4c6f-f9dd-4239-ba46-a7643ee5f4c8 
2019-12-03 19:10:17.0282|ERROR|4|FailedToDecryptConfigInformation: Dsn| RequestID = s_9b84b016-9246-48d2-bc11-9dfad6746eaf 
2019-12-03 19:10:27.0440|ERROR|12|FailedToDecryptConfigInformation: Dsn| RequestID = s_2b06062b-b719-4b28-b72c-d4f53b01b1f4 
2019-12-03 19:10:37.0727|ERROR|12|FailedToDecryptConfigInformation: Dsn| RequestID = s_2e51ca0b-8843-4119-baed-83b410757ff3 
2019-12-03 19:10:47.1035|ERROR|12|FailedToDecryptConfigInformation: Dsn| RequestID = s_f53d28ee-9936-48ae-aeb8-10265ef19c65 
2019-12-03 19:10:57.1322|ERROR|12|FailedToDecryptConfigInformation: Dsn| RequestID = s_b3b1ec7f-cb28-4c50-88b7-962ca040e0e4 
2019-12-03 19:11:07.1620|ERROR|44|FailedToDecryptConfigInformation: Dsn| RequestID = s_1984e9aa-e8a5-4131-873d-944f518e4c66 
2019-12-03 19:11:17.1918|ERROR|44|FailedToDecryptConfigInformation: Dsn| RequestID = s_7df731d8-73d2-4511-ba69-a68fe22272c1 
2019-12-03 19:11:27.2157|ERROR|27|FailedToDecryptConfigInformation: Dsn| RequestID = s_0e9b9e87-ec65-4689-8f0b-4d57ea06f29c 
2019-12-03 19:11:37.2411|ERROR|27|FailedToDecryptConfigInformation: Dsn| RequestID = s_4d637f7d-cc00-4c13-a286-1de267aa333a 
2019-12-03 19:11:47.2573|ERROR|25|FailedToDecryptConfigInformation: Dsn| RequestID = s_51c8c3bc-1b8a-4ec2-ab1f-7e4b230f76be 
2019-12-03 19:11:57.2732|ERROR|27|FailedToDecryptConfigInformation: Dsn| RequestID = s_964f3624-c596-49c3-b3cd-ca947127e138 
2019-12-03 19:12:07.2860|ERROR|27|FailedToDecryptConfigInformation: Dsn| RequestID = s_92d6ac34-cef0-4413-afca-bd8c908b3b19 
2019-12-03 19:12:17.3157|ERROR|27|FailedToDecryptConfigInformation: Dsn| RequestID = s_210532d9-234d-42d5-8f54-2562ab06dbfc 
2019-12-03 19:12:27.3310|ERROR|24|FailedToDecryptConfigInformation: Dsn| RequestID = s_72e03158-af07-4aa5-a316-b235dda6ffc6 
2019-12-03 19:12:37.3845|ERROR|24|FailedToDecryptConfigInformation: Dsn| RequestID = s_f861776e-f396-4f9f-b28c-ba0ebf37d637 
2019-12-03 19:12:47.4083|ERROR|24|FailedToDecryptConfigInformation: Dsn| RequestID = s_eefdca65-2872-401e-a9e4-48569e333df8 
2019-12-03 19:12:57.4380|ERROR|8|FailedToDecryptConfigInformation: Dsn| RequestID = s_294ff17d-6b12-488c-ac9d-a52193d43773 
2019-12-03 19:13:07.4693|ERROR|8|FailedToDecryptConfigInformation: Dsn| RequestID = s_9abf01e5-76e3-4632-82b6-35fe98367d80 
2019-12-03 19:13:17.4975|ERROR|8|FailedToDecryptConfigInformation: Dsn| RequestID = s_bd743603-772a-42fd-aaf6-c310a98e1c0e 
2019-12-03 19:13:27.5883|ERROR|8|FailedToDecryptConfigInformation: Dsn| RequestID = s_db41c049-3aca-42dc-af25-f954f7816156 
2019-12-03 19:13:37.6627|ERROR|8|FailedToDecryptConfigInformation: Dsn| RequestID = s_f15962b7-352c-4035-9326-ef5236556abb 
2019-12-03 19:13:47.6790|ERROR|8|FailedToDecryptConfigInformation: Dsn| RequestID = s_077dcb13-4d20-4307-808f-d7257858f871 
2019-12-03 19:13:57.7097|ERROR|26|FailedToDecryptConfigInformation: Dsn| RequestID = s_1d933d85-e6d1-4fee-8fcf-a3628febe2c2 
2019-12-03 19:14:07.7410|ERROR|26|FailedToDecryptConfigInformation: Dsn| RequestID = s_2ee98393-a762-4128-8b3d-c9df95275b3d 
2019-12-03 19:14:17.7693|ERROR|6|FailedToDecryptConfigInformation: Dsn| RequestID = s_7bf48b7a-b938-47b6-b1cb-64f93d49cd9e 
2019-12-03 19:14:27.8057|ERROR|26|FailedToDecryptConfigInformation: Dsn| RequestID = s_b85feece-f87d-43f4-b5de-d69baad308b5 
2019-12-03 19:14:37.8199|ERROR|26|FailedToDecryptConfigInformation: Dsn| RequestID = s_e9601326-487b-41cf-89cb-a4f36dae8f4e 
2019-12-03 19:14:47.8997|ERROR|26|FailedToDecryptConfigInformation: Dsn| RequestID = s_7bb0b206-61b3-481d-babf-00b775558455 
2019-12-03 19:14:57.9405|ERROR|26|FailedToDecryptConfigInformation: Dsn| RequestID = s_32d502e5-3212-4403-9496-824c6a90ab9c 
2019-12-03 19:15:07.9727|ERROR|30|FailedToDecryptConfigInformation: Dsn| RequestID = s_8556d471-9226-4597-9381-2bc6471f3e7c 
2019-12-03 19:15:18.0000|ERROR|30|FailedToDecryptConfigInformation: Dsn| RequestID = s_31374530-4418-4ed7-a821-49ca00880708 
2019-12-03 19:15:28.0147|ERROR|30|FailedToDecryptConfigInformation: Dsn| RequestID = s_e39c6c9d-7a71-44cd-bb10-ed0f807fc535 
2019-12-03 19:15:38.0373|ERROR|30|FailedToDecryptConfigInformation: Dsn| RequestID = s_848f1e48-1262-48a8-a48e-d1ca0c4f06b5 
2019-12-03 19:15:48.0827|ERROR|30|FailedToDecryptConfigInformation: Dsn| RequestID = s_d9927992-223f-4191-96c0-10582eb5d227 
2019-12-03 19:15:58.1025|ERROR|30|FailedToDecryptConfigInformation: Dsn| RequestID = s_2a0c1d13-a822-4b95-9bac-dfd64ff7afb7 
2019-12-03 19:16:08.1209|ERROR|30|FailedToDecryptConfigInformation: Dsn| RequestID = s_a57411b1-7114-40c9-a82c-67fe55e8ebac 
2019-12-03 19:16:18.1497|ERROR|30|FailedToDecryptConfigInformation: Dsn| RequestID = s_c13813c9-3999-4eda-9cc4-80b2481e65e4 
2019-12-03 19:16:28.1800|ERROR|23|FailedToDecryptConfigInformation: Dsn| RequestID = s_07e1b73b-b8c7-4907-a6fa-1664dfeb14b4 
2019-12-03 19:16:38.2087|ERROR|23|FailedToDecryptConfigInformation: Dsn| RequestID = s_88403330-ae34-47f8-a977-f24b24ab1e77 
2019-12-03 19:16:48.2385|ERROR|27|FailedToDecryptConfigInformation: Dsn| RequestID = s_0f5a132f-2d8e-4466-81de-3d78442fc400 
2019-12-03 19:16:58.2522|ERROR|27|FailedToDecryptConfigInformation: Dsn| RequestID = s_6fd00a00-ca0f-4870-a919-70a3c7272fe5 
2019-12-03 19:17:08.2865|ERROR|27|FailedToDecryptConfigInformation: Dsn| RequestID = s_1978aaaa-0efb-45dd-826b-584c0b362fdb 
2019-12-03 19:17:18.3139|ERROR|27|FailedToDecryptConfigInformation: Dsn| RequestID = s_7ebff08b-7971-49c0-a96d-defc6f9ab91d 
2019-12-03 19:17:28.3291|ERROR|44|FailedToDecryptConfigInformation: Dsn| RequestID = s_f51a191a-33d7-4420-aaea-6ff5449d9183 
2019-12-03 19:17:38.3455|ERROR|44|FailedToDecryptConfigInformation: Dsn| RequestID = s_3bc547b4-be75-4686-bfcb-fa15038f838f 
2019-12-03 19:17:48.3748|ERROR|36|FailedToDecryptConfigInformation: Dsn| RequestID = s_dd27310b-5f51-48a3-a31f-1b3e82a35f4a 
2019-12-03 19:17:58.3901|ERROR|36|FailedToDecryptConfigInformation: Dsn| RequestID = s_43199c2e-c455-4cf7-8c5e-272eff743da1 
2019-12-03 19:18:08.4193|ERROR|36|FailedToDecryptConfigInformation: Dsn| RequestID = s_5aca2e4d-f2eb-475b-9bb9-c0102f96b077 
2019-12-03 19:18:18.4367|ERROR|36|FailedToDecryptConfigInformation: Dsn| RequestID = s_7272a932-6aa3-442d-bc4a-fac207dcdf01 
2019-12-03 19:18:28.4655|ERROR|13|FailedToDecryptConfigInformation: Dsn| RequestID = s_62e505c1-9e5f-458c-b313-09cd11e99828 
2019-12-03 19:18:38.4917|ERROR|13|FailedToDecryptConfigInformation: Dsn| RequestID = s_21ba1206-a9f3-4a52-a935-20da9c8af100 
2019-12-03 19:18:48.5064|ERROR|13|FailedToDecryptConfigInformation: Dsn| RequestID = s_6060b48c-fca5-4fe1-90bc-d1d7807a7c28 
2019-12-03 19:18:58.5202|ERROR|13|FailedToDecryptConfigInformation: Dsn| RequestID = s_bbaa2f06-efb1-4771-85d7-37490033c958 
2019-12-03 19:19:08.5504|ERROR|26|FailedToDecryptConfigInformation: Dsn| RequestID = s_3bfb0907-13ed-4882-b6a3-3d219c6edbbd 
2019-12-03 19:19:18.5668|ERROR|26|FailedToDecryptConfigInformation: Dsn| RequestID = s_7de7228b-ae45-42ba-a99a-1ad855b49ca3 
2019-12-03 19:19:28.5811|ERROR|31|FailedToDecryptConfigInformation: Dsn| RequestID = s_48903843-8cfc-4140-b9f2-2e1230284eb1 
2019-12-03 19:19:38.6104|ERROR|31|FailedToDecryptConfigInformation: Dsn| RequestID = s_da124984-d4a9-48ff-828a-3524c9806e9d 
2019-12-03 19:19:48.6398|ERROR|9|FailedToDecryptConfigInformation: Dsn| RequestID = s_70ae4371-f4bb-411f-8f4b-b8c3118b7c07 
2019-12-03 19:19:58.6690|ERROR|9|FailedToDecryptConfigInformation: Dsn| RequestID = s_5bfc3a3c-a33d-4978-bc5f-86341b9518c9 
2019-12-03 19:20:08.6983|ERROR|15|FailedToDecryptConfigInformation: Dsn| RequestID = s_c22cb7f4-8bd3-4ddb-9b7e-a6f390afc8fc 
2019-12-03 19:20:18.7310|ERROR|15|FailedToDecryptConfigInformation: Dsn| RequestID = s_4bd09b14-8ec4-4020-8bca-2e4b697c9037 
2019-12-03 19:20:28.7518|ERROR|16|FailedToDecryptConfigInformation: Dsn| RequestID = s_bf7de7e0-f899-4fe6-bd19-66cfd7a362cb 
2019-12-03 19:20:38.7803|ERROR|16|FailedToDecryptConfigInformation: Dsn| RequestID = s_7027beec-e636-42d1-ace6-dbea1b2c3bf6 
2019-12-03 19:20:48.7982|ERROR|22|FailedToDecryptConfigInformation: Dsn| RequestID = s_952f4e0b-41b4-4cbe-b7b2-e3c1ae1380e6 
2019-12-03 19:20:58.8270|ERROR|22|FailedToDecryptConfigInformation: Dsn| RequestID = s_72255dec-aeab-446f-8887-fe0a1f084759 
2019-12-03 19:21:08.8582|ERROR|21|FailedToDecryptConfigInformation: Dsn| RequestID = s_2db38253-e4f1-4037-9e99-67f83322e7d0 
2019-12-03 19:21:18.8865|ERROR|21|FailedToDecryptConfigInformation: Dsn| RequestID = s_4d913c66-9776-4d14-b9d5-87ddfe61908e 
2019-12-03 19:21:28.9163|ERROR|44|FailedToDecryptConfigInformation: Dsn| RequestID = s_1561bed2-137c-42cd-9c02-50a1be3da4ae 
2019-12-03 19:21:38.9480|ERROR|44|FailedToDecryptConfigInformation: Dsn| RequestID = s_c63b1dc6-c1f4-4ec9-b01b-7f23d581f051 
2019-12-03 19:21:48.9688|ERROR|27|FailedToDecryptConfigInformation: Dsn| RequestID = s_51de43da-a4ae-4e4e-8b90-24ef722c3bab 
2019-12-03 19:21:58.9882|ERROR|27|FailedToDecryptConfigInformation: Dsn| RequestID = s_e4f5fb35-652a-4fe6-b89b-72cd28799f85 
2019-12-03 19:22:09.0170|ERROR|23|FailedToDecryptConfigInformation: Dsn| RequestID = s_6436496b-22bc-4e72-a11e-d88aedcc5a26 
2019-12-03 19:22:19.0462|ERROR|23|FailedToDecryptConfigInformation: Dsn| RequestID = s_e4b3fba3-a943-446f-b497-514eb15973a2 
2019-12-03 19:22:29.0621|ERROR|20|FailedToDecryptConfigInformation: Dsn| RequestID = s_30a25b6f-e9f1-47f0-9cd5-6b74aeca94fe 
2019-12-03 19:22:39.0909|ERROR|20|FailedToDecryptConfigInformation: Dsn| RequestID = s_7f39f031-1c73-4f41-9b53-f1e9497dc3e2 
2019-12-03 19:22:49.1211|ERROR|19|FailedToDecryptConfigInformation: Dsn| RequestID = s_f33eca34-492e-4349-9dc2-b0c818a9cb80 
2019-12-03 19:22:59.1460|ERROR|19|FailedToDecryptConfigInformation: Dsn| RequestID = s_195ffa1f-67e3-4b98-b0e7-964bd3348368 
2019-12-03 19:23:09.1763|ERROR|47|FailedToDecryptConfigInformation: Dsn| RequestID = s_d252ffb0-8065-4950-920c-eaf78c05d27f 
2019-12-03 19:23:19.2050|ERROR|47|FailedToDecryptConfigInformation: Dsn| RequestID = s_65bf457b-d687-49d6-ae69-28d8915bbabd 
2019-12-03 19:23:29.2353|ERROR|48|FailedToDecryptConfigInformation: Dsn| RequestID = s_c8d54351-22a4-4c87-b1cf-8cad1b3f883d 
2019-12-03 19:23:39.2661|ERROR|48|FailedToDecryptConfigInformation: Dsn| RequestID = s_3560f2f6-ebc7-4c72-b25e-bb347d00b138 
2019-12-03 19:23:49.2958|ERROR|49|FailedToDecryptConfigInformation: Dsn| RequestID = s_00773d6d-0418-4fe0-bd0e-6360ab12d5a8 
2019-12-03 19:23:59.3261|ERROR|49|FailedToDecryptConfigInformation: Dsn| RequestID = s_3f556f6b-796d-4bf0-b948-64994c42f3e0 
2019-12-03 19:24:09.3544|ERROR|16|FailedToDecryptConfigInformation: Dsn| RequestID = s_d486d7a1-ac38-41e5-81d3-5648c36d0f1d 
2019-12-03 19:24:19.3776|ERROR|16|FailedToDecryptConfigInformation: Dsn| RequestID = s_5b2adf5d-bc08-4716-bc3e-9cdf43fe3674 
2019-12-03 19:24:29.3985|ERROR|16|FailedToDecryptConfigInformation: Dsn| RequestID = s_aea38428-72bb-4b9b-97fd-e010a188acb1 
2019-12-03 19:24:39.4128|ERROR|15|FailedToDecryptConfigInformation: Dsn| RequestID = s_56343192-c69b-462d-b51c-e62285043e36 
2019-12-03 19:24:49.4430|ERROR|15|FailedToDecryptConfigInformation: Dsn| RequestID = s_846577bc-8827-49aa-a93e-7a59c95d2464 
2019-12-03 19:24:59.4568|ERROR|9|FailedToDecryptConfigInformation: Dsn| RequestID = s_645b9113-1a30-4a82-9151-d3f7370d7523 
2019-12-03 19:25:09.4871|ERROR|9|FailedToDecryptConfigInformation: Dsn| RequestID = s_94ebf0c4-ab1a-4aab-99ec-b3eeb4bd12fa 
2019-12-03 19:25:19.5163|ERROR|31|FailedToDecryptConfigInformation: Dsn| RequestID = s_7ede741f-0f6a-41a8-a8a3-383045f38c54 
2019-12-03 19:25:29.5471|ERROR|31|FailedToDecryptConfigInformation: Dsn| RequestID = s_325e5a1e-1897-4190-bc23-b68a91fb95ed 
2019-12-03 19:25:39.5763|ERROR|26|FailedToDecryptConfigInformation: Dsn| RequestID = s_de7b4b6f-7cb7-4ee2-bd93-d8a013c0b420 
2019-12-03 19:25:49.6051|ERROR|26|FailedToDecryptConfigInformation: Dsn| RequestID = s_4f24b6dd-0e6c-4b79-9de4-b314e036672c 
2019-12-03 19:25:59.6224|ERROR|6|FailedToDecryptConfigInformation: Dsn| RequestID = s_f452de44-de25-4653-bb54-bd07a38a24b2 
2019-12-03 19:26:09.6501|ERROR|6|FailedToDecryptConfigInformation: Dsn| RequestID = s_c33f0898-db10-475e-8b7b-a1bb121d27fc 
2019-12-03 19:26:19.6799|ERROR|50|FailedToDecryptConfigInformation: Dsn| RequestID = s_a9945749-b50f-4d2c-93ea-296157ffb1f6 
2019-12-03 19:26:29.7187|ERROR|6|FailedToDecryptConfigInformation: Dsn| RequestID = s_43e1b22e-37a0-4822-887e-d6196b09d71a 
2019-12-03 19:26:39.7449|ERROR|6|FailedToDecryptConfigInformation: Dsn| RequestID = s_e72e13b1-1c19-477d-bd6f-ba4a65ca7bcb 
2019-12-03 19:26:49.7798|ERROR|47|FailedToDecryptConfigInformation: Dsn| RequestID = s_83de3f9f-c267-4266-9feb-636d6d5259ce 
2019-12-03 19:26:59.7992|ERROR|6|FailedToDecryptConfigInformation: Dsn| RequestID = s_616b98a2-6e4d-4c80-bf90-a4f59287df95 
2019-12-03 19:27:09.8275|ERROR|6|FailedToDecryptConfigInformation: Dsn| RequestID = s_8dead075-f1da-423b-a11e-4253749c964c 
2019-12-03 19:27:19.8567|ERROR|19|FailedToDecryptConfigInformation: Dsn| RequestID = s_473ecb1e-3da7-4a23-bfd2-9cb2e8b70a33 
2019-12-03 19:27:29.8768|ERROR|19|FailedToDecryptConfigInformation: Dsn| RequestID = s_362aeedf-281b-4110-93a0-18ee03087a89 
2019-12-03 19:27:39.9001|ERROR|20|FailedToDecryptConfigInformation: Dsn| RequestID = s_e49d8d7a-67ba-4def-8661-5f657d19cf6b 
2019-12-03 19:27:49.9305|ERROR|20|FailedToDecryptConfigInformation: Dsn| RequestID = s_82003a7d-0924-44dc-a51f-cd172aecfe1d 
2019-12-03 19:27:59.9591|ERROR|20|FailedToDecryptConfigInformation: Dsn| RequestID = s_464a8587-869e-49b0-aba7-c9064d9136e0 
2019-12-03 19:28:09.9863|ERROR|20|FailedToDecryptConfigInformation: Dsn| RequestID = s_f555bb39-59af-4476-9ba3-52364cc79dfd 
2019-12-03 19:28:20.0166|ERROR|23|FailedToDecryptConfigInformation: Dsn| RequestID = s_a0159d2d-3efe-4c80-b87a-cb4464d53381 
2019-12-03 19:28:30.0458|ERROR|23|FailedToDecryptConfigInformation: Dsn| RequestID = s_72e2adce-5104-4cdc-ab40-d9e4d403d1f8 
2019-12-03 19:28:40.0751|ERROR|27|FailedToDecryptConfigInformation: Dsn| RequestID = s_4e05ad08-23c9-4261-a546-4c1a8c3ec6f1 
2019-12-03 19:28:50.1069|ERROR|23|FailedToDecryptConfigInformation: Dsn| RequestID = s_69692e33-6301-4084-9b9c-5d4b755896b6 
2019-12-03 19:29:00.1351|ERROR|23|FailedToDecryptConfigInformation: Dsn| RequestID = s_98e6f932-2d4f-47ed-8ea7-82dac510488e 
2019-12-03 19:29:10.1649|ERROR|44|FailedToDecryptConfigInformation: Dsn| RequestID = s_01a753ca-49db-43fb-9568-258f9c11eff7 
2019-12-03 19:29:20.2077|ERROR|23|FailedToDecryptConfigInformation: Dsn| RequestID = s_503ce9b6-db34-4700-a483-d1174787a7da 
2019-12-03 19:29:30.2244|ERROR|23|FailedToDecryptConfigInformation: Dsn| RequestID = s_d7f28755-1efa-4fa3-bc33-98f4f901535b 
2019-12-03 19:29:40.2547|ERROR|26|FailedToDecryptConfigInformation: Dsn| RequestID = s_1662736e-906d-4e36-a744-961048e14bee 
2019-12-03 19:29:50.2814|ERROR|23|FailedToDecryptConfigInformation: Dsn| RequestID = s_7584d3f4-98b1-4b38-8891-b3d5eae40d1c 
2019-12-03 19:30:00.3187|ERROR|26|FailedToDecryptConfigInformation: Dsn| RequestID = s_12989486-c3f7-4a73-8319-8e7f7a8a4197 
2019-12-03 19:30:10.3511|ERROR|26|FailedToDecryptConfigInformation: Dsn| RequestID = s_181960b5-2192-4546-aacc-4c32cbe1717d 
2019-12-03 19:30:20.3789|ERROR|31|FailedToDecryptConfigInformation: Dsn| RequestID = s_b81caee0-3345-4f5d-997f-2a06861eadfd 
2019-12-03 19:30:30.3936|ERROR|31|FailedToDecryptConfigInformation: Dsn| RequestID = s_8ba48120-9253-48fa-9d3e-f49da2dfab48 
2019-12-03 19:30:40.4089|ERROR|31|FailedToDecryptConfigInformation: Dsn| RequestID = s_f9e965ef-f018-4ce1-baa2-052ab156b911 
2019-12-03 19:30:50.4381|ERROR|31|FailedToDecryptConfigInformation: Dsn| RequestID = s_1af16667-10c8-47dd-91dd-ff0d7bf611e3 
2019-12-03 19:31:00.4524|ERROR|15|FailedToDecryptConfigInformation: Dsn| RequestID = s_5c18524b-7071-4d18-95b0-7ab8348bac5b 
2019-12-03 19:31:10.4822|ERROR|15|FailedToDecryptConfigInformation: Dsn| RequestID = s_8f160c5e-49ac-4c7e-b2d2-f4c35162d613 
2019-12-03 19:31:20.5114|ERROR|16|FailedToDecryptConfigInformation: Dsn| RequestID = s_282031ee-fa06-4dd9-9476-33bc1620b96d 
2019-12-03 19:31:30.5413|ERROR|15|FailedToDecryptConfigInformation: Dsn| RequestID = s_37fbdd69-b7f1-4319-a5a2-0acb8daa849e 
2019-12-03 19:31:40.5706|ERROR|15|FailedToDecryptConfigInformation: Dsn| RequestID = s_9910d731-e79a-4f96-b3b9-764ea7800a9a 
2019-12-03 19:31:50.6098|ERROR|15|FailedToDecryptConfigInformation: Dsn| RequestID = s_fcbc2d8c-ac21-4574-9c66-2b63762650a8 
2019-12-03 19:32:00.6331|ERROR|15|FailedToDecryptConfigInformation: Dsn| RequestID = s_061af916-a271-497f-9bb7-e4c9aeb327d5 
2019-12-03 19:32:10.6599|ERROR|27|FailedToDecryptConfigInformation: Dsn| RequestID = s_8f6eb4f0-e395-4613-a402-b166eba59888 
2019-12-03 19:32:20.6901|ERROR|27|FailedToDecryptConfigInformation: Dsn| RequestID = s_42017d28-1efb-4e24-90b5-cdf4cf314a79 
2019-12-03 19:32:30.7109|ERROR|19|FailedToDecryptConfigInformation: Dsn| RequestID = s_feb6865c-d733-4fb2-89de-80fd999e56f1 
2019-12-03 19:32:40.7401|ERROR|19|FailedToDecryptConfigInformation: Dsn| RequestID = s_fe73dc16-6839-4cc5-8bb2-3f8e342dd11d 
2019-12-03 19:32:50.7704|ERROR|47|FailedToDecryptConfigInformation: Dsn| RequestID = s_1f51157a-e001-45ce-8aee-bdc40078f680 
2019-12-03 19:33:00.7997|ERROR|47|FailedToDecryptConfigInformation: Dsn| RequestID = s_1ee7d480-7dc3-4ae4-9210-ecf129b6fb40 
2019-12-03 19:33:10.8824|ERROR|6|FailedToDecryptConfigInformation: Dsn| RequestID = s_6155f6e5-ad4a-45b2-adf2-1c0f7a3898f6 
2019-12-03 19:33:20.9175|ERROR|6|FailedToDecryptConfigInformation: Dsn| RequestID = s_f70fad13-346c-4d74-9798-9b4b642547fa 
2019-12-03 19:33:30.9361|ERROR|6|FailedToDecryptConfigInformation: Dsn| RequestID = s_d77cf49c-a5f4-4a8a-ad4b-7eef76319903 
2019-12-03 19:33:40.9639|ERROR|6|FailedToDecryptConfigInformation: Dsn| RequestID = s_c9668b91-223d-4e05-b5a3-5865ae5b1bf7 
2019-12-03 19:33:50.9858|ERROR|6|FailedToDecryptConfigInformation: Dsn| RequestID = s_d14d7e99-f6b5-490e-a14a-1c0be1a32e82 
2019-12-03 19:34:01.0140|ERROR|6|FailedToDecryptConfigInformation: Dsn| RequestID = s_a02c6d19-df4b-4b55-aa48-6fb0345113c1 
2019-12-03 19:34:11.0438|ERROR|21|FailedToDecryptConfigInformation: Dsn| RequestID = s_c17150b5-04d5-451a-b15a-0a7969d9ccd1 
2019-12-03 19:34:21.0652|ERROR|21|FailedToDecryptConfigInformation: Dsn| RequestID = s_0e35f491-f0e9-4fee-be68-61ac0cf63759 
2019-12-03 19:34:31.0950|ERROR|22|FailedToDecryptConfigInformation: Dsn| RequestID = s_c14ef435-81a5-4ca2-9dfc-0be92fce3c7e 
2019-12-03 19:34:41.1407|ERROR|21|FailedToDecryptConfigInformation: Dsn| RequestID = s_4c5dedce-694b-434a-8702-a5ceecf7026a 
2019-12-03 19:34:51.2010|ERROR|21|FailedToDecryptConfigInformation: Dsn| RequestID = s_27adb7a4-1a57-48e2-998c-a31b2cd4c4ed 
2019-12-03 19:35:01.2343|ERROR|21|FailedToDecryptConfigInformation: Dsn| RequestID = s_0bb84f33-fa64-499f-aa26-82b43653554e 
2019-12-03 19:35:11.2660|ERROR|21|FailedToDecryptConfigInformation: Dsn| RequestID = s_5980965a-dca6-4d1e-a863-47aa72795482 
2019-12-03 19:35:21.2903|ERROR|21|FailedToDecryptConfigInformation: Dsn| RequestID = s_acba9d97-e014-4e31-906e-92f270a27be8 
2019-12-03 19:35:31.3175|ERROR|9|FailedToDecryptConfigInformation: Dsn| RequestID = s_1f00ee1f-84de-40bb-a888-40609169fea7 
2019-12-03 19:35:41.3473|ERROR|9|FailedToDecryptConfigInformation: Dsn| RequestID = s_9646c8bb-bc85-4e4f-ab28-5d3d4a83fbfa 
2019-12-03 19:35:51.3876|ERROR|31|FailedToDecryptConfigInformation: Dsn| RequestID = s_88a3b77f-f726-4c82-96e8-c8647cc76f0e 
2019-12-03 19:36:01.4089|ERROR|31|FailedToDecryptConfigInformation: Dsn| RequestID = s_e0080f7f-1e18-4011-a7de-a5e7c5e02cdd 
2019-12-03 19:36:11.4323|ERROR|26|FailedToDecryptConfigInformation: Dsn| RequestID = s_9fad2ac0-e672-4777-b84e-4e71bb9983fd 
2019-12-03 19:36:21.4625|ERROR|26|FailedToDecryptConfigInformation: Dsn| RequestID = s_ed512abe-5881-43b4-987e-ef9f56d312c5 
2019-12-03 19:36:31.4923|ERROR|14|FailedToDecryptConfigInformation: Dsn| RequestID = s_19e41403-769a-43fc-a154-28482aefd480 
2019-12-03 19:36:41.5215|ERROR|14|FailedToDecryptConfigInformation: Dsn| RequestID = s_8657428d-d07b-4970-9c98-20dc19ceeb8a 
2019-12-03 19:36:51.5419|ERROR|36|FailedToDecryptConfigInformation: Dsn| RequestID = s_42423465-a699-403b-bccc-d913b1630b9a 
2019-12-03 19:37:01.5722|ERROR|36|FailedToDecryptConfigInformation: Dsn| RequestID = s_211b5177-0344-4edb-b3ab-dc72e78ba4bc 
2019-12-03 19:37:11.6015|ERROR|30|FailedToDecryptConfigInformation: Dsn| RequestID = s_182d8b3a-bec5-4d29-b019-8a01cace7579 
2019-12-03 19:37:21.6312|ERROR|30|FailedToDecryptConfigInformation: Dsn| RequestID = s_9beda89f-0155-4c93-8e4a-94f3fa344b12 
2019-12-03 19:37:31.6610|ERROR|6|FailedToDecryptConfigInformation: Dsn| RequestID = s_5c6d1b66-ae6c-43f3-929b-12578033f2b7 
2019-12-03 19:37:41.6902|ERROR|6|FailedToDecryptConfigInformation: Dsn| RequestID = s_b987791e-4c88-470f-8d3f-171ba2beec9f 
2019-12-03 19:37:51.7065|ERROR|6|FailedToDecryptConfigInformation: Dsn| RequestID = s_6f032a63-4ffc-46d8-b00f-9a0ec2e24c28 
2019-12-03 19:38:01.7368|ERROR|6|FailedToDecryptConfigInformation: Dsn| RequestID = s_86604f0f-b8fe-46e3-9780-77702254d6b7 
2019-12-03 19:38:11.7547|ERROR|6|FailedToDecryptConfigInformation: Dsn| RequestID = s_5460a695-ee99-4530-8c29-152a5d1fbf2a 
2019-12-03 19:38:21.7801|ERROR|6|FailedToDecryptConfigInformation: Dsn| RequestID = s_d4f911bc-eef4-404c-b34e-178e11b6f162 
2019-12-03 19:38:31.8073|ERROR|19|FailedToDecryptConfigInformation: Dsn| RequestID = s_724a6bf8-841f-43d0-a922-162fdca82451 
2019-12-03 19:38:41.8273|ERROR|19|FailedToDecryptConfigInformation: Dsn| RequestID = s_5034addf-b9c6-486c-977a-e55dd70b58c4 
2019-12-03 19:38:51.8581|ERROR|27|FailedToDecryptConfigInformation: Dsn| RequestID = s_8c4e1578-3793-4044-af96-1feeab48054d 
2019-12-03 19:39:01.8993|ERROR|27|FailedToDecryptConfigInformation: Dsn| RequestID = s_2e6b7ac4-3d5f-459d-8c1d-9b0b491b7e28 
2019-12-03 19:39:11.9331|ERROR|27|FailedToDecryptConfigInformation: Dsn| RequestID = s_91e70f9c-c00d-4abf-b6f4-d1ecdf13f68c 
2019-12-03 19:39:21.9624|ERROR|28|FailedToDecryptConfigInformation: Dsn| RequestID = s_d877071d-1936-4acf-9fd0-f60067732230 
2019-12-03 19:39:31.9923|ERROR|28|FailedToDecryptConfigInformation: Dsn| RequestID = s_9fe79185-c151-4452-b379-1f80bbab11d6 
2019-12-03 19:39:42.0215|ERROR|11|FailedToDecryptConfigInformation: Dsn| RequestID = s_b5b10c1d-b0b5-4885-beda-56e259d10f73 
2019-12-03 19:39:52.0518|ERROR|11|FailedToDecryptConfigInformation: Dsn| RequestID = s_24b40b37-b470-464d-b5f0-cba2357b8372 
2019-12-03 19:40:02.0826|ERROR|14|FailedToDecryptConfigInformation: Dsn| RequestID = s_fbd528e9-37ad-48c2-b498-c9204912e84a 
2019-12-03 19:40:12.1108|ERROR|14|FailedToDecryptConfigInformation: Dsn| RequestID = s_59ad405b-f11a-42bc-97e8-966b60fec26a 
2019-12-03 19:40:22.1262|ERROR|26|FailedToDecryptConfigInformation: Dsn| RequestID = s_f85e52f4-6454-49b3-9ce8-676089f016fb 
2019-12-03 19:40:32.1405|ERROR|26|FailedToDecryptConfigInformation: Dsn| RequestID = s_1a652439-02f4-4f5c-a7b5-151353c25865 
2019-12-03 19:40:42.1713|ERROR|31|FailedToDecryptConfigInformation: Dsn| RequestID = s_3f87f439-2b8a-4fc7-8ebd-43147457c177 
2019-12-03 19:40:52.1882|ERROR|31|FailedToDecryptConfigInformation: Dsn| RequestID = s_a176d130-75e4-494e-bbd2-f9f8e62c9164 
2019-12-03 19:41:02.2124|ERROR|9|FailedToDecryptConfigInformation: Dsn| RequestID = s_8e43b1b6-ce80-4652-a5bb-fdb4c7f5e077 
2019-12-03 19:41:12.2343|ERROR|9|FailedToDecryptConfigInformation: Dsn| RequestID = s_dd50e4cb-7fbf-487b-8f02-f5e17f8e0162 
2019-12-03 19:41:22.2651|ERROR|16|FailedToDecryptConfigInformation: Dsn| RequestID = s_156478be-80b3-471e-85cc-ced75165bf08 
2019-12-03 19:41:32.2938|ERROR|16|FailedToDecryptConfigInformation: Dsn| RequestID = s_94c2a832-f46e-4adb-a4e3-10e561389293 
2019-12-03 19:41:42.3081|ERROR|8|FailedToDecryptConfigInformation: Dsn| RequestID = s_b9dd91fa-4817-48ac-88a2-cbda387c6802 
2019-12-03 19:41:52.3434|ERROR|16|FailedToDecryptConfigInformation: Dsn| RequestID = s_ddea09f5-e0c5-4419-8826-365463746c5a 
2019-12-03 19:42:02.3691|ERROR|16|FailedToDecryptConfigInformation: Dsn| RequestID = s_5bc74ea5-4bb7-4972-b4b7-24f046d12e8e 
2019-12-03 19:42:12.4174|ERROR|16|FailedToDecryptConfigInformation: Dsn| RequestID = s_b40292d8-81de-4fb1-81df-43d74e21ef61 
2019-12-03 19:42:22.4427|ERROR|16|FailedToDecryptConfigInformation: Dsn| RequestID = s_5f1d6665-6936-4104-b814-ca8fb159f9f6 
2019-12-03 19:42:32.4569|ERROR|12|FailedToDecryptConfigInformation: Dsn| RequestID = s_a6a39550-ad24-43da-ba87-7745e7ceffb6 
2019-12-03 19:42:42.4872|ERROR|12|FailedToDecryptConfigInformation: Dsn| RequestID = s_335e824e-e23b-4d32-bce7-e98388dc1343 
2019-12-03 19:42:52.5169|ERROR|27|FailedToDecryptConfigInformation: Dsn| RequestID = s_35182516-6b88-4e22-a555-00af18f97a5a 
2019-12-03 19:43:02.5452|ERROR|27|FailedToDecryptConfigInformation: Dsn| RequestID = s_b9fd3e47-c025-4437-8470-4c5b64d343e6 
2019-12-03 19:43:12.5620|ERROR|19|FailedToDecryptConfigInformation: Dsn| RequestID = s_c93848ad-07fe-4c2a-949b-9fa741893b07 
2019-12-03 19:43:22.5747|ERROR|19|FailedToDecryptConfigInformation: Dsn| RequestID = s_0e59ea73-b1a7-4960-9fb0-4ed98b60d26c 
2019-12-03 19:43:32.5890|ERROR|6|FailedToDecryptConfigInformation: Dsn| RequestID = s_376cf454-97c2-4765-82bd-c13e06346af6 
2019-12-03 19:43:42.6039|ERROR|6|FailedToDecryptConfigInformation: Dsn| RequestID = s_f20c7413-18e0-4c5f-81c0-d7c4a66ea56d 
2019-12-03 19:43:52.6187|ERROR|6|FailedToDecryptConfigInformation: Dsn| RequestID = s_61e6698e-581d-44dc-8f1f-24d422f3deee 
2019-12-03 19:44:02.6339|ERROR|4|FailedToDecryptConfigInformation: Dsn| RequestID = s_5a979c51-dd6c-4f03-908a-342aef025093 
2019-12-03 19:44:12.6817|ERROR|4|FailedToDecryptConfigInformation: Dsn| RequestID = s_8c1d2135-4785-4179-9b25-861de1c7f1c4 
2019-12-03 19:44:22.6959|ERROR|4|FailedToDecryptConfigInformation: Dsn| RequestID = s_d8100f6f-2a66-4e56-a775-e03a13c5d84c 
2019-12-03 19:44:32.7112|ERROR|4|FailedToDecryptConfigInformation: Dsn| RequestID = s_830de0c4-61cc-4fc1-9862-44ccfb0c6f77 
2019-12-03 19:44:42.7365|ERROR|4|FailedToDecryptConfigInformation: Dsn| RequestID = s_cfd2446b-d64c-463a-bc15-2853faecb8b2 
2019-12-03 19:44:52.7737|ERROR|4|FailedToDecryptConfigInformation: Dsn| RequestID = s_71d0950e-5f6e-429d-8412-b131c1ac2fb5 
2019-12-03 19:45:02.7950|ERROR|4|FailedToDecryptConfigInformation: Dsn| RequestID = s_c227c47f-70c1-4f89-b55f-2b51c2392b5f 
2019-12-03 19:45:12.8113|ERROR|4|FailedToDecryptConfigInformation: Dsn| RequestID = s_001d5604-79ce-4c53-9144-94fa5965f868 
2019-12-03 19:45:22.8270|ERROR|4|FailedToDecryptConfigInformation: Dsn| RequestID = s_9679af16-6c71-4521-9b71-6f24aaa47790 
2019-12-03 19:45:32.8413|ERROR|4|FailedToDecryptConfigInformation: Dsn| RequestID = s_fb4c95be-7749-4fd0-a591-6edddcea6764 
2019-12-03 19:45:42.8540|ERROR|4|FailedToDecryptConfigInformation: Dsn| RequestID = s_5d84041a-83e8-412c-8c39-dd1a1c14cb21 
2019-12-03 19:45:52.8908|ERROR|4|FailedToDecryptConfigInformation: Dsn| RequestID = s_346385db-d89e-4e1f-8114-33f4225ab06b 
2019-12-03 19:46:02.9066|ERROR|4|FailedToDecryptConfigInformation: Dsn| RequestID = s_717e8bd7-fe28-4c3a-b18e-668f5cec0e84 
2019-12-03 19:46:12.9199|ERROR|8|FailedToDecryptConfigInformation: Dsn| RequestID = s_c8a1195c-b7ae-4bb1-9fc5-67ad2f763a1c 
2019-12-03 19:46:22.9346|ERROR|4|FailedToDecryptConfigInformation: Dsn| RequestID = s_54288c35-d433-425b-8f62-36a351c15fd8 
2019-12-03 19:46:32.9624|ERROR|4|FailedToDecryptConfigInformation: Dsn| RequestID = s_c87591b5-bfe3-44f8-accc-3456ced9ee3e 
2019-12-03 19:46:42.9894|ERROR|9|FailedToDecryptConfigInformation: Dsn| RequestID = s_a1f02ef9-ce1b-4882-a1e5-c435e95d9f84 
2019-12-03 19:46:53.0192|ERROR|9|FailedToDecryptConfigInformation: Dsn| RequestID = s_0a60b011-33b4-43f2-959e-230db8d72c58 
2019-12-03 19:47:03.0474|ERROR|9|FailedToDecryptConfigInformation: Dsn| RequestID = s_ad6fce53-d60f-4b07-88a1-56665e7a43d5 
2019-12-03 19:47:13.0617|ERROR|9|FailedToDecryptConfigInformation: Dsn| RequestID = s_6f51994a-5329-4b31-b64a-15f203e4a061 
2019-12-03 19:47:23.0886|ERROR|9|FailedToDecryptConfigInformation: Dsn| RequestID = s_920035e1-d7c5-4ec0-a113-909a54c0b00b 
2019-12-03 19:47:33.1044|ERROR|9|FailedToDecryptConfigInformation: Dsn| RequestID = s_d03c516a-732e-49c1-9bbb-08c18b4e5c8a 
2019-12-03 19:47:43.1512|ERROR|9|FailedToDecryptConfigInformation: Dsn| RequestID = s_79795d39-eba0-451f-90e0-088b595e95fb 
2019-12-03 19:47:53.1899|ERROR|26|FailedToDecryptConfigInformation: Dsn| RequestID = s_6a362e57-48d1-43ea-ac96-a18fca229800 
2019-12-03 19:48:03.2262|ERROR|26|FailedToDecryptConfigInformation: Dsn| RequestID = s_6d249df2-7f4c-4fc8-9215-731ef6cece73 
2019-12-03 19:48:13.2455|ERROR|26|FailedToDecryptConfigInformation: Dsn| RequestID = s_46f40c7a-758e-4957-ad10-7a017326414a 
2019-12-03 19:48:23.2587|ERROR|26|FailedToDecryptConfigInformation: Dsn| RequestID = s_4199bb53-475b-4993-9de6-d5cbd8533e1a 
2019-12-03 19:48:33.2790|ERROR|26|FailedToDecryptConfigInformation: Dsn| RequestID = s_b0fb4d7c-b7b7-46f9-99c2-b34047529db6 
2019-12-03 19:48:43.3037|ERROR|26|FailedToDecryptConfigInformation: Dsn| RequestID = s_8713675f-b5a2-403f-b891-4d517171a013 
2019-12-03 19:48:53.3281|ERROR|26|FailedToDecryptConfigInformation: Dsn| RequestID = s_47528f5c-0e45-426c-8725-e0d33e142f17 
2019-12-03 19:49:03.3444|ERROR|19|FailedToDecryptConfigInformation: Dsn| RequestID = s_af79c936-6fa0-4539-9a0f-3f9dfee78145 
2019-12-03 19:49:13.3648|ERROR|26|FailedToDecryptConfigInformation: Dsn| RequestID = s_2ee4ad52-03a3-4c3c-a1de-e5ae36ec07dc 
2019-12-03 19:49:23.4271|ERROR|19|FailedToDecryptConfigInformation: Dsn| RequestID = s_d774da4e-cd4f-44f9-970e-86aca81cd4f1 
2019-12-03 19:49:33.4688|ERROR|19|FailedToDecryptConfigInformation: Dsn| RequestID = s_a03e546b-2180-4209-83da-cc2efac3899f 
2019-12-03 19:49:43.5112|ERROR|19|FailedToDecryptConfigInformation: Dsn| RequestID = s_713e558f-2f9b-414f-812b-a0195f5998c7 
2019-12-03 19:49:53.5240|ERROR|19|FailedToDecryptConfigInformation: Dsn| RequestID = s_8117f69c-0959-43dc-9a28-691d80c86269 
2019-12-03 19:50:03.5434|ERROR|27|FailedToDecryptConfigInformation: Dsn| RequestID = s_7a56e7d6-c322-4fb8-a8d3-943061c67f43 
2019-12-03 19:50:13.5622|ERROR|27|FailedToDecryptConfigInformation: Dsn| RequestID = s_fe9b08ae-c84a-418d-980f-f300b0ec46c0 
2019-12-03 19:50:23.5899|ERROR|27|FailedToDecryptConfigInformation: Dsn| RequestID = s_35b55ae9-9bdc-470b-875d-bc31817103f5 
2019-12-03 19:50:33.6287|ERROR|27|FailedToDecryptConfigInformation: Dsn| RequestID = s_e7cb06f3-3084-4875-9116-8bb8fc81e9cf 
2019-12-03 19:50:43.6564|ERROR|27|FailedToDecryptConfigInformation: Dsn| RequestID = s_1b09be39-6703-4383-9099-21bc03a97b2b 
2019-12-03 19:50:53.6777|ERROR|27|FailedToDecryptConfigInformation: Dsn| RequestID = s_4b25b47a-4a76-43d3-928d-d1ea45ab0cd2 
2019-12-03 19:51:03.7290|ERROR|27|FailedToDecryptConfigInformation: Dsn| RequestID = s_96cdb49d-3109-4828-8a66-d0b0d44a1d39 
2019-12-03 19:51:13.7653|ERROR|27|FailedToDecryptConfigInformation: Dsn| RequestID = s_49c081f8-6f3b-4f9d-9dc0-85fb200f756e 
2019-12-03 19:51:23.7845|ERROR|27|FailedToDecryptConfigInformation: Dsn| RequestID = s_e1a3a619-1b0c-45e1-9fb3-87de6037eebd 
2019-12-03 19:51:33.8003|ERROR|27|FailedToDecryptConfigInformation: Dsn| RequestID = s_41ad9960-0769-4b8a-bd6d-f9b384bb4ead 
2019-12-03 19:51:43.8371|ERROR|27|FailedToDecryptConfigInformation: Dsn| RequestID = s_c835cdb2-7fbe-4eca-97db-3b7e23d66039 
2019-12-03 19:51:53.9738|ERROR|8|FailedToDecryptConfigInformation: Dsn| RequestID = s_4d221d5c-fb3a-46fc-84f3-9787037c5630 
2019-12-03 19:52:03.9990|ERROR|27|FailedToDecryptConfigInformation: Dsn| RequestID = s_61c58697-3edd-4efc-a43f-d18e89286121 
2019-12-03 19:52:14.0228|ERROR|27|FailedToDecryptConfigInformation: Dsn| RequestID = s_e3c7190e-2b48-4685-bca6-02def689b266 
2019-12-03 19:52:24.0572|ERROR|27|FailedToDecryptConfigInformation: Dsn| RequestID = s_3af0f791-c02e-46dc-ab4b-accaaacda552 
2019-12-03 19:52:34.0807|ERROR|27|FailedToDecryptConfigInformation: Dsn| RequestID = s_0de03365-3243-4e29-b304-4a619cb1d49d 
2019-12-03 19:52:44.0988|ERROR|8|FailedToDecryptConfigInformation: Dsn| RequestID = s_60e12001-7c4c-4983-98d9-39a1bd6bb8a3 
2019-12-03 19:52:54.1125|ERROR|8|FailedToDecryptConfigInformation: Dsn| RequestID = s_d82d9166-ab78-4c25-9c43-4864c2d4cf20 
2019-12-03 19:53:04.1284|ERROR|17|FailedToDecryptConfigInformation: Dsn| RequestID = s_c5fae31e-b09c-4b2a-94e8-58571587ee89 
2019-12-03 19:53:14.1507|ERROR|17|FailedToDecryptConfigInformation: Dsn| RequestID = s_19840a4a-f7cc-4364-a5df-c085c457a3c4 
2019-12-03 19:53:24.1650|ERROR|17|FailedToDecryptConfigInformation: Dsn| RequestID = s_326b4a0a-441b-41d4-975c-e45530794268 
2019-12-03 19:53:34.1782|ERROR|19|FailedToDecryptConfigInformation: Dsn| RequestID = s_865363ca-b06e-46ee-a3f7-6b0313c72b70 
2019-12-03 19:53:44.1900|ERROR|19|FailedToDecryptConfigInformation: Dsn| RequestID = s_72f1f94c-111d-4135-bbb8-5ce91c0c7b5e 
2019-12-03 19:53:54.2028|ERROR|19|FailedToDecryptConfigInformation: Dsn| RequestID = s_4973dce1-5211-4323-9d03-70b147e6e87f 
2019-12-03 19:54:04.2192|ERROR|19|FailedToDecryptConfigInformation: Dsn| RequestID = s_7e1514b8-fcec-43e6-bd44-9cf011855bd6 
2019-12-03 19:54:14.2317|ERROR|26|FailedToDecryptConfigInformation: Dsn| RequestID = s_645a3ce1-96cd-412f-bf90-d1ad88cb5021 
2019-12-03 19:54:24.2451|ERROR|26|FailedToDecryptConfigInformation: Dsn| RequestID = s_446c1e92-c01d-4f51-aaa7-5f5e815ddb9d 
2019-12-03 19:54:34.2606|ERROR|9|FailedToDecryptConfigInformation: Dsn| RequestID = s_0898f578-f5fc-4dd3-920d-8cb7ec761f8b 
2019-12-03 19:54:44.2750|ERROR|9|FailedToDecryptConfigInformation: Dsn| RequestID = s_108d93f9-1cb5-4420-9bd0-d1f6996e471f 
2019-12-03 19:54:54.2885|ERROR|4|FailedToDecryptConfigInformation: Dsn| RequestID = s_abf071f4-b215-4587-a4fd-b474cd4f1464 
2019-12-03 19:55:04.3029|ERROR|4|FailedToDecryptConfigInformation: Dsn| RequestID = s_8b5b06c6-912a-4774-b5a9-35ede24e5d47 
2019-12-03 19:55:14.3183|ERROR|12|FailedToDecryptConfigInformation: Dsn| RequestID = s_a0cb0d7f-87c3-4b0a-ab7a-3baa0261f894 
2019-12-03 19:55:24.3337|ERROR|12|FailedToDecryptConfigInformation: Dsn| RequestID = s_07bc9dbb-fff4-4a60-af9b-3e1c49b5927b 
2019-12-03 19:55:34.3502|ERROR|16|FailedToDecryptConfigInformation: Dsn| RequestID = s_59aa34eb-1ff6-403b-8a57-6ce375ba981e 
2019-12-03 19:55:44.3671|ERROR|16|FailedToDecryptConfigInformation: Dsn| RequestID = s_100844eb-94f2-4649-b1c5-ac23eec0cc66 
2019-12-03 19:55:54.3811|ERROR|16|FailedToDecryptConfigInformation: Dsn| RequestID = s_2139470f-ab4c-49ba-b162-9a70571d1e2d 
2019-12-03 19:56:04.3975|ERROR|31|FailedToDecryptConfigInformation: Dsn| RequestID = s_285010a7-6e73-402d-aafd-978afdc81b3a 
2019-12-03 19:56:14.4119|ERROR|31|FailedToDecryptConfigInformation: Dsn| RequestID = s_7af816c6-53aa-43c6-b954-48f95e1bd141 
2019-12-03 19:56:24.4283|ERROR|11|FailedToDecryptConfigInformation: Dsn| RequestID = s_46f5d717-3ff8-4de8-8e43-0be47d4c0612 
2019-12-03 19:56:34.4433|ERROR|11|FailedToDecryptConfigInformation: Dsn| RequestID = s_7c534441-24e3-4a97-836f-14bf2416870e 
2019-12-03 19:56:44.4582|ERROR|28|FailedToDecryptConfigInformation: Dsn| RequestID = s_54eceb96-113f-4c30-8a23-f1049dcb3c90 
2019-12-03 19:56:54.4727|ERROR|28|FailedToDecryptConfigInformation: Dsn| RequestID = s_dbe74254-3fbf-4f23-9dc4-ed7a32cd6356 
2019-12-03 19:57:04.4881|ERROR|30|FailedToDecryptConfigInformation: Dsn| RequestID = s_11eeb0ec-b621-4b78-81d3-3ce422fc7550 
2019-12-03 19:57:14.5016|ERROR|30|FailedToDecryptConfigInformation: Dsn| RequestID = s_0a30853d-6eb8-4205-b28d-5b0423e72d0f 
2019-12-03 19:57:24.5170|ERROR|36|FailedToDecryptConfigInformation: Dsn| RequestID = s_aedb94d9-8b18-46a0-a23d-7ee871832fad 
2019-12-03 19:57:34.5294|ERROR|36|FailedToDecryptConfigInformation: Dsn| RequestID = s_41b2117b-d82e-4735-bfba-a4035d6bc9a7 
2019-12-03 19:57:44.5679|ERROR|30|FailedToDecryptConfigInformation: Dsn| RequestID = s_12aa49ac-111a-4cf9-9cbe-2ee55dfd5a13 
2019-12-03 19:57:54.5923|ERROR|30|FailedToDecryptConfigInformation: Dsn| RequestID = s_5f745c38-6380-4a17-882f-65bfa73bd5cd 
2019-12-03 19:58:04.6078|ERROR|22|FailedToDecryptConfigInformation: Dsn| RequestID = s_d65c9f48-be4d-4a8e-a649-2f2c611de716 
2019-12-03 19:58:14.6303|ERROR|22|FailedToDecryptConfigInformation: Dsn| RequestID = s_01d343ef-fc2d-43c1-98ae-c005367663fd 
2019-12-03 19:58:24.7027|ERROR|22|FailedToDecryptConfigInformation: Dsn| RequestID = s_69b50c0c-b525-4997-8c49-c0a1f727db1f 
2019-12-03 19:58:34.7235|ERROR|22|FailedToDecryptConfigInformation: Dsn| RequestID = s_e53f5780-dbdb-48ac-af56-401c7a887f27 
2019-12-03 19:58:44.7373|ERROR|22|FailedToDecryptConfigInformation: Dsn| RequestID = s_179ef97b-2d87-4d94-93fd-118f1911c474 
2019-12-03 19:58:54.7562|ERROR|22|FailedToDecryptConfigInformation: Dsn| RequestID = s_d8ab6d45-c029-4bac-8e7e-cdfe7f4d3e43 
2019-12-03 19:59:04.7777|ERROR|22|FailedToDecryptConfigInformation: Dsn| RequestID = s_aaa62791-6c6a-4e6a-b693-89aa82498b97 
2019-12-03 19:59:14.8132|ERROR|22|FailedToDecryptConfigInformation: Dsn| RequestID = s_ba6cfa5a-1fbf-4a07-8ea5-2f083142941a 
2019-12-03 19:59:24.8266|ERROR|22|FailedToDecryptConfigInformation: Dsn| RequestID = s_a83280f1-49fd-4254-bb34-69f2f42880a6 
2019-12-03 19:59:34.8463|ERROR|22|FailedToDecryptConfigInformation: Dsn| RequestID = s_1446f7aa-3110-4b18-9909-e1966163c7b2 
2019-12-03 19:59:44.8730|ERROR|36|FailedToDecryptConfigInformation: Dsn| RequestID = s_397085d1-6000-4d1c-b627-3451824b6db0 
2019-12-03 19:59:54.9283|ERROR|36|FailedToDecryptConfigInformation: Dsn| RequestID = s_2944c2c3-be5a-4bc7-b7a8-c4272cc9f09b 
