2019-12-04 19:00:09.5662|ERROR|9|FailedToDecryptConfigInformation: Dsn| RequestID = s_20dd43f7-2f0f-4022-9e2c-ac2e6ee24df8 
2019-12-04 19:00:19.5811|ERROR|9|FailedToDecryptConfigInformation: Dsn| RequestID = s_7375566a-1af7-432e-896f-4731c8d3d8a6 
2019-12-04 19:00:29.6065|ERROR|9|FailedToDecryptConfigInformation: Dsn| RequestID = s_3c2689a2-426d-4127-af93-70c0b9852769 
2019-12-04 19:00:39.6413|ERROR|9|FailedToDecryptConfigInformation: Dsn| RequestID = s_3cdb4979-eb83-499b-868f-10345df201d4 
2019-12-04 19:00:49.6656|ERROR|9|FailedToDecryptConfigInformation: Dsn| RequestID = s_a535cdeb-fd1a-4102-90f2-52c343c9d0ba 
2019-12-04 19:00:59.7765|ERROR|9|FailedToDecryptConfigInformation: Dsn| RequestID = s_77a88cc8-d424-4cad-9635-88609e703b2e 
2019-12-04 19:01:09.8113|ERROR|9|FailedToDecryptConfigInformation: Dsn| RequestID = s_8b4c46ec-86a6-4b36-bb0e-124a0734dad6 
2019-12-04 19:01:19.8321|ERROR|4|FailedToDecryptConfigInformation: Dsn| RequestID = s_ea4a1251-572c-40f7-bb55-8192f289a12f 
2019-12-04 19:01:29.8640|ERROR|4|FailedToDecryptConfigInformation: Dsn| RequestID = s_5f022b2e-f0d4-436a-870b-f2d169a89654 
2019-12-04 19:01:39.9003|ERROR|4|FailedToDecryptConfigInformation: Dsn| RequestID = s_be0589fd-a8c1-4c1f-b830-3c533386cdab 
2019-12-04 19:01:49.9231|ERROR|4|FailedToDecryptConfigInformation: Dsn| RequestID = s_d97a1d92-20cf-4348-999d-463ed3296a6c 
2019-12-04 19:01:59.9499|ERROR|4|FailedToDecryptConfigInformation: Dsn| RequestID = s_c3f13902-9209-4267-b0cf-4cab4700bf5e 
2019-12-04 19:02:09.9686|ERROR|4|FailedToDecryptConfigInformation: Dsn| RequestID = s_a88df676-b9eb-4efa-80e8-1e61dc65c61a 
2019-12-04 19:02:19.9999|ERROR|4|FailedToDecryptConfigInformation: Dsn| RequestID = s_ac2847fd-85f0-46e7-a359-0788baf7b75b 
2019-12-04 19:02:30.0437|ERROR|4|FailedToDecryptConfigInformation: Dsn| RequestID = s_2592e961-183e-445a-bebe-0a06dc088880 
2019-12-04 19:02:40.0735|ERROR|4|FailedToDecryptConfigInformation: Dsn| RequestID = s_3f5ebeba-fa98-49de-b6bd-b4cead13969c 
2019-12-04 19:02:50.1048|ERROR|4|FailedToDecryptConfigInformation: Dsn| RequestID = s_8015fb34-04e7-4e6a-9c58-b11b578da239 
2019-12-04 19:03:00.1407|ERROR|23|FailedToDecryptConfigInformation: Dsn| RequestID = s_d3a2fb77-dbe2-4168-9267-bec5363431d7 
2019-12-04 19:03:10.1645|ERROR|23|FailedToDecryptConfigInformation: Dsn| RequestID = s_9485f201-d628-436e-9f70-db9ccb8b6800 
2019-12-04 19:03:20.1813|ERROR|23|FailedToDecryptConfigInformation: Dsn| RequestID = s_3cd471fd-ca04-4b8c-8a01-d5e9fdb3b406 
2019-12-04 19:03:30.2161|ERROR|23|FailedToDecryptConfigInformation: Dsn| RequestID = s_ec2abc05-ffcc-4ad9-8193-ff7b467891bc 
2019-12-04 19:03:40.2330|ERROR|6|FailedToDecryptConfigInformation: Dsn| RequestID = s_bcdafaa2-34ec-41e9-8a1d-6ab9cb239d35 
2019-12-04 19:03:50.2633|ERROR|6|FailedToDecryptConfigInformation: Dsn| RequestID = s_d5b560e8-822f-4f1c-bb59-23b6d74df7c3 
2019-12-04 19:04:00.2986|ERROR|23|FailedToDecryptConfigInformation: Dsn| RequestID = s_7f3d5fcc-d7fd-473e-af99-2a92b66425ab 
2019-12-04 19:04:10.3234|ERROR|23|FailedToDecryptConfigInformation: Dsn| RequestID = s_6f2cbbe9-592f-44c7-af63-94c5b5ae642c 
2019-12-04 19:04:20.3403|ERROR|7|FailedToDecryptConfigInformation: Dsn| RequestID = s_fad913c9-a876-4209-af8a-1a17137ccd12 
2019-12-04 19:04:30.3536|ERROR|7|FailedToDecryptConfigInformation: Dsn| RequestID = s_350954e1-4c74-4b4c-8390-48bf4f4ab653 
2019-12-04 19:04:40.3754|ERROR|7|FailedToDecryptConfigInformation: Dsn| RequestID = s_29d14bd0-c47d-4274-ae9e-e4f06cebbebd 
2019-12-04 19:04:50.4007|ERROR|7|FailedToDecryptConfigInformation: Dsn| RequestID = s_ac8ff336-a62e-487c-8276-d8b542bf9956 
2019-12-04 19:05:00.4230|ERROR|7|FailedToDecryptConfigInformation: Dsn| RequestID = s_3b5f649b-987a-488a-bc65-54c45f8c5563 
2019-12-04 19:05:10.4508|ERROR|7|FailedToDecryptConfigInformation: Dsn| RequestID = s_9a3b6c4e-89b1-4681-a885-eeaf5b6805c4 
2019-12-04 19:05:20.4670|ERROR|19|FailedToDecryptConfigInformation: Dsn| RequestID = s_2d443799-0e31-4b6b-9897-138b217b28c4 
2019-12-04 19:05:30.4978|ERROR|19|FailedToDecryptConfigInformation: Dsn| RequestID = s_795945e6-7181-4601-9fa5-0a573b0299e9 
2019-12-04 19:05:40.5213|ERROR|19|FailedToDecryptConfigInformation: Dsn| RequestID = s_dadf154b-c6a0-4c28-b5d0-e059ab0b5771 
2019-12-04 19:05:50.5566|ERROR|17|FailedToDecryptConfigInformation: Dsn| RequestID = s_5c0e1da8-66d0-48b3-9cd4-77dd13e60038 
2019-12-04 19:06:00.5804|ERROR|17|FailedToDecryptConfigInformation: Dsn| RequestID = s_17ba181f-ac5d-4a32-be96-40f17a794c88 
2019-12-04 19:06:10.6101|ERROR|16|FailedToDecryptConfigInformation: Dsn| RequestID = s_2495c88b-78ee-46ad-bff9-d3df84a1da96 
2019-12-04 19:06:20.6474|ERROR|16|FailedToDecryptConfigInformation: Dsn| RequestID = s_065527d7-2d2a-4cbd-a46c-f320c9c9e382 
2019-12-04 19:06:30.6707|ERROR|16|FailedToDecryptConfigInformation: Dsn| RequestID = s_1537d974-3760-4891-bd2b-be6c77e642db 
2019-12-04 19:06:40.7155|ERROR|16|FailedToDecryptConfigInformation: Dsn| RequestID = s_70ec1083-6b89-477f-b024-2baee1724021 
2019-12-04 19:06:50.7383|ERROR|16|FailedToDecryptConfigInformation: Dsn| RequestID = s_b303c15a-a42c-4bd8-87df-40bd4f078078 
2019-12-04 19:07:00.7892|ERROR|16|FailedToDecryptConfigInformation: Dsn| RequestID = s_cdd7eadd-1fe8-4f80-b9f3-eb047c396058 
2019-12-04 19:07:10.8125|ERROR|16|FailedToDecryptConfigInformation: Dsn| RequestID = s_7ef7e1da-9505-43ab-aa37-8ca906ef6017 
2019-12-04 19:07:20.8458|ERROR|16|FailedToDecryptConfigInformation: Dsn| RequestID = s_d9a87f00-1c6e-401c-a326-bf5e07d7b063 
2019-12-04 19:07:30.8705|ERROR|16|FailedToDecryptConfigInformation: Dsn| RequestID = s_75094973-2c42-4055-b1e5-6832133ec873 
2019-12-04 19:07:40.9008|ERROR|24|FailedToDecryptConfigInformation: Dsn| RequestID = s_32eebb4e-8826-4dd1-8f17-e796b1e79864 
2019-12-04 19:07:50.9361|ERROR|24|FailedToDecryptConfigInformation: Dsn| RequestID = s_b95254fa-86a4-4342-aa8e-a8702cd35b42 
2019-12-04 19:08:00.9610|ERROR|24|FailedToDecryptConfigInformation: Dsn| RequestID = s_d9e76411-4634-49e9-95f0-ecab1b27b803 
2019-12-04 19:08:10.9790|ERROR|28|FailedToDecryptConfigInformation: Dsn| RequestID = s_257959bc-67ad-4e9d-a5bd-cb92723a4b52 
2019-12-04 19:08:21.0129|ERROR|28|FailedToDecryptConfigInformation: Dsn| RequestID = s_3990143b-39f3-4675-9362-3388e3dac132 
2019-12-04 19:08:31.0362|ERROR|28|FailedToDecryptConfigInformation: Dsn| RequestID = s_8ea253dd-0df8-4195-acac-96ec6348663c 
2019-12-04 19:08:41.0660|ERROR|28|FailedToDecryptConfigInformation: Dsn| RequestID = s_33b0704a-c09e-45c2-8675-195142f64806 
2019-12-04 19:08:51.1077|ERROR|29|FailedToDecryptConfigInformation: Dsn| RequestID = s_08d0a0a8-3e62-4ece-b620-f6e2642b4250 
2019-12-04 19:09:01.1292|ERROR|29|FailedToDecryptConfigInformation: Dsn| RequestID = s_e7996ced-63c8-4dd8-a87a-fa7b5d6eb293 
2019-12-04 19:09:11.1621|ERROR|30|FailedToDecryptConfigInformation: Dsn| RequestID = s_6bb05bdb-218d-4413-87c8-efa83d060273 
2019-12-04 19:09:21.1929|ERROR|30|FailedToDecryptConfigInformation: Dsn| RequestID = s_a9970980-c0bf-484d-8d49-a45d3af96088 
2019-12-04 19:09:31.2192|ERROR|30|FailedToDecryptConfigInformation: Dsn| RequestID = s_1e35c071-f92d-40b0-8d4f-d3f925a5e5ec 
2019-12-04 19:09:41.2358|ERROR|30|FailedToDecryptConfigInformation: Dsn| RequestID = s_6c65698d-4a7a-4b2e-98a4-6481e7a4123f 
2019-12-04 19:09:51.3552|ERROR|30|FailedToDecryptConfigInformation: Dsn| RequestID = s_a1b90dd1-62c7-4375-a9ee-f5e3bb8ad33e 
2019-12-04 19:10:01.3936|ERROR|30|FailedToDecryptConfigInformation: Dsn| RequestID = s_447d4131-30fa-4d2f-9713-12b4b60ec614 
2019-12-04 19:10:11.4188|ERROR|30|FailedToDecryptConfigInformation: Dsn| RequestID = s_a1b0d25a-e077-4bd7-8cc3-1802cde96b4b 
2019-12-04 19:10:21.4460|ERROR|30|FailedToDecryptConfigInformation: Dsn| RequestID = s_844a3098-9b8e-4e80-8ddc-041b6c19fbff 
2019-12-04 19:10:31.4813|ERROR|18|FailedToDecryptConfigInformation: Dsn| RequestID = s_e094af3a-5fc3-42b5-9206-f1d715f09dd1 
2019-12-04 19:10:41.5061|ERROR|18|FailedToDecryptConfigInformation: Dsn| RequestID = s_3af6fe69-f3ed-4e63-8005-f84dcedb6d44 
2019-12-04 19:10:51.5344|ERROR|7|FailedToDecryptConfigInformation: Dsn| RequestID = s_ef714f5e-f50c-4946-bab8-c501e637b9ea 
2019-12-04 19:11:01.5487|ERROR|7|FailedToDecryptConfigInformation: Dsn| RequestID = s_ad6ffc00-d1ed-4b40-95a2-8910fb838c66 
2019-12-04 19:11:11.5630|ERROR|7|FailedToDecryptConfigInformation: Dsn| RequestID = s_26334843-481c-4980-88a7-f07d1cec8d57 
2019-12-04 19:11:21.5783|ERROR|7|FailedToDecryptConfigInformation: Dsn| RequestID = s_3f044d9e-1993-4f3e-911f-4fbebb1dc37a 
2019-12-04 19:11:31.5921|ERROR|7|FailedToDecryptConfigInformation: Dsn| RequestID = s_0cb8069e-39b3-4a3f-a0fc-c6c82a8f088d 
2019-12-04 19:11:41.6156|ERROR|7|FailedToDecryptConfigInformation: Dsn| RequestID = s_e4df73bc-e16f-4f71-9d5a-4dc9abfdb286 
2019-12-04 19:11:51.6384|ERROR|6|FailedToDecryptConfigInformation: Dsn| RequestID = s_0ae28ecc-fde8-44d7-9653-5e28d3c5caa8 
2019-12-04 19:12:01.6596|ERROR|6|FailedToDecryptConfigInformation: Dsn| RequestID = s_ceaf7ed6-93a6-4156-8d41-7f40157183cb 
2019-12-04 19:12:11.6884|ERROR|28|FailedToDecryptConfigInformation: Dsn| RequestID = s_13ffdb78-1556-4569-8985-b71bbbd61cdb 
2019-12-04 19:12:21.7332|ERROR|28|FailedToDecryptConfigInformation: Dsn| RequestID = s_b4870155-f802-4db2-a26c-06cfcda1d719 
2019-12-04 19:12:31.7641|ERROR|6|FailedToDecryptConfigInformation: Dsn| RequestID = s_806f1734-f488-4a6a-affa-5a57389e62c1 
2019-12-04 19:12:41.7889|ERROR|6|FailedToDecryptConfigInformation: Dsn| RequestID = s_b7da5080-b377-4733-8953-755d76d82b95 
2019-12-04 19:12:51.8197|ERROR|6|FailedToDecryptConfigInformation: Dsn| RequestID = s_fb704b9f-a12c-495f-a134-d22fb73d9853 
2019-12-04 19:13:01.8376|ERROR|6|FailedToDecryptConfigInformation: Dsn| RequestID = s_f44c8aa4-d2a2-4c90-ade9-2a4918f08b51 
2019-12-04 19:13:11.8620|ERROR|14|FailedToDecryptConfigInformation: Dsn| RequestID = s_70d4d6f8-7502-4562-a05f-cdf664c6743e 
2019-12-04 19:13:21.9013|ERROR|6|FailedToDecryptConfigInformation: Dsn| RequestID = s_db05fcd1-5817-4644-b4c1-fc264bbf9b6c 
2019-12-04 19:13:31.9212|ERROR|8|FailedToDecryptConfigInformation: Dsn| RequestID = s_4d04bfb1-3031-48ad-a2cb-562822fd4120 
2019-12-04 19:13:41.9467|ERROR|8|FailedToDecryptConfigInformation: Dsn| RequestID = s_1fc0a1fc-ec90-4a6c-bf78-929fd588618b 
2019-12-04 19:13:51.9679|ERROR|16|FailedToDecryptConfigInformation: Dsn| RequestID = s_3b5afa7f-1e75-40f9-9c67-85c80e73280a 
2019-12-04 19:14:01.9944|ERROR|16|FailedToDecryptConfigInformation: Dsn| RequestID = s_4106e8d3-c48e-4275-8849-659e3e649d8a 
2019-12-04 19:14:12.0157|ERROR|11|FailedToDecryptConfigInformation: Dsn| RequestID = s_0ad92451-e65a-4c75-8b0a-af57ea5eb6eb 
2019-12-04 19:14:22.0341|ERROR|11|FailedToDecryptConfigInformation: Dsn| RequestID = s_e7bd5b34-f7da-4a98-b886-defd3b49feb5 
2019-12-04 19:14:32.0659|ERROR|23|FailedToDecryptConfigInformation: Dsn| RequestID = s_83c8fda8-9d82-4362-ade4-23f3bb6adfd5 
2019-12-04 19:14:42.0952|ERROR|11|FailedToDecryptConfigInformation: Dsn| RequestID = s_fec8e3cd-09d7-44bc-b745-3a5b25d21fe9 
2019-12-04 19:14:52.1086|ERROR|11|FailedToDecryptConfigInformation: Dsn| RequestID = s_c268584f-ba84-448f-864b-07f052772bc1 
2019-12-04 19:15:02.1289|ERROR|11|FailedToDecryptConfigInformation: Dsn| RequestID = s_a79ba47f-ea8f-4fc2-bbfa-e8d2f9a33308 
2019-12-04 19:15:12.1527|ERROR|11|FailedToDecryptConfigInformation: Dsn| RequestID = s_2d8c25e7-bc89-4af6-91d2-36577deb645b 
2019-12-04 19:15:22.1725|ERROR|11|FailedToDecryptConfigInformation: Dsn| RequestID = s_4672525b-9680-4792-8957-8aa763d8e0d9 
2019-12-04 19:15:32.1982|ERROR|11|FailedToDecryptConfigInformation: Dsn| RequestID = s_d58a738f-3452-460c-bfb7-15299b17132d 
2019-12-04 19:15:42.2115|ERROR|18|FailedToDecryptConfigInformation: Dsn| RequestID = s_15a32e87-17a0-4be2-ab79-a588851f2c32 
2019-12-04 19:15:52.2289|ERROR|18|FailedToDecryptConfigInformation: Dsn| RequestID = s_5d25e93f-041f-45f4-9e40-e20fd7f3050a 
2019-12-04 19:16:02.2587|ERROR|17|FailedToDecryptConfigInformation: Dsn| RequestID = s_2c83af70-cdc9-4017-93de-508069b95e06 
2019-12-04 19:16:12.2767|ERROR|17|FailedToDecryptConfigInformation: Dsn| RequestID = s_acb91f1d-3d39-4bd3-905e-8fbc442b9ca9 
2019-12-04 19:16:22.2916|ERROR|22|FailedToDecryptConfigInformation: Dsn| RequestID = s_b3623d06-c0ba-4308-8f2d-983cd812542d 
2019-12-04 19:16:32.3134|ERROR|22|FailedToDecryptConfigInformation: Dsn| RequestID = s_e281d6f5-7f2d-4b0a-a1cb-770898164a84 
2019-12-04 19:16:42.3372|ERROR|22|FailedToDecryptConfigInformation: Dsn| RequestID = s_ffec947d-da4a-4146-87a4-9332f6570cd6 
2019-12-04 19:16:52.3670|ERROR|22|FailedToDecryptConfigInformation: Dsn| RequestID = s_fec06d5a-13af-4330-8aef-73bcdb19344f 
2019-12-04 19:17:02.3958|ERROR|22|FailedToDecryptConfigInformation: Dsn| RequestID = s_afc1bfd1-6a3c-48aa-a857-3e5b78c76cf1 
2019-12-04 19:17:12.4280|ERROR|22|FailedToDecryptConfigInformation: Dsn| RequestID = s_baaafa1e-9679-4bce-9110-f6bc4b0074fd 
2019-12-04 19:17:22.4663|ERROR|22|FailedToDecryptConfigInformation: Dsn| RequestID = s_f3a198e7-c9cc-4820-8ed8-335b173da26b 
2019-12-04 19:17:32.4938|ERROR|21|FailedToDecryptConfigInformation: Dsn| RequestID = s_ca2cef4b-5d6d-4b4d-81d1-e177129df097 
2019-12-04 19:17:42.5280|ERROR|21|FailedToDecryptConfigInformation: Dsn| RequestID = s_64150b69-3074-4f4a-bf6a-c13d8b9eaf4b 
2019-12-04 19:17:52.5524|ERROR|21|FailedToDecryptConfigInformation: Dsn| RequestID = s_4e0bbb1e-83a6-4282-99c2-d87441ee7901 
2019-12-04 19:18:02.5886|ERROR|8|FailedToDecryptConfigInformation: Dsn| RequestID = s_9ea3d56d-6a83-4b80-b9fa-bd41baac44be 
2019-12-04 19:18:12.6144|ERROR|21|FailedToDecryptConfigInformation: Dsn| RequestID = s_0b2d58a0-e014-400e-96b6-92d05e99f30a 
2019-12-04 19:18:22.6422|ERROR|21|FailedToDecryptConfigInformation: Dsn| RequestID = s_de493df5-bc18-4f99-b106-6b1ba3585dc9 
2019-12-04 19:18:32.6760|ERROR|14|FailedToDecryptConfigInformation: Dsn| RequestID = s_9a5985a4-4051-4501-bdcc-45a0cf5f56d2 
2019-12-04 19:18:42.7038|ERROR|14|FailedToDecryptConfigInformation: Dsn| RequestID = s_93dfc500-1840-483e-acb9-575e8892bd17 
2019-12-04 19:18:52.7316|ERROR|14|FailedToDecryptConfigInformation: Dsn| RequestID = s_b67edd29-a914-4eb6-8c21-96cbf62d6606 
2019-12-04 19:19:02.7659|ERROR|28|FailedToDecryptConfigInformation: Dsn| RequestID = s_3e9f31c2-69c8-4a59-8ef2-eacd979d3f8d 
2019-12-04 19:19:12.8080|ERROR|28|FailedToDecryptConfigInformation: Dsn| RequestID = s_70009eeb-d19e-4051-b8d2-18c0a7912ba3 
2019-12-04 19:19:22.8433|ERROR|28|FailedToDecryptConfigInformation: Dsn| RequestID = s_4de9caf9-9c94-42ed-8c07-2908a468f655 
2019-12-04 19:19:32.8731|ERROR|28|FailedToDecryptConfigInformation: Dsn| RequestID = s_d9544db1-ef52-4ffc-8889-ece3c27e8eb8 
2019-12-04 19:19:42.8899|ERROR|28|FailedToDecryptConfigInformation: Dsn| RequestID = s_77af16a7-38e4-495d-8137-7d2de1c9c69c 
2019-12-04 19:19:52.9323|ERROR|28|FailedToDecryptConfigInformation: Dsn| RequestID = s_d32feb01-adee-4ad9-acbd-64f3cecc2d4c 
2019-12-04 19:20:02.9512|ERROR|28|FailedToDecryptConfigInformation: Dsn| RequestID = s_c39d0254-15cd-4e70-976c-b77fd56fd0c4 
2019-12-04 19:20:12.9731|ERROR|28|FailedToDecryptConfigInformation: Dsn| RequestID = s_1fc88669-9d5c-428e-8363-3b631229f91d 
2019-12-04 19:20:22.9995|ERROR|4|FailedToDecryptConfigInformation: Dsn| RequestID = s_ba1da271-0c5e-4f2d-b473-24863a1af1b6 
2019-12-04 19:20:33.0260|ERROR|4|FailedToDecryptConfigInformation: Dsn| RequestID = s_9e625192-92c9-4534-bbe0-c631ebdb0386 
2019-12-04 19:20:43.0572|ERROR|17|FailedToDecryptConfigInformation: Dsn| RequestID = s_4bf5e9d8-ccd6-40b9-8566-0e8edb590943 
2019-12-04 19:20:53.0905|ERROR|4|FailedToDecryptConfigInformation: Dsn| RequestID = s_a3ed4045-b253-4553-8953-dfa572a0154f 
2019-12-04 19:21:03.1235|ERROR|4|FailedToDecryptConfigInformation: Dsn| RequestID = s_86f4e09a-f673-46ec-aa1f-ad066dffa102 
2019-12-04 19:21:13.1486|ERROR|4|FailedToDecryptConfigInformation: Dsn| RequestID = s_e20d7039-70b5-4cb7-8136-b269a3381c05 
2019-12-04 19:21:23.1807|ERROR|18|FailedToDecryptConfigInformation: Dsn| RequestID = s_e6acf77c-5ec8-4d3e-a6bc-e21ffa70d69f 
2019-12-04 19:21:33.2028|ERROR|18|FailedToDecryptConfigInformation: Dsn| RequestID = s_ada60db6-fb40-475c-96ef-20429716cba4 
2019-12-04 19:21:43.2265|ERROR|18|FailedToDecryptConfigInformation: Dsn| RequestID = s_60cc302f-8224-4346-afec-0d518c50ea1b 
2019-12-04 19:21:53.2419|ERROR|18|FailedToDecryptConfigInformation: Dsn| RequestID = s_1c871c2e-e227-4088-87dd-5eb438356fe2 
2019-12-04 19:22:03.2571|ERROR|18|FailedToDecryptConfigInformation: Dsn| RequestID = s_de151e47-8916-4cd5-9d8b-7188110fc2a3 
2019-12-04 19:22:13.2789|ERROR|6|FailedToDecryptConfigInformation: Dsn| RequestID = s_24ff2b35-5cd5-4e5a-a5f7-922a0da93bec 
2019-12-04 19:22:23.3073|ERROR|6|FailedToDecryptConfigInformation: Dsn| RequestID = s_cc5bf918-fe54-4577-94c2-da395f8eafeb 
2019-12-04 19:22:33.3387|ERROR|14|FailedToDecryptConfigInformation: Dsn| RequestID = s_3fde4e6f-bdde-4637-a631-4fdf5ebd532f 
2019-12-04 19:22:43.3630|ERROR|14|FailedToDecryptConfigInformation: Dsn| RequestID = s_8e9b8a58-c7b5-4244-970b-3d3781465923 
2019-12-04 19:22:53.3969|ERROR|8|FailedToDecryptConfigInformation: Dsn| RequestID = s_5ce25daf-84ea-4240-a20c-bbbb9cc09f55 
2019-12-04 19:23:03.4175|ERROR|8|FailedToDecryptConfigInformation: Dsn| RequestID = s_aa52a084-168e-4f40-b703-8cf7073adeca 
2019-12-04 19:23:13.4337|ERROR|21|FailedToDecryptConfigInformation: Dsn| RequestID = s_7edddd9a-bfed-4593-9bf9-0a7c10e7c91d 
2019-12-04 19:23:23.4653|ERROR|21|FailedToDecryptConfigInformation: Dsn| RequestID = s_5840b3b8-c77f-4703-a92d-5bb004aef234 
2019-12-04 19:23:33.4830|ERROR|7|FailedToDecryptConfigInformation: Dsn| RequestID = s_f449f5cc-5f5b-406f-be42-89923fbe2aa5 
2019-12-04 19:23:43.5045|ERROR|7|FailedToDecryptConfigInformation: Dsn| RequestID = s_1afca621-f860-4362-950e-8dc265cf8c1b 
2019-12-04 19:23:53.5188|ERROR|29|FailedToDecryptConfigInformation: Dsn| RequestID = s_d5fa03e2-b54f-4049-a52e-1671bac6ee96 
2019-12-04 19:24:03.5349|ERROR|29|FailedToDecryptConfigInformation: Dsn| RequestID = s_b33c15ec-0293-4dda-ab0c-35bd7eb4f06a 
2019-12-04 19:24:13.5574|ERROR|26|FailedToDecryptConfigInformation: Dsn| RequestID = s_69f7a63b-6629-4a58-a543-f90f577f0d9f 
2019-12-04 19:24:23.5848|ERROR|26|FailedToDecryptConfigInformation: Dsn| RequestID = s_31828c1c-e190-4280-9a1e-93bf1e585825 
2019-12-04 19:24:33.6075|ERROR|5|FailedToDecryptConfigInformation: Dsn| RequestID = s_6cb9f7fb-7570-49f3-9d8d-feaa76cdb64e 
2019-12-04 19:24:43.6293|ERROR|26|FailedToDecryptConfigInformation: Dsn| RequestID = s_941d898c-51ec-4ac3-8aa8-c33131f462ee 
2019-12-04 19:24:53.6503|ERROR|5|FailedToDecryptConfigInformation: Dsn| RequestID = s_dc3a9d1e-e188-4b64-8116-3248644014ef 
2019-12-04 19:25:03.6830|ERROR|5|FailedToDecryptConfigInformation: Dsn| RequestID = s_5b84e334-7922-4cdf-87d2-0cbf70a6b5d5 
2019-12-04 19:25:13.6999|ERROR|11|FailedToDecryptConfigInformation: Dsn| RequestID = s_552b541c-ce6a-4c05-a9dc-391bbded7d68 
2019-12-04 19:25:23.7167|ERROR|11|FailedToDecryptConfigInformation: Dsn| RequestID = s_88d79463-e110-4013-a61f-99a8ef6674ae 
2019-12-04 19:25:33.7429|ERROR|18|FailedToDecryptConfigInformation: Dsn| RequestID = s_e63c9f2c-9cd2-436a-a20b-685de6fb6458 
2019-12-04 19:25:43.7654|ERROR|11|FailedToDecryptConfigInformation: Dsn| RequestID = s_1b1a2d9b-f8e2-4c0d-9f2e-5cdfd5f9e62a 
2019-12-04 19:25:53.7943|ERROR|11|FailedToDecryptConfigInformation: Dsn| RequestID = s_ae282a23-7c97-4e78-9847-62a2dfa81433 
2019-12-04 19:26:03.8100|ERROR|11|FailedToDecryptConfigInformation: Dsn| RequestID = s_b9521033-c540-47a0-8c06-20e0eb5cefe0 
2019-12-04 19:26:13.8564|ERROR|11|FailedToDecryptConfigInformation: Dsn| RequestID = s_791be3bf-84ff-4618-8ff5-1d5cb629fad0 
2019-12-04 19:26:23.8829|ERROR|9|FailedToDecryptConfigInformation: Dsn| RequestID = s_c901a5b4-901f-476f-a36e-ff042daadc4d 
2019-12-04 19:26:33.9204|ERROR|4|FailedToDecryptConfigInformation: Dsn| RequestID = s_9d23c5ff-28d1-43d7-81d6-605b16a454c4 
2019-12-04 19:26:43.9404|ERROR|9|FailedToDecryptConfigInformation: Dsn| RequestID = s_15e33b2a-8730-4afa-8d2a-91d2bbe696e6 
2019-12-04 19:26:53.9735|ERROR|9|FailedToDecryptConfigInformation: Dsn| RequestID = s_098b3a57-49fb-47fb-9e44-5b844fae0e5a 
2019-12-04 19:27:03.9897|ERROR|25|FailedToDecryptConfigInformation: Dsn| RequestID = s_e0645d6b-2451-4cb7-a9f6-e1674cd96acc 
2019-12-04 19:27:14.0161|ERROR|25|FailedToDecryptConfigInformation: Dsn| RequestID = s_e6b2ed1d-fd66-423d-9594-3acec5b70d7c 
2019-12-04 19:27:24.0346|ERROR|10|FailedToDecryptConfigInformation: Dsn| RequestID = s_482bb3ee-7042-496f-92c2-8e6fa7fb2e9a 
2019-12-04 19:27:34.0653|ERROR|10|FailedToDecryptConfigInformation: Dsn| RequestID = s_16ff8857-074f-4815-92db-4aa8430229a7 
2019-12-04 19:27:44.0913|ERROR|13|FailedToDecryptConfigInformation: Dsn| RequestID = s_8f5a996a-7b1a-4d92-8883-6176e67b5400 
2019-12-04 19:27:54.1103|ERROR|13|FailedToDecryptConfigInformation: Dsn| RequestID = s_f613291c-51f0-49e2-b830-860c50e3b8a0 
2019-12-04 19:28:04.1454|ERROR|13|FailedToDecryptConfigInformation: Dsn| RequestID = s_2f32e21f-9847-4a1a-b6c5-3175fa1470cf 
2019-12-04 19:28:14.1592|ERROR|13|FailedToDecryptConfigInformation: Dsn| RequestID = s_b3ab6322-d6cb-4d7d-bbbd-998d4d495304 
2019-12-04 19:28:24.1749|ERROR|7|FailedToDecryptConfigInformation: Dsn| RequestID = s_11673735-c6a3-4c3b-b5f6-a73f5ab4be0d 
2019-12-04 19:28:34.1990|ERROR|7|FailedToDecryptConfigInformation: Dsn| RequestID = s_7411a699-883d-4158-9c94-f7cc57ec1f69 
