2019-12-05 20:00:05.8723|ERROR|29|FailedToDecryptConfigInformation: Dsn| RequestID = s_39234fd9-a6d5-4a64-a0c2-45d24234e646 
2019-12-05 20:00:15.9036|ERROR|29|FailedToDecryptConfigInformation: Dsn| RequestID = s_86baa309-dcde-4f98-a824-38f030c3bb89 
2019-12-05 20:00:25.9505|ERROR|23|FailedToDecryptConfigInformation: Dsn| RequestID = s_f2e10be8-402f-4f1b-bb36-ef68c6efa236 
2019-12-05 20:00:35.9661|ERROR|30|FailedToDecryptConfigInformation: Dsn| RequestID = s_87616782-ddc4-4a4c-b328-b85a70c89565 
2019-12-05 20:00:45.9974|ERROR|30|FailedToDecryptConfigInformation: Dsn| RequestID = s_620b5419-a25d-4a83-b31d-1a77f480a5dd 
2019-12-05 20:00:56.0912|ERROR|30|FailedToDecryptConfigInformation: Dsn| RequestID = s_728f7b51-577d-45eb-8d61-352b05d7de1f 
2019-12-05 20:01:06.1225|ERROR|32|FailedToDecryptConfigInformation: Dsn| RequestID = s_2b9ce42c-9486-439a-a407-b26f727f7f41 
2019-12-05 20:01:16.1850|ERROR|32|FailedToDecryptConfigInformation: Dsn| RequestID = s_4c875b36-6e19-43cd-8c2a-8d3ab7bbad9e 
2019-12-05 20:01:26.4194|ERROR|30|FailedToDecryptConfigInformation: Dsn| RequestID = s_8a3026b1-d1d1-48e8-9235-3132428bc37a 
2019-12-05 20:01:36.4819|ERROR|30|FailedToDecryptConfigInformation: Dsn| RequestID = s_a5c936e2-cc16-4437-a9c2-912ddc51b287 
2019-12-05 20:01:46.4976|ERROR|15|FailedToDecryptConfigInformation: Dsn| RequestID = s_84380f25-955c-4734-a22b-bbea7f494874 
2019-12-05 20:01:56.5289|ERROR|15|FailedToDecryptConfigInformation: Dsn| RequestID = s_f9f880d9-7ef9-4afd-995e-239a88f60084 
2019-12-05 20:02:06.5445|ERROR|8|FailedToDecryptConfigInformation: Dsn| RequestID = s_230598f9-418b-4460-b4eb-4b67156d567a 
2019-12-05 20:02:16.5758|ERROR|8|FailedToDecryptConfigInformation: Dsn| RequestID = s_b894bd08-79b4-4112-a1f3-4cfd67da9f81 
2019-12-05 20:02:26.6071|ERROR|17|FailedToDecryptConfigInformation: Dsn| RequestID = s_228e8b22-13fc-467d-b448-77ea6ee6a7f8 
2019-12-05 20:02:36.6227|ERROR|17|FailedToDecryptConfigInformation: Dsn| RequestID = s_0fadbb2b-4206-4201-9df8-fcc641500796 
2019-12-05 20:02:46.6384|ERROR|24|FailedToDecryptConfigInformation: Dsn| RequestID = s_15020be9-a150-44a1-a0f7-3287fb0e4aad 
2019-12-05 20:02:56.6540|ERROR|24|FailedToDecryptConfigInformation: Dsn| RequestID = s_01cd8a1c-029b-4ca4-82a9-b671d99a0b57 
2019-12-05 20:03:06.6697|ERROR|20|FailedToDecryptConfigInformation: Dsn| RequestID = s_79fa80a0-1daa-4be3-b007-c2cf60bcc338 
2019-12-05 20:03:16.6854|ERROR|20|FailedToDecryptConfigInformation: Dsn| RequestID = s_98ff5a20-baa3-4b62-88ee-97f2b29f64e2 
2019-12-05 20:03:26.7010|ERROR|20|FailedToDecryptConfigInformation: Dsn| RequestID = s_6e3224a7-0729-4bf1-bbc5-425b0f1453df 
2019-12-05 20:03:36.7323|ERROR|20|FailedToDecryptConfigInformation: Dsn| RequestID = s_f1b43f7c-7927-4f3f-8fd7-889f9a83dbca 
2019-12-05 20:03:46.7891|ERROR|20|FailedToDecryptConfigInformation: Dsn| RequestID = s_c18355ff-3385-4fb6-b7d9-3dac3b12670e 
2019-12-05 20:03:56.8214|ERROR|20|FailedToDecryptConfigInformation: Dsn| RequestID = s_b12396d9-521a-4c2e-8805-4794911157db 
2019-12-05 20:04:06.8648|ERROR|20|FailedToDecryptConfigInformation: Dsn| RequestID = s_ad65efcf-2990-4741-a3ad-e9f50eeaa6f6 
2019-12-05 20:04:16.8931|ERROR|6|FailedToDecryptConfigInformation: Dsn| RequestID = s_e100eba5-2dc9-4117-a1f2-d894b6d19303 
2019-12-05 20:04:26.9251|ERROR|6|FailedToDecryptConfigInformation: Dsn| RequestID = s_5985b976-f80e-4b6a-aed5-b0984ecf13c1 
2019-12-05 20:04:36.9563|ERROR|6|FailedToDecryptConfigInformation: Dsn| RequestID = s_d2feea60-1686-4c7f-acb3-d9487f689e0b 
2019-12-05 20:04:46.9822|ERROR|29|FailedToDecryptConfigInformation: Dsn| RequestID = s_e66a1af6-4483-4960-ad93-873735b80840 
2019-12-05 20:04:56.9979|ERROR|29|FailedToDecryptConfigInformation: Dsn| RequestID = s_8057d394-8179-49a5-9bde-31eac4ec8ecf 
2019-12-05 20:05:07.0135|ERROR|29|FailedToDecryptConfigInformation: Dsn| RequestID = s_d615f1ea-32df-40fa-ade0-4e9baf8ed1a7 
2019-12-05 20:05:17.6386|ERROR|23|FailedToDecryptConfigInformation: Dsn| RequestID = s_99211865-1c50-4fa1-8e67-ae2c1efde47d 
2019-12-05 20:05:27.7324|ERROR|23|FailedToDecryptConfigInformation: Dsn| RequestID = s_464cb7ba-76fc-4a98-856a-80860624a38f 
2019-12-05 20:05:37.7793|ERROR|23|FailedToDecryptConfigInformation: Dsn| RequestID = s_8b255151-4f95-459b-8d84-1c339b6b857e 
2019-12-05 20:05:47.8105|ERROR|23|FailedToDecryptConfigInformation: Dsn| RequestID = s_72a537ca-33e1-43c5-a4b6-72f9909b68c9 
2019-12-05 20:05:57.8262|ERROR|22|FailedToDecryptConfigInformation: Dsn| RequestID = s_dff9cae5-9d08-4d0e-8b75-bebc820b3333 
2019-12-05 20:06:07.8575|ERROR|22|FailedToDecryptConfigInformation: Dsn| RequestID = s_e22ca766-689b-4ebf-b831-49a26a9c6e02 
2019-12-05 20:06:17.8731|ERROR|4|FailedToDecryptConfigInformation: Dsn| RequestID = s_225272bf-c818-4d21-be2b-7fc5d0843de6 
2019-12-05 20:06:27.9825|ERROR|4|FailedToDecryptConfigInformation: Dsn| RequestID = s_e7fef3b0-b6c9-48c6-a44a-c15f1608ad1e 
2019-12-05 20:06:38.0862|ERROR|4|FailedToDecryptConfigInformation: Dsn| RequestID = s_1f079d57-bca3-49d2-86ec-13617bd97ea5 
2019-12-05 20:06:48.1228|ERROR|4|FailedToDecryptConfigInformation: Dsn| RequestID = s_670ae458-dba4-499f-9cf1-fdf730e5e274 
2019-12-05 20:06:58.1798|ERROR|4|FailedToDecryptConfigInformation: Dsn| RequestID = s_b7a68ab7-1b33-4269-b49a-5bca1d22c40c 
2019-12-05 20:07:08.1965|ERROR|4|FailedToDecryptConfigInformation: Dsn| RequestID = s_fd29df7f-354b-44d7-a6c3-f7f70343cd84 
2019-12-05 20:07:18.2277|ERROR|4|FailedToDecryptConfigInformation: Dsn| RequestID = s_729039cb-96dd-403f-b575-39245514943a 
2019-12-05 20:07:28.2590|ERROR|4|FailedToDecryptConfigInformation: Dsn| RequestID = s_165d46e4-6f3e-44b5-a23d-6248a3ebc525 
2019-12-05 20:07:38.3059|ERROR|4|FailedToDecryptConfigInformation: Dsn| RequestID = s_4b34630a-39d4-4edd-83c5-45feb8f74ab9 
2019-12-05 20:07:48.3508|ERROR|4|FailedToDecryptConfigInformation: Dsn| RequestID = s_8269ec85-b225-4213-aff4-01773dd222ad 
2019-12-05 20:07:58.3728|ERROR|4|FailedToDecryptConfigInformation: Dsn| RequestID = s_b6bfef8b-3d04-48a1-ba60-10dc3af50cfd 
2019-12-05 20:08:08.3949|ERROR|4|FailedToDecryptConfigInformation: Dsn| RequestID = s_2770d3b2-940b-4dd5-87f6-f8f6b55a2880 
2019-12-05 20:08:18.4194|ERROR|4|FailedToDecryptConfigInformation: Dsn| RequestID = s_fafa948b-e0aa-4c45-b7a9-5d4655a31344 
2019-12-05 20:08:28.4498|ERROR|4|FailedToDecryptConfigInformation: Dsn| RequestID = s_f1e40d87-1f84-4908-b9a0-79925a0123b8 
2019-12-05 20:08:38.4761|ERROR|4|FailedToDecryptConfigInformation: Dsn| RequestID = s_58484efa-faba-4f65-97b3-41117663899a 
2019-12-05 20:08:48.5038|ERROR|27|FailedToDecryptConfigInformation: Dsn| RequestID = s_76b0baf6-c8dd-4bf6-8355-9fbd69182d37 
2019-12-05 20:08:58.5344|ERROR|27|FailedToDecryptConfigInformation: Dsn| RequestID = s_42c8f9dd-2382-4b15-96ca-fb61c821174e 
2019-12-05 20:09:08.5692|ERROR|27|FailedToDecryptConfigInformation: Dsn| RequestID = s_99981fd7-075c-4728-926e-9c251d1bc566 
2019-12-05 20:09:18.6200|ERROR|27|FailedToDecryptConfigInformation: Dsn| RequestID = s_25cc5d24-b982-4928-80d6-2b08944a2e45 
2019-12-05 20:09:28.6443|ERROR|27|FailedToDecryptConfigInformation: Dsn| RequestID = s_b814ff86-f1d3-4daa-887c-1fddba683bdd 
2019-12-05 20:09:38.6601|ERROR|27|FailedToDecryptConfigInformation: Dsn| RequestID = s_6a966ff8-c492-495a-84fc-fb4a6f55a410 
2019-12-05 20:09:48.6889|ERROR|27|FailedToDecryptConfigInformation: Dsn| RequestID = s_d86251a8-ce97-49e9-9261-d3b5e6fdd137 
2019-12-05 20:09:58.7201|ERROR|27|FailedToDecryptConfigInformation: Dsn| RequestID = s_57576f77-3d48-4383-a3b4-ddadadf3cde8 
2019-12-05 20:10:08.7639|ERROR|27|FailedToDecryptConfigInformation: Dsn| RequestID = s_bc4f3887-66d3-4dd4-9533-a267429848df 
2019-12-05 20:10:18.8098|ERROR|27|FailedToDecryptConfigInformation: Dsn| RequestID = s_c97e0c55-a946-4701-ae34-9cbb0f2c6c5c 
2019-12-05 20:10:28.9144|ERROR|21|FailedToDecryptConfigInformation: Dsn| RequestID = s_6b03106c-4d46-4a50-9802-61cc0a209f9b 
2019-12-05 20:10:38.9492|ERROR|21|FailedToDecryptConfigInformation: Dsn| RequestID = s_e5172373-bf4c-4aee-a190-2ccc95599b57 
2019-12-05 20:10:48.9875|ERROR|21|FailedToDecryptConfigInformation: Dsn| RequestID = s_02ef14ca-baa8-4ade-84a8-20199c362f28 
2019-12-05 20:10:59.0061|ERROR|21|FailedToDecryptConfigInformation: Dsn| RequestID = s_98c04524-e86d-4b93-9bd0-e5172d735711 
2019-12-05 20:11:09.0354|ERROR|21|FailedToDecryptConfigInformation: Dsn| RequestID = s_15bd2ed5-1d16-4ee6-a4ee-7a5ab130ea64 
2019-12-05 20:11:19.0607|ERROR|21|FailedToDecryptConfigInformation: Dsn| RequestID = s_8328cdb9-ba19-4655-8e03-5cca58849c3e 
2019-12-05 20:11:29.0783|ERROR|29|FailedToDecryptConfigInformation: Dsn| RequestID = s_008a25f3-05c2-41bc-8a28-d2a0984ee3ce 
2019-12-05 20:11:39.0926|ERROR|29|FailedToDecryptConfigInformation: Dsn| RequestID = s_8dbb00d8-65aa-4714-ba6b-3460febd488e 
2019-12-05 20:11:49.1238|ERROR|29|FailedToDecryptConfigInformation: Dsn| RequestID = s_c574ee57-3d02-4b4f-ad3d-123874fae315 
2019-12-05 20:11:59.1536|ERROR|29|FailedToDecryptConfigInformation: Dsn| RequestID = s_14f2cabe-dfbb-4462-a7b4-7396f474fdd1 
2019-12-05 20:12:09.1859|ERROR|29|FailedToDecryptConfigInformation: Dsn| RequestID = s_117c71a2-339a-4e38-8c7a-e559a1030af1 
2019-12-05 20:12:19.2127|ERROR|29|FailedToDecryptConfigInformation: Dsn| RequestID = s_b07756cc-a288-4266-88de-ca801bc883cd 
2019-12-05 20:12:29.2440|ERROR|29|FailedToDecryptConfigInformation: Dsn| RequestID = s_d46ec0ef-1d48-4de9-9365-a6eecea7de82 
2019-12-05 20:12:39.2788|ERROR|29|FailedToDecryptConfigInformation: Dsn| RequestID = s_fb5bd37d-ffb9-4a1e-a8b3-2ca9ca5819c9 
2019-12-05 20:12:49.3021|ERROR|15|FailedToDecryptConfigInformation: Dsn| RequestID = s_bec308ef-3040-4a7c-80c3-1c50a774a6b5 
2019-12-05 20:12:59.3184|ERROR|29|FailedToDecryptConfigInformation: Dsn| RequestID = s_cc4d1255-e01b-4fa0-8a33-75fca2433c8a 
2019-12-05 20:13:09.3467|ERROR|13|FailedToDecryptConfigInformation: Dsn| RequestID = s_a03bb11d-3e2e-489b-b8ff-9fe8c5940959 
2019-12-05 20:13:19.3644|ERROR|13|FailedToDecryptConfigInformation: Dsn| RequestID = s_7b33a1a5-38ae-4bac-90cf-6a3d6e8e579e 
2019-12-05 20:13:29.3794|ERROR|13|FailedToDecryptConfigInformation: Dsn| RequestID = s_a1eb214d-9efd-449c-a814-02247171d3d3 
2019-12-05 20:13:39.3982|ERROR|13|FailedToDecryptConfigInformation: Dsn| RequestID = s_083b53c5-6d6a-44d1-8d78-942db8b61e17 
2019-12-05 20:13:49.4239|ERROR|13|FailedToDecryptConfigInformation: Dsn| RequestID = s_a8114dfa-5e5b-42fe-a70c-d7dba70970d5 
2019-12-05 20:13:59.4552|ERROR|5|FailedToDecryptConfigInformation: Dsn| RequestID = s_96a0daab-c56f-45d3-bd70-128abc62897f 
2019-12-05 20:14:09.4890|ERROR|5|FailedToDecryptConfigInformation: Dsn| RequestID = s_0ad170ec-0d59-43be-ace5-a8748a4b1a76 
2019-12-05 20:14:19.5084|ERROR|5|FailedToDecryptConfigInformation: Dsn| RequestID = s_473c5ed6-96ae-499d-80b3-c59641f2573a 
2019-12-05 20:14:29.5282|ERROR|9|FailedToDecryptConfigInformation: Dsn| RequestID = s_7f648f90-73e6-482d-bf27-05ecb8d748c4 
2019-12-05 20:14:39.5645|ERROR|9|FailedToDecryptConfigInformation: Dsn| RequestID = s_154b47e1-62f5-4433-847d-7298d9ac83d5 
2019-12-05 20:14:49.5989|ERROR|9|FailedToDecryptConfigInformation: Dsn| RequestID = s_7c3e2f99-9bc3-4016-ac95-7044666287d1 
2019-12-05 20:14:59.6235|ERROR|9|FailedToDecryptConfigInformation: Dsn| RequestID = s_187e4609-740c-4df9-9ebc-f9cb10b431f8 
2019-12-05 20:15:09.6574|ERROR|9|FailedToDecryptConfigInformation: Dsn| RequestID = s_cbd6a8cd-0459-4f41-8f9a-8619d029cdf1 
2019-12-05 20:15:19.6852|ERROR|9|FailedToDecryptConfigInformation: Dsn| RequestID = s_f096fa29-fc18-4721-b784-514ab0f25cd8 
2019-12-05 20:15:29.7191|ERROR|9|FailedToDecryptConfigInformation: Dsn| RequestID = s_013f6a04-57e4-4e1c-9fbe-8be086f5ca61 
2019-12-05 20:15:39.7491|ERROR|9|FailedToDecryptConfigInformation: Dsn| RequestID = s_e4a09ac3-ddff-43be-bf96-50d1eba7ba7e 
2019-12-05 20:15:49.7697|ERROR|9|FailedToDecryptConfigInformation: Dsn| RequestID = s_d9d333f9-b143-4179-8d99-ff9e55c83c89 
2019-12-05 20:15:59.7850|ERROR|11|FailedToDecryptConfigInformation: Dsn| RequestID = s_4dff4410-744c-4024-90b2-50528b1758a5 
2019-12-05 20:16:09.8159|ERROR|9|FailedToDecryptConfigInformation: Dsn| RequestID = s_235497c8-726d-4c6b-a6b5-d06121c57fcc 
2019-12-05 20:16:19.8386|ERROR|9|FailedToDecryptConfigInformation: Dsn| RequestID = s_49d63a95-4549-4f58-bc4c-a73e2a6b83b4 
2019-12-05 20:16:29.8643|ERROR|9|FailedToDecryptConfigInformation: Dsn| RequestID = s_9381cbbb-9ae5-4081-a950-edbf757aab70 
2019-12-05 20:16:39.8930|ERROR|9|FailedToDecryptConfigInformation: Dsn| RequestID = s_26a12609-b2c4-4796-bfae-bc4fef047ea7 
2019-12-05 20:16:49.9232|ERROR|9|FailedToDecryptConfigInformation: Dsn| RequestID = s_b76cac85-a189-4e60-8ed7-4625e270e52e 
2019-12-05 20:16:59.9477|ERROR|9|FailedToDecryptConfigInformation: Dsn| RequestID = s_197d4c86-3d75-45c1-b2e2-db0a08f98aed 
2019-12-05 20:17:09.9737|ERROR|9|FailedToDecryptConfigInformation: Dsn| RequestID = s_1aca630f-f16c-4e69-8ff5-f111674f7771 
2019-12-05 20:17:19.9890|ERROR|9|FailedToDecryptConfigInformation: Dsn| RequestID = s_5918f556-b3dc-4e73-a271-df81db5280f9 
2019-12-05 20:17:30.0105|ERROR|9|FailedToDecryptConfigInformation: Dsn| RequestID = s_ad3d5457-8340-4dc7-bcaf-01c0b936b12f 
2019-12-05 20:17:40.0265|ERROR|9|FailedToDecryptConfigInformation: Dsn| RequestID = s_2509a4e7-5793-4d70-aa3b-a82f2c472adf 
2019-12-05 20:17:50.0579|ERROR|9|FailedToDecryptConfigInformation: Dsn| RequestID = s_70da29c2-14a1-4ce6-b19e-c6dfdb9ec818 
2019-12-05 20:18:00.0964|ERROR|9|FailedToDecryptConfigInformation: Dsn| RequestID = s_10bba68b-83c8-45ae-9197-afd88b02b0a3 
2019-12-05 20:18:10.1295|ERROR|9|FailedToDecryptConfigInformation: Dsn| RequestID = s_6af4723f-37ac-418e-9fd2-654ae694a6a6 
2019-12-05 20:18:20.1501|ERROR|9|FailedToDecryptConfigInformation: Dsn| RequestID = s_94a83c2b-49ae-40b7-acab-deb44e6d8763 
2019-12-05 20:18:30.1731|ERROR|9|FailedToDecryptConfigInformation: Dsn| RequestID = s_de39ebe4-7285-413e-8dd4-f64278541fae 
2019-12-05 20:18:40.2024|ERROR|9|FailedToDecryptConfigInformation: Dsn| RequestID = s_a23498ba-fe60-4c2b-bfc1-f372f295ed2c 
2019-12-05 20:18:50.2523|ERROR|9|FailedToDecryptConfigInformation: Dsn| RequestID = s_b1d60bc7-1e8c-4ad0-aacc-1392906c736b 
2019-12-05 20:19:00.3685|ERROR|9|FailedToDecryptConfigInformation: Dsn| RequestID = s_05f5186e-2d5e-4759-9cdc-13306104f5ca 
2019-12-05 20:19:10.3999|ERROR|9|FailedToDecryptConfigInformation: Dsn| RequestID = s_09da49d6-a31b-484d-9c95-a3f9ec9d154a 
2019-12-05 20:19:20.4228|ERROR|9|FailedToDecryptConfigInformation: Dsn| RequestID = s_09972b10-d1c9-44d3-bfeb-18dde8fb2549 
2019-12-05 20:19:30.4377|ERROR|23|FailedToDecryptConfigInformation: Dsn| RequestID = s_25c0f3b0-2efa-43bb-a2df-2a77ef7cf31d 
2019-12-05 20:19:40.5007|ERROR|23|FailedToDecryptConfigInformation: Dsn| RequestID = s_b633b85b-583f-40b0-92c6-c329ce46067e 
2019-12-05 20:19:50.5470|ERROR|23|FailedToDecryptConfigInformation: Dsn| RequestID = s_7a398a32-d1d6-4289-8c07-8badc5aa6eaf 
2019-12-05 20:20:00.5720|ERROR|11|FailedToDecryptConfigInformation: Dsn| RequestID = s_1f55a33f-58ca-4991-9420-362480354e83 
2019-12-05 20:20:10.6120|ERROR|11|FailedToDecryptConfigInformation: Dsn| RequestID = s_b336cf6c-c23a-4ca5-b86d-9ab8dfd54cf9 
2019-12-05 20:20:20.6318|ERROR|11|FailedToDecryptConfigInformation: Dsn| RequestID = s_ba964f39-dc1e-4fc7-b976-5afc050e6143 
2019-12-05 20:20:30.6522|ERROR|11|FailedToDecryptConfigInformation: Dsn| RequestID = s_266c3a78-cef8-4897-b8cf-92ec54c7bc88 
2019-12-05 20:20:40.6856|ERROR|18|FailedToDecryptConfigInformation: Dsn| RequestID = s_af1a6325-67a7-46db-b8c5-048ac32570a9 
2019-12-05 20:20:50.7115|ERROR|18|FailedToDecryptConfigInformation: Dsn| RequestID = s_7578c591-aa61-4bfb-a20f-20b82a55c426 
2019-12-05 20:21:00.7423|ERROR|18|FailedToDecryptConfigInformation: Dsn| RequestID = s_dccfb122-24e7-4b3a-bbcb-68853662e3c3 
2019-12-05 20:21:10.7737|ERROR|18|FailedToDecryptConfigInformation: Dsn| RequestID = s_879fad83-b42c-4c39-99a3-3de26368706f 
2019-12-05 20:21:20.8173|ERROR|18|FailedToDecryptConfigInformation: Dsn| RequestID = s_16f9dc2c-3569-4b23-9e5c-a6573230746f 
2019-12-05 20:21:30.8442|ERROR|18|FailedToDecryptConfigInformation: Dsn| RequestID = s_6b594e03-7f1e-40c5-b73c-71f4bf05b927 
2019-12-05 20:21:40.8618|ERROR|18|FailedToDecryptConfigInformation: Dsn| RequestID = s_a8506ab6-1193-4c6d-8953-f7edfb840786 
2019-12-05 20:21:50.8794|ERROR|18|FailedToDecryptConfigInformation: Dsn| RequestID = s_00427ec8-08e9-420d-8e13-3a3b7fbf2a25 
2019-12-05 20:22:00.9293|ERROR|18|FailedToDecryptConfigInformation: Dsn| RequestID = s_f4773715-fa09-497c-9066-0aaaa99f929d 
2019-12-05 20:22:10.9441|ERROR|18|FailedToDecryptConfigInformation: Dsn| RequestID = s_abeed7c8-5e2e-4800-bbac-bce85f35eb27 
2019-12-05 20:22:20.9599|ERROR|18|FailedToDecryptConfigInformation: Dsn| RequestID = s_c38bac48-e3d3-4bfa-addb-8099313ca71d 
2019-12-05 20:22:30.9940|ERROR|18|FailedToDecryptConfigInformation: Dsn| RequestID = s_67286f7f-111e-4e42-891b-54e7f9f68cac 
2019-12-05 20:22:41.0178|ERROR|18|FailedToDecryptConfigInformation: Dsn| RequestID = s_c9c84bf6-7faa-4aac-9bf8-cae721454ecd 
2019-12-05 20:22:51.0422|ERROR|18|FailedToDecryptConfigInformation: Dsn| RequestID = s_9fbf4634-9d87-4ca4-a0dd-ba4b65f10816 
2019-12-05 20:23:01.0650|ERROR|29|FailedToDecryptConfigInformation: Dsn| RequestID = s_3593588b-8ab9-4be7-8759-b11f8b80d18d 
2019-12-05 20:23:11.1026|ERROR|29|FailedToDecryptConfigInformation: Dsn| RequestID = s_afb0ead8-e9f3-4502-87d3-1c0f7a55c717 
2019-12-05 20:23:21.2526|ERROR|29|FailedToDecryptConfigInformation: Dsn| RequestID = s_95c8630d-87be-46d6-a0a8-35da889b0b29 
2019-12-05 20:23:31.2823|ERROR|29|FailedToDecryptConfigInformation: Dsn| RequestID = s_568e176b-43f5-4e33-966e-d3cc50ccd1f5 
2019-12-05 20:23:41.3269|ERROR|29|FailedToDecryptConfigInformation: Dsn| RequestID = s_0a22ea43-c167-49ea-95d3-6c33e5134d8f 
2019-12-05 20:23:51.3716|ERROR|29|FailedToDecryptConfigInformation: Dsn| RequestID = s_0ef6cba0-7efe-4141-9aa1-130598c84968 
2019-12-05 20:24:01.4122|ERROR|29|FailedToDecryptConfigInformation: Dsn| RequestID = s_2d7b7084-a919-4e54-90d7-e6e7c9187712 
2019-12-05 20:24:11.4335|ERROR|29|FailedToDecryptConfigInformation: Dsn| RequestID = s_5189d8d1-b0f6-4d19-bccf-686a0d6a54d1 
2019-12-05 20:24:21.4535|ERROR|29|FailedToDecryptConfigInformation: Dsn| RequestID = s_d73359ec-57f5-44c6-82c1-a08643da32ed 
2019-12-05 20:24:31.4729|ERROR|13|FailedToDecryptConfigInformation: Dsn| RequestID = s_2bed7c91-721d-44e9-81d5-66ae00f4463c 
2019-12-05 20:24:41.5011|ERROR|13|FailedToDecryptConfigInformation: Dsn| RequestID = s_aae56821-c3cd-4f76-bc35-563faddee38c 
2019-12-05 20:24:51.5202|ERROR|4|FailedToDecryptConfigInformation: Dsn| RequestID = s_1b9df30a-3e0e-4ba5-8493-a3cf8a8e353d 
2019-12-05 20:25:01.5647|ERROR|13|FailedToDecryptConfigInformation: Dsn| RequestID = s_db9b23d9-3b83-450c-8fd4-976c69ee21d2 
2019-12-05 20:25:11.6558|ERROR|13|FailedToDecryptConfigInformation: Dsn| RequestID = s_9d92c899-e58e-46a2-a44b-436deb4d16b7 
2019-12-05 20:25:21.7201|ERROR|4|FailedToDecryptConfigInformation: Dsn| RequestID = s_c4f7657c-d814-46ee-8325-41b54b597759 
2019-12-05 20:25:31.7504|ERROR|4|FailedToDecryptConfigInformation: Dsn| RequestID = s_4284d6ce-d41a-4233-bafd-c0c6044648f7 
2019-12-05 20:25:41.7792|ERROR|4|FailedToDecryptConfigInformation: Dsn| RequestID = s_b75ef9b1-067e-4649-bf4f-58ceb819784d 
2019-12-05 20:25:51.8166|ERROR|4|FailedToDecryptConfigInformation: Dsn| RequestID = s_8cbea2a7-a323-4099-8e0b-5cb1a8b31401 
2019-12-05 20:26:01.8422|ERROR|4|FailedToDecryptConfigInformation: Dsn| RequestID = s_f01617d5-c45e-4eae-8202-1f3320e65c0c 
2019-12-05 20:26:11.9212|ERROR|4|FailedToDecryptConfigInformation: Dsn| RequestID = s_aec666f6-1154-4418-af0d-67f7a103a226 
2019-12-05 20:26:21.9498|ERROR|4|FailedToDecryptConfigInformation: Dsn| RequestID = s_418697ca-f033-4e8d-909a-90e31f0d8808 
2019-12-05 20:26:31.9689|ERROR|4|FailedToDecryptConfigInformation: Dsn| RequestID = s_2dae24fb-d287-402f-aff1-55aa68cb72f3 
2019-12-05 20:26:41.9907|ERROR|21|FailedToDecryptConfigInformation: Dsn| RequestID = s_c2784ea8-d26f-453f-8729-da93961cb1db 
2019-12-05 20:26:52.0288|ERROR|21|FailedToDecryptConfigInformation: Dsn| RequestID = s_01210e7d-7069-4b20-a660-5604fdfc686b 
2019-12-05 20:27:02.0456|ERROR|21|FailedToDecryptConfigInformation: Dsn| RequestID = s_f2dfb090-bbd0-4e58-9f8c-c746306ab45e 
2019-12-05 20:27:12.0621|ERROR|21|FailedToDecryptConfigInformation: Dsn| RequestID = s_7fcd2ccf-1463-468c-bbc5-ad3e571d91ca 
2019-12-05 20:27:22.0939|ERROR|21|FailedToDecryptConfigInformation: Dsn| RequestID = s_4375eccb-6bbc-4fc9-8530-837bd12084d5 
2019-12-05 20:27:32.1161|ERROR|21|FailedToDecryptConfigInformation: Dsn| RequestID = s_75727a33-f8e8-4db5-a284-99b0f12bba12 
2019-12-05 20:27:42.1296|ERROR|21|FailedToDecryptConfigInformation: Dsn| RequestID = s_d5be8e71-9c98-49eb-86de-956c79efa197 
2019-12-05 20:27:52.1699|ERROR|20|FailedToDecryptConfigInformation: Dsn| RequestID = s_89cc6e5e-d4e2-4a9c-881d-8ef015a921e9 
2019-12-05 20:28:02.1944|ERROR|20|FailedToDecryptConfigInformation: Dsn| RequestID = s_9b1cc8c4-ba7d-4cfd-a1ca-ee5e3f632a67 
2019-12-05 20:28:12.2136|ERROR|6|FailedToDecryptConfigInformation: Dsn| RequestID = s_22d9f866-44aa-44ac-b976-e5c242445610 
2019-12-05 20:28:22.2431|ERROR|6|FailedToDecryptConfigInformation: Dsn| RequestID = s_c473083a-b836-4bcb-aa3f-2643cc94253a 
2019-12-05 20:28:32.2864|ERROR|29|FailedToDecryptConfigInformation: Dsn| RequestID = s_a06ca4c0-a3a1-4f8f-ad01-d61297c65e8b 
2019-12-05 20:28:42.3430|ERROR|29|FailedToDecryptConfigInformation: Dsn| RequestID = s_32fe4493-951f-422a-a24f-64469cf610ce 
2019-12-05 20:28:52.3643|ERROR|29|FailedToDecryptConfigInformation: Dsn| RequestID = s_06a84066-1fa4-4696-85ab-4f1e7ad91d7f 
2019-12-05 20:29:02.4142|ERROR|29|FailedToDecryptConfigInformation: Dsn| RequestID = s_0cd4d338-478f-4fb8-a1c6-2ede5e7d6e64 
2019-12-05 20:29:12.4455|ERROR|29|FailedToDecryptConfigInformation: Dsn| RequestID = s_6af8940c-03d1-4a64-804e-7e1ecd21a0bb 
2019-12-05 20:29:22.4768|ERROR|24|FailedToDecryptConfigInformation: Dsn| RequestID = s_42fdfff2-ac42-45b8-9e11-7b4b6377de23 
2019-12-05 20:29:32.5081|ERROR|24|FailedToDecryptConfigInformation: Dsn| RequestID = s_1e647305-8196-4c81-999a-f1bdba0bc304 
2019-12-05 20:29:42.5394|ERROR|23|FailedToDecryptConfigInformation: Dsn| RequestID = s_5fdec34e-0fc1-411f-9982-25db1d416c71 
2019-12-05 20:29:52.5550|ERROR|23|FailedToDecryptConfigInformation: Dsn| RequestID = s_fa50fcfd-cfc4-427c-9f19-329d5eb17118 
2019-12-05 20:30:02.5863|ERROR|23|FailedToDecryptConfigInformation: Dsn| RequestID = s_419ee7c4-6ae3-4faf-914f-c241a4249a44 
2019-12-05 20:30:12.6019|ERROR|23|FailedToDecryptConfigInformation: Dsn| RequestID = s_d7d44990-9d2f-4908-b3e5-244d52f02c46 
2019-12-05 20:30:22.6176|ERROR|27|FailedToDecryptConfigInformation: Dsn| RequestID = s_2e1671f3-ebe0-4620-b299-6aa5ac308038 
2019-12-05 20:30:32.6489|ERROR|27|FailedToDecryptConfigInformation: Dsn| RequestID = s_077bba40-61a2-4f82-9636-a9094c14a5ec 
2019-12-05 20:30:42.6802|ERROR|27|FailedToDecryptConfigInformation: Dsn| RequestID = s_6920952e-1823-43e2-9b75-3db422560e33 
2019-12-05 20:30:52.7114|ERROR|27|FailedToDecryptConfigInformation: Dsn| RequestID = s_87be0f81-41d3-484c-ada7-5ad531168c10 
2019-12-05 20:31:02.7271|ERROR|27|FailedToDecryptConfigInformation: Dsn| RequestID = s_c7e5d18a-f034-4394-8625-620b09835b4c 
2019-12-05 20:31:12.7584|ERROR|11|FailedToDecryptConfigInformation: Dsn| RequestID = s_9a8090c6-27fe-4934-a291-6a68a4901851 
2019-12-05 20:31:22.7789|ERROR|11|FailedToDecryptConfigInformation: Dsn| RequestID = s_05f9e110-79bc-480b-a2e9-47f854f6529b 
2019-12-05 20:31:32.8079|ERROR|22|FailedToDecryptConfigInformation: Dsn| RequestID = s_d5247ecc-3d6c-4bb5-9f3f-9d0faca54627 
2019-12-05 20:31:42.8392|ERROR|22|FailedToDecryptConfigInformation: Dsn| RequestID = s_681d0438-cc22-4ecd-aa48-c567fcc9d53c 
2019-12-05 20:31:52.8632|ERROR|22|FailedToDecryptConfigInformation: Dsn| RequestID = s_2f67effe-25fb-4170-a2dd-3087fb8afe24 
2019-12-05 20:32:02.8950|ERROR|22|FailedToDecryptConfigInformation: Dsn| RequestID = s_02c320cd-ab31-4cfc-ba2f-6beb3ac2efaa 
2019-12-05 20:32:12.9135|ERROR|22|FailedToDecryptConfigInformation: Dsn| RequestID = s_ec8cced2-1c24-4409-951b-66039f050433 
2019-12-05 20:32:22.9572|ERROR|13|FailedToDecryptConfigInformation: Dsn| RequestID = s_644c8cbb-0421-4115-8493-3f7adb2f2df2 
2019-12-05 20:32:32.9806|ERROR|13|FailedToDecryptConfigInformation: Dsn| RequestID = s_2fc9c97c-2c3d-42bf-93c1-b2c6d7bf283c 
2019-12-05 20:32:43.0102|ERROR|17|FailedToDecryptConfigInformation: Dsn| RequestID = s_a525c5f3-029f-4d14-b121-26b675526d82 
2019-12-05 20:32:53.0679|ERROR|17|FailedToDecryptConfigInformation: Dsn| RequestID = s_d3de1171-e106-4388-b3a5-ec10063b14d3 
2019-12-05 20:33:03.0817|ERROR|17|FailedToDecryptConfigInformation: Dsn| RequestID = s_2bb3954e-a0b0-41cf-aaed-d8cba8ddbfdc 
2019-12-05 20:33:13.1436|ERROR|17|FailedToDecryptConfigInformation: Dsn| RequestID = s_84f7ca07-db06-4d49-93af-b47d7315c593 
2019-12-05 20:33:23.1771|ERROR|13|FailedToDecryptConfigInformation: Dsn| RequestID = s_0b480422-0847-40d9-aa0e-40abfcc64741 
2019-12-05 20:33:33.1969|ERROR|13|FailedToDecryptConfigInformation: Dsn| RequestID = s_49185655-8711-4c1c-aa8f-c3337441fb29 
2019-12-05 20:33:43.2105|ERROR|13|FailedToDecryptConfigInformation: Dsn| RequestID = s_c5a7d30f-8469-4639-8a69-e1040529ebae 
2019-12-05 20:33:53.2253|ERROR|23|FailedToDecryptConfigInformation: Dsn| RequestID = s_b10f7324-c485-4319-8bc7-d27d21113a02 
2019-12-05 20:34:03.2421|ERROR|13|FailedToDecryptConfigInformation: Dsn| RequestID = s_7b9550ef-9574-45cb-9dd7-52d4ccfc7e75 
2019-12-05 20:34:13.2717|ERROR|13|FailedToDecryptConfigInformation: Dsn| RequestID = s_d713ae88-13e5-4a10-b280-31557a0d9b87 
2019-12-05 20:34:23.3146|ERROR|13|FailedToDecryptConfigInformation: Dsn| RequestID = s_65414f1b-5c9d-4c65-91a9-03a6739778b5 
2019-12-05 20:34:33.3792|ERROR|13|FailedToDecryptConfigInformation: Dsn| RequestID = s_973741de-7da6-45a4-83bb-dff7522bed0a 
2019-12-05 20:34:43.4695|ERROR|13|FailedToDecryptConfigInformation: Dsn| RequestID = s_2122310b-c207-4ea7-bb54-11a5285231bd 
2019-12-05 20:34:53.4851|ERROR|24|FailedToDecryptConfigInformation: Dsn| RequestID = s_2b9024a2-d10d-405c-b03e-fc60f57d8c74 
2019-12-05 20:35:03.5095|ERROR|24|FailedToDecryptConfigInformation: Dsn| RequestID = s_3a5367b7-ae51-40dc-88f2-cf5bb6ddcabb 
2019-12-05 20:35:13.5619|ERROR|24|FailedToDecryptConfigInformation: Dsn| RequestID = s_89d2403f-0818-4212-a4c1-3cf027d5ce6e 
2019-12-05 20:35:23.5820|ERROR|24|FailedToDecryptConfigInformation: Dsn| RequestID = s_aa421d03-2e8e-4c97-b664-505298042876 
2019-12-05 20:35:33.6182|ERROR|18|FailedToDecryptConfigInformation: Dsn| RequestID = s_c39fa194-4cb3-456a-a049-659c6da3a7e0 
2019-12-05 20:35:43.6293|ERROR|24|FailedToDecryptConfigInformation: Dsn| RequestID = s_5287d02f-8c26-4b8d-bd8c-bca7f42d864f 
2019-12-05 20:35:53.6819|ERROR|24|FailedToDecryptConfigInformation: Dsn| RequestID = s_201e25a5-046c-4849-b3c2-52f27e2e2cdb 
2019-12-05 20:36:03.7132|ERROR|24|FailedToDecryptConfigInformation: Dsn| RequestID = s_324838f2-6efd-4b6f-a69f-5dc2b8f9e25f 
2019-12-05 20:36:13.7310|ERROR|24|FailedToDecryptConfigInformation: Dsn| RequestID = s_97fd5896-7189-4470-85a3-9e667275cac9 
2019-12-05 20:36:23.7774|ERROR|24|FailedToDecryptConfigInformation: Dsn| RequestID = s_2771f044-b34e-429a-964a-dead65d40384 
2019-12-05 20:36:33.7938|ERROR|24|FailedToDecryptConfigInformation: Dsn| RequestID = s_c50ee222-7506-4cdf-a276-b80102cbbcfc 
2019-12-05 20:36:43.8144|ERROR|11|FailedToDecryptConfigInformation: Dsn| RequestID = s_a9c96b63-ca48-47c3-9315-0980cd736cb0 
2019-12-05 20:36:53.8726|ERROR|11|FailedToDecryptConfigInformation: Dsn| RequestID = s_dbd33555-a09c-41b5-97b1-f5f613d230e3 
2019-12-05 20:37:03.9041|ERROR|9|FailedToDecryptConfigInformation: Dsn| RequestID = s_11a938ca-989d-4c0e-9ba2-947cb1725195 
2019-12-05 20:37:13.9346|ERROR|29|FailedToDecryptConfigInformation: Dsn| RequestID = s_3ebee424-02ba-4a4a-8335-8897ef7bc1b7 
2019-12-05 20:37:23.9589|ERROR|29|FailedToDecryptConfigInformation: Dsn| RequestID = s_6f440a41-c006-4eae-a0d1-25cc9a07fec4 
2019-12-05 20:37:33.9800|ERROR|29|FailedToDecryptConfigInformation: Dsn| RequestID = s_b50f7902-d5c4-4a18-a169-77fa75f373f7 
2019-12-05 20:37:44.0089|ERROR|29|FailedToDecryptConfigInformation: Dsn| RequestID = s_42d762b6-a239-4ea9-ae46-ead4545c7897 
2019-12-05 20:37:54.0323|ERROR|29|FailedToDecryptConfigInformation: Dsn| RequestID = s_14829a8d-78d6-4f53-be05-d15e9acf5295 
2019-12-05 20:38:04.0750|ERROR|29|FailedToDecryptConfigInformation: Dsn| RequestID = s_f6ca6b58-7fe6-4896-95d1-03549daf0f28 
2019-12-05 20:38:14.0973|ERROR|6|FailedToDecryptConfigInformation: Dsn| RequestID = s_6127c930-8cb6-4913-b6e7-3ea9d14cc989 
2019-12-05 20:38:24.1177|ERROR|6|FailedToDecryptConfigInformation: Dsn| RequestID = s_a7f5419e-817a-45cd-8d9e-556e71eaa34d 
2019-12-05 20:38:34.1440|ERROR|6|FailedToDecryptConfigInformation: Dsn| RequestID = s_1a7b5b96-7b1b-4be9-9441-19fb68ceb496 
2019-12-05 20:38:44.1743|ERROR|6|FailedToDecryptConfigInformation: Dsn| RequestID = s_2fa26066-2b60-4bd8-8c2d-10c547d74532 
2019-12-05 20:38:54.1916|ERROR|23|FailedToDecryptConfigInformation: Dsn| RequestID = s_e3c13fc6-c567-4668-953d-7f60a105cdb4 
2019-12-05 20:39:04.2184|ERROR|23|FailedToDecryptConfigInformation: Dsn| RequestID = s_b6974a0d-60d4-474b-9ec6-26f6f5e0bc89 
2019-12-05 20:39:14.2372|ERROR|23|FailedToDecryptConfigInformation: Dsn| RequestID = s_aaf82703-291a-4dfc-94ed-394ddffe88b2 
2019-12-05 20:39:24.2622|ERROR|23|FailedToDecryptConfigInformation: Dsn| RequestID = s_bb466cee-0f69-4906-bc6a-b1fa46c739b0 
2019-12-05 20:39:34.2883|ERROR|13|FailedToDecryptConfigInformation: Dsn| RequestID = s_35901fc2-b6c5-4fa7-b0c2-bd5b3cb42825 
2019-12-05 20:39:44.3093|ERROR|13|FailedToDecryptConfigInformation: Dsn| RequestID = s_a49bdc7b-a5c0-43bc-adc4-ffc74876f0ca 
2019-12-05 20:39:54.3295|ERROR|27|FailedToDecryptConfigInformation: Dsn| RequestID = s_fcac6e49-e0da-440c-af05-7dd5e604c736 
2019-12-05 20:40:04.3551|ERROR|27|FailedToDecryptConfigInformation: Dsn| RequestID = s_e688d9c7-6c27-4c7b-8437-88488ef47bbc 
2019-12-05 20:40:14.5239|ERROR|27|FailedToDecryptConfigInformation: Dsn| RequestID = s_42309b6d-f912-4307-86a0-2b58235d0c8f 
2019-12-05 20:40:25.0608|ERROR|20|FailedToDecryptConfigInformation: Dsn| RequestID = s_e2f78e39-3435-40ce-a525-7d37ea4e8279 
2019-12-05 20:40:35.0765|ERROR|20|FailedToDecryptConfigInformation: Dsn| RequestID = s_aa8f4a82-4d27-45f8-9c67-9abd18872932 
2019-12-05 20:40:45.1046|ERROR|20|FailedToDecryptConfigInformation: Dsn| RequestID = s_c3d521d4-27ad-49ea-8069-4e43ee45c29e 
2019-12-05 20:40:55.1203|ERROR|20|FailedToDecryptConfigInformation: Dsn| RequestID = s_77a8670c-ea6f-435e-9f6b-825cc9935d8c 
2019-12-05 20:41:05.1359|ERROR|8|FailedToDecryptConfigInformation: Dsn| RequestID = s_d6a27fe7-4a6f-4837-a773-3b67de50a73c 
2019-12-05 20:41:15.1516|ERROR|20|FailedToDecryptConfigInformation: Dsn| RequestID = s_cb6e2ca7-a79e-475d-b0d2-79f33df3266d 
2019-12-05 20:41:25.1672|ERROR|20|FailedToDecryptConfigInformation: Dsn| RequestID = s_04a437b6-2ccf-4f30-96c4-49271936460d 
2019-12-05 20:41:35.1829|ERROR|9|FailedToDecryptConfigInformation: Dsn| RequestID = s_17214b8b-3274-4c3b-b34c-b79e64eb94a0 
2019-12-05 20:41:45.1985|ERROR|9|FailedToDecryptConfigInformation: Dsn| RequestID = s_acf08b52-47c0-4809-875c-5018e2283e7d 
2019-12-05 20:41:55.2142|ERROR|9|FailedToDecryptConfigInformation: Dsn| RequestID = s_285cbcc2-5b3d-47c0-a4d0-dd3f19b25516 
2019-12-05 20:42:05.2299|ERROR|11|FailedToDecryptConfigInformation: Dsn| RequestID = s_1aaae76c-1718-49ec-8902-665f33ffb60a 
2019-12-05 20:42:15.2455|ERROR|11|FailedToDecryptConfigInformation: Dsn| RequestID = s_9fcb1e63-5bc6-4227-8389-491bed1a06e1 
2019-12-05 20:42:25.2612|ERROR|11|FailedToDecryptConfigInformation: Dsn| RequestID = s_83892997-2dcb-4448-b2ca-79b697e5764e 
2019-12-05 20:42:35.2768|ERROR|11|FailedToDecryptConfigInformation: Dsn| RequestID = s_f52bf23d-9794-4c9a-ab8e-035de0ca5273 
2019-12-05 20:42:45.2925|ERROR|11|FailedToDecryptConfigInformation: Dsn| RequestID = s_29069713-55bf-4d44-93a3-4835552d1cd1 
2019-12-05 20:42:55.3238|ERROR|11|FailedToDecryptConfigInformation: Dsn| RequestID = s_4dbb865a-79ef-4aa8-8bbb-47ae909d54d6 
2019-12-05 20:43:05.3550|ERROR|11|FailedToDecryptConfigInformation: Dsn| RequestID = s_395b966b-87ab-4619-aff5-4003d9e7213f 
2019-12-05 20:43:15.3863|ERROR|11|FailedToDecryptConfigInformation: Dsn| RequestID = s_098c2e49-493e-4b8c-b76a-bf870ec0e447 
2019-12-05 20:43:25.4020|ERROR|11|FailedToDecryptConfigInformation: Dsn| RequestID = s_072f94d2-941d-4e42-8bf3-4da62dfbe575 
2019-12-05 20:43:35.4176|ERROR|11|FailedToDecryptConfigInformation: Dsn| RequestID = s_fec9addf-dd9c-4095-b4cd-1e74183fadbb 
2019-12-05 20:43:45.4333|ERROR|11|FailedToDecryptConfigInformation: Dsn| RequestID = s_fc94aa05-b5e4-4eec-a1f7-601b917f38e3 
2019-12-05 20:43:55.4489|ERROR|11|FailedToDecryptConfigInformation: Dsn| RequestID = s_b41416f9-f88c-4b96-9da3-d71eec0108d5 
2019-12-05 20:44:05.4646|ERROR|11|FailedToDecryptConfigInformation: Dsn| RequestID = s_fc58a830-cb57-41d6-b263-d9b71fe365dc 
2019-12-05 20:44:15.4959|ERROR|21|FailedToDecryptConfigInformation: Dsn| RequestID = s_368b7cf6-2b7e-4cc1-8dcd-5c6502bd1d0a 
2019-12-05 20:44:25.5115|ERROR|21|FailedToDecryptConfigInformation: Dsn| RequestID = s_ea1457c1-90a0-4a7d-a021-1ce6891af12e 
2019-12-05 20:44:35.5272|ERROR|21|FailedToDecryptConfigInformation: Dsn| RequestID = s_46d49d95-c302-46fa-9141-98b15b7073ba 
2019-12-05 20:44:45.5428|ERROR|21|FailedToDecryptConfigInformation: Dsn| RequestID = s_f8725559-6534-4abe-93fc-52ea9033ea87 
2019-12-05 20:44:55.5585|ERROR|21|FailedToDecryptConfigInformation: Dsn| RequestID = s_addc194c-5bc8-455e-b302-dc69d2a8f33e 
2019-12-05 20:45:05.6054|ERROR|21|FailedToDecryptConfigInformation: Dsn| RequestID = s_9c4ffca7-fbf5-4856-8bc5-e0a27026ef1a 
2019-12-05 20:45:15.6210|ERROR|21|FailedToDecryptConfigInformation: Dsn| RequestID = s_103c864d-6c72-4089-a94f-37df6ea94a6a 
2019-12-05 20:45:25.6523|ERROR|21|FailedToDecryptConfigInformation: Dsn| RequestID = s_f7400f65-e904-42d8-bf9a-2ebee4689768 
2019-12-05 20:45:35.6680|ERROR|21|FailedToDecryptConfigInformation: Dsn| RequestID = s_7feb50ab-cdc4-4d5d-a37b-088699abba17 
2019-12-05 20:45:45.6836|ERROR|21|FailedToDecryptConfigInformation: Dsn| RequestID = s_2e714714-7a82-4764-8da9-1cfde7f95793 
2019-12-05 20:45:55.6993|ERROR|21|FailedToDecryptConfigInformation: Dsn| RequestID = s_52e14a9b-4572-4f00-a8f5-a2e9684da991 
2019-12-05 20:46:05.7305|ERROR|21|FailedToDecryptConfigInformation: Dsn| RequestID = s_1efe514b-77c0-497c-82e9-a1ed6cfb29f7 
2019-12-05 20:46:15.7462|ERROR|21|FailedToDecryptConfigInformation: Dsn| RequestID = s_5c98cfed-6076-49ec-982a-3e79ff756847 
2019-12-05 20:46:25.7619|ERROR|21|FailedToDecryptConfigInformation: Dsn| RequestID = s_87a8cd9f-5575-4471-bbd7-00df758c4cfb 
2019-12-05 20:46:35.7775|ERROR|21|FailedToDecryptConfigInformation: Dsn| RequestID = s_d9cd7f47-6d26-404b-bd1e-2395d95c3669 
2019-12-05 20:46:45.7932|ERROR|21|FailedToDecryptConfigInformation: Dsn| RequestID = s_a158797f-f980-4a81-872e-333233cf2b76 
2019-12-05 20:46:55.8088|ERROR|21|FailedToDecryptConfigInformation: Dsn| RequestID = s_2c881b27-f693-4cca-a2b2-305c3250ed6d 
2019-12-05 20:47:05.8245|ERROR|21|FailedToDecryptConfigInformation: Dsn| RequestID = s_f1125ff5-6522-4c1e-bcdc-d5ab60c7f5a3 
2019-12-05 20:47:15.8401|ERROR|21|FailedToDecryptConfigInformation: Dsn| RequestID = s_140e864b-fedd-4b70-a455-44c7c757996d 
2019-12-05 20:47:25.8558|ERROR|21|FailedToDecryptConfigInformation: Dsn| RequestID = s_95b36c73-afb8-4bcb-863c-f83f7b44ab58 
2019-12-05 20:47:35.8714|ERROR|21|FailedToDecryptConfigInformation: Dsn| RequestID = s_61ffa10f-16e9-4c13-8d1b-c795e4c0c3df 
2019-12-05 20:47:45.9027|ERROR|21|FailedToDecryptConfigInformation: Dsn| RequestID = s_8ca939ae-1b71-425b-a9ae-d357541268b8 
2019-12-05 20:47:55.9340|ERROR|21|FailedToDecryptConfigInformation: Dsn| RequestID = s_79136193-754a-40e8-8eb3-f13ca6160a30 
2019-12-05 20:48:05.9496|ERROR|21|FailedToDecryptConfigInformation: Dsn| RequestID = s_40353c91-81dc-4fa3-adc6-8564773d524c 
2019-12-05 20:48:15.9653|ERROR|21|FailedToDecryptConfigInformation: Dsn| RequestID = s_7140d0fa-0754-4371-86d2-e71ffae509f8 
2019-12-05 20:48:25.9966|ERROR|21|FailedToDecryptConfigInformation: Dsn| RequestID = s_72dad44f-544d-4d17-ae16-ec7d64c06416 
2019-12-05 20:48:36.0122|ERROR|21|FailedToDecryptConfigInformation: Dsn| RequestID = s_23eb5d39-400f-46c2-a410-520b15b7d47c 
2019-12-05 20:48:46.0279|ERROR|9|FailedToDecryptConfigInformation: Dsn| RequestID = s_8b6c39c2-d3b4-4274-95e1-559dd71bcf2e 
2019-12-05 20:48:56.0435|ERROR|9|FailedToDecryptConfigInformation: Dsn| RequestID = s_2a7cec17-985e-443a-9de1-0e48dce6a485 
2019-12-05 20:49:06.0904|ERROR|9|FailedToDecryptConfigInformation: Dsn| RequestID = s_489db965-1bf6-44b2-bab0-275bce2ccd5c 
2019-12-05 20:49:16.1061|ERROR|9|FailedToDecryptConfigInformation: Dsn| RequestID = s_48f45b82-9c40-4d82-8f10-d9be0d3c2b6b 
2019-12-05 20:49:26.1218|ERROR|9|FailedToDecryptConfigInformation: Dsn| RequestID = s_1b4e2eb2-445f-4739-9e21-e899dca8bb2a 
2019-12-05 20:49:36.1374|ERROR|9|FailedToDecryptConfigInformation: Dsn| RequestID = s_8675188c-2874-406b-a644-4a9521bd902c 
2019-12-05 20:49:46.1531|ERROR|9|FailedToDecryptConfigInformation: Dsn| RequestID = s_4d529c86-a495-481d-89b9-205d5089f09d 
