2019-12-04 18:29:14.1239|ERROR|8|FailedToDecryptConfigInformation: Dsn| RequestID = s_5f9e7555-b211-4e91-b2f4-47f690bb95bf 
2019-12-04 18:29:24.1552|ERROR|8|FailedToDecryptConfigInformation: Dsn| RequestID = s_012e5f77-7f9a-4194-b97b-e19c014c2b96 
2019-12-04 18:29:34.1709|ERROR|8|FailedToDecryptConfigInformation: Dsn| RequestID = s_21ffd198-ed9f-41b2-8794-ec4e7e98a1a1 
2019-12-04 18:29:44.1865|ERROR|8|FailedToDecryptConfigInformation: Dsn| RequestID = s_141880d9-337b-4920-a4c4-253166d04edd 
2019-12-04 18:29:54.2803|ERROR|8|FailedToDecryptConfigInformation: Dsn| RequestID = s_95b68f80-cd91-421e-bc3b-cd2efb752382 
2019-12-04 18:30:04.3116|ERROR|8|FailedToDecryptConfigInformation: Dsn| RequestID = s_3d561872-a355-4f3d-81e3-e25ca97d06b8 
2019-12-04 18:30:14.3272|ERROR|23|FailedToDecryptConfigInformation: Dsn| RequestID = s_e1945a29-fa97-4eec-b5b8-ac8611402c83 
2019-12-04 18:30:24.3683|ERROR|8|FailedToDecryptConfigInformation: Dsn| RequestID = s_81315394-b542-4871-99e5-3b470bead3ee 
2019-12-04 18:30:34.3918|ERROR|23|FailedToDecryptConfigInformation: Dsn| RequestID = s_1d159713-ade6-4407-b735-70ef82ec11c9 
2019-12-04 18:30:44.4231|ERROR|23|FailedToDecryptConfigInformation: Dsn| RequestID = s_8d8ee506-9a3c-416b-ae71-dcacf65a09c8 
2019-12-04 18:30:54.4387|ERROR|21|FailedToDecryptConfigInformation: Dsn| RequestID = s_1d82436c-ab98-4a59-9717-e105746f1118 
2019-12-04 18:31:04.4541|ERROR|21|FailedToDecryptConfigInformation: Dsn| RequestID = s_20c3af63-504b-4db8-8b85-9bbc153042f5 
2019-12-04 18:31:14.4854|ERROR|21|FailedToDecryptConfigInformation: Dsn| RequestID = s_ac5d98e2-fa85-4572-8bde-9d491cea6fd2 
2019-12-04 18:31:24.5021|ERROR|21|FailedToDecryptConfigInformation: Dsn| RequestID = s_420df345-4017-402e-9091-b61116996249 
2019-12-04 18:31:34.5334|ERROR|21|FailedToDecryptConfigInformation: Dsn| RequestID = s_57b46aae-ab06-4a18-8cf7-d4db22a48542 
2019-12-04 18:31:44.5540|ERROR|21|FailedToDecryptConfigInformation: Dsn| RequestID = s_06f21bf5-c8de-44b0-9d4c-66d599fafb0a 
2019-12-04 18:31:54.5755|ERROR|21|FailedToDecryptConfigInformation: Dsn| RequestID = s_ba00688b-222a-4808-a6db-1f69901f6e54 
2019-12-04 18:32:04.7088|ERROR|13|FailedToDecryptConfigInformation: Dsn| RequestID = s_e50c1f8c-1baa-405f-a6b5-da3dc7a85329 
2019-12-04 18:32:14.7591|ERROR|13|FailedToDecryptConfigInformation: Dsn| RequestID = s_1344835c-62cf-4281-bf07-2bdca5f3c6ad 
2019-12-04 18:32:24.8239|ERROR|13|FailedToDecryptConfigInformation: Dsn| RequestID = s_418f534a-291c-4149-8fcf-bd2a823f5b5f 
2019-12-04 18:32:34.8507|ERROR|13|FailedToDecryptConfigInformation: Dsn| RequestID = s_48f615c3-57ff-439b-9729-e5fb54ae4782 
2019-12-04 18:32:44.8756|ERROR|13|FailedToDecryptConfigInformation: Dsn| RequestID = s_06b9f4ed-2ef8-4843-8f04-6abb4d8b3bd3 
2019-12-04 18:32:54.9255|ERROR|13|FailedToDecryptConfigInformation: Dsn| RequestID = s_34ec3e48-62be-4efd-99bd-37a8c3f1ae3e 
2019-12-04 18:33:04.9558|ERROR|13|FailedToDecryptConfigInformation: Dsn| RequestID = s_a57f9c1a-b53c-486b-97df-0908b8e7003c 
2019-12-04 18:33:14.9871|ERROR|4|FailedToDecryptConfigInformation: Dsn| RequestID = s_d09f81a1-d74c-4f10-858d-fcb9aae3bf08 
2019-12-04 18:33:25.0301|ERROR|4|FailedToDecryptConfigInformation: Dsn| RequestID = s_c7408b6b-ce4a-4129-8c2a-f13c52544a37 
2019-12-04 18:33:35.0470|ERROR|13|FailedToDecryptConfigInformation: Dsn| RequestID = s_a33cb4de-a9b1-470e-b69a-bab13085d5c4 
2019-12-04 18:33:45.0714|ERROR|13|FailedToDecryptConfigInformation: Dsn| RequestID = s_c6171fbe-cde6-4977-a85f-d95f6be57469 
2019-12-04 18:33:55.0878|ERROR|13|FailedToDecryptConfigInformation: Dsn| RequestID = s_138665df-aeef-4306-addc-db493b798a14 
2019-12-04 18:34:05.1176|ERROR|13|FailedToDecryptConfigInformation: Dsn| RequestID = s_0ab6980b-6db7-44ab-a45b-b815fceac947 
2019-12-04 18:34:15.1464|ERROR|5|FailedToDecryptConfigInformation: Dsn| RequestID = s_33d29196-9724-4baf-ba29-8ea4b4cffb68 
2019-12-04 18:34:25.1777|ERROR|13|FailedToDecryptConfigInformation: Dsn| RequestID = s_1c4bc562-9fe6-407b-bfc0-f5465b42fccb 
2019-12-04 18:34:35.2269|ERROR|5|FailedToDecryptConfigInformation: Dsn| RequestID = s_18486a1c-b428-4032-b7f2-66a2ccbbc9da 
2019-12-04 18:34:45.2417|ERROR|13|FailedToDecryptConfigInformation: Dsn| RequestID = s_855d12b4-5140-446f-8c1f-671b53e85150 
2019-12-04 18:34:55.2672|ERROR|13|FailedToDecryptConfigInformation: Dsn| RequestID = s_f28c0ee5-a3cc-4be5-92d2-a99638979867 
2019-12-04 18:35:05.2964|ERROR|13|FailedToDecryptConfigInformation: Dsn| RequestID = s_ea9e9d7b-9703-48cf-9673-2630b3711f6d 
2019-12-04 18:35:15.3390|ERROR|13|FailedToDecryptConfigInformation: Dsn| RequestID = s_712e2dc4-e9c0-4c48-a98f-fdf677dc57f6 
2019-12-04 18:35:25.3588|ERROR|13|FailedToDecryptConfigInformation: Dsn| RequestID = s_d47cd236-b8a9-4852-81a4-3c0da7be7c83 
2019-12-04 18:35:35.3828|ERROR|13|FailedToDecryptConfigInformation: Dsn| RequestID = s_7e0c4465-6ce4-44d8-9b04-6a62172a2e26 
2019-12-04 18:35:45.4142|ERROR|13|FailedToDecryptConfigInformation: Dsn| RequestID = s_507e00b2-d7e8-4306-aaa1-e6389235ee35 
2019-12-04 18:35:55.4407|ERROR|18|FailedToDecryptConfigInformation: Dsn| RequestID = s_9b3c82b7-8e2a-4ab1-86b0-6f31716e7b18 
2019-12-04 18:36:05.4611|ERROR|18|FailedToDecryptConfigInformation: Dsn| RequestID = s_07183db1-4e02-42e0-ac9d-c0c075e397f3 
2019-12-04 18:36:15.4865|ERROR|25|FailedToDecryptConfigInformation: Dsn| RequestID = s_86b3073f-adb0-40d8-ae9f-fd837d58482a 
2019-12-04 18:36:25.5143|ERROR|25|FailedToDecryptConfigInformation: Dsn| RequestID = s_b7e83131-592b-41db-b30f-f77797d705de 
2019-12-04 18:36:35.5306|ERROR|18|FailedToDecryptConfigInformation: Dsn| RequestID = s_6e1e36fe-8e47-4e43-a30f-607f6c9538e5 
2019-12-04 18:36:45.5561|ERROR|18|FailedToDecryptConfigInformation: Dsn| RequestID = s_2aee814a-7af8-4189-979c-4b48c81b3281 
2019-12-04 18:36:55.5715|ERROR|7|FailedToDecryptConfigInformation: Dsn| RequestID = s_f4f9ae33-2e6b-47e6-b141-50feac930c84 
2019-12-04 18:37:05.5965|ERROR|7|FailedToDecryptConfigInformation: Dsn| RequestID = s_886191d3-d0f8-4bc3-b33d-b17f3f48409e 
2019-12-04 18:37:15.6228|ERROR|9|FailedToDecryptConfigInformation: Dsn| RequestID = s_b65a3301-6b65-41d7-af45-a5ff7a7bf8f5 
2019-12-04 18:37:25.6471|ERROR|9|FailedToDecryptConfigInformation: Dsn| RequestID = s_f6c72585-c0a1-4a40-903f-941ef893aa9c 
2019-12-04 18:37:35.6727|ERROR|7|FailedToDecryptConfigInformation: Dsn| RequestID = s_bbe67379-5419-4c63-b7f3-60cef8a90146 
2019-12-04 18:37:45.6871|ERROR|7|FailedToDecryptConfigInformation: Dsn| RequestID = s_b6fadb0e-c030-4418-80f6-59ca6548fc9f 
2019-12-04 18:37:55.7021|ERROR|4|FailedToDecryptConfigInformation: Dsn| RequestID = s_b361f667-e5b9-44bc-8b3f-889c40bef66f 
2019-12-04 18:38:05.7214|ERROR|4|FailedToDecryptConfigInformation: Dsn| RequestID = s_dfeeacaa-38a4-45eb-a6e0-3c991a199eae 
2019-12-04 18:38:15.7408|ERROR|12|FailedToDecryptConfigInformation: Dsn| RequestID = s_5fb85e7e-8ac1-4385-8837-196ce530d703 
2019-12-04 18:38:25.7570|ERROR|12|FailedToDecryptConfigInformation: Dsn| RequestID = s_afed6b9f-26c4-4952-97b3-9a03cbeb45f6 
2019-12-04 18:38:35.7777|ERROR|6|FailedToDecryptConfigInformation: Dsn| RequestID = s_1b9a224b-e1b6-4990-a288-0b6926ba3e46 
2019-12-04 18:38:45.8079|ERROR|6|FailedToDecryptConfigInformation: Dsn| RequestID = s_b2bd8f9d-8396-49cc-8558-5cd8199edff8 
2019-12-04 18:38:55.8315|ERROR|19|FailedToDecryptConfigInformation: Dsn| RequestID = s_3752326b-b060-4e8c-8377-7af14a896a77 
2019-12-04 18:39:05.8585|ERROR|19|FailedToDecryptConfigInformation: Dsn| RequestID = s_cd9ae584-cbad-4615-a771-197be58439a8 
2019-12-04 18:39:15.8903|ERROR|19|FailedToDecryptConfigInformation: Dsn| RequestID = s_31eb567b-f584-4e79-a74f-40a8504b4fe7 
2019-12-04 18:39:25.9150|ERROR|19|FailedToDecryptConfigInformation: Dsn| RequestID = s_dfd48f8f-c25a-416c-9f2c-26a4e34edd92 
2019-12-04 18:39:35.9464|ERROR|19|FailedToDecryptConfigInformation: Dsn| RequestID = s_ff30e772-e08c-4e1a-b92a-f15529abdc64 
2019-12-04 18:39:46.0062|ERROR|19|FailedToDecryptConfigInformation: Dsn| RequestID = s_c685fb62-1bf7-48f5-b37b-8fadcc14fe7f 
2019-12-04 18:39:56.0327|ERROR|19|FailedToDecryptConfigInformation: Dsn| RequestID = s_c041445e-b433-44a9-9de5-87a374123fbc 
2019-12-04 18:40:06.0554|ERROR|19|FailedToDecryptConfigInformation: Dsn| RequestID = s_ed203e43-745b-4a97-8497-1edf63613993 
2019-12-04 18:40:16.0782|ERROR|19|FailedToDecryptConfigInformation: Dsn| RequestID = s_d3acd24b-bce8-497e-8b05-509c550ded39 
2019-12-04 18:40:26.0975|ERROR|19|FailedToDecryptConfigInformation: Dsn| RequestID = s_cadd1541-5ddd-4c39-889b-49103cf7d6c0 
2019-12-04 18:40:36.1413|ERROR|19|FailedToDecryptConfigInformation: Dsn| RequestID = s_656917e4-8cfe-4ba8-82fc-f18bc926530f 
2019-12-04 18:40:46.1642|ERROR|25|FailedToDecryptConfigInformation: Dsn| RequestID = s_7ba13aac-943f-4002-b383-bf9dd079d0a7 
2019-12-04 18:40:56.1910|ERROR|25|FailedToDecryptConfigInformation: Dsn| RequestID = s_3f8775cf-f050-425a-ac5b-bb0e30eb1e45 
2019-12-04 18:41:06.2213|ERROR|28|FailedToDecryptConfigInformation: Dsn| RequestID = s_e17e12d0-ca74-4faf-a95b-9862d2e9ed16 
2019-12-04 18:41:16.2502|ERROR|28|FailedToDecryptConfigInformation: Dsn| RequestID = s_87e20c0b-2d6b-43d8-92ae-3e4a1edaa344 
2019-12-04 18:41:26.2754|ERROR|28|FailedToDecryptConfigInformation: Dsn| RequestID = s_35745612-aea2-47c2-9cb8-280f5411e14b 
2019-12-04 18:41:36.3334|ERROR|28|FailedToDecryptConfigInformation: Dsn| RequestID = s_bc0242dd-f7dd-4845-bbe5-3b2fcc0fd4c7 
2019-12-04 18:41:46.3502|ERROR|28|FailedToDecryptConfigInformation: Dsn| RequestID = s_9f776881-5469-4a6e-afc6-9d1d7c0e6871 
2019-12-04 18:41:56.3766|ERROR|28|FailedToDecryptConfigInformation: Dsn| RequestID = s_345cae11-4edd-4c08-8d36-3b357b413a4a 
2019-12-04 18:42:06.3933|ERROR|28|FailedToDecryptConfigInformation: Dsn| RequestID = s_61569518-2649-4e2f-8981-0df7dadf07e9 
2019-12-04 18:42:16.4599|ERROR|28|FailedToDecryptConfigInformation: Dsn| RequestID = s_9e27aa21-4d8f-4cd0-bb1b-d6aad8e68280 
2019-12-04 18:42:26.4787|ERROR|27|FailedToDecryptConfigInformation: Dsn| RequestID = s_6a5a53c0-3f89-4f2f-b98d-5a824eaa312c 
2019-12-04 18:42:36.4950|ERROR|27|FailedToDecryptConfigInformation: Dsn| RequestID = s_94899c5d-d755-408d-aee9-406cf20d7a77 
2019-12-04 18:42:46.5252|ERROR|6|FailedToDecryptConfigInformation: Dsn| RequestID = s_e470733f-a4cf-46af-9794-4922ec2d9b0f 
2019-12-04 18:42:56.5689|ERROR|27|FailedToDecryptConfigInformation: Dsn| RequestID = s_db99f1e4-17b6-4884-a786-23bde211086a 
2019-12-04 18:43:06.5850|ERROR|27|FailedToDecryptConfigInformation: Dsn| RequestID = s_f0a999e2-68e1-4770-b289-514dc324f568 
2019-12-04 18:43:16.6012|ERROR|4|FailedToDecryptConfigInformation: Dsn| RequestID = s_4d757bd8-ee7e-4eaa-8c40-0f4f37c529a9 
2019-12-04 18:43:26.6363|ERROR|4|FailedToDecryptConfigInformation: Dsn| RequestID = s_0807ffec-5380-4050-90e7-32672d31cc75 
2019-12-04 18:43:36.6499|ERROR|4|FailedToDecryptConfigInformation: Dsn| RequestID = s_958345d6-4fe2-4fa3-b790-34e06b68ff7e 
2019-12-04 18:43:46.6661|ERROR|9|FailedToDecryptConfigInformation: Dsn| RequestID = s_1718db0a-f376-4de2-a083-a030f3416ef9 
2019-12-04 18:43:56.6888|ERROR|9|FailedToDecryptConfigInformation: Dsn| RequestID = s_9d954aa8-948c-4fe3-ad73-c648a6583722 
2019-12-04 18:44:06.7106|ERROR|16|FailedToDecryptConfigInformation: Dsn| RequestID = s_73bbf248-ce18-4a0d-bcd3-fc12af1fa332 
2019-12-04 18:44:16.7304|ERROR|16|FailedToDecryptConfigInformation: Dsn| RequestID = s_fd43ba4d-81fd-436b-9300-b24cdc27349a 
2019-12-04 18:44:26.7698|ERROR|16|FailedToDecryptConfigInformation: Dsn| RequestID = s_0ea4c6db-626e-4811-802b-c097c1d2afbe 
2019-12-04 18:44:36.8328|ERROR|16|FailedToDecryptConfigInformation: Dsn| RequestID = s_ccb29da2-8f92-4fd0-8c36-3b6c49269fce 
2019-12-04 18:44:46.9456|ERROR|16|FailedToDecryptConfigInformation: Dsn| RequestID = s_b68f60cf-ae9d-444b-a5cd-74524e42d924 
2019-12-04 18:44:56.9669|ERROR|16|FailedToDecryptConfigInformation: Dsn| RequestID = s_1dbd5945-0f7b-415c-8da5-e071dc238e9b 
2019-12-04 18:45:06.9812|ERROR|11|FailedToDecryptConfigInformation: Dsn| RequestID = s_9483acf2-f7c3-4d3b-a006-849930455824 
2019-12-04 18:45:17.0150|ERROR|11|FailedToDecryptConfigInformation: Dsn| RequestID = s_a3cd6229-5876-4ed9-8597-58145e8ebada 
2019-12-04 18:45:27.0408|ERROR|11|FailedToDecryptConfigInformation: Dsn| RequestID = s_04b00e65-6139-459a-80e8-846f6f13b4d5 
2019-12-04 18:45:37.0706|ERROR|11|FailedToDecryptConfigInformation: Dsn| RequestID = s_7d10e507-4287-4e33-8129-24e31cb80082 
2019-12-04 18:45:47.0986|ERROR|11|FailedToDecryptConfigInformation: Dsn| RequestID = s_fced71fd-e2af-4472-91bb-e0764c14e3bc 
2019-12-04 18:45:57.1280|ERROR|14|FailedToDecryptConfigInformation: Dsn| RequestID = s_23cdbbce-4356-4b6a-bce2-db7b95e549a3 
2019-12-04 18:46:07.1543|ERROR|14|FailedToDecryptConfigInformation: Dsn| RequestID = s_ebe16bbf-4be3-4ef6-b864-95edb3041305 
2019-12-04 18:46:17.1865|ERROR|25|FailedToDecryptConfigInformation: Dsn| RequestID = s_c52855f3-af71-492f-959c-001a0ca8d2ea 
2019-12-04 18:46:27.2138|ERROR|25|FailedToDecryptConfigInformation: Dsn| RequestID = s_73c80783-9e65-4e7c-a326-49e5da9a6ac1 
2019-12-04 18:46:37.2451|ERROR|19|FailedToDecryptConfigInformation: Dsn| RequestID = s_313ac134-6f31-462f-8c75-c8026a706720 
2019-12-04 18:46:47.2696|ERROR|19|FailedToDecryptConfigInformation: Dsn| RequestID = s_6b111a19-97fc-4be3-85a9-0e5fec7cfefb 
2019-12-04 18:46:57.3324|ERROR|19|FailedToDecryptConfigInformation: Dsn| RequestID = s_ba8849a4-6511-4093-82a6-368cda1b9782 
2019-12-04 18:47:07.3800|ERROR|19|FailedToDecryptConfigInformation: Dsn| RequestID = s_4104a5a0-ef01-49ab-b562-8474831af3ce 
2019-12-04 18:47:17.4168|ERROR|19|FailedToDecryptConfigInformation: Dsn| RequestID = s_ef48ee3b-3399-49eb-8487-ac0db2ef2fa3 
2019-12-04 18:47:27.4562|ERROR|19|FailedToDecryptConfigInformation: Dsn| RequestID = s_91136109-e861-4b9b-b2c0-e3f22f489019 
2019-12-04 18:47:37.4785|ERROR|19|FailedToDecryptConfigInformation: Dsn| RequestID = s_6c8eba43-2ef3-44af-9408-0fc2eef7cc5e 
2019-12-04 18:47:47.5008|ERROR|19|FailedToDecryptConfigInformation: Dsn| RequestID = s_02bb8c91-19e8-460b-bbfe-697bd38f4f71 
2019-12-04 18:47:57.5216|ERROR|7|FailedToDecryptConfigInformation: Dsn| RequestID = s_3bcb77ce-9b88-4947-9a04-c5e686037204 
2019-12-04 18:48:07.5384|ERROR|7|FailedToDecryptConfigInformation: Dsn| RequestID = s_94019bbf-8235-4c6e-8a84-39076e6779c8 
2019-12-04 18:48:17.5609|ERROR|7|FailedToDecryptConfigInformation: Dsn| RequestID = s_6d0d2400-e4ce-4290-936e-cb98cfff1137 
2019-12-04 18:48:27.5917|ERROR|9|FailedToDecryptConfigInformation: Dsn| RequestID = s_60e717c9-1c78-449c-a1ff-9156cf93fce4 
2019-12-04 18:48:37.6055|ERROR|9|FailedToDecryptConfigInformation: Dsn| RequestID = s_58d67d7b-05d1-4504-9979-5a98290f9d4b 
2019-12-04 18:48:47.6513|ERROR|9|FailedToDecryptConfigInformation: Dsn| RequestID = s_6af0e8ca-5ab0-4627-a306-8c8bd96b96d3 
2019-12-04 18:48:57.6815|ERROR|9|FailedToDecryptConfigInformation: Dsn| RequestID = s_8d8973d5-5cb7-4e46-82ea-49c473989345 
2019-12-04 18:49:07.6948|ERROR|9|FailedToDecryptConfigInformation: Dsn| RequestID = s_163912ee-02f6-4b54-bb8f-48864ba708ff 
2019-12-04 18:49:17.7261|ERROR|9|FailedToDecryptConfigInformation: Dsn| RequestID = s_28b9faae-ff2a-48ea-8cb8-21d4fcd9a359 
2019-12-04 18:49:27.7549|ERROR|6|FailedToDecryptConfigInformation: Dsn| RequestID = s_761d4399-656c-4433-8b4f-131a1a812959 
2019-12-04 18:49:37.7857|ERROR|9|FailedToDecryptConfigInformation: Dsn| RequestID = s_8bdda934-f60b-45f4-b71d-9e4350862085 
2019-12-04 18:49:47.8146|ERROR|6|FailedToDecryptConfigInformation: Dsn| RequestID = s_cd0cc91c-bca5-4457-b006-dd48c2a9667e 
2019-12-04 18:49:57.8304|ERROR|6|FailedToDecryptConfigInformation: Dsn| RequestID = s_605d209f-f87d-47f1-acd7-90ab6360e7cf 
2019-12-04 18:50:07.8602|ERROR|6|FailedToDecryptConfigInformation: Dsn| RequestID = s_d10e603d-87fd-4f88-9e67-fcffd7d86dfe 
2019-12-04 18:50:17.8890|ERROR|6|FailedToDecryptConfigInformation: Dsn| RequestID = s_ac972039-8e0f-48c9-80ec-c34b163542ee 
2019-12-04 18:50:27.9217|ERROR|6|FailedToDecryptConfigInformation: Dsn| RequestID = s_79b4f068-6ab6-4c23-bfc9-6fe5b8362a6d 
2019-12-04 18:50:37.9392|ERROR|6|FailedToDecryptConfigInformation: Dsn| RequestID = s_a689a942-953d-4692-9ac3-6920df6b33f2 
2019-12-04 18:50:47.9700|ERROR|5|FailedToDecryptConfigInformation: Dsn| RequestID = s_09a4f1c3-8451-4060-b039-e7b61965c49a 
2019-12-04 18:50:57.9994|ERROR|6|FailedToDecryptConfigInformation: Dsn| RequestID = s_ca59b1a6-23e7-4b12-987a-5116b42c9160 
2019-12-04 18:51:08.0252|ERROR|6|FailedToDecryptConfigInformation: Dsn| RequestID = s_f48baf24-1e61-4fe7-b5ce-e70413bbfc31 
2019-12-04 18:51:18.0578|ERROR|5|FailedToDecryptConfigInformation: Dsn| RequestID = s_32e65c65-c34f-4081-9a94-c64519cb979c 
2019-12-04 18:51:28.0808|ERROR|6|FailedToDecryptConfigInformation: Dsn| RequestID = s_8f7aaaad-a1e4-453a-a9a0-e2c1dbb6499e 
2019-12-04 18:51:38.0951|ERROR|6|FailedToDecryptConfigInformation: Dsn| RequestID = s_a914ad15-1e51-4ecc-9caa-08e13ba3d908 
2019-12-04 18:51:48.1235|ERROR|25|FailedToDecryptConfigInformation: Dsn| RequestID = s_2e0f8930-b5fe-4de5-9aec-0facc1c76008 
2019-12-04 18:51:58.1509|ERROR|25|FailedToDecryptConfigInformation: Dsn| RequestID = s_498110ad-50f1-4450-ad81-0638e7af9cf1 
2019-12-04 18:52:08.1834|ERROR|14|FailedToDecryptConfigInformation: Dsn| RequestID = s_ec209ce7-dedb-47be-9057-27f45aedfb1c 
2019-12-04 18:52:18.2101|ERROR|25|FailedToDecryptConfigInformation: Dsn| RequestID = s_741b780e-bbd4-4fa4-90a5-e41ae80d607b 
2019-12-04 18:52:28.2389|ERROR|25|FailedToDecryptConfigInformation: Dsn| RequestID = s_bd99b902-741c-42f7-a61b-f4370544b6c4 
2019-12-04 18:52:38.2687|ERROR|23|FailedToDecryptConfigInformation: Dsn| RequestID = s_2ff8ecd2-aa51-4b1d-9330-f11ce6a175f7 
2019-12-04 18:52:48.3020|ERROR|23|FailedToDecryptConfigInformation: Dsn| RequestID = s_45b57215-697f-4781-ac4a-8a098a37bb3b 
2019-12-04 18:52:58.3278|ERROR|23|FailedToDecryptConfigInformation: Dsn| RequestID = s_72d73f6f-b484-4711-88ff-09c349de7072 
2019-12-04 18:53:08.3581|ERROR|23|FailedToDecryptConfigInformation: Dsn| RequestID = s_2e89c40f-39d9-4d17-9efe-9e8a9c018330 
2019-12-04 18:53:18.3943|ERROR|21|FailedToDecryptConfigInformation: Dsn| RequestID = s_dd93b36d-807c-48ba-b48c-2d2dbfc99a9d 
2019-12-04 18:53:28.4191|ERROR|21|FailedToDecryptConfigInformation: Dsn| RequestID = s_29e27831-88fd-4dca-bb20-3bc5ce22fe42 
2019-12-04 18:53:38.4469|ERROR|21|FailedToDecryptConfigInformation: Dsn| RequestID = s_4196e870-ac7f-4186-96a5-7b703d8cd254 
2019-12-04 18:53:48.4772|ERROR|4|FailedToDecryptConfigInformation: Dsn| RequestID = s_649cef7b-5718-41fb-89e5-511e0a6b4751 
2019-12-04 18:53:58.5081|ERROR|4|FailedToDecryptConfigInformation: Dsn| RequestID = s_f37737db-cf80-4ed2-98a5-f2e08a9e3fa4 
2019-12-04 18:54:08.5334|ERROR|4|FailedToDecryptConfigInformation: Dsn| RequestID = s_9f0bb771-6c72-440d-becb-1bd0c43eb366 
2019-12-04 18:54:18.5632|ERROR|9|FailedToDecryptConfigInformation: Dsn| RequestID = s_6f309571-ed61-4ee0-8c10-4fce74945963 
2019-12-04 18:54:28.5775|ERROR|9|FailedToDecryptConfigInformation: Dsn| RequestID = s_45b87a84-5da7-4fc8-87bc-0d307bc684e0 
2019-12-04 18:54:38.6082|ERROR|9|FailedToDecryptConfigInformation: Dsn| RequestID = s_6c0aa784-40c6-4fe9-bb7f-fb04dffed06c 
2019-12-04 18:54:48.6274|ERROR|9|FailedToDecryptConfigInformation: Dsn| RequestID = s_806e5336-ed63-443f-9a73-a2639f8081c8 
2019-12-04 18:54:58.6504|ERROR|22|FailedToDecryptConfigInformation: Dsn| RequestID = s_50f82c2e-6c49-4679-a4d5-5924075ee356 
2019-12-04 18:55:08.6812|ERROR|22|FailedToDecryptConfigInformation: Dsn| RequestID = s_87c7206c-058b-45ec-85b6-98b0ac521c1c 
2019-12-04 18:55:18.7140|ERROR|22|FailedToDecryptConfigInformation: Dsn| RequestID = s_015f35ca-30fa-4cf8-9c77-95bdedb23850 
2019-12-04 18:55:28.7428|ERROR|22|FailedToDecryptConfigInformation: Dsn| RequestID = s_34067ee7-78e8-4f0d-b004-954264d3d5d8 
2019-12-04 18:55:38.7682|ERROR|22|FailedToDecryptConfigInformation: Dsn| RequestID = s_f9c298c9-7cce-44a8-868c-3f280db67a3a 
2019-12-04 18:55:48.7970|ERROR|22|FailedToDecryptConfigInformation: Dsn| RequestID = s_22ebbad3-b3da-4b37-b874-93defa98eb12 
2019-12-04 18:55:58.8249|ERROR|22|FailedToDecryptConfigInformation: Dsn| RequestID = s_c80d789b-ee34-4c34-b756-a762d8931186 
2019-12-04 18:56:08.8415|ERROR|22|FailedToDecryptConfigInformation: Dsn| RequestID = s_6e683d2c-77bb-4b80-b8d3-4e1c57e093e7 
2019-12-04 18:56:18.8643|ERROR|14|FailedToDecryptConfigInformation: Dsn| RequestID = s_5a834c7c-5ec9-48b6-a10e-bd0b90bc3c1b 
2019-12-04 18:56:28.8845|ERROR|14|FailedToDecryptConfigInformation: Dsn| RequestID = s_49dc3b74-cd27-4210-890c-f263a0bfbb6e 
2019-12-04 18:56:38.9103|ERROR|14|FailedToDecryptConfigInformation: Dsn| RequestID = s_1a9b724c-6c97-4dcb-9dd7-05eee01cd500 
2019-12-04 18:56:48.9399|ERROR|22|FailedToDecryptConfigInformation: Dsn| RequestID = s_f3e079ed-badd-4e18-a8b7-606b3d8ebc08 
2019-12-04 18:56:58.9717|ERROR|22|FailedToDecryptConfigInformation: Dsn| RequestID = s_9486bc11-8306-4dc2-a03f-2427a56d9f14 
2019-12-04 18:57:09.0020|ERROR|22|FailedToDecryptConfigInformation: Dsn| RequestID = s_e54d43a3-afb8-4eb3-ad76-7500b82a4f35 
2019-12-04 18:57:19.0264|ERROR|22|FailedToDecryptConfigInformation: Dsn| RequestID = s_7bb6832a-1788-4b69-aad2-ef91b34930cf 
2019-12-04 18:57:29.0428|ERROR|25|FailedToDecryptConfigInformation: Dsn| RequestID = s_334ff5d9-a972-410d-bb71-2b04edaf5bfe 
2019-12-04 18:57:39.0766|ERROR|25|FailedToDecryptConfigInformation: Dsn| RequestID = s_55feae7a-94ae-4adf-bf0c-fe3cbe873029 
2019-12-04 18:57:49.1204|ERROR|25|FailedToDecryptConfigInformation: Dsn| RequestID = s_25be50c1-fdd0-4cc1-8915-1c7cdea2bcf0 
2019-12-04 18:57:59.1557|ERROR|25|FailedToDecryptConfigInformation: Dsn| RequestID = s_30966baf-816f-40ab-8c62-990e59cd34c8 
2019-12-04 18:58:09.1697|ERROR|25|FailedToDecryptConfigInformation: Dsn| RequestID = s_4e959d37-efe5-4c38-9cd4-455f61b2fff9 
2019-12-04 18:58:19.1891|ERROR|25|FailedToDecryptConfigInformation: Dsn| RequestID = s_eae3d8c2-0ac7-42f9-9201-39440efa9b2f 
2019-12-04 18:58:29.2114|ERROR|25|FailedToDecryptConfigInformation: Dsn| RequestID = s_86eda146-0991-4c28-8529-e76e26cb67fa 
2019-12-04 18:58:39.2267|ERROR|25|FailedToDecryptConfigInformation: Dsn| RequestID = s_692b94c9-76be-4d33-bfac-4f4a2a22b3ed 
2019-12-04 18:58:49.2465|ERROR|25|FailedToDecryptConfigInformation: Dsn| RequestID = s_d052e029-0b4b-4f2d-8e7f-2e9274abb773 
2019-12-04 18:58:59.2613|ERROR|25|FailedToDecryptConfigInformation: Dsn| RequestID = s_5c5c235d-bea9-444c-aedf-ba50ea9c291a 
2019-12-04 18:59:09.3426|ERROR|25|FailedToDecryptConfigInformation: Dsn| RequestID = s_a3d3571a-3f9e-49d2-aa1d-735723d0763c 
2019-12-04 18:59:19.3960|ERROR|7|FailedToDecryptConfigInformation: Dsn| RequestID = s_33285df9-5e72-47ec-9622-2a58a04981b7 
2019-12-04 18:59:29.4170|ERROR|7|FailedToDecryptConfigInformation: Dsn| RequestID = s_f6ef9c50-a9ee-41d2-906d-a7034138b920 
2019-12-04 18:59:39.4827|ERROR|7|FailedToDecryptConfigInformation: Dsn| RequestID = s_905454e0-071c-4483-85e1-cf1f92527709 
2019-12-04 18:59:49.5315|ERROR|7|FailedToDecryptConfigInformation: Dsn| RequestID = s_3326109b-f395-4b26-ac9a-4c8dab67e432 
2019-12-04 18:59:59.5502|ERROR|7|FailedToDecryptConfigInformation: Dsn| RequestID = s_3177c494-8f4e-4912-90dc-b4742052b270 
