2019-12-04 14:00:00.0841|ERROR|22|FailedToDecryptConfigInformation: Dsn| RequestID = s_2b512be8-e93a-4f33-89d6-5f93b1e1cb99 
2019-12-04 14:00:10.1079|ERROR|22|FailedToDecryptConfigInformation: Dsn| RequestID = s_7147c63d-6be8-4759-81e6-3632ee604f3e 
2019-12-04 14:00:20.1243|ERROR|22|FailedToDecryptConfigInformation: Dsn| RequestID = s_3aabfd58-8457-4f32-9327-afad23322973 
2019-12-04 14:00:30.1406|ERROR|22|FailedToDecryptConfigInformation: Dsn| RequestID = s_3d206749-0e80-479c-9bd0-89644db6aa2f 
2019-12-04 14:00:40.1669|ERROR|22|FailedToDecryptConfigInformation: Dsn| RequestID = s_abfe299d-9b7c-462e-aa16-a9459cd4bd88 
2019-12-04 14:00:50.1967|ERROR|24|FailedToDecryptConfigInformation: Dsn| RequestID = s_c7b5450a-c1a7-4eca-8b7f-0b26badb62ff 
2019-12-04 14:01:00.2109|ERROR|24|FailedToDecryptConfigInformation: Dsn| RequestID = s_7d67ce9d-25d4-4f15-a26e-4ac44b5a7020 
2019-12-04 14:01:10.2357|ERROR|24|FailedToDecryptConfigInformation: Dsn| RequestID = s_d55adfa3-40d0-479c-897e-e5558f430d83 
2019-12-04 14:01:20.2820|ERROR|24|FailedToDecryptConfigInformation: Dsn| RequestID = s_6c6dfea6-4677-41b4-9558-d6256525a562 
2019-12-04 14:01:30.3023|ERROR|24|FailedToDecryptConfigInformation: Dsn| RequestID = s_0d7b81a0-fcc9-4e1e-98d1-57be32dfe1ae 
2019-12-04 14:01:40.3303|ERROR|16|FailedToDecryptConfigInformation: Dsn| RequestID = s_748a261a-5dd4-45dc-b82a-07f0061c5323 
2019-12-04 14:01:50.3552|ERROR|16|FailedToDecryptConfigInformation: Dsn| RequestID = s_66960513-802d-487f-b2a8-2ae513887ab7 
2019-12-04 14:02:00.3995|ERROR|16|FailedToDecryptConfigInformation: Dsn| RequestID = s_9699a08e-5349-447f-b778-9f3ef6c30810 
2019-12-04 14:02:10.4458|ERROR|16|FailedToDecryptConfigInformation: Dsn| RequestID = s_8f9aba06-f6c9-4b85-a91f-6d8815beef33 
2019-12-04 14:02:20.4730|ERROR|26|FailedToDecryptConfigInformation: Dsn| RequestID = s_9ce86d2c-4b2e-4dc4-97e2-0fc1380ec82c 
2019-12-04 14:02:30.4908|ERROR|26|FailedToDecryptConfigInformation: Dsn| RequestID = s_cac9a9ac-9c9e-48b1-8a77-8ce20d7bad0a 
2019-12-04 14:02:40.5168|ERROR|26|FailedToDecryptConfigInformation: Dsn| RequestID = s_c6a73ab4-28a2-4b36-aa48-9a9a6d1252e4 
2019-12-04 14:02:50.5636|ERROR|26|FailedToDecryptConfigInformation: Dsn| RequestID = s_59ef89fe-df0a-4659-8720-90084f2c53cc 
2019-12-04 14:03:00.6019|ERROR|26|FailedToDecryptConfigInformation: Dsn| RequestID = s_32be4928-e4c0-44a2-b958-285129bd0863 
2019-12-04 14:03:10.6211|ERROR|26|FailedToDecryptConfigInformation: Dsn| RequestID = s_97d718c6-9fdc-42c4-8c57-b0e2e72b31ee 
2019-12-04 14:03:20.6401|ERROR|26|FailedToDecryptConfigInformation: Dsn| RequestID = s_55fba3c2-02d3-42d0-9e21-59e2f1a24be4 
2019-12-04 14:03:30.6619|ERROR|26|FailedToDecryptConfigInformation: Dsn| RequestID = s_afdee9b1-e1d6-46f8-8def-d338d71ee93d 
2019-12-04 14:03:40.7127|ERROR|26|FailedToDecryptConfigInformation: Dsn| RequestID = s_7b07dca7-9914-47a2-85da-84f809f698dc 
2019-12-04 14:03:50.7299|ERROR|7|FailedToDecryptConfigInformation: Dsn| RequestID = s_5b9907a8-9085-4fcb-97a5-7b52e4f71d76 
2019-12-04 14:04:00.7577|ERROR|7|FailedToDecryptConfigInformation: Dsn| RequestID = s_bcbfe160-f5e8-42a4-94a0-787070cb7669 
2019-12-04 14:04:10.7740|ERROR|7|FailedToDecryptConfigInformation: Dsn| RequestID = s_d00d2bdd-14c1-47d8-abe3-e420ac5c13c2 
2019-12-04 14:04:20.7993|ERROR|7|FailedToDecryptConfigInformation: Dsn| RequestID = s_5ea084ca-b8cd-4e22-aad2-031c8e6095df 
2019-12-04 14:04:30.8206|ERROR|7|FailedToDecryptConfigInformation: Dsn| RequestID = s_54865c24-3853-4cb1-9928-54ee181a518e 
2019-12-04 14:04:40.8474|ERROR|7|FailedToDecryptConfigInformation: Dsn| RequestID = s_e99820d4-3e0d-411c-8aff-7eb09622a546 
2019-12-04 14:04:50.8892|ERROR|7|FailedToDecryptConfigInformation: Dsn| RequestID = s_171b415d-c61c-44fb-8044-ec745e09c1e5 
2019-12-04 14:05:00.9170|ERROR|7|FailedToDecryptConfigInformation: Dsn| RequestID = s_b0a0ee26-3555-4f0a-845a-dbbfca8c4aaa 
2019-12-04 14:05:10.9443|ERROR|7|FailedToDecryptConfigInformation: Dsn| RequestID = s_aad96841-eec8-48fd-a99f-b63e9e01a62a 
2019-12-04 14:05:20.9670|ERROR|18|FailedToDecryptConfigInformation: Dsn| RequestID = s_cdfe1a2c-cdd2-4743-a74b-4719dcb86aae 
2019-12-04 14:05:31.0035|ERROR|18|FailedToDecryptConfigInformation: Dsn| RequestID = s_4aa65765-a666-4e4c-8753-958a1df02a6e 
2019-12-04 14:05:41.0399|ERROR|18|FailedToDecryptConfigInformation: Dsn| RequestID = s_c2cee040-8195-49e9-88a9-23d155062963 
2019-12-04 14:05:51.0592|ERROR|19|FailedToDecryptConfigInformation: Dsn| RequestID = s_bb382a37-67ca-4a34-b81d-35350451a98b 
2019-12-04 14:06:01.0750|ERROR|19|FailedToDecryptConfigInformation: Dsn| RequestID = s_e087c93f-c2aa-46b7-a731-c738d80ad1b0 
2019-12-04 14:06:11.0868|ERROR|16|FailedToDecryptConfigInformation: Dsn| RequestID = s_a1067d50-2c96-4323-a19d-ee50f57362d9 
2019-12-04 14:06:21.1066|ERROR|16|FailedToDecryptConfigInformation: Dsn| RequestID = s_19faa0ed-8fbc-426b-b974-f270e0c3c38a 
2019-12-04 14:06:31.1608|ERROR|19|FailedToDecryptConfigInformation: Dsn| RequestID = s_8182fceb-6dda-436e-88a7-6d40159413d5 
2019-12-04 14:06:41.1926|ERROR|19|FailedToDecryptConfigInformation: Dsn| RequestID = s_13b78534-734b-4a86-8be5-f8b21084d8aa 
2019-12-04 14:06:51.2274|ERROR|19|FailedToDecryptConfigInformation: Dsn| RequestID = s_0ece0217-ad90-41a4-801d-42da2f3a507c 
2019-12-04 14:07:01.2507|ERROR|19|FailedToDecryptConfigInformation: Dsn| RequestID = s_39509ee8-b38a-408b-9baa-c8f85fd866dc 
2019-12-04 14:07:11.2740|ERROR|19|FailedToDecryptConfigInformation: Dsn| RequestID = s_35517791-1713-4a31-8c9e-72e4029d0a50 
2019-12-04 14:07:21.2973|ERROR|19|FailedToDecryptConfigInformation: Dsn| RequestID = s_5130849d-6293-419e-a28d-817eb66ba4a9 
2019-12-04 14:07:31.3297|ERROR|24|FailedToDecryptConfigInformation: Dsn| RequestID = s_33f4daff-1d8a-49d9-a073-8104efc31f86 
2019-12-04 14:07:41.3630|ERROR|24|FailedToDecryptConfigInformation: Dsn| RequestID = s_153b0d7c-346f-4447-b6c6-d204805f1404 
2019-12-04 14:07:51.4003|ERROR|24|FailedToDecryptConfigInformation: Dsn| RequestID = s_945cea7b-e77a-43bc-9e12-343d329fc274 
2019-12-04 14:08:01.4291|ERROR|24|FailedToDecryptConfigInformation: Dsn| RequestID = s_1557d36a-4515-4dcd-8533-6cc1ca74e5c9 
2019-12-04 14:08:11.4494|ERROR|24|FailedToDecryptConfigInformation: Dsn| RequestID = s_bcd37d56-8509-4422-bd86-892ed16b2395 
2019-12-04 14:08:21.4863|ERROR|24|FailedToDecryptConfigInformation: Dsn| RequestID = s_6e02e233-1ee5-4db0-901e-56f3ab6bbf61 
2019-12-04 14:08:31.5236|ERROR|24|FailedToDecryptConfigInformation: Dsn| RequestID = s_fed09ab4-3945-4534-b42a-7cab0a01a859 
2019-12-04 14:08:41.5414|ERROR|24|FailedToDecryptConfigInformation: Dsn| RequestID = s_b24ec83f-fd78-40e2-9498-148a11c451d4 
2019-12-04 14:08:51.5702|ERROR|24|FailedToDecryptConfigInformation: Dsn| RequestID = s_579a046d-8519-49c4-bd1c-182b36f92af1 
2019-12-04 14:09:01.5950|ERROR|24|FailedToDecryptConfigInformation: Dsn| RequestID = s_19f6a37a-be3a-4f7b-a1ef-7901f47b3805 
2019-12-04 14:09:11.6408|ERROR|24|FailedToDecryptConfigInformation: Dsn| RequestID = s_b4b145be-519e-4669-9131-4c2af0f44912 
2019-12-04 14:09:21.6781|ERROR|24|FailedToDecryptConfigInformation: Dsn| RequestID = s_7065b0c1-79fd-4312-aa21-85dabeec2e8e 
2019-12-04 14:09:31.7144|ERROR|7|FailedToDecryptConfigInformation: Dsn| RequestID = s_c6a3a0bf-2d40-44d5-95cb-57af0b76ec2d 
2019-12-04 14:09:41.7346|ERROR|7|FailedToDecryptConfigInformation: Dsn| RequestID = s_5691fc29-3a7a-4d7f-af09-3061ac9fda27 
2019-12-04 14:09:51.7654|ERROR|7|FailedToDecryptConfigInformation: Dsn| RequestID = s_594fe56d-d7fc-425c-bbb4-82615d50be0c 
2019-12-04 14:10:01.7957|ERROR|7|FailedToDecryptConfigInformation: Dsn| RequestID = s_61d5aacb-eadf-4088-ab33-7e23f3564056 
2019-12-04 14:10:11.8255|ERROR|7|FailedToDecryptConfigInformation: Dsn| RequestID = s_efd0200c-418e-409b-a202-c0d2dbaaceab 
2019-12-04 14:10:21.8838|ERROR|7|FailedToDecryptConfigInformation: Dsn| RequestID = s_3f942f81-089a-4378-a403-34d865c2e453 
2019-12-04 14:10:31.9176|ERROR|7|FailedToDecryptConfigInformation: Dsn| RequestID = s_375aaed6-35ba-439b-8304-8d34373d6140 
2019-12-04 14:10:41.9934|ERROR|13|FailedToDecryptConfigInformation: Dsn| RequestID = s_146fbefc-f7c6-4df3-a964-9da3c842c688 
2019-12-04 14:10:52.0452|ERROR|13|FailedToDecryptConfigInformation: Dsn| RequestID = s_e0380bd5-ae4b-46c6-9b3f-9921c1baf4ae 
2019-12-04 14:11:02.0795|ERROR|7|FailedToDecryptConfigInformation: Dsn| RequestID = s_0320df01-f8b6-4395-8018-eff423f31f5e 
2019-12-04 14:11:12.1079|ERROR|7|FailedToDecryptConfigInformation: Dsn| RequestID = s_662ef5bf-2374-43c6-bfd7-778fea7b72d2 
2019-12-04 14:11:22.1832|ERROR|7|FailedToDecryptConfigInformation: Dsn| RequestID = s_3569d62b-a750-4347-a56b-b88775a826af 
2019-12-04 14:11:32.2325|ERROR|7|FailedToDecryptConfigInformation: Dsn| RequestID = s_773949b8-367c-42bf-9b38-803d9a319d13 
2019-12-04 14:11:42.2498|ERROR|7|FailedToDecryptConfigInformation: Dsn| RequestID = s_564a74c5-779a-4720-b3c6-3fabcfe86c83 
2019-12-04 14:11:52.2791|ERROR|7|FailedToDecryptConfigInformation: Dsn| RequestID = s_b6ae6af5-3f9e-4357-bc24-452f3a43cbc0 
2019-12-04 14:12:02.2944|ERROR|16|FailedToDecryptConfigInformation: Dsn| RequestID = s_2f12076f-b259-4df1-b148-688ce5d66fca 
2019-12-04 14:12:12.3206|ERROR|16|FailedToDecryptConfigInformation: Dsn| RequestID = s_7bb62eb8-6811-4b1f-93ab-d2568d4d55b4 
2019-12-04 14:12:22.3389|ERROR|16|FailedToDecryptConfigInformation: Dsn| RequestID = s_ffade44c-ded4-4f48-a121-b000f69ce36e 
2019-12-04 14:12:32.3857|ERROR|16|FailedToDecryptConfigInformation: Dsn| RequestID = s_2ec7c405-95d9-44ae-aae1-a9dca711f80b 
2019-12-04 14:12:42.4150|ERROR|6|FailedToDecryptConfigInformation: Dsn| RequestID = s_1fe5caf8-91eb-4fc1-9d55-cf7cf4cb952c 
2019-12-04 14:12:52.4398|ERROR|6|FailedToDecryptConfigInformation: Dsn| RequestID = s_f678b9b7-51cd-4af3-8422-9f209823ac02 
2019-12-04 14:13:02.4741|ERROR|6|FailedToDecryptConfigInformation: Dsn| RequestID = s_4dd08d9d-0aaf-4f57-8c21-35a433f7148a 
2019-12-04 14:13:12.4919|ERROR|6|FailedToDecryptConfigInformation: Dsn| RequestID = s_fd612cec-cab3-44f0-9f7a-e0856360b813 
2019-12-04 14:13:22.5147|ERROR|6|FailedToDecryptConfigInformation: Dsn| RequestID = s_93b69c0b-2e77-4b90-b083-fe803e752f31 
2019-12-04 14:13:32.5649|ERROR|6|FailedToDecryptConfigInformation: Dsn| RequestID = s_f251697e-83b0-4e6c-acae-917cc49be0b6 
2019-12-04 14:13:42.5832|ERROR|6|FailedToDecryptConfigInformation: Dsn| RequestID = s_fe8d1dd0-adb2-4f12-8fb4-d7702f30d8ab 
2019-12-04 14:13:52.6130|ERROR|6|FailedToDecryptConfigInformation: Dsn| RequestID = s_9ea3eec3-7148-4d55-ba25-8158432f1b61 
2019-12-04 14:14:02.6364|ERROR|6|FailedToDecryptConfigInformation: Dsn| RequestID = s_fe76679b-92b6-44a3-b8f3-0ff5018f5725 
2019-12-04 14:14:12.6752|ERROR|6|FailedToDecryptConfigInformation: Dsn| RequestID = s_cdf09696-78bd-4e34-b69e-25790281e156 
2019-12-04 14:14:22.6950|ERROR|6|FailedToDecryptConfigInformation: Dsn| RequestID = s_97c0268f-f964-40ac-bb21-74f53a228848 
2019-12-04 14:14:32.7213|ERROR|6|FailedToDecryptConfigInformation: Dsn| RequestID = s_59b3de57-8451-4636-82ed-c9cef3fe2ad0 
2019-12-04 14:14:42.7406|ERROR|6|FailedToDecryptConfigInformation: Dsn| RequestID = s_cbe7370f-d24f-433c-9b09-8b2df9dec983 
2019-12-04 14:14:52.7704|ERROR|6|FailedToDecryptConfigInformation: Dsn| RequestID = s_940f47fa-5ed9-4a64-ab8a-5b63bdc68241 
2019-12-04 14:15:02.7947|ERROR|10|FailedToDecryptConfigInformation: Dsn| RequestID = s_54ca6adb-343f-4372-bcf7-80bee26abbe4 
2019-12-04 14:15:12.8134|ERROR|10|FailedToDecryptConfigInformation: Dsn| RequestID = s_e24dbf56-70d2-44c1-a278-9318e1717fa0 
2019-12-04 14:15:22.8339|ERROR|10|FailedToDecryptConfigInformation: Dsn| RequestID = s_ec1ac786-2fb8-42c5-88b6-a60954af1025 
2019-12-04 14:15:32.8592|ERROR|10|FailedToDecryptConfigInformation: Dsn| RequestID = s_488f18c9-d0ae-423b-8e8a-bbc3e0810875 
2019-12-04 14:15:42.8980|ERROR|10|FailedToDecryptConfigInformation: Dsn| RequestID = s_ba64086a-eb68-4bd4-a8b7-e8d221bcba2c 
2019-12-04 14:15:52.9192|ERROR|10|FailedToDecryptConfigInformation: Dsn| RequestID = s_ca579a3a-ebd0-4f37-8d66-7cb0f9705b4c 
2019-12-04 14:16:02.9325|ERROR|10|FailedToDecryptConfigInformation: Dsn| RequestID = s_9beca218-d7e2-4808-8f87-843c4dd036ba 
2019-12-04 14:16:12.9503|ERROR|10|FailedToDecryptConfigInformation: Dsn| RequestID = s_f44a558b-2a3d-4967-9e75-0fcda19c0c46 
2019-12-04 14:16:22.9756|ERROR|10|FailedToDecryptConfigInformation: Dsn| RequestID = s_768617cb-6f32-48b9-a6c4-50525f2c3c77 
2019-12-04 14:16:33.0159|ERROR|10|FailedToDecryptConfigInformation: Dsn| RequestID = s_55de957e-afeb-4db5-985a-091e616fe5d5 
2019-12-04 14:16:43.0388|ERROR|10|FailedToDecryptConfigInformation: Dsn| RequestID = s_f8a9e87d-06a4-425a-856d-41fb82e5caea 
2019-12-04 14:16:53.0857|ERROR|10|FailedToDecryptConfigInformation: Dsn| RequestID = s_fde6705d-59d3-4b00-951b-500432f807d3 
2019-12-04 14:17:03.1165|ERROR|10|FailedToDecryptConfigInformation: Dsn| RequestID = s_4a574226-0efb-497f-857c-7b48ffeec104 
2019-12-04 14:17:13.1368|ERROR|10|FailedToDecryptConfigInformation: Dsn| RequestID = s_347be912-ab3d-4f25-97da-91c1aa6b99cf 
2019-12-04 14:17:23.1586|ERROR|10|FailedToDecryptConfigInformation: Dsn| RequestID = s_1127a510-1ef9-4410-a126-5705f7efbe42 
2019-12-04 14:17:33.2064|ERROR|10|FailedToDecryptConfigInformation: Dsn| RequestID = s_294261ac-6b0e-4fe8-b0a6-7cf0d1bb75dd 
2019-12-04 14:17:43.2377|ERROR|13|FailedToDecryptConfigInformation: Dsn| RequestID = s_82970225-689c-4589-b7e8-40457289c752 
2019-12-04 14:17:53.2555|ERROR|13|FailedToDecryptConfigInformation: Dsn| RequestID = s_85ec3854-41d7-4506-ae30-cd6f3ab3244b 
2019-12-04 14:18:03.2943|ERROR|7|FailedToDecryptConfigInformation: Dsn| RequestID = s_da25f89c-3549-4d90-8fd5-ade0499e1b54 
2019-12-04 14:18:13.3170|ERROR|7|FailedToDecryptConfigInformation: Dsn| RequestID = s_59f488cf-93d5-4c91-8a1c-106e58ce7fef 
2019-12-04 14:18:23.3568|ERROR|7|FailedToDecryptConfigInformation: Dsn| RequestID = s_ddf9d80a-43b0-4dd7-bc15-15f66ff5aba9 
2019-12-04 14:18:33.4046|ERROR|7|FailedToDecryptConfigInformation: Dsn| RequestID = s_b70daa99-49ad-4dc2-b66c-d43737d5cfdb 
2019-12-04 14:18:43.4219|ERROR|7|FailedToDecryptConfigInformation: Dsn| RequestID = s_e04fef75-9784-4047-ad64-b2b9037a51cc 
2019-12-04 14:18:53.4502|ERROR|7|FailedToDecryptConfigInformation: Dsn| RequestID = s_c9194b64-acdb-434e-908f-6684d77715f0 
2019-12-04 14:19:03.4755|ERROR|8|FailedToDecryptConfigInformation: Dsn| RequestID = s_2d27387d-21c9-4e83-980e-6d28e2a14735 
2019-12-04 14:19:13.4894|ERROR|8|FailedToDecryptConfigInformation: Dsn| RequestID = s_fd51a37f-1590-465c-a0de-2c95447b7f45 
2019-12-04 14:19:23.5222|ERROR|8|FailedToDecryptConfigInformation: Dsn| RequestID = s_7a632f93-9b81-410c-aed4-ed674269a369 
2019-12-04 14:19:33.5535|ERROR|8|FailedToDecryptConfigInformation: Dsn| RequestID = s_27e16415-03f5-4148-b939-66000ee73e6f 
2019-12-04 14:19:43.5788|ERROR|8|FailedToDecryptConfigInformation: Dsn| RequestID = s_eba0d7c2-4357-4e8b-b0d7-c0179e4ce33b 
2019-12-04 14:19:53.6002|ERROR|8|FailedToDecryptConfigInformation: Dsn| RequestID = s_b85e6f9b-94f5-4884-afc7-d8bf88a307fe 
2019-12-04 14:20:03.6450|ERROR|8|FailedToDecryptConfigInformation: Dsn| RequestID = s_7fc589e5-1a0a-4567-8975-836cc380247a 
2019-12-04 14:20:13.6808|ERROR|8|FailedToDecryptConfigInformation: Dsn| RequestID = s_78115b4a-233b-4408-9f6c-82857a60ca5b 
2019-12-04 14:20:23.7531|ERROR|8|FailedToDecryptConfigInformation: Dsn| RequestID = s_9813104a-088e-4da6-a022-91255546f4f9 
2019-12-04 14:20:33.7819|ERROR|8|FailedToDecryptConfigInformation: Dsn| RequestID = s_2c06f383-55ab-4c57-9d2e-c4a03e070680 
2019-12-04 14:20:43.8107|ERROR|17|FailedToDecryptConfigInformation: Dsn| RequestID = s_633bac7d-d785-400e-b908-956e0f8ecd2c 
2019-12-04 14:20:53.8360|ERROR|17|FailedToDecryptConfigInformation: Dsn| RequestID = s_b4c07999-f0c6-4fd8-8ab9-d60e3cabcd76 
2019-12-04 14:21:03.8558|ERROR|17|FailedToDecryptConfigInformation: Dsn| RequestID = s_0652eaad-9eca-46f2-a878-3f76ce80331c 
2019-12-04 14:21:13.8841|ERROR|21|FailedToDecryptConfigInformation: Dsn| RequestID = s_2cb0ce9b-7dc4-4aeb-9c3c-0fc5d018b904 
2019-12-04 14:21:23.8993|ERROR|21|FailedToDecryptConfigInformation: Dsn| RequestID = s_d52f8d5a-a735-4645-8b50-78411d700630 
2019-12-04 14:21:33.9281|ERROR|21|FailedToDecryptConfigInformation: Dsn| RequestID = s_0e101172-4d37-4506-bdcd-06a885d08a01 
2019-12-04 14:21:43.9444|ERROR|21|FailedToDecryptConfigInformation: Dsn| RequestID = s_c3736d00-a72b-4209-aac7-b985bc9a8211 
2019-12-04 14:21:53.9737|ERROR|21|FailedToDecryptConfigInformation: Dsn| RequestID = s_53e440b1-1346-4802-8cf9-6f1e6f76ad3b 
2019-12-04 14:22:04.0055|ERROR|21|FailedToDecryptConfigInformation: Dsn| RequestID = s_06d89269-81c2-47e4-801c-b4414fb93434 
2019-12-04 14:22:14.0493|ERROR|11|FailedToDecryptConfigInformation: Dsn| RequestID = s_a623792b-4d25-4934-9654-d7af9fd11eca 
2019-12-04 14:22:24.0797|ERROR|11|FailedToDecryptConfigInformation: Dsn| RequestID = s_96089415-0f5f-46a3-979f-2d494f4df3fd 
2019-12-04 14:22:34.1059|ERROR|11|FailedToDecryptConfigInformation: Dsn| RequestID = s_8e095594-067e-4077-931d-edd1e7004c25 
2019-12-04 14:22:44.1223|ERROR|13|FailedToDecryptConfigInformation: Dsn| RequestID = s_1ea030cf-e165-4c4f-81d4-c450053f2552 
2019-12-04 14:22:54.1661|ERROR|13|FailedToDecryptConfigInformation: Dsn| RequestID = s_be4443fa-676b-427d-9d58-931233a6bc5b 
2019-12-04 14:23:04.1818|ERROR|13|FailedToDecryptConfigInformation: Dsn| RequestID = s_aae999fe-a0e1-4089-9711-d2510b866192 
2019-12-04 14:23:14.2059|ERROR|13|FailedToDecryptConfigInformation: Dsn| RequestID = s_1c3e6fbf-b87b-44de-af77-8e86b584a381 
2019-12-04 14:23:24.2201|ERROR|23|FailedToDecryptConfigInformation: Dsn| RequestID = s_6dc342a8-e64c-4c1b-8a4e-afdaaa3dbc3a 
2019-12-04 14:23:34.2624|ERROR|23|FailedToDecryptConfigInformation: Dsn| RequestID = s_38136bc2-88b1-4313-8f95-0d62b7daed6c 
2019-12-04 14:23:44.2912|ERROR|23|FailedToDecryptConfigInformation: Dsn| RequestID = s_b2830693-f76a-4ba7-a1c1-10f96daba563 
2019-12-04 14:23:54.3100|ERROR|23|FailedToDecryptConfigInformation: Dsn| RequestID = s_ae10635e-e409-4a0f-b1fb-d2c6b873544f 
2019-12-04 14:24:04.3753|ERROR|23|FailedToDecryptConfigInformation: Dsn| RequestID = s_a5c7330b-c8a5-4456-90e0-3597a4130135 
2019-12-04 14:24:14.4013|ERROR|23|FailedToDecryptConfigInformation: Dsn| RequestID = s_7d2ceca0-09ba-41f8-abb6-453bf13c00f6 
2019-12-04 14:24:24.4199|ERROR|23|FailedToDecryptConfigInformation: Dsn| RequestID = s_856959da-86f6-48a7-822d-c23a86beaecf 
2019-12-04 14:24:34.4375|ERROR|17|FailedToDecryptConfigInformation: Dsn| RequestID = s_e4dd2f2d-3699-4b9d-ab4e-5bad28b293f5 
2019-12-04 14:24:44.4641|ERROR|17|FailedToDecryptConfigInformation: Dsn| RequestID = s_88e5ccc1-cb28-4023-941d-87079d2bd9b0 
2019-12-04 14:24:54.4796|ERROR|17|FailedToDecryptConfigInformation: Dsn| RequestID = s_89fd344e-950c-4ede-82ae-5426ac6eaa79 
2019-12-04 14:25:04.4951|ERROR|17|FailedToDecryptConfigInformation: Dsn| RequestID = s_07537675-340e-4303-a433-dcf442d579d2 
2019-12-04 14:25:14.5087|ERROR|17|FailedToDecryptConfigInformation: Dsn| RequestID = s_fd98d0bb-c221-40cc-9ac4-f58d9caf5b14 
2019-12-04 14:25:24.5237|ERROR|19|FailedToDecryptConfigInformation: Dsn| RequestID = s_639e6fb1-1fe6-477f-8932-ee715841a36c 
2019-12-04 14:25:34.5376|ERROR|19|FailedToDecryptConfigInformation: Dsn| RequestID = s_10aef03a-ee28-427c-9423-4ea0ba0ee588 
2019-12-04 14:25:44.5531|ERROR|25|FailedToDecryptConfigInformation: Dsn| RequestID = s_00ed01f5-4c33-47dc-9b69-a9dead94211e 
2019-12-04 14:25:54.5676|ERROR|25|FailedToDecryptConfigInformation: Dsn| RequestID = s_1717b52b-89d2-4845-b151-9028e9abe243 
2019-12-04 14:26:04.5830|ERROR|26|FailedToDecryptConfigInformation: Dsn| RequestID = s_0477fe39-4fdb-43ac-ae57-212bdd896e41 
2019-12-04 14:26:14.5976|ERROR|26|FailedToDecryptConfigInformation: Dsn| RequestID = s_0b7ae05b-9ce7-4f3d-8021-87a0ae04df51 
2019-12-04 14:26:24.6162|ERROR|27|FailedToDecryptConfigInformation: Dsn| RequestID = s_5b711c59-18d0-4029-821d-1a7c8ac92c6b 
2019-12-04 14:26:34.6358|ERROR|27|FailedToDecryptConfigInformation: Dsn| RequestID = s_6e0a2c00-b7c8-43b9-892f-63e682b61584 
2019-12-04 14:26:44.6610|ERROR|27|FailedToDecryptConfigInformation: Dsn| RequestID = s_4ec3063d-021e-49ec-b737-a04c94663dc3 
2019-12-04 14:26:54.8375|ERROR|28|FailedToDecryptConfigInformation: Dsn| RequestID = s_2de32908-a138-478b-a243-5f41dc44b61d 
2019-12-04 14:27:04.8540|ERROR|29|FailedToDecryptConfigInformation: Dsn| RequestID = s_8a6da05a-3bd4-4e85-8d52-3bf83fc3f5e1 
2019-12-04 14:27:14.8755|ERROR|29|FailedToDecryptConfigInformation: Dsn| RequestID = s_44ce0d1d-e67e-4e12-a71a-5a61be40dde9 
2019-12-04 14:27:24.8970|ERROR|29|FailedToDecryptConfigInformation: Dsn| RequestID = s_6bec83e6-ea84-4c87-addd-b06751d7e4d2 
2019-12-04 14:27:34.9126|ERROR|29|FailedToDecryptConfigInformation: Dsn| RequestID = s_dbfe71d1-710f-45fe-ab81-07e29532f7da 
2019-12-04 14:27:44.9332|ERROR|13|FailedToDecryptConfigInformation: Dsn| RequestID = s_0fd758f2-61f5-4fe5-9686-142c69806ec2 
2019-12-04 14:27:54.9523|ERROR|13|FailedToDecryptConfigInformation: Dsn| RequestID = s_242ca8b0-717b-451f-9db4-99e2bf51413d 
2019-12-04 14:28:04.9663|ERROR|11|FailedToDecryptConfigInformation: Dsn| RequestID = s_eb725dfc-c019-49db-b020-ae8ceb84f5a5 
2019-12-04 14:28:14.9848|ERROR|11|FailedToDecryptConfigInformation: Dsn| RequestID = s_cde1889a-2256-46d7-94d6-a77b187811ee 
2019-12-04 14:28:25.0103|ERROR|11|FailedToDecryptConfigInformation: Dsn| RequestID = s_3c54fc08-29a1-425b-b350-3d506d52199d 
2019-12-04 14:28:35.0339|ERROR|13|FailedToDecryptConfigInformation: Dsn| RequestID = s_4f7aaddf-9d4e-42d5-975a-768c02868736 
2019-12-04 14:28:45.0474|ERROR|13|FailedToDecryptConfigInformation: Dsn| RequestID = s_48a2758b-0786-4eca-8861-ec7a2aecf571 
2019-12-04 14:28:55.0650|ERROR|13|FailedToDecryptConfigInformation: Dsn| RequestID = s_288b8cf2-8fc5-4acf-bb54-ab66c4c4731b 
2019-12-04 14:29:05.0779|ERROR|13|FailedToDecryptConfigInformation: Dsn| RequestID = s_ab3da27e-5ef6-4fcb-99a4-0e7ded73d05a 
2019-12-04 14:29:15.0939|ERROR|14|FailedToDecryptConfigInformation: Dsn| RequestID = s_42b7ce75-6551-4cf4-8001-94c432331490 
2019-12-04 14:29:25.1090|ERROR|14|FailedToDecryptConfigInformation: Dsn| RequestID = s_890df04b-9864-4ec3-84e3-dfc2d4727a22 
2019-12-04 14:29:35.1245|ERROR|14|FailedToDecryptConfigInformation: Dsn| RequestID = s_8fae8c4c-e45a-412b-8187-4fa46b79b5da 
2019-12-04 14:29:45.1708|ERROR|14|FailedToDecryptConfigInformation: Dsn| RequestID = s_0e0cfc43-839e-4c73-bf5f-455e4cd75892 
2019-12-04 14:29:55.1881|ERROR|14|FailedToDecryptConfigInformation: Dsn| RequestID = s_41c935a7-d0b4-4ee6-9629-a6b5ceb751c8 
2019-12-04 14:30:05.2029|ERROR|21|FailedToDecryptConfigInformation: Dsn| RequestID = s_c77b9abe-be6e-4a38-9210-fb1647617480 
2019-12-04 14:30:15.2271|ERROR|21|FailedToDecryptConfigInformation: Dsn| RequestID = s_1e649821-0f3b-41a2-a1fa-4faa4bac636f 
2019-12-04 14:30:25.2594|ERROR|21|FailedToDecryptConfigInformation: Dsn| RequestID = s_b0f1958c-54d2-43a7-a01b-2f70f3fe6c50 
2019-12-04 14:30:35.2987|ERROR|21|FailedToDecryptConfigInformation: Dsn| RequestID = s_55b14b1e-be01-4c31-9894-53f277a2f4a2 
2019-12-04 14:30:45.3191|ERROR|25|FailedToDecryptConfigInformation: Dsn| RequestID = s_aa39a5a8-eb44-4266-a629-27c3991b7489 
2019-12-04 14:30:55.3438|ERROR|27|FailedToDecryptConfigInformation: Dsn| RequestID = s_6a4044f8-82b0-4ae9-8cc8-15d173c39e53 
2019-12-04 14:31:05.3631|ERROR|25|FailedToDecryptConfigInformation: Dsn| RequestID = s_8f1c5684-fcd3-49e7-a8d1-42157f53ed61 
2019-12-04 14:31:15.3829|ERROR|25|FailedToDecryptConfigInformation: Dsn| RequestID = s_8d701edd-11fd-4653-914d-1c238a946f27 
2019-12-04 14:31:25.3987|ERROR|25|FailedToDecryptConfigInformation: Dsn| RequestID = s_936b8222-7af8-4e24-921f-93d60c2db828 
2019-12-04 14:31:35.4200|ERROR|27|FailedToDecryptConfigInformation: Dsn| RequestID = s_1d754c61-871b-4cd7-8090-e9a14c2b9949 
2019-12-04 14:31:45.4378|ERROR|27|FailedToDecryptConfigInformation: Dsn| RequestID = s_e2fa89fc-4c58-474f-b243-3bd5511b4c4d 
2019-12-04 14:31:55.4745|ERROR|27|FailedToDecryptConfigInformation: Dsn| RequestID = s_f21bc862-eb40-45ba-a527-f04ca9a82c24 
2019-12-04 14:32:05.4928|ERROR|27|FailedToDecryptConfigInformation: Dsn| RequestID = s_060b7b3b-4ec8-41dc-a9a7-2c370c3c3b8f 
2019-12-04 14:32:15.5081|ERROR|27|FailedToDecryptConfigInformation: Dsn| RequestID = s_483322c2-927a-4013-8ccf-20d7078b3a16 
2019-12-04 14:32:25.5409|ERROR|19|FailedToDecryptConfigInformation: Dsn| RequestID = s_57da7709-a824-49ae-b2c2-ef68302ab8bc 
2019-12-04 14:32:35.5722|ERROR|27|FailedToDecryptConfigInformation: Dsn| RequestID = s_2b45bff5-c0f1-47b2-92ff-7783be9e86fe 
2019-12-04 14:32:45.6025|ERROR|19|FailedToDecryptConfigInformation: Dsn| RequestID = s_735d2673-51c4-4d5b-916f-04e84366a669 
2019-12-04 14:32:55.6188|ERROR|27|FailedToDecryptConfigInformation: Dsn| RequestID = s_b538959c-e6b7-41e6-bd71-3b99007b57d3 
2019-12-04 14:33:05.6351|ERROR|27|FailedToDecryptConfigInformation: Dsn| RequestID = s_600e32ef-9d49-4246-9207-c3b9dc72ebd8 
2019-12-04 14:33:15.6539|ERROR|27|FailedToDecryptConfigInformation: Dsn| RequestID = s_5205650d-3cee-4898-9bd9-b429ce723fba 
2019-12-04 14:33:25.6897|ERROR|27|FailedToDecryptConfigInformation: Dsn| RequestID = s_28acf943-dd85-40d3-9c1f-31236e5dab7d 
2019-12-04 14:33:35.7065|ERROR|13|FailedToDecryptConfigInformation: Dsn| RequestID = s_c5d78d3f-ce1b-412a-8faa-72d86b2b200c 
2019-12-04 14:33:45.7243|ERROR|27|FailedToDecryptConfigInformation: Dsn| RequestID = s_ea27dc92-6d3d-4d6f-b937-ffe4b7359b3e 
2019-12-04 14:33:55.7476|ERROR|13|FailedToDecryptConfigInformation: Dsn| RequestID = s_2d6fa0d6-b39e-491e-a319-cfc26af563eb 
2019-12-04 14:34:05.8468|ERROR|13|FailedToDecryptConfigInformation: Dsn| RequestID = s_4a652ab3-c6f7-4d6f-a172-6f7f3edaa744 
2019-12-04 14:34:16.0242|ERROR|13|FailedToDecryptConfigInformation: Dsn| RequestID = s_c6f527be-17e1-4b10-9852-d768ff430785 
2019-12-04 14:34:26.0424|ERROR|13|FailedToDecryptConfigInformation: Dsn| RequestID = s_a4241077-e1b0-4d81-8947-8c6b9fc4b7d8 
2019-12-04 14:34:36.0637|ERROR|13|FailedToDecryptConfigInformation: Dsn| RequestID = s_772a09f0-e261-4888-bc4a-cabf724de63e 
2019-12-04 14:34:46.0890|ERROR|13|FailedToDecryptConfigInformation: Dsn| RequestID = s_781db8f2-08aa-487c-afe0-63e9c6110a57 
2019-12-04 14:34:56.1028|ERROR|13|FailedToDecryptConfigInformation: Dsn| RequestID = s_ea1fa0bb-89bc-49db-b2ab-0abeb62dd3a1 
2019-12-04 14:35:06.1256|ERROR|24|FailedToDecryptConfigInformation: Dsn| RequestID = s_a4ffa72c-8a1a-46b2-8b05-409b0888e5cb 
2019-12-04 14:35:16.1434|ERROR|24|FailedToDecryptConfigInformation: Dsn| RequestID = s_af0d0d02-247a-4946-a4b7-d4e088c9d321 
2019-12-04 14:35:26.1672|ERROR|24|FailedToDecryptConfigInformation: Dsn| RequestID = s_184f07ee-c776-4a99-b361-14286dd630a8 
2019-12-04 14:35:36.1835|ERROR|25|FailedToDecryptConfigInformation: Dsn| RequestID = s_9d0adf77-4d95-4fa8-a572-987332fabba0 
2019-12-04 14:35:46.2013|ERROR|25|FailedToDecryptConfigInformation: Dsn| RequestID = s_3f6db30f-3679-4b29-a75d-7e718dcec87c 
2019-12-04 14:35:56.2280|ERROR|25|FailedToDecryptConfigInformation: Dsn| RequestID = s_8a01ff20-72cc-4ca7-8384-30c14123550c 
2019-12-04 14:36:06.2483|ERROR|25|FailedToDecryptConfigInformation: Dsn| RequestID = s_235f5953-bda8-41fe-b8c8-122fb352b672 
2019-12-04 14:36:16.2811|ERROR|21|FailedToDecryptConfigInformation: Dsn| RequestID = s_b5aa16a1-3479-49e2-8bb4-71abbd327f6e 
2019-12-04 14:36:26.3009|ERROR|21|FailedToDecryptConfigInformation: Dsn| RequestID = s_57e04a6f-837f-49c2-8a04-daf89eca334a 
2019-12-04 14:36:36.3372|ERROR|21|FailedToDecryptConfigInformation: Dsn| RequestID = s_67a94b18-d0fa-43eb-be07-65c9d7a6998f 
2019-12-04 14:36:46.3645|ERROR|25|FailedToDecryptConfigInformation: Dsn| RequestID = s_e66296f1-79f5-4fdd-8cc6-93d74d981c68 
2019-12-04 14:36:56.3913|ERROR|21|FailedToDecryptConfigInformation: Dsn| RequestID = s_8d0fc0b0-7f31-4fd2-9a29-690aa6b02eee 
2019-12-04 14:37:06.4060|ERROR|21|FailedToDecryptConfigInformation: Dsn| RequestID = s_40554b20-7eb7-48b7-b2c6-3f497446e7e5 
2019-12-04 14:37:16.4408|ERROR|21|FailedToDecryptConfigInformation: Dsn| RequestID = s_511764c6-c58f-478b-a15e-9f28c886ee4e 
2019-12-04 14:37:26.4636|ERROR|21|FailedToDecryptConfigInformation: Dsn| RequestID = s_155f9dd4-edd5-4280-b00b-5383bad341fb 
2019-12-04 14:37:36.4829|ERROR|21|FailedToDecryptConfigInformation: Dsn| RequestID = s_724e2e94-e4f2-45ec-8a00-efa7329cd0ef 
2019-12-04 14:37:46.5002|ERROR|21|FailedToDecryptConfigInformation: Dsn| RequestID = s_18c11368-85b5-4efc-abce-725f1800109f 
2019-12-04 14:37:56.5165|ERROR|23|FailedToDecryptConfigInformation: Dsn| RequestID = s_51284f8e-14b4-4df6-b0f2-de67bd5e6249 
2019-12-04 14:38:06.6033|ERROR|21|FailedToDecryptConfigInformation: Dsn| RequestID = s_68a122ee-d761-45a6-988d-22b71e7125ef 
2019-12-04 14:38:16.6656|ERROR|21|FailedToDecryptConfigInformation: Dsn| RequestID = s_b0172300-cae6-426f-91f4-0976b6e69755 
2019-12-04 14:38:26.6913|ERROR|8|FailedToDecryptConfigInformation: Dsn| RequestID = s_0db7b6a9-7fe1-403c-b791-01c714412c09 
2019-12-04 14:38:36.7096|ERROR|7|FailedToDecryptConfigInformation: Dsn| RequestID = s_30b5fe5e-7927-4142-ac09-84bef54799bb 
2019-12-04 14:38:46.8134|ERROR|7|FailedToDecryptConfigInformation: Dsn| RequestID = s_09456f28-5a20-422c-b554-51e451941f5f 
2019-12-04 14:38:56.8597|ERROR|8|FailedToDecryptConfigInformation: Dsn| RequestID = s_69b4f0f6-374f-4198-9ebf-7e0d56dc679c 
2019-12-04 14:39:06.8795|ERROR|8|FailedToDecryptConfigInformation: Dsn| RequestID = s_0aec4677-7f69-47b3-9625-5c9c46eaef5a 
2019-12-04 14:39:16.9008|ERROR|8|FailedToDecryptConfigInformation: Dsn| RequestID = s_eaec580a-1828-4fe4-bd09-f7a611eb11fd 
2019-12-04 14:39:26.9216|ERROR|18|FailedToDecryptConfigInformation: Dsn| RequestID = s_7924475d-8100-4464-ae3b-3b763205b827 
2019-12-04 14:39:36.9524|ERROR|18|FailedToDecryptConfigInformation: Dsn| RequestID = s_06a0bb79-ab7b-4676-91c3-7ae7e54bbab6 
2019-12-04 14:39:46.9677|ERROR|18|FailedToDecryptConfigInformation: Dsn| RequestID = s_c7ee7244-a3ba-496a-b364-a4a67f425b48 
2019-12-04 14:39:57.0359|ERROR|18|FailedToDecryptConfigInformation: Dsn| RequestID = s_14e36802-8af8-494d-bba1-2095747253b4 
2019-12-04 14:40:07.0732|ERROR|18|FailedToDecryptConfigInformation: Dsn| RequestID = s_372fc662-8d31-479f-b0e5-3905539351fc 
2019-12-04 14:40:17.0935|ERROR|18|FailedToDecryptConfigInformation: Dsn| RequestID = s_1a9be44a-ac64-4493-acb8-8f28df355094 
2019-12-04 14:40:27.1083|ERROR|18|FailedToDecryptConfigInformation: Dsn| RequestID = s_c6ea2c9b-bacf-4e75-aba8-ff0b5ef3f337 
2019-12-04 14:40:37.1361|ERROR|18|FailedToDecryptConfigInformation: Dsn| RequestID = s_bb24d20a-880a-4f11-be2e-b24a6265391c 
2019-12-04 14:40:47.1624|ERROR|18|FailedToDecryptConfigInformation: Dsn| RequestID = s_0ed3e067-a93e-40f6-b0ed-3578d004fb62 
2019-12-04 14:40:57.1792|ERROR|18|FailedToDecryptConfigInformation: Dsn| RequestID = s_f501196d-90ad-4bf6-9df6-8b54619a6160 
2019-12-04 14:41:07.2000|ERROR|18|FailedToDecryptConfigInformation: Dsn| RequestID = s_46894176-46fe-4767-afaa-f49ff56e7a21 
2019-12-04 14:41:17.2183|ERROR|18|FailedToDecryptConfigInformation: Dsn| RequestID = s_81f03ba4-0e35-49a8-a29b-dfaf31fdf941 
2019-12-04 14:41:27.2581|ERROR|25|FailedToDecryptConfigInformation: Dsn| RequestID = s_c782e190-7978-4c08-aa7c-d25da8873941 
2019-12-04 14:41:37.3039|ERROR|18|FailedToDecryptConfigInformation: Dsn| RequestID = s_09b6c7d8-06dd-4918-9ee3-7ec7cba3da55 
2019-12-04 14:41:47.3492|ERROR|18|FailedToDecryptConfigInformation: Dsn| RequestID = s_56ac1b0c-c8d0-4cc4-a7a9-a6c81e9f3560 
2019-12-04 14:41:57.4449|ERROR|18|FailedToDecryptConfigInformation: Dsn| RequestID = s_af2d2a39-43ad-45b1-a593-e7dc302277ed 
2019-12-04 14:42:07.4787|ERROR|18|FailedToDecryptConfigInformation: Dsn| RequestID = s_1827dce6-b677-4c32-9d64-a52525b69186 
2019-12-04 14:42:17.5090|ERROR|18|FailedToDecryptConfigInformation: Dsn| RequestID = s_1d4bb0a4-7af3-4785-9b32-17c8324c7ac4 
2019-12-04 14:42:27.5658|ERROR|18|FailedToDecryptConfigInformation: Dsn| RequestID = s_bcbadd38-a382-4e80-a6f8-c6c1415c8114 
2019-12-04 14:42:37.5971|ERROR|18|FailedToDecryptConfigInformation: Dsn| RequestID = s_569e5d2f-a8ec-4832-bb2d-a9a72e2a779d 
2019-12-04 14:42:47.6309|ERROR|24|FailedToDecryptConfigInformation: Dsn| RequestID = s_3bbc220f-e487-40d9-9e26-da655ada44dc 
2019-12-04 14:42:57.6507|ERROR|24|FailedToDecryptConfigInformation: Dsn| RequestID = s_f1609578-8889-40fb-90a5-e8d837ebf634 
2019-12-04 14:43:07.6655|ERROR|24|FailedToDecryptConfigInformation: Dsn| RequestID = s_0f03bf09-9da5-4299-8f29-5bf0331ecde8 
2019-12-04 14:43:17.7322|ERROR|18|FailedToDecryptConfigInformation: Dsn| RequestID = s_01db91b3-e53e-4bd6-a8c5-7a1abaf9323e 
2019-12-04 14:43:27.8470|ERROR|18|FailedToDecryptConfigInformation: Dsn| RequestID = s_b120bf45-83bd-4e99-be52-2a794f5f42e9 
2019-12-04 14:43:37.8768|ERROR|18|FailedToDecryptConfigInformation: Dsn| RequestID = s_b36bcb86-bb26-45de-83be-aac94b8e99f9 
2019-12-04 14:43:47.8971|ERROR|18|FailedToDecryptConfigInformation: Dsn| RequestID = s_b081e1af-8186-4499-9146-4e208f937e26 
2019-12-04 14:43:57.9494|ERROR|18|FailedToDecryptConfigInformation: Dsn| RequestID = s_8378b080-9c1c-4831-840b-9c1803c4a123 
2019-12-04 14:44:07.9952|ERROR|18|FailedToDecryptConfigInformation: Dsn| RequestID = s_2bb384fc-3545-4574-a46c-8b57dc863de7 
2019-12-04 14:44:18.0140|ERROR|18|FailedToDecryptConfigInformation: Dsn| RequestID = s_54b55cc1-b183-4e15-8ed5-e4c6e78d69e0 
2019-12-04 14:44:28.0328|ERROR|18|FailedToDecryptConfigInformation: Dsn| RequestID = s_a4888939-6a7a-4cdf-ab0f-62e089eb95ad 
2019-12-04 14:44:38.0510|ERROR|18|FailedToDecryptConfigInformation: Dsn| RequestID = s_81bda6f7-71e5-4e17-85aa-d6932415bc3c 
2019-12-04 14:44:48.0863|ERROR|18|FailedToDecryptConfigInformation: Dsn| RequestID = s_3580e2f9-65b7-40d3-a137-6da1a250db02 
2019-12-04 14:44:58.1126|ERROR|4|FailedToDecryptConfigInformation: Dsn| RequestID = s_3c0a3526-ac9c-484f-973c-dc4856d2ca3c 
2019-12-04 14:45:08.1424|ERROR|4|FailedToDecryptConfigInformation: Dsn| RequestID = s_d890b91b-a59e-4ef9-a44c-77b375ea0c94 
2019-12-04 14:45:18.1722|ERROR|18|FailedToDecryptConfigInformation: Dsn| RequestID = s_34b7710e-2a4c-4a20-9da1-66bba505c903 
2019-12-04 14:45:28.2005|ERROR|4|FailedToDecryptConfigInformation: Dsn| RequestID = s_857375e4-a43c-4b98-a4ff-7e823505a8bd 
2019-12-04 14:45:38.2153|ERROR|4|FailedToDecryptConfigInformation: Dsn| RequestID = s_d45e1aa0-b203-4872-afdd-06e0ab069967 
2019-12-04 14:45:48.2416|ERROR|4|FailedToDecryptConfigInformation: Dsn| RequestID = s_be95d81b-9fd2-4a32-953b-b412a2768277 
2019-12-04 14:45:58.2654|ERROR|23|FailedToDecryptConfigInformation: Dsn| RequestID = s_453c5064-dd42-40c8-af93-22c5ecf7478c 
2019-12-04 14:46:08.2832|ERROR|23|FailedToDecryptConfigInformation: Dsn| RequestID = s_6dcdc1ac-8077-474f-bb4e-06e1de8246f9 
2019-12-04 14:46:18.3029|ERROR|25|FailedToDecryptConfigInformation: Dsn| RequestID = s_b27af197-aae8-42cb-b11f-8b6b0c5a1205 
2019-12-04 14:46:28.3187|ERROR|25|FailedToDecryptConfigInformation: Dsn| RequestID = s_764e12cc-296d-4239-a095-842db6cc6ace 
2019-12-04 14:46:38.3360|ERROR|25|FailedToDecryptConfigInformation: Dsn| RequestID = s_55f379ed-5ede-4232-891a-58198a98609e 
2019-12-04 14:46:48.3758|ERROR|25|FailedToDecryptConfigInformation: Dsn| RequestID = s_27c24d9a-36a0-45bf-81bf-efe95615347e 
2019-12-04 14:46:58.4056|ERROR|25|FailedToDecryptConfigInformation: Dsn| RequestID = s_8e16618b-9f11-4376-92e8-3b321b142baf 
2019-12-04 14:47:08.4434|ERROR|25|FailedToDecryptConfigInformation: Dsn| RequestID = s_7fffeb49-f5e9-4b56-9ff1-dc828b14029d 
2019-12-04 14:47:18.4732|ERROR|21|FailedToDecryptConfigInformation: Dsn| RequestID = s_fdd007b3-c369-4547-82fb-edf123165913 
2019-12-04 14:47:28.4990|ERROR|25|FailedToDecryptConfigInformation: Dsn| RequestID = s_1cab1200-6df6-4511-a0d4-f39ec78bfb28 
2019-12-04 14:47:38.5153|ERROR|25|FailedToDecryptConfigInformation: Dsn| RequestID = s_d38f06a0-8344-45b3-9fc7-2e3ff1790391 
2019-12-04 14:47:48.5361|ERROR|25|FailedToDecryptConfigInformation: Dsn| RequestID = s_78d4f49b-bd92-482a-8731-0a2ee1ed70b0 
2019-12-04 14:47:58.5690|ERROR|25|FailedToDecryptConfigInformation: Dsn| RequestID = s_03b43a23-0d76-47c0-ad1c-71aa83d7f9f8 
2019-12-04 14:48:08.5949|ERROR|25|FailedToDecryptConfigInformation: Dsn| RequestID = s_b6924046-92d5-4ccf-a865-15488f8e23ea 
2019-12-04 14:48:18.6209|ERROR|25|FailedToDecryptConfigInformation: Dsn| RequestID = s_1b4f5ac0-c472-4483-87c4-1d2dd11d86d3 
2019-12-04 14:48:28.6468|ERROR|25|FailedToDecryptConfigInformation: Dsn| RequestID = s_2391abb3-6f52-48c5-9e4f-71f19b570ca6 
2019-12-04 14:48:38.6728|ERROR|25|FailedToDecryptConfigInformation: Dsn| RequestID = s_f6e015ca-bfc4-4b67-b952-c469a0cf8652 
2019-12-04 14:48:48.6928|ERROR|25|FailedToDecryptConfigInformation: Dsn| RequestID = s_0af87357-3dc3-4fa8-a22c-4036761941de 
2019-12-04 14:48:58.7188|ERROR|7|FailedToDecryptConfigInformation: Dsn| RequestID = s_12007d12-197d-4c35-a6d7-51c60b966526 
2019-12-04 14:49:08.7448|ERROR|7|FailedToDecryptConfigInformation: Dsn| RequestID = s_00ef1545-b5e4-4d4d-9ac8-3bb62f52c54b 
2019-12-04 14:49:18.7707|ERROR|27|FailedToDecryptConfigInformation: Dsn| RequestID = s_4730d1aa-dee0-4c82-bb40-219cfc32a612 
2019-12-04 14:49:28.7967|ERROR|27|FailedToDecryptConfigInformation: Dsn| RequestID = s_2c2293d2-b878-4f83-9164-dd63e353b493 
2019-12-04 14:49:38.8226|ERROR|14|FailedToDecryptConfigInformation: Dsn| RequestID = s_a1de9799-f99e-4f00-9966-5e3b34f6e2be 
2019-12-04 14:49:48.8417|ERROR|14|FailedToDecryptConfigInformation: Dsn| RequestID = s_3aa3e78f-4b62-4345-b135-b4aaece889c2 
2019-12-04 14:49:58.8703|ERROR|28|FailedToDecryptConfigInformation: Dsn| RequestID = s_db0999b8-2ff0-4dbe-b415-e314debe1d24 
2019-12-04 14:50:08.8859|ERROR|28|FailedToDecryptConfigInformation: Dsn| RequestID = s_e967bac6-d4dd-42b4-91af-f425a9129cb4 
2019-12-04 14:50:18.9016|ERROR|5|FailedToDecryptConfigInformation: Dsn| RequestID = s_15e4aefe-ec03-433d-ae0e-7fc83d162504 
2019-12-04 14:50:28.9172|ERROR|5|FailedToDecryptConfigInformation: Dsn| RequestID = s_03f16031-fb63-43ae-8d79-5e6fd3766f8b 
2019-12-04 14:50:38.9759|ERROR|5|FailedToDecryptConfigInformation: Dsn| RequestID = s_36b2292c-ecef-42de-9cb8-62108e624fac 
2019-12-04 14:50:48.9913|ERROR|5|FailedToDecryptConfigInformation: Dsn| RequestID = s_4cf8a1bf-a962-4b0a-b27b-e822c2b65f54 
2019-12-04 14:50:59.0079|ERROR|5|FailedToDecryptConfigInformation: Dsn| RequestID = s_39134580-6b0a-4d1b-b4c1-5bee6eaac7cc 
2019-12-04 14:51:09.0313|ERROR|5|FailedToDecryptConfigInformation: Dsn| RequestID = s_d4b299f5-7083-4905-acce-d331a5b72612 
2019-12-04 14:51:19.0470|ERROR|22|FailedToDecryptConfigInformation: Dsn| RequestID = s_10fe500e-9382-4bd7-96c9-7f91916e3e0d 
2019-12-04 14:51:29.0626|ERROR|22|FailedToDecryptConfigInformation: Dsn| RequestID = s_5e4575d6-8d99-4667-bb90-1b5d685ba2d5 
2019-12-04 14:51:39.0783|ERROR|21|FailedToDecryptConfigInformation: Dsn| RequestID = s_e9288e8e-7b75-4732-81df-d85804dc3f96 
2019-12-04 14:51:49.1051|ERROR|21|FailedToDecryptConfigInformation: Dsn| RequestID = s_384641fa-d543-4569-906f-1e31394b82b5 
2019-12-04 14:51:59.1459|ERROR|21|FailedToDecryptConfigInformation: Dsn| RequestID = s_e8c660d3-f629-4ed8-9dd9-7b2d44f028da 
2019-12-04 14:52:09.1617|ERROR|21|FailedToDecryptConfigInformation: Dsn| RequestID = s_76d396d6-320a-4810-a398-92a9d5c0a3c2 
2019-12-04 14:52:19.1765|ERROR|6|FailedToDecryptConfigInformation: Dsn| RequestID = s_f1949444-6441-4482-ba54-9f30bc754d3c 
2019-12-04 14:52:29.1918|ERROR|6|FailedToDecryptConfigInformation: Dsn| RequestID = s_b1e70a67-f9bf-44dc-a6d5-4733c50b4726 
2019-12-04 14:52:39.2340|ERROR|6|FailedToDecryptConfigInformation: Dsn| RequestID = s_8119a4ee-7e6e-4e99-9656-a8d9c42a8e05 
2019-12-04 14:52:49.2653|ERROR|6|FailedToDecryptConfigInformation: Dsn| RequestID = s_a0f77172-37f2-4a54-921e-d2267a91f1b6 
2019-12-04 14:52:59.2821|ERROR|6|FailedToDecryptConfigInformation: Dsn| RequestID = s_9e434b24-3ec2-4a66-b736-8d250419a09f 
2019-12-04 14:53:09.3099|ERROR|6|FailedToDecryptConfigInformation: Dsn| RequestID = s_2502c989-8dd2-43e1-8a51-34d85fb1768f 
2019-12-04 14:53:19.3392|ERROR|6|FailedToDecryptConfigInformation: Dsn| RequestID = s_3dcd9c5b-6c8e-489d-85fe-147fe110ddc7 
2019-12-04 14:53:29.3645|ERROR|6|FailedToDecryptConfigInformation: Dsn| RequestID = s_f22c26e4-4b14-451b-a9b1-5c8366fe2f4a 
2019-12-04 14:53:39.3908|ERROR|6|FailedToDecryptConfigInformation: Dsn| RequestID = s_f6b16e18-044e-432c-979e-0ff50f4ecd34 
2019-12-04 14:53:49.4056|ERROR|29|FailedToDecryptConfigInformation: Dsn| RequestID = s_93c7a766-6c4e-4d3b-8733-f2cad20abdaa 
2019-12-04 14:53:59.4364|ERROR|29|FailedToDecryptConfigInformation: Dsn| RequestID = s_4161ffdf-cb2a-4406-ba9d-cb3ede9e9cb1 
2019-12-04 14:54:09.4717|ERROR|29|FailedToDecryptConfigInformation: Dsn| RequestID = s_d62429b9-1ab6-4c87-bfc7-b712be96f5e5 
2019-12-04 14:54:19.4945|ERROR|29|FailedToDecryptConfigInformation: Dsn| RequestID = s_18a3a771-02de-4fe8-9a93-f6c9935d02af 
2019-12-04 14:54:29.5088|ERROR|28|FailedToDecryptConfigInformation: Dsn| RequestID = s_58063e8d-7cc9-4844-8a9a-773dc3d96717 
2019-12-04 14:54:39.5246|ERROR|28|FailedToDecryptConfigInformation: Dsn| RequestID = s_1a44e81c-e6b5-4d28-8ad3-fe739b79a7a4 
2019-12-04 14:54:49.5539|ERROR|14|FailedToDecryptConfigInformation: Dsn| RequestID = s_2ab9c797-10d3-457f-ad3d-62ea676af0dc 
2019-12-04 14:54:59.5842|ERROR|14|FailedToDecryptConfigInformation: Dsn| RequestID = s_541a51a4-fb7a-40e7-a700-2a3332fb82ea 
2019-12-04 14:55:09.6129|ERROR|14|FailedToDecryptConfigInformation: Dsn| RequestID = s_19cde303-b111-465c-9332-083daf006a1e 
2019-12-04 14:55:19.6482|ERROR|14|FailedToDecryptConfigInformation: Dsn| RequestID = s_4363b20b-3079-40f1-b148-921627a55dc0 
2019-12-04 14:55:29.6725|ERROR|27|FailedToDecryptConfigInformation: Dsn| RequestID = s_014ba7c2-203a-4cd7-a3c4-2c30d5de2fee 
2019-12-04 14:55:39.7038|ERROR|27|FailedToDecryptConfigInformation: Dsn| RequestID = s_ee195320-c4e0-425a-9a64-83a22ea9b71b 
2019-12-04 14:55:49.7166|ERROR|27|FailedToDecryptConfigInformation: Dsn| RequestID = s_8f683393-7d0b-400c-a9f9-c5a128264e7e 
2019-12-04 14:55:59.7324|ERROR|7|FailedToDecryptConfigInformation: Dsn| RequestID = s_16fa5571-3737-42bc-8e6c-e36837720680 
2019-12-04 14:56:09.7457|ERROR|7|FailedToDecryptConfigInformation: Dsn| RequestID = s_078284e2-062a-4830-bc8b-6d271222a638 
2019-12-04 14:56:19.7727|ERROR|25|FailedToDecryptConfigInformation: Dsn| RequestID = s_428cad3e-f6aa-49a6-9378-a458fe3c7e09 
2019-12-04 14:56:29.7891|ERROR|25|FailedToDecryptConfigInformation: Dsn| RequestID = s_baab8799-53a8-4538-b8a7-95ed3f72c3c1 
2019-12-04 14:56:39.8129|ERROR|25|FailedToDecryptConfigInformation: Dsn| RequestID = s_4a8bdfad-8a05-46ef-9020-525326398577 
2019-12-04 14:56:49.8377|ERROR|9|FailedToDecryptConfigInformation: Dsn| RequestID = s_74175ef5-7c69-40f5-8399-9187618c95e7 
2019-12-04 14:56:59.8655|ERROR|9|FailedToDecryptConfigInformation: Dsn| RequestID = s_1226be5c-b948-4cc2-864f-1957ecc2b8ed 
2019-12-04 14:57:09.8943|ERROR|9|FailedToDecryptConfigInformation: Dsn| RequestID = s_2c3f7781-cfe2-4378-b640-df24bb9a1752 
2019-12-04 14:57:19.9241|ERROR|9|FailedToDecryptConfigInformation: Dsn| RequestID = s_c0cd793a-b5dd-4d39-9a0a-93cebb12cec1 
2019-12-04 14:57:29.9369|ERROR|9|FailedToDecryptConfigInformation: Dsn| RequestID = s_41be7ba1-ef5d-4243-86fb-c72178f6497f 
2019-12-04 14:57:39.9547|ERROR|9|FailedToDecryptConfigInformation: Dsn| RequestID = s_d3d04878-3daf-49c7-8aaf-1518d6167af9 
2019-12-04 14:57:49.9844|ERROR|9|FailedToDecryptConfigInformation: Dsn| RequestID = s_31aa3c67-752b-4699-afa3-6d1d689adfb3 
2019-12-04 14:58:00.0337|ERROR|9|FailedToDecryptConfigInformation: Dsn| RequestID = s_c8f5c321-1869-45cc-9ebd-c022f3de8b4c 
2019-12-04 14:58:10.0695|ERROR|21|FailedToDecryptConfigInformation: Dsn| RequestID = s_8519e4f7-5b22-4809-b42c-5507824c2b19 
2019-12-04 14:58:20.0873|ERROR|21|FailedToDecryptConfigInformation: Dsn| RequestID = s_8572a271-5225-4f7c-a421-8caea7d227da 
2019-12-04 14:58:30.1156|ERROR|9|FailedToDecryptConfigInformation: Dsn| RequestID = s_1a0ed692-99df-47e9-8f97-a2fea28a76ba 
2019-12-04 14:58:40.1464|ERROR|9|FailedToDecryptConfigInformation: Dsn| RequestID = s_743e8517-e796-4e1e-8c2c-4ac72e7570dd 
2019-12-04 14:58:50.1712|ERROR|9|FailedToDecryptConfigInformation: Dsn| RequestID = s_efa81c3a-b6aa-4b7e-b8bf-be6e94ff398a 
2019-12-04 14:59:00.1905|ERROR|5|FailedToDecryptConfigInformation: Dsn| RequestID = s_2890aa77-f0cf-4ad8-b179-422288336302 
2019-12-04 14:59:10.2248|ERROR|5|FailedToDecryptConfigInformation: Dsn| RequestID = s_97e94bce-1509-4cc0-8081-e19507d7ca4d 
2019-12-04 14:59:20.2455|ERROR|27|FailedToDecryptConfigInformation: Dsn| RequestID = s_68888f62-b47d-433b-b25e-14279e2d09be 
2019-12-04 14:59:30.2550|ERROR|27|FailedToDecryptConfigInformation: Dsn| RequestID = s_88d69776-0a0f-4526-b1e1-1db16abe72c1 
2019-12-04 14:59:40.3208|ERROR|27|FailedToDecryptConfigInformation: Dsn| RequestID = s_11140c6d-8657-4742-b2fa-13048c6e43ec 
2019-12-04 14:59:50.3361|ERROR|27|FailedToDecryptConfigInformation: Dsn| RequestID = s_26bccde5-5275-4e84-81df-d94c848f1418 
