2019-12-03 23:00:04.0433|ERROR|24|FailedToDecryptConfigInformation: Dsn| RequestID = s_a1a68982-c8b3-41b6-8314-e89ddcf04a13 
2019-12-03 23:00:14.0766|ERROR|24|FailedToDecryptConfigInformation: Dsn| RequestID = s_cc9bfc0e-0028-4f94-b655-02fa2affc8b2 
2019-12-03 23:00:24.1005|ERROR|16|FailedToDecryptConfigInformation: Dsn| RequestID = s_2fac6770-50bf-4879-85d8-fb5fc8a4aa8d 
2019-12-03 23:00:34.1559|ERROR|16|FailedToDecryptConfigInformation: Dsn| RequestID = s_9d56dbd5-663d-41d5-99a4-1632bfdb352e 
2019-12-03 23:00:44.4417|ERROR|16|FailedToDecryptConfigInformation: Dsn| RequestID = s_b126e95a-95dc-40d0-8d73-76c973914e02 
2019-12-03 23:00:55.3306|ERROR|16|FailedToDecryptConfigInformation: Dsn| RequestID = s_62eb49ed-0fa7-4f8a-a73c-c521e29416c9 
2019-12-03 23:01:05.4574|ERROR|16|FailedToDecryptConfigInformation: Dsn| RequestID = s_f5295779-546b-4a58-9ef2-a43d9e4cfd7a 
2019-12-03 23:01:15.6222|ERROR|16|FailedToDecryptConfigInformation: Dsn| RequestID = s_70fa8b17-eb87-4608-b801-bf1b8e1706a6 
2019-12-03 23:01:27.7733|ERROR|16|FailedToDecryptConfigInformation: Dsn| RequestID = s_3e538d33-1f6a-4197-bbb4-6e447b043afb 
2019-12-03 23:01:39.3603|ERROR|16|FailedToDecryptConfigInformation: Dsn| RequestID = s_586999d5-dbb9-4205-b974-cd515f9e1807 
2019-12-03 23:01:49.3921|ERROR|16|FailedToDecryptConfigInformation: Dsn| RequestID = s_e255b351-95d9-483f-bd9c-ada5abc16e7c 
2019-12-03 23:01:59.4093|ERROR|6|FailedToDecryptConfigInformation: Dsn| RequestID = s_1f11372d-1c2a-4e43-9aad-03c9460de668 
2019-12-03 23:02:09.4351|ERROR|6|FailedToDecryptConfigInformation: Dsn| RequestID = s_2040dc11-8699-4ef7-bfa4-2c6dec0025f1 
2019-12-03 23:02:19.4604|ERROR|16|FailedToDecryptConfigInformation: Dsn| RequestID = s_4c9276cc-7f1b-4cea-9a16-22b8569904e7 
2019-12-03 23:02:29.6807|ERROR|6|FailedToDecryptConfigInformation: Dsn| RequestID = s_71b8b30e-f623-4126-94ac-1ec17c331641 
2019-12-03 23:02:39.7325|ERROR|6|FailedToDecryptConfigInformation: Dsn| RequestID = s_06e9dd15-9194-487a-ae80-c1847cfe666f 
2019-12-03 23:02:49.8483|ERROR|6|FailedToDecryptConfigInformation: Dsn| RequestID = s_c2a0c086-bd4b-4d0a-a64b-8d354df7c39f 
2019-12-03 23:02:59.8691|ERROR|6|FailedToDecryptConfigInformation: Dsn| RequestID = s_575e2329-75eb-4702-9e18-4162084d5c9e 
2019-12-03 23:03:09.8889|ERROR|6|FailedToDecryptConfigInformation: Dsn| RequestID = s_ace3e952-0e5e-4287-8abc-8d25eeffcfe9 
2019-12-03 23:03:19.9022|ERROR|6|FailedToDecryptConfigInformation: Dsn| RequestID = s_0ec60fc1-6981-4179-80a7-0802c0a26fe5 
2019-12-03 23:03:29.9389|ERROR|18|FailedToDecryptConfigInformation: Dsn| RequestID = s_5ba52909-c927-4fa9-90a5-6665863726dd 
2019-12-03 23:03:39.9637|ERROR|18|FailedToDecryptConfigInformation: Dsn| RequestID = s_4603fef7-981e-4a3a-9b86-48ee44e02429 
2019-12-03 23:03:49.9855|ERROR|18|FailedToDecryptConfigInformation: Dsn| RequestID = s_1bfdadcc-a872-4b57-b06b-5871f39e3e2c 
2019-12-03 23:04:00.2118|ERROR|18|FailedToDecryptConfigInformation: Dsn| RequestID = s_2a81beb9-d818-47bb-858c-a3be38c07f34 
2019-12-03 23:04:10.7207|ERROR|18|FailedToDecryptConfigInformation: Dsn| RequestID = s_20258746-1af9-4283-98af-6f7e98ea5dff 
2019-12-03 23:04:20.7625|ERROR|18|FailedToDecryptConfigInformation: Dsn| RequestID = s_f1d51817-f90d-4c09-852e-85c1b3a0efd2 
2019-12-03 23:04:30.7848|ERROR|18|FailedToDecryptConfigInformation: Dsn| RequestID = s_d51ac32c-8361-4ee7-acbf-f6b8fef2dd4d 
2019-12-03 23:04:40.9256|ERROR|36|FailedToDecryptConfigInformation: Dsn| RequestID = s_542f300c-118f-41c6-bebe-1c80ab1e155e 
2019-12-03 23:04:51.3389|ERROR|36|FailedToDecryptConfigInformation: Dsn| RequestID = s_3a73a9fb-c1ac-426e-8d7f-80d0dfb89ca5 
2019-12-03 23:05:01.3682|ERROR|36|FailedToDecryptConfigInformation: Dsn| RequestID = s_fcfdf027-f005-46f6-b151-131da46c1b9a 
2019-12-03 23:05:11.3860|ERROR|36|FailedToDecryptConfigInformation: Dsn| RequestID = s_34d7c37b-8e62-410b-87a6-9d2ea7a8f723 
2019-12-03 23:05:21.4868|ERROR|36|FailedToDecryptConfigInformation: Dsn| RequestID = s_349ebb4b-f656-4f4e-8843-2790a5876309 
2019-12-03 23:05:31.5641|ERROR|36|FailedToDecryptConfigInformation: Dsn| RequestID = s_a2cfbf37-8d28-4ace-83fa-5f0d8069ec18 
2019-12-03 23:05:41.6119|ERROR|36|FailedToDecryptConfigInformation: Dsn| RequestID = s_701027fb-db2e-4845-9598-0800613646e1 
2019-12-03 23:05:51.6352|ERROR|19|FailedToDecryptConfigInformation: Dsn| RequestID = s_9d1f267c-215d-40d3-b253-c129b6179f39 
2019-12-03 23:06:01.6495|ERROR|19|FailedToDecryptConfigInformation: Dsn| RequestID = s_4a1fbc09-369c-49f8-a3b1-dc76a5c9c189 
2019-12-03 23:06:11.6647|ERROR|23|FailedToDecryptConfigInformation: Dsn| RequestID = s_f644ca1e-1f83-4f5d-b0c6-04acedd49dfb 
2019-12-03 23:06:21.6795|ERROR|19|FailedToDecryptConfigInformation: Dsn| RequestID = s_e02b0ffe-88d4-44e5-bdac-095026b59c5f 
2019-12-03 23:06:31.7028|ERROR|19|FailedToDecryptConfigInformation: Dsn| RequestID = s_eeafb269-1654-47e6-8683-4ea611cda903 
2019-12-03 23:06:41.7211|ERROR|19|FailedToDecryptConfigInformation: Dsn| RequestID = s_4a4b7528-c080-4482-9225-80911ddf3148 
2019-12-03 23:06:51.7414|ERROR|24|FailedToDecryptConfigInformation: Dsn| RequestID = s_e478646e-ce30-41bb-99a2-c66fa1d0cf5d 
2019-12-03 23:07:02.2342|ERROR|24|FailedToDecryptConfigInformation: Dsn| RequestID = s_973c49f6-6a89-4805-bddd-e7ae5d629fbd 
2019-12-03 23:07:12.3640|ERROR|24|FailedToDecryptConfigInformation: Dsn| RequestID = s_2de440a2-5139-4c3c-bc44-adaa76f90f3e 
2019-12-03 23:07:22.3793|ERROR|24|FailedToDecryptConfigInformation: Dsn| RequestID = s_defe9bee-0648-489a-aa52-37b8f0883f9b 
2019-12-03 23:07:32.4006|ERROR|24|FailedToDecryptConfigInformation: Dsn| RequestID = s_c4be7ddc-7978-4792-bef2-df662905e619 
2019-12-03 23:07:42.4144|ERROR|24|FailedToDecryptConfigInformation: Dsn| RequestID = s_cb7ef687-bfab-4e81-902f-9a1884bc41e3 
2019-12-03 23:07:52.5212|ERROR|24|FailedToDecryptConfigInformation: Dsn| RequestID = s_bf3d83af-d5f6-45b4-9d00-3ef6567bb7f4 
2019-12-03 23:08:02.5575|ERROR|12|FailedToDecryptConfigInformation: Dsn| RequestID = s_0a1eaa88-d40a-4fd1-a6c5-fcc80fa4f8c2 
2019-12-03 23:08:12.5698|ERROR|12|FailedToDecryptConfigInformation: Dsn| RequestID = s_bc3e3501-24d1-470e-9366-963da690bf4b 
2019-12-03 23:08:22.5861|ERROR|12|FailedToDecryptConfigInformation: Dsn| RequestID = s_a7534bfd-b12b-4863-9035-3369b3c0c6b0 
2019-12-03 23:08:32.5988|ERROR|12|FailedToDecryptConfigInformation: Dsn| RequestID = s_f2f2d54d-4ab1-4ea1-a452-a4d0c01c587a 
2019-12-03 23:08:42.6141|ERROR|12|FailedToDecryptConfigInformation: Dsn| RequestID = s_a1ebf6ef-4140-44bc-ba68-298f7271b479 
2019-12-03 23:08:52.6305|ERROR|12|FailedToDecryptConfigInformation: Dsn| RequestID = s_61daa110-8f95-4478-a20f-5bf00229b1f9 
2019-12-03 23:09:02.6482|ERROR|34|FailedToDecryptConfigInformation: Dsn| RequestID = s_e36ee070-5bff-4535-be94-f52b315defcd 
2019-12-03 23:09:12.6637|ERROR|12|FailedToDecryptConfigInformation: Dsn| RequestID = s_b8059153-617e-494c-b12d-a0812bc0e600 
2019-12-03 23:09:22.6839|ERROR|12|FailedToDecryptConfigInformation: Dsn| RequestID = s_0fae64c4-c7d5-42f7-8912-f957038a9f37 
2019-12-03 23:09:32.7239|ERROR|12|FailedToDecryptConfigInformation: Dsn| RequestID = s_6da758d5-e799-49e0-a989-ed5eb3f5e5af 
2019-12-03 23:09:42.7516|ERROR|15|FailedToDecryptConfigInformation: Dsn| RequestID = s_8d1cca27-e0c5-4f64-b001-d9a3b1debf42 
2019-12-03 23:09:52.7839|ERROR|15|FailedToDecryptConfigInformation: Dsn| RequestID = s_3b47eef9-3e9c-4d8c-a3cf-c2d80f15e629 
2019-12-03 23:10:02.8087|ERROR|33|FailedToDecryptConfigInformation: Dsn| RequestID = s_8869af31-7527-472d-a2dc-c33dc9bd1cba 
2019-12-03 23:10:12.8655|ERROR|33|FailedToDecryptConfigInformation: Dsn| RequestID = s_ce0a87f2-b450-4e06-9138-802bad43f7df 
2019-12-03 23:10:22.9253|ERROR|15|FailedToDecryptConfigInformation: Dsn| RequestID = s_8fa4d484-0606-40d0-b0b4-279e40bf4882 
2019-12-03 23:10:32.9650|ERROR|33|FailedToDecryptConfigInformation: Dsn| RequestID = s_0d082869-1c5c-4683-a097-176ed7bee2f1 
2019-12-03 23:10:42.9915|ERROR|33|FailedToDecryptConfigInformation: Dsn| RequestID = s_a86af737-496f-4b88-887a-b704318f80c1 
2019-12-03 23:10:53.0262|ERROR|33|FailedToDecryptConfigInformation: Dsn| RequestID = s_769816f4-d439-4003-b2df-26be73e6d745 
2019-12-03 23:11:03.1645|ERROR|33|FailedToDecryptConfigInformation: Dsn| RequestID = s_5c537937-7d3c-46c3-904a-4ac4510885ea 
2019-12-03 23:11:13.2263|ERROR|33|FailedToDecryptConfigInformation: Dsn| RequestID = s_19851eec-725b-489a-8aa5-b7c59fb55b15 
2019-12-03 23:11:23.3106|ERROR|33|FailedToDecryptConfigInformation: Dsn| RequestID = s_52c46297-4108-4a59-88f6-292f3d5adec5 
2019-12-03 23:11:33.3434|ERROR|23|FailedToDecryptConfigInformation: Dsn| RequestID = s_f7a73b9d-2938-45e2-98ae-4d2bc754e06d 
2019-12-03 23:11:43.5933|ERROR|23|FailedToDecryptConfigInformation: Dsn| RequestID = s_8c16997e-7824-41e5-a004-319f660dad5e 
2019-12-03 23:11:53.9806|ERROR|33|FailedToDecryptConfigInformation: Dsn| RequestID = s_b1400dfc-e4f3-4c4a-bf5e-f57ab4f4b0fe 
2019-12-03 23:12:04.0679|ERROR|33|FailedToDecryptConfigInformation: Dsn| RequestID = s_364a269e-b3d1-49ac-b672-8ecbc33d8da3 
2019-12-03 23:12:14.2317|ERROR|33|FailedToDecryptConfigInformation: Dsn| RequestID = s_cd1b405c-1633-4c4e-a7ff-e1730b0cf6d7 
2019-12-03 23:12:24.2600|ERROR|33|FailedToDecryptConfigInformation: Dsn| RequestID = s_0083dbc8-fbfd-4a20-9057-09265b8821cd 
2019-12-03 23:12:34.2789|ERROR|36|FailedToDecryptConfigInformation: Dsn| RequestID = s_b45208ba-41a3-4a5e-b910-f7f144c45db2 
2019-12-03 23:12:44.3054|ERROR|36|FailedToDecryptConfigInformation: Dsn| RequestID = s_afd60b47-32d6-4246-a72f-fee9797d5865 
2019-12-03 23:12:54.3376|ERROR|36|FailedToDecryptConfigInformation: Dsn| RequestID = s_d6175523-2c92-4cee-b433-3498caef0b1c 
2019-12-03 23:13:04.3759|ERROR|36|FailedToDecryptConfigInformation: Dsn| RequestID = s_68aac872-8e5e-42a5-81c5-eb95b646f79a 
2019-12-03 23:13:14.3922|ERROR|7|FailedToDecryptConfigInformation: Dsn| RequestID = s_1ebbc6bb-2d34-4ff8-97ba-5bd758392a10 
2019-12-03 23:13:24.4080|ERROR|7|FailedToDecryptConfigInformation: Dsn| RequestID = s_0d557c1a-deef-4959-805d-a6e4f5b989ed 
2019-12-03 23:13:34.4773|ERROR|7|FailedToDecryptConfigInformation: Dsn| RequestID = s_c1167fd0-e3cc-4fd9-9979-32e95358067a 
2019-12-03 23:13:44.6115|ERROR|7|FailedToDecryptConfigInformation: Dsn| RequestID = s_0673bb6a-a93f-46f2-8287-ca8f44390b5f 
2019-12-03 23:13:54.6475|ERROR|27|FailedToDecryptConfigInformation: Dsn| RequestID = s_1cf89046-f57e-43d1-a206-2ba028749bd6 
2019-12-03 23:14:04.6686|ERROR|27|FailedToDecryptConfigInformation: Dsn| RequestID = s_093c75c3-72a4-42f7-8e63-1fb1e6b43408 
2019-12-03 23:14:14.7315|ERROR|27|FailedToDecryptConfigInformation: Dsn| RequestID = s_0e6fb167-93a6-4544-af1d-2519ea3dd283 
2019-12-03 23:14:24.8598|ERROR|34|FailedToDecryptConfigInformation: Dsn| RequestID = s_44686b94-5e4c-4f67-9304-14c9ff6e5f6d 
2019-12-03 23:14:35.5037|ERROR|27|FailedToDecryptConfigInformation: Dsn| RequestID = s_e67811cc-6eea-4fc3-b857-30788d06c984 
2019-12-03 23:14:45.6635|ERROR|27|FailedToDecryptConfigInformation: Dsn| RequestID = s_d74e1b53-3177-404d-92ce-35bed6d6ae15 
2019-12-03 23:14:55.8813|ERROR|27|FailedToDecryptConfigInformation: Dsn| RequestID = s_3e56e7e9-f1b9-4334-811d-c2b67c2ba019 
2019-12-03 23:15:06.0226|ERROR|27|FailedToDecryptConfigInformation: Dsn| RequestID = s_713b067e-6e8a-468b-8235-eb19fb474554 
2019-12-03 23:15:16.1070|ERROR|27|FailedToDecryptConfigInformation: Dsn| RequestID = s_e3a7b4a3-3248-4977-9661-8e9b5add0d4d 
2019-12-03 23:15:26.2888|ERROR|27|FailedToDecryptConfigInformation: Dsn| RequestID = s_05f9fd27-eae1-4cc7-8b80-2cf086332ed8 
2019-12-03 23:15:36.3223|ERROR|27|FailedToDecryptConfigInformation: Dsn| RequestID = s_96be241b-e996-4394-aa88-b60af27a2679 
2019-12-03 23:15:46.3416|ERROR|12|FailedToDecryptConfigInformation: Dsn| RequestID = s_3c520d58-48a0-4c11-ac95-535041f42ccd 
2019-12-03 23:15:56.3649|ERROR|27|FailedToDecryptConfigInformation: Dsn| RequestID = s_f5764df7-38ea-4e9b-9ee3-c11f223478bc 
2019-12-03 23:16:06.3822|ERROR|27|FailedToDecryptConfigInformation: Dsn| RequestID = s_3bc2d29b-de05-43a4-a88b-93aea5b564d1 
2019-12-03 23:16:16.4160|ERROR|23|FailedToDecryptConfigInformation: Dsn| RequestID = s_2874d955-01bb-47d4-b0d6-71b3bd45daa6 
2019-12-03 23:16:26.4388|ERROR|23|FailedToDecryptConfigInformation: Dsn| RequestID = s_e8a487d5-de18-4bbd-8cf9-0913e01e65ea 
2019-12-03 23:16:36.4546|ERROR|23|FailedToDecryptConfigInformation: Dsn| RequestID = s_de30c1d2-a169-4812-a9cd-b05a246bb861 
2019-12-03 23:16:46.4729|ERROR|23|FailedToDecryptConfigInformation: Dsn| RequestID = s_986bf91d-f584-498f-8b7f-b0cf872800b4 
2019-12-03 23:16:56.5187|ERROR|23|FailedToDecryptConfigInformation: Dsn| RequestID = s_cc426086-9914-474a-8649-237b9a471fc3 
2019-12-03 23:17:06.5814|ERROR|24|FailedToDecryptConfigInformation: Dsn| RequestID = s_8f6c3fb1-94ff-4305-9a53-99804c38ed4e 
2019-12-03 23:17:16.6087|ERROR|24|FailedToDecryptConfigInformation: Dsn| RequestID = s_480b4ccf-b9f7-469c-8a98-f500c50cf8bf 
2019-12-03 23:17:26.6650|ERROR|24|FailedToDecryptConfigInformation: Dsn| RequestID = s_d5b89040-da1a-4bdf-9027-5d7ef32ef7ee 
2019-12-03 23:17:36.6848|ERROR|24|FailedToDecryptConfigInformation: Dsn| RequestID = s_112d5aeb-128b-4666-b8ae-71a0eaa5f9af 
2019-12-03 23:17:46.7121|ERROR|26|FailedToDecryptConfigInformation: Dsn| RequestID = s_f85ff3ef-eeb5-47aa-9d93-06b840a2b3b8 
2019-12-03 23:17:56.7890|ERROR|26|FailedToDecryptConfigInformation: Dsn| RequestID = s_44191f77-3628-4e7b-8adc-1dd308843bd7 
2019-12-03 23:18:06.8252|ERROR|24|FailedToDecryptConfigInformation: Dsn| RequestID = s_41d8ec6d-39e7-418c-a070-3f342a84f1e4 
2019-12-03 23:18:16.8520|ERROR|24|FailedToDecryptConfigInformation: Dsn| RequestID = s_86099937-febb-4b90-ae33-a145dc8e476b 
2019-12-03 23:18:26.8958|ERROR|24|FailedToDecryptConfigInformation: Dsn| RequestID = s_0365ef10-c1b2-45bd-a0a9-35175fabf354 
2019-12-03 23:18:37.0121|ERROR|24|FailedToDecryptConfigInformation: Dsn| RequestID = s_103421e6-8183-498d-992e-4d03907bf39e 
2019-12-03 23:18:47.0394|ERROR|24|FailedToDecryptConfigInformation: Dsn| RequestID = s_d03097c0-d5b6-4382-a899-d9a3801f98c9 
2019-12-03 23:18:57.0792|ERROR|26|FailedToDecryptConfigInformation: Dsn| RequestID = s_b022f724-07a7-4239-ac3f-0d1e7cb9b97a 
2019-12-03 23:19:07.8536|ERROR|26|FailedToDecryptConfigInformation: Dsn| RequestID = s_e74ec8c7-3e80-4ffc-b34d-56a05954b81b 
2019-12-03 23:19:18.6659|ERROR|26|FailedToDecryptConfigInformation: Dsn| RequestID = s_a750f3df-48d4-47e3-aa8c-7abf87681e70 
2019-12-03 23:19:28.7077|ERROR|26|FailedToDecryptConfigInformation: Dsn| RequestID = s_58151c26-880a-4656-b8d8-11e4cb0662dd 
2019-12-03 23:19:38.9361|ERROR|24|FailedToDecryptConfigInformation: Dsn| RequestID = s_5d9bda51-05bb-4864-b013-cfe329914d2a 
2019-12-03 23:19:49.0709|ERROR|24|FailedToDecryptConfigInformation: Dsn| RequestID = s_3b2213f8-c381-4020-a2c9-d7fb6303a35b 
2019-12-03 23:19:59.0871|ERROR|24|FailedToDecryptConfigInformation: Dsn| RequestID = s_640042cb-6234-4259-85e2-5b728ab2ad30 
2019-12-03 23:20:09.1024|ERROR|13|FailedToDecryptConfigInformation: Dsn| RequestID = s_b99a607f-6bb6-4c2a-a2af-784b13071829 
2019-12-03 23:20:19.1222|ERROR|13|FailedToDecryptConfigInformation: Dsn| RequestID = s_96f7b666-d3f1-45e7-a906-72f5ba94d435 
2019-12-03 23:20:29.1380|ERROR|6|FailedToDecryptConfigInformation: Dsn| RequestID = s_7f219889-c5d0-4b6a-8915-4713a5c8aa65 
2019-12-03 23:20:39.1508|ERROR|6|FailedToDecryptConfigInformation: Dsn| RequestID = s_17a582bc-dfe2-48a4-8dbc-8278eac9bda8 
2019-12-03 23:20:49.1919|ERROR|6|FailedToDecryptConfigInformation: Dsn| RequestID = s_3bfe1b1a-5100-42f9-b864-bb4f561959e4 
2019-12-03 23:20:59.2172|ERROR|6|FailedToDecryptConfigInformation: Dsn| RequestID = s_06510c24-1a8e-49e4-a555-6a59c41c627b 
2019-12-03 23:21:09.2479|ERROR|20|FailedToDecryptConfigInformation: Dsn| RequestID = s_f474a7ee-ab9b-4d49-a9b7-f715e59e8681 
2019-12-03 23:21:19.2928|ERROR|20|FailedToDecryptConfigInformation: Dsn| RequestID = s_c39210ad-2efb-4a73-a2ed-0c4c6e60c92f 
2019-12-03 23:21:30.1912|ERROR|20|FailedToDecryptConfigInformation: Dsn| RequestID = s_744fd552-5af3-4cfb-a463-928f85380676 
2019-12-03 23:21:40.2190|ERROR|20|FailedToDecryptConfigInformation: Dsn| RequestID = s_6a8034ef-b9bf-4e34-a9c6-6f383ffe910a 
2019-12-03 23:21:50.2342|ERROR|20|FailedToDecryptConfigInformation: Dsn| RequestID = s_cf1bead1-6508-4de0-834a-8a1d472a91b1 
2019-12-03 23:22:00.3603|ERROR|20|FailedToDecryptConfigInformation: Dsn| RequestID = s_35f330f7-a1f3-4c1f-a96a-6e8b54d314e4 
2019-12-03 23:22:10.3947|ERROR|23|FailedToDecryptConfigInformation: Dsn| RequestID = s_411b5a95-13ae-4d48-87f9-cc40aff4c4c2 
2019-12-03 23:22:20.4207|ERROR|12|FailedToDecryptConfigInformation: Dsn| RequestID = s_c3cc501e-85c2-4bdd-8f43-0d193f714ae4 
2019-12-03 23:22:30.4467|ERROR|12|FailedToDecryptConfigInformation: Dsn| RequestID = s_7cff5353-a3ea-44a0-a964-6643f672d3f0 
2019-12-03 23:22:40.4727|ERROR|12|FailedToDecryptConfigInformation: Dsn| RequestID = s_64c8538c-9732-483f-92d1-ae104829799d 
2019-12-03 23:22:50.5231|ERROR|12|FailedToDecryptConfigInformation: Dsn| RequestID = s_d18169c7-6e62-4c1e-ad8b-e70b335fb2e4 
2019-12-03 23:23:00.5576|ERROR|12|FailedToDecryptConfigInformation: Dsn| RequestID = s_bd819eb4-04d3-4e48-aa22-3ffc4e0e31e7 
2019-12-03 23:23:10.5835|ERROR|33|FailedToDecryptConfigInformation: Dsn| RequestID = s_4a6ce37c-8730-4802-83c3-4b60c06457c5 
2019-12-03 23:23:20.6230|ERROR|12|FailedToDecryptConfigInformation: Dsn| RequestID = s_ac24495c-9c0d-4f8b-8991-08acca9defcd 
2019-12-03 23:23:30.6569|ERROR|12|FailedToDecryptConfigInformation: Dsn| RequestID = s_d323d18d-9c3c-4e0e-aea9-f63ce4f50ab6 
