2019-12-05 14:00:01.3195|ERROR|13|FailedToDecryptConfigInformation: Dsn| RequestID = s_e8360224-52c8-4901-adf2-ecfbd861aee2 
2019-12-05 14:00:11.3413|ERROR|13|FailedToDecryptConfigInformation: Dsn| RequestID = s_968bb9d5-02ee-4f35-96de-b7e975d72fcb 
2019-12-05 14:00:21.3651|ERROR|13|FailedToDecryptConfigInformation: Dsn| RequestID = s_28660b99-679c-4637-a3d7-fe97d9231f7b 
2019-12-05 14:00:31.3864|ERROR|13|FailedToDecryptConfigInformation: Dsn| RequestID = s_011b97d3-b18b-4594-b1eb-fa6646cc3466 
2019-12-05 14:00:41.4052|ERROR|13|FailedToDecryptConfigInformation: Dsn| RequestID = s_a328e7fa-3a34-41da-a909-96863eeeebad 
2019-12-05 14:00:51.4556|ERROR|13|FailedToDecryptConfigInformation: Dsn| RequestID = s_6db924b9-96b4-40ef-8abc-b758dfe6335d 
2019-12-05 14:01:01.4880|ERROR|13|FailedToDecryptConfigInformation: Dsn| RequestID = s_98af4500-620f-461d-bd2c-8c68b0e43c84 
2019-12-05 14:01:11.5083|ERROR|21|FailedToDecryptConfigInformation: Dsn| RequestID = s_69cbb1e2-cdcd-4db4-87a8-259110e452eb 
2019-12-05 14:01:21.5351|ERROR|21|FailedToDecryptConfigInformation: Dsn| RequestID = s_d159db7c-ae3a-4ac6-ab40-75c364f9711f 
2019-12-05 14:01:31.5549|ERROR|21|FailedToDecryptConfigInformation: Dsn| RequestID = s_9b4d9093-f83c-4606-86ca-075d9c9fe045 
2019-12-05 14:01:41.5787|ERROR|21|FailedToDecryptConfigInformation: Dsn| RequestID = s_b75645ae-9639-4f3b-95e5-6bd96271a1fc 
2019-12-05 14:01:51.6087|ERROR|10|FailedToDecryptConfigInformation: Dsn| RequestID = s_896a7ea8-bce2-4492-b479-91afe940789f 
2019-12-05 14:02:01.6380|ERROR|10|FailedToDecryptConfigInformation: Dsn| RequestID = s_fac8618b-8632-47d4-ac9f-45ce6f877ee4 
2019-12-05 14:02:11.6663|ERROR|10|FailedToDecryptConfigInformation: Dsn| RequestID = s_d41b3edb-49b3-4c89-a87a-cd188c958b3e 
2019-12-05 14:02:21.6926|ERROR|10|FailedToDecryptConfigInformation: Dsn| RequestID = s_fe5eaf88-1ac3-4cb8-9b21-2bf635af0928 
2019-12-05 14:02:31.7235|ERROR|10|FailedToDecryptConfigInformation: Dsn| RequestID = s_f21fa011-90b5-45c1-9f70-07fb20cd3b8a 
2019-12-05 14:02:41.7538|ERROR|10|FailedToDecryptConfigInformation: Dsn| RequestID = s_4b721df9-a64c-4437-8993-c9c025e7da7f 
2019-12-05 14:02:51.7781|ERROR|23|FailedToDecryptConfigInformation: Dsn| RequestID = s_720acfca-fbe9-4462-a6ca-d92ed9102b82 
2019-12-05 14:03:01.8079|ERROR|23|FailedToDecryptConfigInformation: Dsn| RequestID = s_f9f315b8-843b-40cf-ba69-ee3ca5584978 
2019-12-05 14:03:11.8517|ERROR|23|FailedToDecryptConfigInformation: Dsn| RequestID = s_e04f2ba5-7026-4ba2-8f85-87ba78fb2478 
2019-12-05 14:03:21.8956|ERROR|23|FailedToDecryptConfigInformation: Dsn| RequestID = s_cef45c51-d223-4554-ac9c-b64cb6eaec85 
2019-12-05 14:03:31.9289|ERROR|23|FailedToDecryptConfigInformation: Dsn| RequestID = s_25dffa0b-04c4-4801-ba22-6ed77b997f2a 
2019-12-05 14:03:42.0107|ERROR|10|FailedToDecryptConfigInformation: Dsn| RequestID = s_e9323017-1782-405a-94a5-693452cf6df5 
2019-12-05 14:03:52.0506|ERROR|10|FailedToDecryptConfigInformation: Dsn| RequestID = s_b9c9a1c2-5962-43af-bc54-12b3358a6da8 
2019-12-05 14:04:02.0649|ERROR|10|FailedToDecryptConfigInformation: Dsn| RequestID = s_ece09ad6-8fae-4627-997f-cd57ca4a4b43 
2019-12-05 14:04:12.0957|ERROR|10|FailedToDecryptConfigInformation: Dsn| RequestID = s_5682faee-e2e0-4dae-8b02-07b0e5ff408a 
2019-12-05 14:04:22.1099|ERROR|10|FailedToDecryptConfigInformation: Dsn| RequestID = s_17e532cc-bf85-4dc3-b558-9b41b833669c 
2019-12-05 14:04:32.1339|ERROR|10|FailedToDecryptConfigInformation: Dsn| RequestID = s_1c8f4a12-50f0-4b5a-9846-32d69665a164 
2019-12-05 14:04:42.1563|ERROR|10|FailedToDecryptConfigInformation: Dsn| RequestID = s_0e9fe03a-9a31-4d5a-b34b-9d0cb0cbff5a 
2019-12-05 14:04:52.1821|ERROR|9|FailedToDecryptConfigInformation: Dsn| RequestID = s_7f9abd80-f586-43f6-bb45-7fb1fa60fbc7 
2019-12-05 14:05:02.2154|ERROR|10|FailedToDecryptConfigInformation: Dsn| RequestID = s_c4d8cfbc-2b26-4eae-8618-c12712e0a066 
2019-12-05 14:05:12.2502|ERROR|10|FailedToDecryptConfigInformation: Dsn| RequestID = s_8b1b1bca-7b96-4798-be25-02e2add29788 
2019-12-05 14:05:22.2951|ERROR|10|FailedToDecryptConfigInformation: Dsn| RequestID = s_1f668d98-a88f-4647-942f-c3a75be7976d 
2019-12-05 14:05:32.3259|ERROR|10|FailedToDecryptConfigInformation: Dsn| RequestID = s_47403fbc-84c7-4719-87ac-da8a96b88195 
2019-12-05 14:05:42.3636|ERROR|10|FailedToDecryptConfigInformation: Dsn| RequestID = s_72d8fafd-b859-4792-ba03-0a9b0dca2d6d 
2019-12-05 14:05:52.3839|ERROR|10|FailedToDecryptConfigInformation: Dsn| RequestID = s_764ac927-84d1-4ccd-b2e1-819d8a908e79 
2019-12-05 14:06:02.4077|ERROR|10|FailedToDecryptConfigInformation: Dsn| RequestID = s_6996651d-98d9-40ed-9b83-c3ac7e1ad546 
2019-12-05 14:06:12.4360|ERROR|10|FailedToDecryptConfigInformation: Dsn| RequestID = s_4d5c76d1-4da9-4fd9-b181-acc1085cf9ac 
2019-12-05 14:06:22.4643|ERROR|10|FailedToDecryptConfigInformation: Dsn| RequestID = s_74e9752a-0d67-420a-99b9-317269e00c86 
2019-12-05 14:06:32.4931|ERROR|12|FailedToDecryptConfigInformation: Dsn| RequestID = s_043e63ac-0687-40d8-b5eb-564c649e24fe 
2019-12-05 14:06:42.5093|ERROR|12|FailedToDecryptConfigInformation: Dsn| RequestID = s_c5719240-6b29-4bb8-83b3-93fce3230dfa 
2019-12-05 14:06:52.5338|ERROR|12|FailedToDecryptConfigInformation: Dsn| RequestID = s_6761c59e-2cbe-40b5-b8ba-48dd8d606d67 
2019-12-05 14:07:02.5651|ERROR|12|FailedToDecryptConfigInformation: Dsn| RequestID = s_98a3955f-d6e5-4753-a099-15b2965df190 
2019-12-05 14:07:12.6064|ERROR|10|FailedToDecryptConfigInformation: Dsn| RequestID = s_d9b59e57-477e-436b-882f-aa9ba70f12c8 
2019-12-05 14:07:22.6221|ERROR|10|FailedToDecryptConfigInformation: Dsn| RequestID = s_452c9c40-dc8b-40a4-9e6b-e06d8336d1d8 
2019-12-05 14:07:32.6519|ERROR|5|FailedToDecryptConfigInformation: Dsn| RequestID = s_8ca3e428-faa7-4eaf-b45b-a881539f0d43 
2019-12-05 14:07:42.6799|ERROR|5|FailedToDecryptConfigInformation: Dsn| RequestID = s_e6ea1924-eeb2-464a-a03c-50462f6fdc8a 
2019-12-05 14:07:52.7013|ERROR|5|FailedToDecryptConfigInformation: Dsn| RequestID = s_9905def8-d6a0-4afc-97b0-ed006908afae 
2019-12-05 14:08:02.7376|ERROR|5|FailedToDecryptConfigInformation: Dsn| RequestID = s_68c4ec1b-a10b-4778-a368-9975cadacabd 
2019-12-05 14:08:12.7798|ERROR|10|FailedToDecryptConfigInformation: Dsn| RequestID = s_81e7cdac-568b-49ff-8ddf-4870553b2c13 
2019-12-05 14:08:22.8158|ERROR|10|FailedToDecryptConfigInformation: Dsn| RequestID = s_121567d3-d0d0-40e0-a78d-fef0ce5f4a9f 
2019-12-05 14:08:32.8535|ERROR|10|FailedToDecryptConfigInformation: Dsn| RequestID = s_02dda2d9-afce-42a5-86a4-379838245e79 
2019-12-05 14:08:42.8985|ERROR|10|FailedToDecryptConfigInformation: Dsn| RequestID = s_852c149f-2ac9-4203-82c5-7cb45e1d3453 
2019-12-05 14:08:52.9288|ERROR|10|FailedToDecryptConfigInformation: Dsn| RequestID = s_8f0d0977-c62f-4e76-a56b-17e03e7eb326 
2019-12-05 14:09:02.9581|ERROR|10|FailedToDecryptConfigInformation: Dsn| RequestID = s_0016a5ad-bc49-4326-89bc-9c14ca88f3d9 
2019-12-05 14:09:12.9888|ERROR|10|FailedToDecryptConfigInformation: Dsn| RequestID = s_ad875182-2805-48a0-91a6-ccca38218a10 
2019-12-05 14:09:23.0161|ERROR|10|FailedToDecryptConfigInformation: Dsn| RequestID = s_9a29a120-e309-433e-aaf8-108150a76bd6 
2019-12-05 14:09:33.0404|ERROR|10|FailedToDecryptConfigInformation: Dsn| RequestID = s_28d8039e-2297-49c2-a900-a323f5e24c12 
2019-12-05 14:09:43.0602|ERROR|10|FailedToDecryptConfigInformation: Dsn| RequestID = s_2f8b6ed3-adab-4216-8681-c4f390586c2c 
2019-12-05 14:09:53.0800|ERROR|10|FailedToDecryptConfigInformation: Dsn| RequestID = s_e690e428-8ffa-4231-ba03-3f68f8351339 
2019-12-05 14:10:03.1053|ERROR|9|FailedToDecryptConfigInformation: Dsn| RequestID = s_436ad2fb-dd7e-4ea0-ac73-fccdf15d8bd3 
2019-12-05 14:10:13.1285|ERROR|21|FailedToDecryptConfigInformation: Dsn| RequestID = s_b7783163-b0c7-414d-b47c-58ea98e05820 
2019-12-05 14:10:23.1671|ERROR|17|FailedToDecryptConfigInformation: Dsn| RequestID = s_473678af-ea33-47d0-80af-2687b3f2ad46 
2019-12-05 14:10:33.1909|ERROR|17|FailedToDecryptConfigInformation: Dsn| RequestID = s_39815a55-6a0c-420c-b095-5bab9dd2f216 
2019-12-05 14:10:43.2152|ERROR|17|FailedToDecryptConfigInformation: Dsn| RequestID = s_f6d84b36-51f6-4db4-9370-8f85d6e951f0 
2019-12-05 14:10:53.2536|ERROR|17|FailedToDecryptConfigInformation: Dsn| RequestID = s_7aeba5b5-e6c9-4ac7-9e65-5cb540ddd8eb 
2019-12-05 14:11:03.2949|ERROR|17|FailedToDecryptConfigInformation: Dsn| RequestID = s_73400c60-054b-49c1-9ac8-3883b9ec9c35 
2019-12-05 14:11:13.3112|ERROR|17|FailedToDecryptConfigInformation: Dsn| RequestID = s_35c65175-221d-4865-b4b2-c243f2866e72 
2019-12-05 14:11:23.3435|ERROR|17|FailedToDecryptConfigInformation: Dsn| RequestID = s_d918963e-0f16-4048-91de-d9a678903cf1 
2019-12-05 14:11:33.3808|ERROR|17|FailedToDecryptConfigInformation: Dsn| RequestID = s_09ce4816-2793-4e41-a2cb-4daa90cfcfa3 
2019-12-05 14:11:43.4055|ERROR|17|FailedToDecryptConfigInformation: Dsn| RequestID = s_f43895a8-6c77-499c-90ba-38c9d5264387 
2019-12-05 14:11:53.4230|ERROR|17|FailedToDecryptConfigInformation: Dsn| RequestID = s_f1cd3ea2-3384-4089-b8f1-d223fb134770 
2019-12-05 14:12:03.4484|ERROR|17|FailedToDecryptConfigInformation: Dsn| RequestID = s_1b3833aa-979e-46c6-95c3-603627836389 
2019-12-05 14:12:13.4827|ERROR|17|FailedToDecryptConfigInformation: Dsn| RequestID = s_1302c8f1-a1b4-4d0f-9cf9-73ef2fecb442 
2019-12-05 14:12:23.5045|ERROR|17|FailedToDecryptConfigInformation: Dsn| RequestID = s_eb2599e4-8d3e-4887-b95d-606935f5de0b 
2019-12-05 14:12:33.5397|ERROR|17|FailedToDecryptConfigInformation: Dsn| RequestID = s_13037582-5a54-4130-bd9e-5a17d4fbc709 
2019-12-05 14:12:43.5791|ERROR|17|FailedToDecryptConfigInformation: Dsn| RequestID = s_f893c8e1-cb50-4c7a-9059-0587fa1b824b 
2019-12-05 14:12:53.5970|ERROR|17|FailedToDecryptConfigInformation: Dsn| RequestID = s_5a285089-d9f9-459b-a3fd-9ec958c5a96f 
2019-12-05 14:13:03.6263|ERROR|17|FailedToDecryptConfigInformation: Dsn| RequestID = s_c5c5d59b-6e1b-4d80-95a3-583a8795b48b 
2019-12-05 14:13:13.6777|ERROR|17|FailedToDecryptConfigInformation: Dsn| RequestID = s_67c034f2-ce9c-42c8-b8bf-4d7f0cb34709 
2019-12-05 14:13:23.7235|ERROR|16|FailedToDecryptConfigInformation: Dsn| RequestID = s_fc9badc3-454a-480c-b5c0-d83a2c06b582 
2019-12-05 14:13:33.7528|ERROR|16|FailedToDecryptConfigInformation: Dsn| RequestID = s_9f56b66c-5640-4275-9875-b567b8fb4a3d 
2019-12-05 14:13:43.7816|ERROR|16|FailedToDecryptConfigInformation: Dsn| RequestID = s_4f50ab26-6c87-4b6b-ae90-89c43cb2aa04 
2019-12-05 14:13:53.8109|ERROR|16|FailedToDecryptConfigInformation: Dsn| RequestID = s_87af8bd1-7b0c-45fe-b0df-0b7bc3d72da2 
2019-12-05 14:14:03.8321|ERROR|16|FailedToDecryptConfigInformation: Dsn| RequestID = s_e4a585c4-5c2e-4fd0-9061-be3603dc920a 
2019-12-05 14:14:13.9399|ERROR|16|FailedToDecryptConfigInformation: Dsn| RequestID = s_5a1df3b3-9955-48bf-aa1a-1fd66ddafbdb 
2019-12-05 14:14:23.9672|ERROR|16|FailedToDecryptConfigInformation: Dsn| RequestID = s_0965bea5-9f6d-4cff-80eb-e08820fc1e8d 
2019-12-05 14:14:33.9896|ERROR|16|FailedToDecryptConfigInformation: Dsn| RequestID = s_816a1eab-d99f-4d35-b1e9-56ba30a7e788 
2019-12-05 14:14:44.0137|ERROR|16|FailedToDecryptConfigInformation: Dsn| RequestID = s_d13f842f-2cf3-485f-8c66-e96ae6ea9be6 
2019-12-05 14:14:54.0449|ERROR|6|FailedToDecryptConfigInformation: Dsn| RequestID = s_c1caf79f-0dd3-4d6c-9c08-32992050bd88 
2019-12-05 14:15:04.0635|ERROR|6|FailedToDecryptConfigInformation: Dsn| RequestID = s_447b02ff-ead6-449d-b3d0-e9361d64d106 
2019-12-05 14:15:14.0909|ERROR|13|FailedToDecryptConfigInformation: Dsn| RequestID = s_9daebaea-24ef-46e5-9d88-755301708762 
2019-12-05 14:15:24.1066|ERROR|13|FailedToDecryptConfigInformation: Dsn| RequestID = s_6d7b0bcf-8049-482a-a73c-ad52224c8f8f 
2019-12-05 14:15:34.1222|ERROR|21|FailedToDecryptConfigInformation: Dsn| RequestID = s_a2d2e55e-70c3-49c9-82ad-6d822eb61ac7 
2019-12-05 14:15:44.1379|ERROR|21|FailedToDecryptConfigInformation: Dsn| RequestID = s_30781006-5279-439e-9226-c177345c4080 
2019-12-05 14:15:54.1535|ERROR|21|FailedToDecryptConfigInformation: Dsn| RequestID = s_83bcba94-0467-494d-ae73-50ac60ab4fbe 
2019-12-05 14:16:04.1848|ERROR|21|FailedToDecryptConfigInformation: Dsn| RequestID = s_4ac90af1-27ee-479a-8bd9-2247cba3b601 
2019-12-05 14:16:14.2004|ERROR|9|FailedToDecryptConfigInformation: Dsn| RequestID = s_8b6679be-de94-49be-8c2f-fa59997b8e6d 
2019-12-05 14:16:24.2161|ERROR|9|FailedToDecryptConfigInformation: Dsn| RequestID = s_615a61f0-e1f6-4bfb-bd01-68b58bb1dbf2 
2019-12-05 14:16:34.2318|ERROR|14|FailedToDecryptConfigInformation: Dsn| RequestID = s_df5618e8-552d-4b4f-922b-fae23314310f 
2019-12-05 14:16:44.2474|ERROR|14|FailedToDecryptConfigInformation: Dsn| RequestID = s_ef272d11-5407-4d27-8640-cf272ea2a0f9 
2019-12-05 14:16:54.2631|ERROR|24|FailedToDecryptConfigInformation: Dsn| RequestID = s_ecc508c1-71e1-471a-a049-7ac183b7b4cd 
2019-12-05 14:17:04.2787|ERROR|24|FailedToDecryptConfigInformation: Dsn| RequestID = s_2c1566b3-866a-47b0-90d9-c1a3b89f1314 
2019-12-05 14:17:14.2944|ERROR|24|FailedToDecryptConfigInformation: Dsn| RequestID = s_ba38d63b-34a4-44bf-b2c6-66c897234d8f 
2019-12-05 14:17:24.3256|ERROR|24|FailedToDecryptConfigInformation: Dsn| RequestID = s_f75a815b-613f-481c-8fe9-be677494f504 
2019-12-05 14:17:34.3413|ERROR|19|FailedToDecryptConfigInformation: Dsn| RequestID = s_28841196-abb3-4f7f-a772-1ec8df369d6e 
2019-12-05 14:17:44.3570|ERROR|19|FailedToDecryptConfigInformation: Dsn| RequestID = s_bbbdf71b-b4e3-4005-978e-cd1d7e3c1688 
2019-12-05 14:17:54.3726|ERROR|5|FailedToDecryptConfigInformation: Dsn| RequestID = s_c19e63f2-45bc-45ee-8c1c-5f55fdab0a2c 
2019-12-05 14:18:04.3883|ERROR|5|FailedToDecryptConfigInformation: Dsn| RequestID = s_e89811e3-dec0-41cf-a47b-ccaf0d15017b 
2019-12-05 14:18:14.4039|ERROR|22|FailedToDecryptConfigInformation: Dsn| RequestID = s_c29f4384-31cc-44ba-9a80-beec4b158487 
2019-12-05 14:18:24.4196|ERROR|22|FailedToDecryptConfigInformation: Dsn| RequestID = s_586ba64a-173c-452b-9dd5-cd6e2d9d70f0 
2019-12-05 14:18:34.4352|ERROR|17|FailedToDecryptConfigInformation: Dsn| RequestID = s_88b3ac90-6203-408b-8cc4-6a20013ac427 
2019-12-05 14:18:44.4509|ERROR|22|FailedToDecryptConfigInformation: Dsn| RequestID = s_f586d11c-b5f2-4be7-8fa5-30a869e3e032 
2019-12-05 14:18:54.4665|ERROR|22|FailedToDecryptConfigInformation: Dsn| RequestID = s_0bcd5110-4378-4220-b2bc-2c283c30c788 
2019-12-05 14:19:04.4822|ERROR|22|FailedToDecryptConfigInformation: Dsn| RequestID = s_cb94a45b-08cc-4ddd-905a-50a6a8d4b255 
2019-12-05 14:19:14.4978|ERROR|22|FailedToDecryptConfigInformation: Dsn| RequestID = s_383d51e4-9c76-44b7-82bd-c1bca2b38725 
2019-12-05 14:19:24.5135|ERROR|12|FailedToDecryptConfigInformation: Dsn| RequestID = s_d1da87fc-1f40-4bc8-85e5-89b1196c928e 
2019-12-05 14:19:34.5292|ERROR|12|FailedToDecryptConfigInformation: Dsn| RequestID = s_a72b683c-8a11-410c-8be5-f96dddca4273 
2019-12-05 14:19:44.5604|ERROR|12|FailedToDecryptConfigInformation: Dsn| RequestID = s_76c2c5c8-53a9-4029-b39d-e35d4e992df6 
2019-12-05 14:19:54.5761|ERROR|18|FailedToDecryptConfigInformation: Dsn| RequestID = s_c400f33c-1b5e-4e96-b2a8-2a9982faa556 
2019-12-05 14:20:04.5917|ERROR|12|FailedToDecryptConfigInformation: Dsn| RequestID = s_c4e6bb97-6715-486b-aedb-5f37eff94624 
2019-12-05 14:20:14.6074|ERROR|12|FailedToDecryptConfigInformation: Dsn| RequestID = s_6b7fad6b-bbb8-44c9-8e0f-cc4b5748c6d4 
2019-12-05 14:20:24.6230|ERROR|12|FailedToDecryptConfigInformation: Dsn| RequestID = s_270e2539-7dde-4687-b47b-33e58f51f0c7 
2019-12-05 14:20:34.6543|ERROR|14|FailedToDecryptConfigInformation: Dsn| RequestID = s_912767a6-f0a8-41ce-8bf1-4932db2f5a65 
2019-12-05 14:20:44.6700|ERROR|14|FailedToDecryptConfigInformation: Dsn| RequestID = s_9c46119c-53ed-4e70-b0b5-e8fdde1443c9 
2019-12-05 14:20:54.6856|ERROR|14|FailedToDecryptConfigInformation: Dsn| RequestID = s_cfefb26c-359d-4833-affe-1d82bea8cac0 
2019-12-05 14:21:04.7013|ERROR|12|FailedToDecryptConfigInformation: Dsn| RequestID = s_e4561d3d-0feb-47aa-8b7d-c6422d9565d0 
2019-12-05 14:21:14.7169|ERROR|12|FailedToDecryptConfigInformation: Dsn| RequestID = s_f773f5c2-230d-4ece-9ad5-2cadbefb0ab6 
2019-12-05 14:21:24.7326|ERROR|12|FailedToDecryptConfigInformation: Dsn| RequestID = s_3c079bde-9bf3-4dd3-9ec1-4d77a5a6e968 
2019-12-05 14:21:34.7483|ERROR|9|FailedToDecryptConfigInformation: Dsn| RequestID = s_267a480d-cef8-4dbf-9b88-ff5cbc351bb5 
2019-12-05 14:21:44.7639|ERROR|9|FailedToDecryptConfigInformation: Dsn| RequestID = s_a383b13c-16be-4cd9-93df-6b2240117155 
2019-12-05 14:21:54.7796|ERROR|9|FailedToDecryptConfigInformation: Dsn| RequestID = s_64d48f6c-82d7-4d9f-80a3-0d1283e30df3 
2019-12-05 14:22:04.7952|ERROR|9|FailedToDecryptConfigInformation: Dsn| RequestID = s_f01ed1d0-4b38-49d9-a182-81cbf7636bec 
2019-12-05 14:22:14.8109|ERROR|13|FailedToDecryptConfigInformation: Dsn| RequestID = s_a08c0df1-f1d8-48e4-a7a8-e4545aa9286c 
2019-12-05 14:22:24.8265|ERROR|13|FailedToDecryptConfigInformation: Dsn| RequestID = s_d3e809f1-e60b-43da-938b-733df8dc78f8 
2019-12-05 14:22:34.8422|ERROR|6|FailedToDecryptConfigInformation: Dsn| RequestID = s_80e012db-f3d0-4c25-9818-1d96b5cb9278 
2019-12-05 14:22:44.8578|ERROR|6|FailedToDecryptConfigInformation: Dsn| RequestID = s_4feb99a3-cb8b-41c6-978d-b011829562a1 
2019-12-05 14:22:54.8804|ERROR|6|FailedToDecryptConfigInformation: Dsn| RequestID = s_e12dab24-2035-460b-afea-5055cb1a76cf 
2019-12-05 14:23:04.9101|ERROR|6|FailedToDecryptConfigInformation: Dsn| RequestID = s_ce31fd5c-9551-4706-89ba-af4c92ac5d89 
2019-12-05 14:23:14.9275|ERROR|6|FailedToDecryptConfigInformation: Dsn| RequestID = s_21a51bed-c80f-4666-9a55-a4023f84bd07 
2019-12-05 14:23:24.9578|ERROR|17|FailedToDecryptConfigInformation: Dsn| RequestID = s_5dab27a2-65e3-4053-9b4a-aea232d2f6a3 
2019-12-05 14:23:34.9881|ERROR|17|FailedToDecryptConfigInformation: Dsn| RequestID = s_47a396aa-8baf-4697-9dba-eb1b57546722 
2019-12-05 14:23:45.0095|ERROR|22|FailedToDecryptConfigInformation: Dsn| RequestID = s_8766c5b0-a184-40b5-a74b-0db6974e8038 
2019-12-05 14:23:55.0241|ERROR|22|FailedToDecryptConfigInformation: Dsn| RequestID = s_926d7372-fd63-4af2-a78c-50d3bffdb85e 
2019-12-05 14:24:05.0614|ERROR|22|FailedToDecryptConfigInformation: Dsn| RequestID = s_058d049a-dc26-4dec-b49a-c18e27f619cb 
2019-12-05 14:24:15.0871|ERROR|22|FailedToDecryptConfigInformation: Dsn| RequestID = s_83388045-5cbd-40e8-982d-0c7c6ea43c29 
2019-12-05 14:24:25.1824|ERROR|22|FailedToDecryptConfigInformation: Dsn| RequestID = s_af16dae6-b2ca-4a71-a229-b9e39ac6611f 
2019-12-05 14:24:35.2072|ERROR|22|FailedToDecryptConfigInformation: Dsn| RequestID = s_a14a8f61-047c-4717-8287-8898f3044745 
2019-12-05 14:24:45.2415|ERROR|22|FailedToDecryptConfigInformation: Dsn| RequestID = s_d966a56d-0254-47cc-acba-41e7d2821b6b 
2019-12-05 14:24:55.2818|ERROR|22|FailedToDecryptConfigInformation: Dsn| RequestID = s_9c0ddfed-4a3d-4f6e-91d5-655c2d48010a 
2019-12-05 14:25:05.3233|ERROR|22|FailedToDecryptConfigInformation: Dsn| RequestID = s_7f3acd8c-c3eb-4102-a6e3-09e696d79e86 
2019-12-05 14:25:15.3571|ERROR|19|FailedToDecryptConfigInformation: Dsn| RequestID = s_219e7594-0c8f-4abd-a3bd-5d2d622e3fa4 
2019-12-05 14:25:25.4351|ERROR|19|FailedToDecryptConfigInformation: Dsn| RequestID = s_113f15da-4184-45cd-9a6a-19de1fdb3629 
2019-12-05 14:25:35.4538|ERROR|22|FailedToDecryptConfigInformation: Dsn| RequestID = s_544f7091-9e56-43dd-b3e8-a471bc80fe5c 
2019-12-05 14:25:45.4701|ERROR|22|FailedToDecryptConfigInformation: Dsn| RequestID = s_e1ec1d28-44af-417b-8853-2fa7b5f69063 
2019-12-05 14:25:55.4894|ERROR|22|FailedToDecryptConfigInformation: Dsn| RequestID = s_6fa4df76-d08b-4a29-b60d-242bd3758698 
2019-12-05 14:26:05.5067|ERROR|22|FailedToDecryptConfigInformation: Dsn| RequestID = s_a6c6f4d6-07de-400a-9a77-2ae8af75cbfb 
2019-12-05 14:26:15.5375|ERROR|22|FailedToDecryptConfigInformation: Dsn| RequestID = s_e8d3be7d-14bf-4091-906b-9aa28a8290f0 
2019-12-05 14:26:25.5573|ERROR|22|FailedToDecryptConfigInformation: Dsn| RequestID = s_5760d037-248d-4291-833d-05ffd4968a4e 
2019-12-05 14:26:35.5776|ERROR|22|FailedToDecryptConfigInformation: Dsn| RequestID = s_f426a578-d061-428f-b02d-a23a1a8a7aff 
2019-12-05 14:26:45.5933|ERROR|22|FailedToDecryptConfigInformation: Dsn| RequestID = s_59ebf544-524e-4841-bd1f-2623d21952df 
2019-12-05 14:26:55.6101|ERROR|16|FailedToDecryptConfigInformation: Dsn| RequestID = s_1fc2aab5-1f6e-4e76-9433-857506a97b3a 
2019-12-05 14:27:05.6359|ERROR|16|FailedToDecryptConfigInformation: Dsn| RequestID = s_1a7aadd8-f787-457d-a167-70de588c9ac4 
2019-12-05 14:27:15.6837|ERROR|16|FailedToDecryptConfigInformation: Dsn| RequestID = s_bb27581f-2b7e-4ed4-925b-005f622694d0 
2019-12-05 14:27:25.7166|ERROR|16|FailedToDecryptConfigInformation: Dsn| RequestID = s_a3d674dc-a9cb-4453-8620-c1264c0c9c44 
2019-12-05 14:27:35.7415|ERROR|7|FailedToDecryptConfigInformation: Dsn| RequestID = s_7682316b-57f3-4bde-a8f9-be703b9d7595 
2019-12-05 14:27:45.7627|ERROR|7|FailedToDecryptConfigInformation: Dsn| RequestID = s_c63c12c9-ab3b-4453-944f-cf3a01091250 
2019-12-05 14:27:55.7930|ERROR|7|FailedToDecryptConfigInformation: Dsn| RequestID = s_14401a69-c021-42d3-95cf-696dc853644e 
2019-12-05 14:28:05.8314|ERROR|7|FailedToDecryptConfigInformation: Dsn| RequestID = s_58b5aeec-f408-4cd8-b332-cff0c1f113be 
2019-12-05 14:28:15.8622|ERROR|7|FailedToDecryptConfigInformation: Dsn| RequestID = s_158d0d3e-b007-4b41-b33c-3a2c46e4ea18 
2019-12-05 14:28:25.8797|ERROR|7|FailedToDecryptConfigInformation: Dsn| RequestID = s_3ae374e9-6372-4896-bf14-11f5b561caf6 
2019-12-05 14:28:35.9182|ERROR|7|FailedToDecryptConfigInformation: Dsn| RequestID = s_49b4a8d2-bf0b-4ef5-baee-cf7feb16f47a 
2019-12-05 14:28:45.9460|ERROR|5|FailedToDecryptConfigInformation: Dsn| RequestID = s_f782ef96-46a7-4246-9636-aabd2f52218f 
2019-12-05 14:28:56.0937|ERROR|5|FailedToDecryptConfigInformation: Dsn| RequestID = s_6df72a1a-90c0-4d87-ba92-f84dcc9857de 
2019-12-05 14:29:06.2986|ERROR|5|FailedToDecryptConfigInformation: Dsn| RequestID = s_08a9ff55-a395-4439-9aed-f0cf51d4dccc 
2019-12-05 14:29:16.7509|ERROR|7|FailedToDecryptConfigInformation: Dsn| RequestID = s_abc9fc1a-bb64-4dbc-8ea6-320c7ed7bbf5 
2019-12-05 14:29:26.8402|ERROR|7|FailedToDecryptConfigInformation: Dsn| RequestID = s_41cedbfd-f47c-4b68-b14e-32e54d2057f5 
2019-12-05 14:29:36.8700|ERROR|17|FailedToDecryptConfigInformation: Dsn| RequestID = s_1c0abf3b-545b-4ba5-907d-55f337c25e28 
2019-12-05 14:29:46.9854|ERROR|17|FailedToDecryptConfigInformation: Dsn| RequestID = s_790c2f76-ae11-4475-b540-5aa2378b4783 
2019-12-05 14:29:57.0212|ERROR|17|FailedToDecryptConfigInformation: Dsn| RequestID = s_690b9e96-6e00-4e57-81d9-02e854ddcacd 
2019-12-05 14:30:07.0540|ERROR|17|FailedToDecryptConfigInformation: Dsn| RequestID = s_4269e468-3a0c-47ae-ba02-ce191b1edf33 
2019-12-05 14:30:17.0752|ERROR|17|FailedToDecryptConfigInformation: Dsn| RequestID = s_7360cb87-f68c-4281-8acf-534ce4ec17c1 
2019-12-05 14:30:27.1265|ERROR|17|FailedToDecryptConfigInformation: Dsn| RequestID = s_1b924b96-299a-49bb-99d9-47d860eff6c9 
2019-12-05 14:30:37.1513|ERROR|17|FailedToDecryptConfigInformation: Dsn| RequestID = s_4ed3aa05-bdf2-47e8-8a83-535b3a41ab81 
2019-12-05 14:30:47.1835|ERROR|27|FailedToDecryptConfigInformation: Dsn| RequestID = s_2f3a4262-9561-41aa-bc69-4b93e583fc80 
2019-12-05 14:30:57.2108|ERROR|27|FailedToDecryptConfigInformation: Dsn| RequestID = s_cc734395-b123-4ce7-a101-628108b86098 
2019-12-05 14:31:07.2391|ERROR|10|FailedToDecryptConfigInformation: Dsn| RequestID = s_8596f051-4371-4801-82cc-ce8939a61c66 
2019-12-05 14:31:17.2714|ERROR|10|FailedToDecryptConfigInformation: Dsn| RequestID = s_8cbf923c-96dd-44f5-b446-8cf6c35e55a7 
2019-12-05 14:31:27.2997|ERROR|10|FailedToDecryptConfigInformation: Dsn| RequestID = s_34c4c110-6f74-47a5-9ea8-7deb69f3331c 
2019-12-05 14:31:37.3211|ERROR|19|FailedToDecryptConfigInformation: Dsn| RequestID = s_c8da384e-092f-48a5-9ab1-89fb1f8566b1 
2019-12-05 14:31:47.3499|ERROR|19|FailedToDecryptConfigInformation: Dsn| RequestID = s_8213a03a-5c10-4a6f-b11f-d7dd811a30d6 
2019-12-05 14:31:57.3662|ERROR|19|FailedToDecryptConfigInformation: Dsn| RequestID = s_2b6402b1-8589-4cba-9fb4-2d981ece4d36 
2019-12-05 14:32:07.4480|ERROR|19|FailedToDecryptConfigInformation: Dsn| RequestID = s_03cdda3f-406c-499a-9ead-6bec42363652 
2019-12-05 14:32:17.5168|ERROR|19|FailedToDecryptConfigInformation: Dsn| RequestID = s_9a4185cd-5a0c-4b01-8ff2-535f090e1fe6 
2019-12-05 14:32:27.5465|ERROR|19|FailedToDecryptConfigInformation: Dsn| RequestID = s_16b70fcd-2ceb-476b-bfe0-d7a30c7f89c3 
2019-12-05 14:32:37.5993|ERROR|19|FailedToDecryptConfigInformation: Dsn| RequestID = s_864a75ed-5464-42d1-8258-6bd862faf6b2 
2019-12-05 14:32:47.6232|ERROR|19|FailedToDecryptConfigInformation: Dsn| RequestID = s_a9813313-870f-4328-8ad5-1001f4897cb1 
2019-12-05 14:32:57.6525|ERROR|6|FailedToDecryptConfigInformation: Dsn| RequestID = s_7190ad4f-d0e6-4217-a59f-a1a999aa5f82 
2019-12-05 14:33:07.6818|ERROR|6|FailedToDecryptConfigInformation: Dsn| RequestID = s_5f7e812f-51cc-433b-9bb7-37ced5019dfc 
2019-12-05 14:33:17.7004|ERROR|6|FailedToDecryptConfigInformation: Dsn| RequestID = s_5a33398b-b29c-45c1-8d89-21a10edf075f 
2019-12-05 14:33:27.7332|ERROR|6|FailedToDecryptConfigInformation: Dsn| RequestID = s_d949ea53-5560-4698-8223-ff07fe159da3 
2019-12-05 14:33:37.7875|ERROR|6|FailedToDecryptConfigInformation: Dsn| RequestID = s_e7d870df-4475-48f5-a324-e6116b91041a 
2019-12-05 14:33:47.8334|ERROR|5|FailedToDecryptConfigInformation: Dsn| RequestID = s_11468c3e-6696-4cb9-964a-8c3d818c7ca2 
2019-12-05 14:33:57.8585|ERROR|5|FailedToDecryptConfigInformation: Dsn| RequestID = s_151f4d17-9834-4c70-bc60-c6cd6ffa71b5 
2019-12-05 14:34:07.8819|ERROR|25|FailedToDecryptConfigInformation: Dsn| RequestID = s_281b7a8c-c3a9-487e-8582-72af8b5495e5 
2019-12-05 14:34:17.8977|ERROR|25|FailedToDecryptConfigInformation: Dsn| RequestID = s_680f3109-30fa-4a4b-9974-13909f4c6b82 
2019-12-05 14:34:27.9531|ERROR|25|FailedToDecryptConfigInformation: Dsn| RequestID = s_4382cf3e-f5c6-4525-aea3-a54318a49b6e 
2019-12-05 14:34:37.9724|ERROR|25|FailedToDecryptConfigInformation: Dsn| RequestID = s_0a4c9f19-76b9-412b-a3d3-8c3c2fbd5823 
2019-12-05 14:34:47.9918|ERROR|25|FailedToDecryptConfigInformation: Dsn| RequestID = s_bc524aba-3dc3-4796-a6cf-877045b6e065 
2019-12-05 14:34:58.0238|ERROR|25|FailedToDecryptConfigInformation: Dsn| RequestID = s_6481dca6-9249-4b70-aa1a-4f497ed19bae 
2019-12-05 14:35:08.1176|ERROR|25|FailedToDecryptConfigInformation: Dsn| RequestID = s_f9b0eee5-a8cd-47b5-854d-4720570d55c4 
2019-12-05 14:35:18.1553|ERROR|25|FailedToDecryptConfigInformation: Dsn| RequestID = s_430abe74-6431-4b81-bfe8-5fb2fc172eb4 
2019-12-05 14:35:28.1686|ERROR|25|FailedToDecryptConfigInformation: Dsn| RequestID = s_1fe46c20-4709-4039-95cf-59a61de6c05d 
2019-12-05 14:35:38.1994|ERROR|25|FailedToDecryptConfigInformation: Dsn| RequestID = s_d6ba1007-0f26-4b4b-bb2e-a8d81430dd33 
2019-12-05 14:35:48.2142|ERROR|25|FailedToDecryptConfigInformation: Dsn| RequestID = s_4f4c99fe-93a9-4109-b95f-1a94ac3876c8 
2019-12-05 14:35:58.2299|ERROR|25|FailedToDecryptConfigInformation: Dsn| RequestID = s_a1f78940-677b-4674-a144-2c4ef201b788 
2019-12-05 14:36:08.2422|ERROR|13|FailedToDecryptConfigInformation: Dsn| RequestID = s_c7ac1b8c-56fc-43c7-a3af-1ef866f1fd3f 
2019-12-05 14:36:18.2590|ERROR|13|FailedToDecryptConfigInformation: Dsn| RequestID = s_aae602f7-6f14-45e2-88f1-1f0e07649244 
2019-12-05 14:36:28.2868|ERROR|13|FailedToDecryptConfigInformation: Dsn| RequestID = s_85206193-5394-4ad7-8641-bbdda4420860 
2019-12-05 14:36:38.3246|ERROR|13|FailedToDecryptConfigInformation: Dsn| RequestID = s_03c07847-6b21-432c-bcd9-dccf0e9e4f90 
2019-12-05 14:36:48.3384|ERROR|13|FailedToDecryptConfigInformation: Dsn| RequestID = s_50bed0f1-de59-474f-b12b-dd99286de050 
2019-12-05 14:36:58.3551|ERROR|13|FailedToDecryptConfigInformation: Dsn| RequestID = s_a6aca2f6-04a0-4f93-9995-0e9aa3dae402 
2019-12-05 14:37:08.3834|ERROR|22|FailedToDecryptConfigInformation: Dsn| RequestID = s_1f935e9a-ef73-46fa-b815-5888ac92ffa0 
2019-12-05 14:37:18.4057|ERROR|22|FailedToDecryptConfigInformation: Dsn| RequestID = s_421882db-e6b7-4b23-8ebc-994d5f8fc43a 
2019-12-05 14:37:28.4250|ERROR|22|FailedToDecryptConfigInformation: Dsn| RequestID = s_a3ff1e3b-f4c0-46e4-8629-fbafba720f69 
2019-12-05 14:37:38.4478|ERROR|22|FailedToDecryptConfigInformation: Dsn| RequestID = s_6486c0c1-0792-4bd6-bfba-709932c8744f 
2019-12-05 14:37:48.4921|ERROR|22|FailedToDecryptConfigInformation: Dsn| RequestID = s_05fd3694-73e3-4726-99a6-7e170d761373 
2019-12-05 14:37:58.5119|ERROR|23|FailedToDecryptConfigInformation: Dsn| RequestID = s_45d117a0-5e15-4b77-9f36-3cd96bbb2123 
2019-12-05 14:38:08.5242|ERROR|23|FailedToDecryptConfigInformation: Dsn| RequestID = s_7b6ec207-583d-4589-bd23-4ca7efdedd1e 
2019-12-05 14:38:18.5509|ERROR|23|FailedToDecryptConfigInformation: Dsn| RequestID = s_28d5166c-55b4-414e-a429-069e9192739b 
2019-12-05 14:38:28.5777|ERROR|23|FailedToDecryptConfigInformation: Dsn| RequestID = s_1957e1d7-7634-4e8d-82a3-73cf8d9f1bcf 
2019-12-05 14:38:38.6050|ERROR|12|FailedToDecryptConfigInformation: Dsn| RequestID = s_110aa4f8-267e-46c1-a1b8-a49bf7d17565 
2019-12-05 14:38:48.6323|ERROR|12|FailedToDecryptConfigInformation: Dsn| RequestID = s_b584d399-07cb-4c3a-b2d6-96e0f829bd15 
2019-12-05 14:38:58.6776|ERROR|23|FailedToDecryptConfigInformation: Dsn| RequestID = s_98c8edda-8aab-4068-908b-8c7aee853df8 
2019-12-05 14:39:08.7024|ERROR|23|FailedToDecryptConfigInformation: Dsn| RequestID = s_db1b12a6-96e5-4f6b-9154-5ba4294658af 
2019-12-05 14:39:18.7172|ERROR|23|FailedToDecryptConfigInformation: Dsn| RequestID = s_7625e62f-81f4-4768-9fff-f9f6edf0924c 
2019-12-05 14:39:28.7305|ERROR|7|FailedToDecryptConfigInformation: Dsn| RequestID = s_53d374ac-37f6-4fdd-a450-0f8dafa3b888 
2019-12-05 14:39:38.7482|ERROR|7|FailedToDecryptConfigInformation: Dsn| RequestID = s_5c4e8a8b-df01-48b6-b020-772a4db6920c 
2019-12-05 14:39:48.7621|ERROR|7|FailedToDecryptConfigInformation: Dsn| RequestID = s_64db2553-573c-4d2a-b629-07dd762ca55b 
2019-12-05 14:39:58.7823|ERROR|7|FailedToDecryptConfigInformation: Dsn| RequestID = s_580fff4b-37a4-4633-a9e2-a6c57a7b5174 
2019-12-05 14:40:08.7992|ERROR|7|FailedToDecryptConfigInformation: Dsn| RequestID = s_d9ee6b3b-d62f-4d3b-9bb3-7eae0b8563c3 
2019-12-05 14:40:18.8135|ERROR|7|FailedToDecryptConfigInformation: Dsn| RequestID = s_7a744f02-51db-4f04-9aec-293ff6ab1659 
2019-12-05 14:40:28.8302|ERROR|7|FailedToDecryptConfigInformation: Dsn| RequestID = s_59cf428d-e918-42ef-9bc6-56423d61741e 
2019-12-05 14:40:38.8440|ERROR|5|FailedToDecryptConfigInformation: Dsn| RequestID = s_801265ab-303b-4410-b15a-076070d92deb 
2019-12-05 14:40:48.8793|ERROR|7|FailedToDecryptConfigInformation: Dsn| RequestID = s_710d61ba-292f-4202-86b4-0ac6dc08d665 
2019-12-05 14:40:58.8946|ERROR|26|FailedToDecryptConfigInformation: Dsn| RequestID = s_332a8c51-764c-4e49-b3d4-14a7ed01ff22 
2019-12-05 14:41:08.9109|ERROR|26|FailedToDecryptConfigInformation: Dsn| RequestID = s_e625fe50-3546-4bb4-b89c-4e7ed14edd36 
2019-12-05 14:41:18.9247|ERROR|26|FailedToDecryptConfigInformation: Dsn| RequestID = s_51365d75-4f0b-49be-9bde-4419efd3da07 
2019-12-05 14:41:28.9460|ERROR|26|FailedToDecryptConfigInformation: Dsn| RequestID = s_547056ff-2067-4d93-9183-3f9850bb4cea 
2019-12-05 14:41:38.9622|ERROR|26|FailedToDecryptConfigInformation: Dsn| RequestID = s_3d842e64-4c6c-40ec-8863-52830752b60d 
2019-12-05 14:41:48.9760|ERROR|26|FailedToDecryptConfigInformation: Dsn| RequestID = s_84d0c809-63d4-4963-b215-7ba4139db3c0 
2019-12-05 14:41:58.9918|ERROR|26|FailedToDecryptConfigInformation: Dsn| RequestID = s_6a88e6f5-06c9-4b27-88d3-89f7133a8cb1 
2019-12-05 14:42:09.0051|ERROR|10|FailedToDecryptConfigInformation: Dsn| RequestID = s_89d72059-fbd4-4e7d-9c2e-47736654fe7f 
2019-12-05 14:42:19.0199|ERROR|26|FailedToDecryptConfigInformation: Dsn| RequestID = s_aa94d652-2295-48cd-8268-f5ed54bcf4ee 
2019-12-05 14:42:29.0357|ERROR|10|FailedToDecryptConfigInformation: Dsn| RequestID = s_75672c51-4d7c-45af-b310-e858100da62f 
2019-12-05 14:42:39.0745|ERROR|26|FailedToDecryptConfigInformation: Dsn| RequestID = s_7213fc94-f717-4dcd-9e05-2facdba4882a 
2019-12-05 14:42:49.1067|ERROR|26|FailedToDecryptConfigInformation: Dsn| RequestID = s_d15d649e-24b4-42ab-98d0-d2f9ee6cf19c 
2019-12-05 14:42:59.1190|ERROR|26|FailedToDecryptConfigInformation: Dsn| RequestID = s_3db7c028-6d5e-4428-a5a2-a864f111f85f 
2019-12-05 14:43:09.1348|ERROR|26|FailedToDecryptConfigInformation: Dsn| RequestID = s_c9e5cfac-a94d-4cfd-b95f-31329e3532c7 
2019-12-05 14:43:19.1537|ERROR|26|FailedToDecryptConfigInformation: Dsn| RequestID = s_edd52277-2c4f-44a2-a96c-0dc0dcdb16a4 
2019-12-05 14:43:29.1785|ERROR|26|FailedToDecryptConfigInformation: Dsn| RequestID = s_35359ca7-f9fa-4c73-a466-4e9587494ac4 
2019-12-05 14:43:39.1971|ERROR|26|FailedToDecryptConfigInformation: Dsn| RequestID = s_c09aefda-d007-43e9-93b1-d11f282a9f60 
2019-12-05 14:43:49.2247|ERROR|26|FailedToDecryptConfigInformation: Dsn| RequestID = s_faa87072-2b50-4e84-80a4-7669b1dfd54e 
2019-12-05 14:43:59.2760|ERROR|26|FailedToDecryptConfigInformation: Dsn| RequestID = s_33b0b85e-31fd-4381-9d1d-045861fd0785 
2019-12-05 14:44:09.2983|ERROR|26|FailedToDecryptConfigInformation: Dsn| RequestID = s_7d050701-720b-4395-822e-08fcf1720af4 
2019-12-05 14:44:19.3575|ERROR|26|FailedToDecryptConfigInformation: Dsn| RequestID = s_b88d2e5f-40ea-404b-814b-31d8b206630a 
2019-12-05 14:44:29.3938|ERROR|26|FailedToDecryptConfigInformation: Dsn| RequestID = s_132e7f05-ce5d-4b80-b71a-15107f7c9300 
2019-12-05 14:44:39.4131|ERROR|5|FailedToDecryptConfigInformation: Dsn| RequestID = s_a4431aaf-12d5-46b2-a1bc-bd87a0d85c54 
2019-12-05 14:44:49.4349|ERROR|5|FailedToDecryptConfigInformation: Dsn| RequestID = s_aef5ac75-f86e-48a5-af25-432571e0f8a7 
2019-12-05 14:44:59.4722|ERROR|5|FailedToDecryptConfigInformation: Dsn| RequestID = s_bd9a6798-51a6-413d-8133-9aff74fa9d29 
2019-12-05 14:45:09.4992|ERROR|5|FailedToDecryptConfigInformation: Dsn| RequestID = s_744b39ca-c10c-44e3-84cb-d6396ee67de2 
2019-12-05 14:45:19.5285|ERROR|5|FailedToDecryptConfigInformation: Dsn| RequestID = s_118e489a-ac86-49a8-b2b5-aeea5cfe2c0c 
2019-12-05 14:45:29.5445|ERROR|7|FailedToDecryptConfigInformation: Dsn| RequestID = s_daa86e46-5879-4a6c-8067-7108eb9b0717 
2019-12-05 14:45:39.5748|ERROR|7|FailedToDecryptConfigInformation: Dsn| RequestID = s_aa7d4923-fc13-44b2-aa26-c16c296ce00e 
2019-12-05 14:45:49.6050|ERROR|7|FailedToDecryptConfigInformation: Dsn| RequestID = s_ddc86257-1f68-486e-b0cd-a8af2c9729a4 
2019-12-05 14:45:59.6348|ERROR|7|FailedToDecryptConfigInformation: Dsn| RequestID = s_4c0477ae-cc9b-420b-9c58-436410bd8059 
2019-12-05 14:46:09.6709|ERROR|7|FailedToDecryptConfigInformation: Dsn| RequestID = s_2c195129-defa-43c2-a24f-6a2deebf374b 
2019-12-05 14:46:19.7028|ERROR|7|FailedToDecryptConfigInformation: Dsn| RequestID = s_f5dfd2af-d44b-46a8-b0fc-d898704bd41a 
2019-12-05 14:46:29.7274|ERROR|7|FailedToDecryptConfigInformation: Dsn| RequestID = s_57049693-99e3-4dfe-9a00-6e4e8e39f1cc 
2019-12-05 14:46:39.7467|ERROR|23|FailedToDecryptConfigInformation: Dsn| RequestID = s_99dd7219-7f9c-4425-908a-3d58fe154764 
2019-12-05 14:46:49.7750|ERROR|23|FailedToDecryptConfigInformation: Dsn| RequestID = s_786f3212-c792-4cad-ab37-b069bda24288 
2019-12-05 14:46:59.7922|ERROR|23|FailedToDecryptConfigInformation: Dsn| RequestID = s_e72e1fb2-e9b2-4485-99bb-dde1113a7b9c 
2019-12-05 14:47:09.8205|ERROR|23|FailedToDecryptConfigInformation: Dsn| RequestID = s_b948c27e-0bbf-4c0c-a14b-3dd707de2325 
2019-12-05 14:47:19.8353|ERROR|23|FailedToDecryptConfigInformation: Dsn| RequestID = s_5583d77c-7a0d-4cb5-835e-7bf9b750a3e5 
2019-12-05 14:47:29.8645|ERROR|23|FailedToDecryptConfigInformation: Dsn| RequestID = s_7553afee-a403-4566-b5dc-9611bdc652b2 
2019-12-05 14:47:39.8973|ERROR|23|FailedToDecryptConfigInformation: Dsn| RequestID = s_e7231f83-0eba-4b14-94e3-895f0d442316 
2019-12-05 14:47:49.9220|ERROR|23|FailedToDecryptConfigInformation: Dsn| RequestID = s_d3260c9b-b1e1-4ed7-9665-94e8b6b03d71 
2019-12-05 14:47:59.9568|ERROR|23|FailedToDecryptConfigInformation: Dsn| RequestID = s_7e38aab0-313a-468c-8737-2a3d6561a016 
2019-12-05 14:48:09.9817|ERROR|23|FailedToDecryptConfigInformation: Dsn| RequestID = s_29352a34-5c04-42a5-a3cd-02367fd74715 
2019-12-05 14:48:20.0231|ERROR|23|FailedToDecryptConfigInformation: Dsn| RequestID = s_4c8a74a0-4798-461a-9cd1-d8b82d282484 
2019-12-05 14:48:30.0854|ERROR|23|FailedToDecryptConfigInformation: Dsn| RequestID = s_e25aca9f-f22a-4ea0-be5c-695db6ec5edc 
2019-12-05 14:48:40.1119|ERROR|23|FailedToDecryptConfigInformation: Dsn| RequestID = s_602bcc97-b011-4ff5-a0a9-b005b32d2a21 
2019-12-05 14:48:50.1527|ERROR|23|FailedToDecryptConfigInformation: Dsn| RequestID = s_100a8a72-a429-48d7-98cb-35d81fb6c0a0 
2019-12-05 14:49:00.2200|ERROR|23|FailedToDecryptConfigInformation: Dsn| RequestID = s_31dcb61b-0e1a-481f-86a2-2de5c819c818 
2019-12-05 14:49:10.3420|ERROR|23|FailedToDecryptConfigInformation: Dsn| RequestID = s_131645ce-9861-4dec-99d0-34b5808d1569 
2019-12-05 14:49:20.3703|ERROR|23|FailedToDecryptConfigInformation: Dsn| RequestID = s_8915aacf-c7cd-453f-97bb-f482462ceeba 
2019-12-05 14:49:30.3941|ERROR|21|FailedToDecryptConfigInformation: Dsn| RequestID = s_fd341f89-62d3-4b76-8082-6e00f5aa0156 
2019-12-05 14:49:40.4108|ERROR|21|FailedToDecryptConfigInformation: Dsn| RequestID = s_2669432e-ea17-4090-9eed-2d334d1597ef 
2019-12-05 14:49:50.4454|ERROR|21|FailedToDecryptConfigInformation: Dsn| RequestID = s_277b5a57-6db7-456b-96f9-f7214645e15d 
2019-12-05 14:50:00.4616|ERROR|21|FailedToDecryptConfigInformation: Dsn| RequestID = s_d1898375-8294-4b3e-bc39-8ee248a57f57 
2019-12-05 14:50:10.4779|ERROR|7|FailedToDecryptConfigInformation: Dsn| RequestID = s_7b17accc-d345-4c25-b1e8-48b73ef3596f 
2019-12-05 14:50:20.5106|ERROR|7|FailedToDecryptConfigInformation: Dsn| RequestID = s_9d39461a-9cc0-4d80-aad9-a490f8e58bdd 
2019-12-05 14:50:30.5324|ERROR|5|FailedToDecryptConfigInformation: Dsn| RequestID = s_41ea5e75-3025-497b-8d82-2b92b84b0c9c 
2019-12-05 14:50:40.5574|ERROR|5|FailedToDecryptConfigInformation: Dsn| RequestID = s_fb6b98b4-d24a-4cc6-af80-74d38c2a8df1 
2019-12-05 14:50:50.5777|ERROR|6|FailedToDecryptConfigInformation: Dsn| RequestID = s_950158c2-1538-42f7-864c-bd5f6e7d305d 
2019-12-05 14:51:00.5924|ERROR|6|FailedToDecryptConfigInformation: Dsn| RequestID = s_fab61a51-8586-4d66-a925-59bd3ed2f037 
2019-12-05 14:51:10.6075|ERROR|9|FailedToDecryptConfigInformation: Dsn| RequestID = s_22b02ff2-bfa7-4873-a88b-a5944c44c0e2 
2019-12-05 14:51:20.6229|ERROR|9|FailedToDecryptConfigInformation: Dsn| RequestID = s_6d29f03a-9d44-4111-89bc-0336998d9563 
2019-12-05 14:51:30.6491|ERROR|16|FailedToDecryptConfigInformation: Dsn| RequestID = s_8d0d5c6e-1496-429c-b3d9-cc7a03a6f2fe 
2019-12-05 14:51:40.6737|ERROR|16|FailedToDecryptConfigInformation: Dsn| RequestID = s_686ec905-208b-4b26-9781-76dfbea14005 
2019-12-05 14:51:50.6883|ERROR|16|FailedToDecryptConfigInformation: Dsn| RequestID = s_398d0b17-4dd0-4c34-9059-87bcb8aff6d4 
2019-12-05 14:52:00.7130|ERROR|16|FailedToDecryptConfigInformation: Dsn| RequestID = s_b2ced747-279e-4791-97a3-157c61e8ccbe 
2019-12-05 14:52:10.7360|ERROR|16|FailedToDecryptConfigInformation: Dsn| RequestID = s_babaff3e-b62a-4674-ad3a-8c451ace8f00 
2019-12-05 14:52:20.7488|ERROR|17|FailedToDecryptConfigInformation: Dsn| RequestID = s_f6455d0f-5d1c-4a39-b8a2-a090444d4142 
2019-12-05 14:52:30.8049|ERROR|16|FailedToDecryptConfigInformation: Dsn| RequestID = s_8c7cb470-49a5-4003-b1b4-243ba88f99bc 
2019-12-05 14:52:40.8299|ERROR|16|FailedToDecryptConfigInformation: Dsn| RequestID = s_862d2dc5-8d53-4f28-b379-64b1f2b7511b 
2019-12-05 14:52:50.8550|ERROR|19|FailedToDecryptConfigInformation: Dsn| RequestID = s_cd81822c-ef82-464c-afd2-0ae0ae58931f 
2019-12-05 14:53:00.8745|ERROR|19|FailedToDecryptConfigInformation: Dsn| RequestID = s_af0f9e3c-f8d5-41e2-afe9-ab85b392edec 
2019-12-05 14:53:10.9014|ERROR|10|FailedToDecryptConfigInformation: Dsn| RequestID = s_a9190a21-72cc-4e42-aaeb-26e8c45c0a0d 
2019-12-05 14:53:20.9274|ERROR|10|FailedToDecryptConfigInformation: Dsn| RequestID = s_99fd394f-bc71-462f-b3c0-e215223803ad 
2019-12-05 14:53:30.9526|ERROR|13|FailedToDecryptConfigInformation: Dsn| RequestID = s_e1735f10-4f61-4fc7-bc7c-a645f390fdf0 
2019-12-05 14:53:40.9764|ERROR|13|FailedToDecryptConfigInformation: Dsn| RequestID = s_8e632c66-e330-4667-bfad-5f2b2daa8476 
2019-12-05 14:53:50.9963|ERROR|25|FailedToDecryptConfigInformation: Dsn| RequestID = s_58a338fb-5ea2-49d3-aa20-35cf16b21d56 
2019-12-05 14:54:01.0291|ERROR|25|FailedToDecryptConfigInformation: Dsn| RequestID = s_12555000-2269-413a-8995-d8039dd22265 
2019-12-05 14:54:11.0541|ERROR|25|FailedToDecryptConfigInformation: Dsn| RequestID = s_cb988ba0-348c-4c03-b969-8c7502611273 
2019-12-05 14:54:21.0843|ERROR|25|FailedToDecryptConfigInformation: Dsn| RequestID = s_7d124b5f-5560-448e-8ac2-8ca83263791e 
2019-12-05 14:54:31.1161|ERROR|25|FailedToDecryptConfigInformation: Dsn| RequestID = s_eee8b1ee-af82-42a1-bdc8-603656277371 
2019-12-05 14:54:41.1475|ERROR|11|FailedToDecryptConfigInformation: Dsn| RequestID = s_e64d0c80-86e8-4c03-9efd-392416148435 
2019-12-05 14:54:51.1713|ERROR|11|FailedToDecryptConfigInformation: Dsn| RequestID = s_7c4be624-5500-421f-8b2f-cb5cb0b0fece 
2019-12-05 14:55:01.2506|ERROR|8|FailedToDecryptConfigInformation: Dsn| RequestID = s_458a1ee4-ddb6-4e09-8bba-d7655772fb85 
2019-12-05 14:55:11.2753|ERROR|8|FailedToDecryptConfigInformation: Dsn| RequestID = s_cda69360-50b1-4ffc-99f2-aeb10f582656 
2019-12-05 14:55:21.2994|ERROR|9|FailedToDecryptConfigInformation: Dsn| RequestID = s_08d97664-e423-46c1-9395-8be33b34128c 
2019-12-05 14:55:31.3352|ERROR|8|FailedToDecryptConfigInformation: Dsn| RequestID = s_d288007d-0f8c-4127-b9c7-2ffa6e1f97f1 
2019-12-05 14:55:41.3580|ERROR|8|FailedToDecryptConfigInformation: Dsn| RequestID = s_7cd94c05-478c-4fe5-919e-3f11e2a312d8 
2019-12-05 14:55:51.3851|ERROR|5|FailedToDecryptConfigInformation: Dsn| RequestID = s_de2f85a9-db48-4359-8754-7740b7305234 
2019-12-05 14:56:01.4016|ERROR|5|FailedToDecryptConfigInformation: Dsn| RequestID = s_7339a9ac-d82e-4bd4-9db0-7137038cb8a9 
2019-12-05 14:56:11.4235|ERROR|7|FailedToDecryptConfigInformation: Dsn| RequestID = s_2094efa8-5848-4727-8977-184a45cb0ebd 
2019-12-05 14:56:21.4433|ERROR|7|FailedToDecryptConfigInformation: Dsn| RequestID = s_5d63ebe8-b928-4524-9a17-25025b186954 
2019-12-05 14:56:31.4616|ERROR|21|FailedToDecryptConfigInformation: Dsn| RequestID = s_08c55abe-cd32-44f4-bb22-f04c80758a0d 
2019-12-05 14:56:41.4801|ERROR|21|FailedToDecryptConfigInformation: Dsn| RequestID = s_53778efd-8d97-4bc4-857a-c206703985c8 
2019-12-05 14:56:51.5047|ERROR|23|FailedToDecryptConfigInformation: Dsn| RequestID = s_4c350942-f4ab-4719-88e6-4045c38f1e0d 
2019-12-05 14:57:01.5242|ERROR|23|FailedToDecryptConfigInformation: Dsn| RequestID = s_6a6d4295-1451-410f-991e-113734db3307 
2019-12-05 14:57:11.5487|ERROR|23|FailedToDecryptConfigInformation: Dsn| RequestID = s_4f4c8d83-34ee-4cd7-b9ac-c1508e526335 
2019-12-05 14:57:21.5686|ERROR|23|FailedToDecryptConfigInformation: Dsn| RequestID = s_45fe448d-7b8c-41dd-9a9f-e12c09d71bf5 
2019-12-05 14:57:31.5907|ERROR|23|FailedToDecryptConfigInformation: Dsn| RequestID = s_ca0c4689-cc83-4731-be8a-0262e3cca2b9 
2019-12-05 14:57:41.6148|ERROR|23|FailedToDecryptConfigInformation: Dsn| RequestID = s_96be99e3-5339-4f41-b43a-bf7a682cf37a 
2019-12-05 14:57:51.6522|ERROR|23|FailedToDecryptConfigInformation: Dsn| RequestID = s_f8a4377e-5cb3-46ff-abe7-05e105318bdf 
2019-12-05 14:58:01.6820|ERROR|23|FailedToDecryptConfigInformation: Dsn| RequestID = s_b1b30042-f32b-4bbc-b8ff-f027677dc4da 
2019-12-05 14:58:11.7213|ERROR|23|FailedToDecryptConfigInformation: Dsn| RequestID = s_d5910ad7-e82e-4123-828f-1c5197b3fbb7 
2019-12-05 14:58:21.7646|ERROR|23|FailedToDecryptConfigInformation: Dsn| RequestID = s_845b2b54-b2d1-4bb8-a267-b4e0f60fc319 
2019-12-05 14:58:31.8009|ERROR|13|FailedToDecryptConfigInformation: Dsn| RequestID = s_88d74695-186f-482e-b954-6333408c7c7f 
2019-12-05 14:58:41.8187|ERROR|13|FailedToDecryptConfigInformation: Dsn| RequestID = s_1f9bd34a-0f6a-4952-87a7-55de22bf0038 
2019-12-05 14:58:51.8469|ERROR|10|FailedToDecryptConfigInformation: Dsn| RequestID = s_44881b2b-131f-42dc-af4e-1ced9b860ff7 
2019-12-05 14:59:01.8712|ERROR|13|FailedToDecryptConfigInformation: Dsn| RequestID = s_20d24f6f-9c7d-4ce2-bedb-77a47c59f5ab 
2019-12-05 14:59:11.8910|ERROR|13|FailedToDecryptConfigInformation: Dsn| RequestID = s_675e4087-efc7-4507-9c6c-08034d95704f 
2019-12-05 14:59:21.9198|ERROR|13|FailedToDecryptConfigInformation: Dsn| RequestID = s_a6e4d806-7226-4b6f-8650-2c962bee94b9 
2019-12-05 14:59:31.9356|ERROR|13|FailedToDecryptConfigInformation: Dsn| RequestID = s_3c07f8b5-88dc-482d-9548-c3771cab5716 
2019-12-05 14:59:41.9654|ERROR|13|FailedToDecryptConfigInformation: Dsn| RequestID = s_9d12148b-efde-4af1-a2f0-b90817565c6a 
2019-12-05 14:59:51.9991|ERROR|13|FailedToDecryptConfigInformation: Dsn| RequestID = s_5f986074-2282-4dc7-914d-8eaa81ad6c76 
